1: 3.016e-01
2: 8.988e-01
3: 1.006e+00
4: 9.306e-01
5: 8.457e-01
6: 1.638e-01
7: 1.524e+00
8: 7.503e-01
9: 8.467e-01
10: 7.645e-01
11: 1.112e+00
12: 0.000e+00
13: 9.537e-01
14: 5.147e-01
15: 3.225e-02
16: 5.789e-01
17: 1.326e+00
18: 8.423e-01
19: 9.903e-01
20: 8.756e-01
21: 9.968e-01
22: 1.143e+00
23: 7.580e-01
24: 6.704e-01
25: 8.304e-01
26: 9.949e-01
27: 6.763e-01
28: 9.225e-01
29: 6.991e-01
30: 1.198e+00
31: 8.758e-01
32: 9.603e-01
33: 9.718e-01
34: 1.108e+00
35: 8.570e-01
36: 9.997e-01
37: 7.648e-01
38: 6.544e-01
39: 6.535e-01
40: 9.141e-01
41: 1.112e+00
42: 9.838e-01
43: 8.791e-01
44: 8.431e-01
45: 6.307e-01
46: 7.270e-01
47: 9.845e-01
48: 6.396e-01
49: 8.105e-01
50: 8.835e-01
51: 6.184e-01
52: 8.758e-01
53: 6.851e-01
54: 7.855e-01
55: 4.379e-01
56: 8.671e-01
57: 3.839e-01
58: 3.500e-01
59: 1.688e+00
60: 5.914e-01
61: 9.677e-01
62: 8.134e-01
63: 6.650e-01
64: 4.064e-01
65: 5.829e-02
66: 3.735e-01
67: 5.774e-01
68: 3.191e-01
69: 6.241e-01
70: 7.790e-01
71: 4.525e-01
72: 4.290e-01
73: 6.010e-01
74: 3.289e-01
75: 5.953e-01
76: 3.140e-01
77: 6.103e-01
78: 9.236e-01
79: 4.099e-01
80: 1.362e-01
81: 5.632e-03
82: 1.128e+00
83: 4.946e-01
84: 7.333e-01
85: 1.000e+00
86: 1.514e-01
87: 1.486e-01
88: 3.095e-02
89: 4.506e-01
90: 9.320e-01
91: 3.239e-01
92: 3.170e-01
93: 1.136e-01
94: 7.070e-01
95: 5.777e-01
96: 5.620e-01
97: 8.117e-01
98: 2.568e-01
99: 6.329e-01
100: 1.826e+00
101: 7.212e-01
102: 4.735e-01
103: 8.789e-01
104: 1.050e+00
105: 1.056e+00
106: 3.703e-01
107: 4.027e-01
108: 4.321e-01
109: 2.119e-01
110: 4.621e-01
111: 6.079e-01
112: 2.553e-01
113: 1.998e-01
114: 1.446e+00
115: 1.044e+00
116: 8.270e-01
117: 1.324e-01
118: 1.014e+00
119: 2.643e-01
120: 5.843e-01
121: 1.260e+00
122: 2.259e-01
123: 1.526e+00
124: 1.399e+00
125: 3.055e-01
126: 1.157e+00
127: 2.707e-01
128: 1.611e+00
129: 8.263e-01
130: 1.345e+00
131: 6.434e-01
132: 2.994e-01
133: 2.790e-01
134: 4.167e-01
135: 1.018e+00
136: 4.827e-01
137: 4.900e-01
138: 3.907e-01
139: 7.038e-01
140: 5.497e-01
141: 4.125e-01
142: 7.566e-01
143: 1.861e-01
144: 4.500e-01
145: 4.671e-01
146: 3.333e-01
147: 5.271e-01
148: 6.251e-01
149: 1.048e-01
150: 3.148e-01
151: 8.564e-01
152: 7.345e-01
153: 5.605e-01
154: 2.340e-01
155: 4.097e-01
156: 5.931e-01
157: 1.999e-01
158: 2.068e-01
159: 5.634e-01
160: 7.904e-01
161: 1.837e-01
162: 6.559e-01
163: 3.042e-01
164: 7.101e-01
165: 5.817e-01
166: 5.466e-01
167: 8.054e-01
168: 5.154e-01
169: 8.151e-02
170: 3.132e-01
171: 7.439e-01
172: 2.644e-01
173: 2.682e-01
174: 4.123e-01
175: 1.049e+00
176: 5.458e-01
177: 8.931e-01
178: 1.176e+00
179: 4.243e-01
180: 1.332e-01
181: 2.405e-01
182: 6.392e-01
183: 4.899e-01
184: 2.690e-01
185: 8.455e-01
186: 2.365e-01
187: 1.536e-01
188: 6.031e-01
189: 4.690e-01
190: 8.105e-01
191: 9.461e-02
192: 1.116e-01
193: 1.688e-01
194: 4.564e-01
195: 5.994e-01
196: 3.510e-01
197: 2.773e-01
198: 5.885e-01
199: 7.090e-01
200: 6.455e-01
201: 8.397e-01
202: 3.557e-01
203: 2.644e-01
204: 2.194e-01
205: 4.029e-01
206: 5.954e-01
207: 6.976e-01
208: 4.979e-01
209: 1.756e-01
210: 4.024e-01
211: 4.863e-01
212: 3.139e-01
213: 6.571e-02
214: 6.984e-02
215: 3.869e-01
216: 2.246e-01
217: 3.521e-01
218: 3.257e-01
219: 1.226e+00
220: 5.459e-01
221: 6.116e-02
222: 2.302e-01
223: 1.628e+00
224: 3.380e-01
225: 3.417e-02
226: 1.714e-01
227: 2.150e-01
228: 6.911e-01
229: 2.905e-01
230: 1.784e-01
231: 4.726e-01
232: 7.833e-01
233: 7.531e-01
234: 3.155e-01
235: 2.701e-01
236: 3.511e-01
237: 5.992e-01
238: 3.381e-01
239: 3.588e-01
240: 6.304e-01
241: 4.944e-01
242: 1.050e+00
243: 4.295e-01
244: 4.093e-01
245: 8.438e-01
246: 3.833e-01
247: 1.695e-01
248: 3.824e-01
249: 5.208e-01
250: 5.709e-01
251: 5.310e-01
252: 1.681e-01
253: 2.755e-01
254: 3.485e-01
255: 4.401e-01
256: 2.884e-01
257: 2.250e-01
258: 6.209e-01
259: 3.280e-01
260: 3.343e-01
261: 2.441e-01
262: 5.725e-01
263: 6.093e-01
264: 5.783e-01
265: 4.815e-01
266: 3.068e-01
267: 1.753e-01
268: 7.291e-01
269: 8.423e-01
270: 6.730e-01
271: 6.485e-01
272: 7.467e-01
273: 3.650e-01
274: 2.674e-01
275: 1.068e-01
276: 6.291e-01
277: 9.187e-01
278: 6.550e-01
279: 4.273e-01
280: 2.771e-01
281: 4.130e-01
282: 5.956e-01
283: 4.321e-01
284: 1.414e-01
285: 2.810e-01
286: 3.621e-01
287: 4.413e-01
288: 5.311e-01
289: 3.601e-01
290: 4.216e-01
291: 4.308e-01
292: 6.655e-01
293: 1.001e+00
294: 4.586e-01
295: 2.917e-01
296: 4.339e-01
297: 3.095e-01
298: 5.673e-01
299: 1.215e+00
300: 7.185e-01
301: 3.388e-01
302: 2.317e-01
303: 9.161e-01
304: 4.788e-01
305: 4.095e-01
306: 5.698e-01
307: 3.269e-01
308: 5.152e-01
309: 3.827e-01
310: 1.943e-01
311: 5.875e-01
312: 2.423e-01
313: 6.122e-01
314: 8.842e-01
315: 1.436e-01
316: 2.946e-01
317: 1.313e-01
318: 1.557e-01
319: 2.139e-01
320: 5.559e-01
321: 5.361e-01
322: 2.946e-01
323: 2.726e-01
324: 4.858e-01
325: 3.390e-01
326: 5.838e-01
327: 6.469e-01
328: 2.386e-01
329: 2.432e-01
330: 6.454e-01
331: 1.019e+00
332: 6.282e-01
333: 4.145e-01
334: 7.075e-01
335: 6.319e-01
336: 2.792e-01
337: 5.634e-01
338: 5.384e-01
339: 5.349e-01
340: 3.537e-01
341: 6.153e-01
342: 2.441e-01
343: 4.909e-01
344: 3.526e-01
345: 8.521e-01
346: 3.944e-01
347: 7.527e-01
348: 4.347e-01
349: 3.272e-01
350: 3.787e-01
351: 3.719e-01
352: 9.510e-01
353: 6.949e-01
354: 2.147e-01
355: 6.521e-01
356: 2.119e-01
357: 4.377e-01
358: 5.241e-01
359: 5.524e-01
360: 7.155e-01
361: 4.694e-01
362: 6.447e-01
363: 3.297e-01
364: 7.614e-01
365: 8.722e-01
366: 3.000e-01
367: 1.622e-01
368: 5.393e-01
369: 2.514e-01
370: 5.241e-01
371: 5.351e-01
372: 5.334e-01
373: 4.948e-01
374: 2.682e-01
375: 9.319e-01
376: 8.017e-01
377: 1.899e-01
378: 2.345e-01
379: 4.064e-01
380: 2.319e-01
381: 5.612e-01
382: 3.960e-01
383: 5.440e-01
384: 7.510e-01
385: 7.860e-01
386: 3.260e-01
387: 8.648e-01
388: 4.601e-01
389: 1.509e-01
390: 4.349e-01
391: 3.087e-01
392: 7.192e-01
393: 2.711e-01
394: 4.694e-01
395: 5.719e-02
396: 3.104e-01
397: 1.736e-01
398: 1.788e-01
399: 4.443e-01
400: 3.336e-01
401: 7.825e-02
402: 6.084e-01
403: 4.133e-01
404: 3.646e-01
405: 2.788e-01
406: 2.489e-01
407: 2.776e-01
408: 4.722e-01
409: 4.901e-01
410: 2.941e-01
411: 2.681e-01
412: 3.380e-01
413: 3.680e-01
414: 3.855e-01
415: 8.265e-01
416: 1.722e-01
417: 4.066e-01
418: 5.105e-01
419: 4.070e-01
420: 3.260e-01
421: 6.748e-01
422: 1.953e-01
423: 2.757e-01
424: 2.270e-01
425: 2.485e-01
426: 2.441e-01
427: 7.074e-01
428: 5.601e-01
429: 5.267e-01
430: 3.845e-01
431: 3.288e-01
432: 2.959e-01
433: 3.998e-01
434: 7.613e-01
435: 4.883e-01
436: 1.176e-01
437: 2.331e-01
438: 1.933e-01
439: 5.698e-01
440: 6.380e-01
441: 3.988e-01
442: 5.153e-01
443: 4.389e-01
444: 1.119e-01
445: 3.122e-01
446: 5.214e-01
447: 4.341e-01
448: 4.924e-01
449: 1.606e-01
450: 5.372e-01
451: 4.463e-01
452: 2.822e-01
453: 7.165e-01
454: 3.409e-01
455: 5.102e-01
456: 7.048e-02
457: 8.310e-01
458: 3.878e-01
459: 8.532e-01
460: 6.307e-01
461: 2.924e-01
462: 3.441e-01
463: 4.873e-01
464: 4.298e-01
465: 2.983e-01
466: 3.289e-01
467: 2.119e-01
468: 3.938e-01
469: 4.985e-01
470: 4.332e-01
471: 2.410e-01
472: 5.112e-01
473: 4.979e-01
474: 2.204e-01
475: 5.777e-01
476: 8.535e-01
477: 3.341e-01
478: 6.494e-01
479: 3.538e-01
480: 3.536e-01
481: 7.547e-01
482: 6.160e-01
483: 4.908e-01
484: 3.326e-01
485: 2.940e-01
486: 8.094e-01
487: 1.931e-01
488: 4.837e-01
489: 2.278e-01
490: 1.447e-01
491: 4.946e-01
492: 4.323e-01
493: 8.683e-01
494: 2.458e-01
495: 5.111e-01
496: 4.863e-01
497: 2.968e-01
498: 4.890e-01
499: 3.597e-01
500: 3.740e-01
501: 1.219e-01
502: 8.209e-01
503: 4.636e-01
504: 2.223e-01
505: 9.494e-01
506: 5.145e-01
507: 2.917e-01
508: 4.130e-01
509: 1.115e-01
510: 2.250e-01
511: 3.906e-01
512: 3.149e-01
513: 1.429e-01
514: 5.155e-01
515: 5.048e-02
516: 1.847e-01
517: 5.719e-01
518: 5.081e-01
519: 3.907e-01
520: 4.888e-01
521: 4.798e-01
522: 4.615e-01
523: 4.258e-01
524: 3.708e-01
525: 2.082e-01
526: 4.206e-01
527: 5.322e-01
528: 4.529e-01
529: 5.714e-01
530: 1.937e-01
531: 4.068e-01
532: 6.698e-01
533: 6.868e-01
534: 3.949e-01
535: 3.259e-01
536: 1.167e-01
537: 3.272e-01
538: 1.532e-01
539: 9.950e-02
540: 1.022e-01
541: 1.979e-01
542: 4.572e-01
543: 4.120e-01
544: 4.191e-01
545: 4.934e-01
546: 4.551e-01
547: 3.487e-01
548: 3.698e-01
549: 3.218e-01
550: 9.130e-02
551: 3.917e-01
552: 1.575e-01
553: 2.731e-01
554: 3.971e-01
555: 6.094e-01
556: 3.893e-01
557: 4.438e-01
558: 2.893e-01
559: 4.887e-01
560: 4.289e-01
561: 3.418e-01
562: 1.868e-01
563: 1.986e-01
564: 7.541e-01
565: 1.726e+00
566: 2.007e-01
567: 2.516e-01
568: 1.657e-01
569: 3.357e-01
570: 2.260e-01
571: 7.950e-01
572: 4.057e-01
573: 4.745e-01
574: 3.824e-01
575: 9.536e-02
576: 3.457e-01
577: 6.852e-01
578: 6.187e-02
579: 3.847e-02
580: 3.914e-01
581: 1.327e-01
582: 5.499e-01
583: 3.572e-01
584: 4.732e-01
585: 4.153e-01
586: 3.365e-01
587: 3.059e-01
588: 1.280e-01
589: 5.750e-01
590: 5.263e-01
591: 4.304e-01
592: 2.366e-01
593: 7.195e-02
594: 4.522e-01
595: 3.189e-01
596: 4.284e-01
597: 8.136e-01
598: 4.936e-01
599: 3.310e-01
600: 1.612e-01
601: 2.804e-01
602: 4.802e-01
603: 3.825e-01
604: 2.117e-01
605: 7.146e-01
606: 4.286e-01
607: 4.196e-01
608: 1.205e-01
609: 1.090e-01
610: 4.452e-01
611: 4.304e-01
612: 4.807e-01
613: 3.576e-01
614: 2.567e-01
615: 3.981e-01
616: 4.760e-01
617: 4.272e-01
618: 2.435e-01
619: 1.736e-01
620: 3.934e-01
621: 2.844e-01
622: 6.535e-01
623: 7.030e-01
624: 4.315e-01
625: 5.782e-01
626: 2.870e-01
627: 3.688e-01
628: 5.270e-01
629: 1.174e-01
630: 2.337e-01
631: 4.037e-01
632: 4.284e-01
633: 4.928e-01
634: 6.417e-01
635: 2.505e-01
636: 7.672e-01
637: 5.283e-01
638: 1.732e-01
639: 5.572e-01
640: 5.240e-01
641: 3.156e-01
642: 6.138e-01
643: 3.417e-01
644: 3.215e-01
645: 7.044e-01
646: 5.690e-01
647: 3.626e-01
648: 5.533e-01
649: 2.027e-01
650: 6.126e-01
651: 1.708e-01
652: 3.840e-01
653: 1.282e-01
654: 2.632e-01
655: 5.963e-01
656: 2.288e-01
657: 2.319e-01
658: 5.901e-02
659: 5.677e-01
660: 3.694e-01
661: 4.055e-01
662: 5.701e-01
663: 5.063e-01
664: 3.115e-01
665: 6.083e-02
666: 1.107e-01
667: 2.318e-01
668: 2.388e-01
669: 2.185e-01
670: 2.046e-01
671: 3.215e-01
672: 2.744e-01
673: 3.005e-01
674: 2.787e-01
675: 2.539e-01
676: 7.772e-02
677: 3.697e-01
678: 6.552e-01
679: 3.288e-01
680: 6.344e-01
681: 4.195e-01
682: 3.742e-01
683: 1.599e-01
684: 5.460e-01
685: 9.265e-01
686: 1.787e-01
687: 1.516e-01
688: 2.107e-01
689: 5.979e-01
690: 3.691e-01
691: 3.923e-01
692: 3.731e-01
693: 3.394e-01
694: 4.814e-01
695: 2.743e-01
696: 1.900e-01
697: 4.189e-02
698: 3.277e-01
699: 5.172e-01
700: 5.011e-01
701: 4.133e-01
702: 3.636e-01
703: 3.669e-01
704: 2.094e-01
705: 7.613e-01
706: 8.087e-01
707: 7.787e-01
708: 3.975e-01
709: 2.026e-01
710: 2.279e-01
711: 2.956e-01
712: 1.965e-01
713: 1.645e-01
714: 2.875e-01
715: 4.514e-01
716: 3.419e-01
717: 5.675e-01
718: 2.764e-01
719: 3.652e-01
720: 2.390e-01
721: 2.669e-01
722: 2.812e-01
723: 3.656e-01
724: 2.102e-01
725: 5.633e-01
726: 4.911e-01
727: 2.529e-01
728: 1.640e-01
729: 4.055e-01
730: 2.301e-01
731: 1.040e+00
732: 4.593e-01
733: 2.667e-01
734: 2.738e-01
735: 2.307e-01
736: 2.920e-01
737: 5.081e-01
738: 1.897e-01
739: 1.449e-01
740: 3.143e-01
741: 2.826e-01
742: 1.938e-01
743: 4.338e-01
744: 1.798e-01
745: 4.390e-01
746: 3.706e-01
747: 3.426e-01
748: 3.290e-01
749: 4.185e-01
750: 3.904e-01
751: 2.884e-01
752: 4.084e-01
753: 1.624e-01
754: 3.002e-01
755: 2.113e-01
756: 2.427e-01
757: 3.116e-01
758: 1.498e-01
759: 5.595e-02
760: 1.675e-01
761: 4.957e-01
762: 2.782e-01
763: 3.229e-01
764: 5.060e-01
765: 4.664e-01
766: 3.287e-01
767: 1.685e-01
768: 3.046e-01
769: 2.647e-01
770: 2.815e-02
771: 3.935e-01
772: 4.208e-01
773: 5.841e-01
774: 3.884e-01
775: 3.421e-01
776: 2.875e-01
777: 3.272e-01
778: 3.637e-01
779: 7.023e-01
780: 4.896e-01
781: 2.359e-01
782: 1.820e-01
783: 5.906e-01
784: 8.263e-01
785: 1.079e-01
786: 6.912e-01
787: 5.920e-01
788: 2.261e-01
789: 2.361e-01
790: 2.129e-01
791: 2.667e-01
792: 2.492e-01
793: 2.434e-01
794: 5.821e-01
795: 3.391e-01
796: 3.792e-01
797: 4.369e-01
798: 5.849e-01
799: 3.009e-01
800: 4.124e-01
801: 2.990e-01
802: 2.390e-01
803: 2.259e-01
804: 2.001e-01
805: 5.106e-01
806: 7.154e-01
807: 4.062e-01
808: 3.724e-01
809: 9.937e-02
810: 4.543e-02
811: 5.877e-01
812: 8.176e-01
813: 5.056e-01
814: 1.185e-01
815: 3.251e-01
816: 2.873e-01
817: 5.239e-01
818: 1.806e-01
819: 6.679e-01
820: 1.423e-01
821: 6.284e-01
822: 4.351e-01
823: 1.415e-01
824: 4.229e-01
825: 4.875e-01
826: 2.141e-01
827: 2.378e-01
828: 6.030e-01
829: 2.660e-01
830: 6.712e-02
831: 2.373e-01
832: 1.933e-01
833: 1.072e-01
834: 4.030e-01
835: 7.579e-01
836: 2.330e-01
837: 1.617e-01
838: 5.861e-01
839: 1.813e-01
840: 1.387e-01
841: 7.057e-01
842: 2.996e-01
843: 1.221e-01
844: 2.181e-01
845: 1.437e-01
846: 8.609e-02
847: 2.983e-01
848: 5.556e-01
849: 3.765e-01
850: 1.746e-01
851: 5.597e-01
852: 2.135e-01
853: 8.062e-02
854: 1.117e-01
855: 2.349e-01
856: 3.465e-01
857: 1.673e-01
858: 2.755e-01
859: 1.065e-01
860: 4.434e-01
861: 4.492e-01
862: 2.568e-01
863: 7.924e-01
864: 2.216e-01
865: 1.360e-01
866: 1.776e-01
867: 3.906e-01
868: 1.743e-01
869: 3.227e-01
870: 3.155e-01
871: 2.731e-01
872: 3.040e-01
873: 3.569e-01
874: 5.696e-01
875: 2.098e-01
876: 5.798e-01
877: 8.497e-01
878: 2.055e-01
879: 3.021e-01
880: 2.344e-01
881: 5.218e-01
882: 3.078e-01
883: 5.381e-01
884: 4.634e-01
885: 2.905e-01
886: 1.446e-01
887: 9.238e-02
888: 4.047e-01
889: 3.044e-01
890: 2.001e-01
891: 5.828e-01
892: 3.318e-01
893: 6.312e-01
894: 2.015e-01
895: 2.979e-01
896: 2.323e-01
897: 8.324e-02
898: 1.891e-01
899: 2.195e-01
900: 7.817e-01
901: 2.625e-01
902: 1.530e-01
903: 1.512e-01
904: 2.309e-01
905: 2.246e-01
906: 3.863e-01
907: 4.738e-01
908: 3.125e-01
909: 5.075e-01
910: 2.677e-01
911: 4.423e-01
912: 4.560e-01
913: 3.376e-01
914: 4.702e-01
915: 2.029e-01
916: 2.165e-01
917: 1.574e-01
918: 2.648e-01
919: 2.356e-01
920: 2.956e-01
921: 3.653e-01
922: 3.893e-01
923: 4.060e-01
924: 1.869e-01
925: 3.658e-01
926: 7.638e-02
927: 3.908e-02
928: 4.800e-01
929: 5.734e-01
930: 4.129e-01
931: 8.979e-02
932: 8.419e-02
933: 6.809e-02
934: 1.117e-01
935: 6.108e-01
936: 2.386e-01
937: 1.889e-01
938: 3.985e-01
939: 3.101e-01
940: 1.084e-01
941: 2.035e-01
942: 4.787e-02
943: 2.007e-01
944: 1.748e-01
945: 9.357e-02
946: 3.655e-02
947: 4.573e-02
948: 4.029e-01
949: 1.677e-01
950: 5.803e-01
951: 2.542e-01
952: 1.313e-01
953: 5.375e-01
954: 3.210e-01
955: 7.834e-01
956: 1.501e-01
957: 5.341e-01
958: 3.733e-01
959: 1.098e-01
960: 2.049e-01
961: 2.938e-01
962: 4.536e-01
963: 3.975e-01
964: 3.062e-01
965: 4.545e-01
966: 2.353e-01
967: 2.939e-01
968: 5.934e-01
969: 4.635e-01
970: 2.039e-01
971: 5.928e-01
972: 4.980e-01
973: 4.139e-01
974: 1.112e-01
975: 4.263e-01
976: 7.310e-01
977: 1.799e-01
978: 7.617e-01
979: 3.574e-01
980: 4.541e-01
981: 8.483e-02
982: 1.884e-01
983: 1.049e-01
984: 1.872e-01
985: 3.956e-01
986: 4.967e-01
987: 6.373e-01
988: 2.348e-01
989: 3.083e-01
990: 3.381e-01
991: 3.877e-01
992: 3.008e-01
993: 6.162e-01
994: 6.892e-01
995: 1.820e-01
996: 3.576e-01
997: 3.708e-01
998: 2.391e-01
999: 7.304e-01
1000: 3.924e-01
1001: 1.860e-01
1002: 1.853e-01
1003: 2.725e-01
1004: 2.729e-01
1005: 1.702e-01
1006: 1.161e-01
1007: 8.740e-01
1008: 3.667e-01
1009: 4.038e-01
1010: 5.752e-01
1011: 1.999e-01
1012: 2.230e-01
1013: 6.359e-02
1014: 3.923e-01
1015: 6.834e-01
1016: 3.988e-01
1017: 2.825e-01
1018: 1.253e-01
1019: 1.939e-01
1020: 1.811e-01
1021: 6.124e-01
1022: 2.368e-01
1023: 4.951e-01
1024: 2.131e-01
1025: 5.844e-01
1026: 3.495e-01
1027: 4.294e-01
1028: 1.838e-01
1029: 1.789e-01
1030: 5.163e-01
1031: 3.968e-01
1032: 5.117e-01
1033: 4.367e-01
1034: 3.957e-01
1035: 2.320e-02
1036: 1.433e-01
1037: 1.773e-01
1038: 5.327e-01
1039: 2.034e-01
1040: 5.805e-01
1041: 2.323e-01
1042: 3.086e-01
1043: 6.684e-01
1044: 1.944e-01
1045: 6.810e-01
1046: 5.296e-01
1047: 2.571e-01
1048: 5.461e-01
1049: 4.805e-01
1050: 3.343e-01
1051: 3.087e-01
1052: 3.883e-01
1053: 6.301e-01
1054: 3.079e-01
1055: 5.446e-01
1056: 3.191e-01
1057: 9.201e-02
1058: 7.385e-01
1059: 8.455e-02
1060: 7.368e-01
1061: 2.480e-01
1062: 7.600e-02
1063: 7.707e-02
1064: 3.926e-01
1065: 3.386e-01
1066: 5.965e-02
1067: 2.707e-01
1068: 4.324e-01
1069: 2.425e-01
1070: 3.437e-01
1071: 5.249e-01
1072: 3.388e-01
1073: 5.225e-01
1074: 5.262e-01
1075: 7.523e-01
1076: 2.064e-01
1077: 2.614e-01
1078: 1.238e-01
1079: 4.424e-01
1080: 1.500e-01
1081: 1.700e-01
1082: 9.894e-02
1083: 2.946e-01
1084: 5.402e-01
1085: 4.540e-01
1086: 5.106e-01
1087: 5.914e-01
1088: 2.588e-01
1089: 2.845e-01
1090: 2.047e-01
1091: 4.059e-01
1092: 4.981e-01
1093: 2.237e-01
1094: 9.811e-02
1095: 1.043e-01
1096: 5.150e-01
1097: 5.611e-01
1098: 5.435e-01
1099: 3.222e-01
1100: 3.961e-01
1101: 2.416e-01
1102: 2.291e-01
1103: 4.090e-02
1104: 8.515e-02
1105: 3.741e-01
1106: 3.851e-01
1107: 4.109e-01
1108: 3.097e-01
1109: 2.806e-01
1110: 1.514e-01
1111: 1.099e-01
1112: 3.940e-01
1113: 5.965e-01
1114: 1.568e-01
1115: 5.337e-01
1116: 3.966e-01
1117: 8.885e-02
1118: 9.627e-02
1119: 1.109e-01
1120: 1.693e-03
1121: 5.839e-02
1122: 1.371e-01
1123: 1.090e-01
1124: 5.024e-01
1125: 2.438e-01
1126: 2.870e-01
1127: 2.440e-01
1128: 3.756e-01
1129: 6.024e-01
1130: 6.838e-01
1131: 2.616e-01
1132: 2.778e-01
1133: 4.027e-01
1134: 5.440e-01
1135: 4.648e-01
1136: 4.086e-01
1137: 3.281e-01
1138: 3.242e-01
1139: 2.122e-01
1140: 2.067e-01
1141: 8.287e-01
1142: 2.890e-01
1143: 1.480e-01
1144: 4.420e-01
1145: 2.778e-01
1146: 2.413e-01
1147: 1.618e-02
1148: 2.758e-01
1149: 3.764e-01
1150: 2.861e-01
1151: 1.115e-01
1152: 3.808e-01
1153: 6.736e-01
1154: 1.635e-01
1155: 4.503e-01
1156: 2.778e-01
1157: 9.089e-02
1158: 3.627e-01
1159: 1.655e-01
1160: 1.673e-01
1161: 2.613e-01
1162: 2.783e-01
1163: 2.682e-01
1164: 2.641e-01
1165: 5.988e-01
1166: 6.398e-01
1167: 1.531e-01
1168: 1.049e-01
1169: 3.553e-01
1170: 2.093e-01
1171: 2.056e-01
1172: 4.147e-01
1173: 3.405e-01
1174: 1.840e-01
1175: 2.467e-01
1176: 7.348e-01
1177: 1.992e-01
1178: 6.255e-01
1179: 4.827e-01
1180: 2.139e-01
1181: 2.767e-01
1182: 3.513e-01
1183: 1.519e-02
1184: 2.552e-01
1185: 4.579e-01
1186: 3.143e-01
1187: 6.755e-01
1188: 2.083e-01
1189: 5.083e-01
1190: 2.336e-01
1191: 4.268e-01
1192: 2.567e-01
1193: 1.181e-01
1194: 4.052e-02
1195: 2.553e-02
1196: 5.212e-02
1197: 5.220e-01
1198: 1.346e-01
1199: 4.299e-01
1200: 6.807e-01
1201: 3.889e-01
1202: 3.598e-01
1203: 2.567e-01
1204: 1.473e-01
1205: 3.358e-02
1206: 2.190e-01
1207: 1.452e-01
1208: 1.108e-01
1209: 5.246e-01
1210: 1.879e-01
1211: 3.950e-01
1212: 5.522e-01
1213: 3.045e-01
1214: 1.958e-01
1215: 6.425e-02
1216: 1.627e-01
1217: 6.773e-01
1218: 9.846e-02
1219: 1.399e-01
1220: 8.428e-01
1221: 3.888e-01
1222: 3.407e-01
1223: 3.234e-01
1224: 1.424e-01
1225: 5.622e-01
1226: 2.773e-01
1227: 3.068e-01
1228: 4.876e-01
1229: 4.303e-01
1230: 3.557e-01
1231: 2.428e-01
1232: 7.732e-02
1233: 3.079e-01
1234: 1.689e-01
1235: 1.082e-01
1236: 1.695e-02
1237: 1.154e-01
1238: 3.886e-01
1239: 5.553e-01
1240: 4.925e-01
1241: 1.345e-01
1242: 1.726e-01
1243: 2.097e-01
1244: 3.013e-01
1245: 3.385e-01
1246: 6.308e-02
1247: 3.189e-01
1248: 5.895e-02
1249: 1.318e-01
1250: 1.215e-01
1251: 1.070e+00
1252: 3.071e-01
1253: 4.990e-01
1254: 1.598e-01
1255: 2.859e-02
1256: 3.663e-01
1257: 1.984e-01
1258: 6.861e-01
1259: 3.445e-01
1260: 1.682e-01
1261: 9.312e-02
1262: 1.560e-01
1263: 4.859e-01
1264: 8.745e-02
1265: 7.384e-02
1266: 1.479e-01
1267: 1.754e-01
1268: 3.293e-01
1269: 3.209e-01
1270: 3.098e-01
1271: 3.622e-01
1272: 7.896e-01
1273: 2.274e-01
1274: 6.962e-01
1275: 4.485e-02
1276: 8.230e-02
1277: 7.382e-01
1278: 7.787e-01
1279: 7.449e-02
1280: 4.001e-01
1281: 5.084e-01
1282: 9.837e-02
1283: 1.198e-01
1284: 7.796e-02
1285: 1.685e-01
1286: 1.599e-01
1287: 1.955e-01
1288: 6.107e-01
1289: 3.961e-01
1290: 6.432e-02
1291: 1.827e-01
1292: 1.026e-01
1293: 2.026e-01
1294: 3.245e-01
1295: 2.178e-01
1296: 1.303e-01
1297: 2.146e-01
1298: 2.552e-01
1299: 4.850e-01
1300: 1.118e-01
1301: 2.606e-01
1302: 2.278e-01
1303: 1.972e-01
1304: 2.535e-01
1305: 1.767e-01
1306: 2.447e-01
1307: 5.738e-02
1308: 9.027e-02
1309: 2.419e-01
1310: 2.160e-01
1311: 2.361e-01
1312: 2.450e-01
1313: 1.399e-01
1314: 5.616e-01
1315: 2.842e-01
1316: 2.778e-01
1317: 2.705e-01
1318: 2.499e-01
1319: 1.372e-01
1320: 4.697e-01
1321: 2.362e-01
1322: 3.602e-01
1323: 2.842e-01
1324: 6.506e-01
1325: 2.628e-01
1326: 9.516e-02
1327: 3.324e-01
1328: 6.991e-01
1329: 2.856e-01
1330: 5.235e-01
1331: 1.861e-01
1332: 3.366e-01
1333: 3.866e-01
1334: 2.738e-01
1335: 2.128e-01
1336: 2.448e-01
1337: 4.844e-01
1338: 4.637e-01
1339: 2.864e-01
1340: 2.752e-01
1341: 1.206e-01
1342: 5.154e-02
1343: 3.617e-01
1344: 6.752e-01
1345: 7.193e-01
1346: 2.455e-01
1347: 6.469e-01
1348: 3.573e-01
1349: 7.096e-01
1350: 1.592e-01
1351: 1.770e-01
1352: 9.564e-02
1353: 4.202e-01
1354: 1.369e-01
1355: 1.690e-01
1356: 3.021e-01
1357: 7.762e-02
1358: 2.875e-02
1359: 8.334e-01
1360: 1.628e-01
1361: 1.105e-01
1362: 4.695e-01
1363: 1.299e-01
1364: 4.189e-01
1365: 2.345e-01
1366: 4.116e-01
1367: 4.041e-01
1368: 3.817e-01
1369: 1.576e-02
1370: 1.954e-01
1371: 1.611e-01
1372: 2.638e-01
1373: 3.598e-01
1374: 3.128e-01
1375: 2.107e-01
1376: 3.635e-01
1377: 1.187e-01
1378: 1.773e-01
1379: 2.251e-01
1380: 3.820e-01
1381: 1.432e-01
1382: 6.094e-01
1383: 1.578e-01
1384: 1.279e-01
1385: 3.288e-01
1386: 5.740e-01
1387: 3.289e-01
1388: 1.700e-01
1389: 1.395e-01
1390: 3.674e-01
1391: 7.555e-01
1392: 5.572e-02
1393: 1.323e-01
1394: 8.903e-01
1395: 2.257e-01
1396: 2.814e-01
1397: 6.577e-01
1398: 2.408e-01
1399: 1.842e-01
1400: 3.703e-01
1401: 2.991e-01
1402: 2.238e-01
1403: 3.850e-01
1404: 3.578e-01
1405: 2.479e-01
1406: 4.014e-01
1407: 2.449e-01
1408: 4.738e-01
1409: 1.151e-01
1410: 1.671e-01
1411: 1.705e-01
1412: 2.828e-01
1413: 3.102e-01
1414: 1.480e-01
1415: 1.930e-01
1416: 8.660e-02
1417: 1.749e-01
1418: 3.055e-01
1419: 2.396e-01
1420: 4.233e-01
1421: 4.796e-01
1422: 2.832e-02
1423: 2.718e-02
1424: 2.988e-01
1425: 1.815e-01
1426: 3.656e-01
1427: 5.210e-01
1428: 5.245e-01
1429: 1.944e-01
1430: 1.744e-01
1431: 3.089e-02
1432: 1.096e-01
1433: 3.854e-01
1434: 1.918e-01
1435: 2.703e-01
1436: 1.262e-01
1437: 1.837e-02
1438: 3.715e-01
1439: 2.746e-01
1440: 1.359e-01
1441: 5.104e-01
1442: 4.152e-01
1443: 1.832e-01
1444: 6.770e-01
1445: 4.349e-01
1446: 2.446e-01
1447: 3.135e-01
1448: 5.375e-01
1449: 3.049e-01
1450: 3.403e-01
1451: 2.530e-01
1452: 6.346e-02
1453: 5.096e-01
1454: 3.471e-01
1455: 3.452e-01
1456: 2.280e-01
1457: 1.584e-01
1458: 3.846e-01
1459: 1.091e-01
1460: 3.797e-01
1461: 1.278e-01
1462: 2.051e-01
1463: 6.826e-02
1464: 4.446e-01
1465: 3.894e-01
1466: 3.182e-01
1467: 1.233e-01
1468: 4.268e-01
1469: 1.211e-01
1470: 2.010e-01
1471: 1.860e-01
1472: 1.571e-01
1473: 2.380e-01
1474: 1.694e-01
1475: 3.126e-01
1476: 1.642e-01
1477: 1.831e-01
1478: 3.721e-02
1479: 8.152e-02
1480: 1.000e-01
1481: 2.748e-01
1482: 5.320e-02
1483: 3.727e-02
1484: 1.779e-01
1485: 8.094e-01
1486: 1.664e-01
1487: 2.539e-01
1488: 2.437e-01
1489: 2.301e-01
1490: 1.197e-01
1491: 2.551e-01
1492: 2.002e-01
1493: 2.493e-01
1494: 4.723e-01
1495: 2.055e-01
1496: 1.687e-01
1497: 9.907e-02
1498: 2.579e-01
1499: 1.006e-01
1500: 7.189e-01
1501: 2.936e-01
1502: 3.017e-01
1503: 1.569e-01
1504: 5.722e-01
1505: 8.589e-02
1506: 1.408e-01
1507: 4.904e-01
1508: 1.994e-01
1509: 9.485e-02
1510: 1.914e-01
1511: 7.994e-01
1512: 5.698e-01
1513: 3.092e-01
1514: 2.179e-01
1515: 2.906e-01
1516: 1.866e-01
1517: 8.899e-01
1518: 2.681e-01
1519: 1.301e-01
1520: 3.660e-01
1521: 1.839e-01
1522: 4.416e-02
1523: 1.177e-01
1524: 6.834e-02
1525: 6.936e-01
1526: 1.417e-01
1527: 3.180e-01
1528: 3.679e-01
1529: 5.252e-01
1530: 2.853e-01
1531: 1.969e-01
1532: 1.922e-01
1533: 2.019e-01
1534: 1.462e-02
1535: 3.632e-01
1536: 7.745e-01
1537: 9.590e-02
1538: 1.080e-01
1539: 4.668e-01
1540: 1.891e-01
1541: 1.311e-01
1542: 5.997e-02
1543: 1.156e-01
1544: 5.054e-01
1545: 3.295e-01
1546: 1.354e-01
1547: 2.783e-01
1548: 1.249e-01
1549: 4.546e-01
1550: 3.908e-01
1551: 1.120e-01
1552: 1.622e-01
1553: 5.829e-01
1554: 1.320e-01
1555: 2.447e-01
1556: 2.004e-02
1557: 3.992e-02
1558: 4.921e-02
1559: 2.186e-01
1560: 1.688e-01
1561: 2.847e-01
1562: 2.636e-01
1563: 3.763e-02
1564: 5.671e-02
1565: 1.619e-01
1566: 1.261e-01
1567: 1.813e-01
1568: 3.423e-01
1569: 1.534e-01
1570: 3.147e-01
1571: 2.211e-01
1572: 1.600e-01
1573: 6.657e-01
1574: 1.439e-01
1575: 1.983e-01
1576: 5.466e-02
1577: 3.294e-01
1578: 1.055e-01
1579: 2.650e-01
1580: 3.280e-01
1581: 2.879e-01
1582: 1.067e-01
1583: 2.609e-01
1584: 1.660e-01
1585: 2.638e-01
1586: 3.918e-02
1587: 1.138e-01
1588: 2.076e-01
1589: 6.089e-01
1590: 2.320e-01
1591: 8.795e-01
1592: 1.290e-01
1593: 6.526e-02
1594: 1.264e-01
1595: 2.549e-01
1596: 1.201e-02
1597: 2.793e-01
1598: 1.774e-01
1599: 2.417e-01
1600: 8.212e-02
1601: 3.020e-01
1602: 8.739e-02
1603: 1.031e-01
1604: 2.829e-01
1605: 1.907e-01
1606: 7.758e-01
1607: 3.745e-01
1608: 2.800e-01
1609: 1.559e-01
1610: 2.857e-01
1611: 1.487e-01
1612: 3.987e-01
1613: 2.142e-01
1614: 5.066e-01
1615: 2.879e-01
1616: 8.426e-02
1617: 3.172e-01
1618: 1.064e-01
1619: 2.096e-01
1620: 3.179e-01
1621: 4.244e-01
1622: 1.429e-01
1623: 2.322e-01
1624: 3.484e-01
1625: 3.561e-01
1626: 2.149e-01
1627: 4.252e-01
1628: 2.070e-01
1629: 8.529e-02
1630: 1.853e-01
1631: 4.802e-01
1632: 7.872e-02
1633: 5.640e-01
1634: 6.503e-01
1635: 2.207e-01
1636: 4.421e-02
1637: 1.115e-01
1638: 2.801e-01
1639: 1.514e-01
1640: 8.751e-01
1641: 1.985e-01
1642: 3.549e-01
1643: 4.159e-01
1644: 1.372e-01
1645: 2.545e-01
1646: 2.471e-01
1647: 1.702e-02
1648: 1.195e-01
1649: 2.130e-01
1650: 6.930e-02
1651: 6.483e-02
1652: 1.873e-01
1653: 2.034e-01
1654: 1.445e-01
1655: 7.475e-02
1656: 1.265e-01
1657: 2.817e-01
1658: 3.902e-01
1659: 6.779e-01
1660: 2.405e-01
1661: 4.483e-01
1662: 2.209e-01
1663: 2.541e-01
1664: 1.605e-01
1665: 6.728e-01
1666: 3.651e-01
1667: 2.270e-01
1668: 1.419e-01
1669: 3.670e-01
1670: 9.868e-02
1671: 1.826e-01
1672: 4.342e-01
1673: 2.565e-01
1674: 1.074e-01
1675: 4.099e-01
1676: 4.847e-02
1677: 2.679e-01
1678: 1.530e-01
1679: 5.728e-01
1680: 2.475e-01
1681: 1.778e-01
1682: 2.445e-01
1683: 8.911e-02
1684: 4.243e-01
1685: 2.167e-01
1686: 1.919e-01
1687: 2.278e-01
1688: 2.695e-02
1689: 2.624e-01
1690: 2.089e-01
1691: 8.859e-02
1692: 1.043e-01
1693: 9.378e-02
1694: 6.232e-02
1695: 2.437e-01
1696: 1.200e-01
1697: 1.286e-01
1698: 2.245e-01
1699: 1.880e-01
1700: 1.030e-01
1701: 1.763e-01
1702: 1.495e-01
1703: 1.873e-01
1704: 1.403e-01
1705: 0.000e+00
1706: 2.297e-01
1707: 4.029e-02
1708: 7.208e-01
1709: 1.510e-01
1710: 2.436e-01
1711: 5.070e-01
1712: 2.809e-01
1713: 2.490e-01
1714: 1.329e-01
1715: 1.216e-01
1716: 2.692e-01
1717: 1.187e-01
1718: 1.194e-01
1719: 3.952e-01
1720: 2.399e-01
1721: 1.608e-01
1722: 5.234e-02
1723: 5.782e-02
1724: 1.751e-02
1725: 7.044e-02
1726: 5.935e-01
1727: 4.280e-01
1728: 4.582e-02
1729: 3.305e-01
1730: 8.804e-02
1731: 7.325e-02
1732: 1.532e-01
1733: 2.863e-01
1734: 1.995e-01
1735: 1.956e-01
1736: 2.102e-01
1737: 3.156e-01
1738: 1.235e-01
1739: 9.370e-01
1740: 4.082e-01
1741: 2.056e-01
1742: 5.781e-02
1743: 2.847e-01
1744: 9.388e-02
1745: 8.417e-01
1746: 3.990e-01
1747: 2.763e-01
1748: 1.278e-01
1749: 1.745e-01
1750: 1.243e-01
1751: 2.075e-01
1752: 1.675e-01
1753: 1.366e-01
1754: 4.961e-01
1755: 3.622e-01
1756: 2.845e-01
1757: 3.747e-01
1758: 1.253e-02
1759: 1.862e-01
1760: 1.816e-01
1761: 2.588e-01
1762: 2.194e-01
1763: 3.908e-01
1764: 1.705e-01
1765: 1.582e-01
1766: 5.743e-02
1767: 8.059e-02
1768: 2.402e-01
1769: 2.479e-01
1770: 1.426e-01
1771: 1.438e-01
1772: 1.634e-01
1773: 2.584e-01
1774: 8.217e-02
1775: 1.690e-01
1776: 3.477e-01
1777: 5.557e-01
1778: 2.377e-01
1779: 4.770e-01
1780: 2.432e-01
1781: 2.937e-01
1782: 3.040e-01
1783: 1.955e-01
1784: 3.340e-01
1785: 2.590e-01
1786: 1.646e-01
1787: 1.767e-01
1788: 3.912e-01
1789: 6.397e-01
1790: 4.458e-02
1791: 1.113e-02
1792: 9.248e-02
1793: 2.196e-01
1794: 1.738e-02
1795: 2.632e-01
1796: 2.015e-01
1797: 7.193e-01
1798: 1.095e-01
1799: 1.661e-01
1800: 9.684e-01
1801: 9.158e-01
1802: 1.375e-01
1803: 2.086e-01
1804: 1.860e-01
1805: 1.449e-01
1806: 3.214e-01
1807: 4.213e-01
1808: 2.887e-01
1809: 1.806e-01
1810: 1.133e-01
1811: 1.737e-01
1812: 1.728e-01
1813: 3.407e-01
1814: 1.400e-01
1815: 7.482e-01
1816: 2.006e-01
1817: 1.578e-01
1818: 3.265e-01
1819: 2.879e-01
1820: 1.090e-01
1821: 1.837e-01
1822: 3.032e-01
1823: 1.526e-01
1824: 1.252e-01
1825: 1.628e-01
1826: 6.357e-02
1827: 5.529e-01
1828: 3.674e-01
1829: 2.090e-01
1830: 2.755e-01
1831: 6.474e-02
1832: 2.573e-01
1833: 2.254e-01
1834: 3.102e-01
1835: 6.917e-01
1836: 3.405e-01
1837: 2.561e-01
1838: 1.274e-01
1839: 4.352e-01
1840: 7.879e-02
1841: 2.031e-01
1842: 9.269e-02
1843: 3.277e-01
1844: 1.889e-01
1845: 2.178e-01
1846: 1.289e-01
1847: 7.422e-01
1848: 2.026e-01
1849: 5.110e-01
1850: 2.143e-01
1851: 5.126e-01
1852: 4.157e-01
1853: 1.309e-01
1854: 1.738e-01
1855: 4.204e-02
1856: 4.893e-01
1857: 2.371e-01
1858: 1.780e-01
1859: 2.113e-01
1860: 2.685e-01
1861: 7.984e-01
1862: 4.991e-01
1863: 5.050e-01
1864: 1.783e-01
1865: 2.459e-01
1866: 1.787e-01
1867: 1.554e-01
1868: 6.646e-01
1869: 2.833e-01
1870: 2.634e-01
1871: 1.799e-01
1872: 1.584e-01
1873: 1.149e-01
1874: 1.864e-01
1875: 4.226e-01
1876: 3.925e-01
1877: 1.529e-01
1878: 3.707e-01
1879: 2.129e-01
1880: 1.562e-01
1881: 2.503e-01
1882: 2.617e-01
1883: 1.748e-01
1884: 2.167e-01
1885: 3.469e-01
1886: 4.055e-01
1887: 2.779e-01
1888: 3.305e-01
1889: 3.020e-01
1890: 5.727e-01
1891: 5.431e-02
1892: 1.359e-01
1893: 1.643e-01
1894: 4.137e-01
1895: 3.953e-01
1896: 4.852e-01
1897: 2.672e-01
1898: 1.045e-01
1899: 2.528e-01
1900: 3.044e-01
1901: 2.172e-01
1902: 3.229e-01
1903: 3.255e-01
1904: 1.724e-01
1905: 2.553e-01
1906: 1.251e-01
1907: 5.474e-01
1908: 7.644e-02
1909: 6.037e-01
1910: 4.971e-01
1911: 1.983e-01
1912: 1.888e-02
1913: 4.252e-01
1914: 2.393e-01
1915: 1.880e-01
1916: 2.001e-01
1917: 2.099e-01
1918: 5.135e-01
1919: 1.045e-01
1920: 2.149e-01
1921: 3.416e-01
1922: 1.326e-01
1923: 2.596e-01
1924: 7.466e-01
1925: 3.629e-01
1926: 4.801e-02
1927: 7.515e-02
1928: 3.247e-01
1929: 1.697e-01
1930: 8.054e-01
1931: 2.290e-01
1932: 3.451e-01
1933: 2.598e-01
1934: 1.057e-01
1935: 6.963e-02
1936: 4.989e-02
1937: 9.544e-02
1938: 4.073e-01
1939: 2.342e-01
1940: 8.531e-01
1941: 1.693e-01
1942: 1.035e-01
1943: 2.834e-01
1944: 2.824e-01
1945: 3.084e-01
1946: 2.541e-01
1947: 7.277e-02
1948: 4.343e-01
1949: 1.108e-01
1950: 2.093e-01
1951: 2.261e-01
1952: 6.135e-02
1953: 3.189e-01
1954: 6.979e-01
1955: 1.016e-01
1956: 3.469e-01
1957: 2.770e-01
1958: 1.091e-01
1959: 4.606e-02
1960: 2.020e-01
1961: 5.566e-02
1962: 2.923e-01
1963: 2.554e-01
1964: 2.385e-01
1965: 4.076e-01
1966: 3.497e-01
1967: 1.034e-01
1968: 1.636e-01
1969: 4.478e-01
1970: 1.620e-01
1971: 4.049e-01
1972: 1.746e-01
1973: 9.248e-02
1974: 1.878e-01
1975: 2.681e-01
1976: 2.239e-01
1977: 3.906e-01
1978: 7.010e-02
1979: 1.438e-01
1980: 1.727e-01
1981: 1.495e-01
1982: 1.174e-01
1983: 1.857e-01
1984: 1.498e-01
1985: 1.392e-01
1986: 2.112e-01
1987: 2.210e-01
1988: 4.962e-01
1989: 2.460e-01
1990: 1.861e-01
1991: 3.994e-01
1992: 2.333e-01
1993: 1.237e-01
1994: 4.499e-01
1995: 2.938e-01
1996: 1.519e-01
1997: 5.346e-02
1998: 3.096e-02
1999: 1.615e-01
2000: 1.569e-01
2001: 3.327e-01
2002: 1.223e-01
2003: 2.224e-01
2004: 1.597e-01
2005: 2.320e-01
2006: 8.494e-02
2007: 3.705e-01
2008: 3.983e-01
2009: 2.115e-01
2010: 7.226e-01
2011: 1.840e-01
2012: 2.102e-01
2013: 4.311e-01
2014: 2.288e-01
2015: 2.511e-01
2016: 1.646e-01
2017: 6.881e-02
2018: 3.345e-01
2019: 1.958e-01
2020: 1.977e-01
2021: 1.370e-01
2022: 2.407e-02
2023: 7.560e-02
