1: 1.462e+00
2: 3.221e-01
3: 2.661e-01
4: 5.121e-01
5: 6.947e-01
6: 1.413e+00
7: 1.373e-01
8: 3.055e-01
9: 4.521e-01
10: 2.707e-02
11: 0.000e+00
12: 2.647e+00
13: 3.790e-01
14: 5.964e-01
15: 1.542e+00
16: 6.090e-02
17: 6.764e-03
18: 5.341e-01
19: 3.209e-01
20: 1.677e-01
21: 2.634e-01
22: 1.135e-01
23: 5.850e-01
24: 9.824e-01
25: 8.028e-01
26: 6.076e-01
27: 7.668e-01
28: 5.582e-01
29: 5.499e-01
30: 2.940e-01
31: 3.338e-01
32: 4.217e-01
33: 6.561e-01
34: 1.850e-01
35: 2.349e-01
36: 1.582e-01
37: 2.693e-01
38: 4.527e-01
39: 4.032e-01
40: 2.020e-01
41: 2.703e-01
42: 1.555e-01
43: 1.390e-01
44: 2.586e-01
45: 6.219e-01
46: 3.975e-01
47: 1.524e-01
48: 4.249e-01
49: 3.242e-01
50: 2.851e-01
51: 5.655e-01
52: 3.544e-01
53: 4.213e-01
54: 1.279e-01
55: 3.228e-01
56: 5.006e-01
57: 8.111e-01
58: 2.023e-01
59: 0.000e+00
60: 5.071e-01
61: 8.667e-02
62: 4.864e-01
63: 2.569e-01
64: 4.769e-01
65: 2.547e+00
66: 5.372e-01
67: 5.917e-01
68: 8.027e-01
69: 3.474e-01
70: 1.851e-01
71: 2.779e-01
72: 1.436e-01
73: 1.033e-01
74: 7.119e-01
75: 9.884e-02
76: 1.438e-01
77: 3.249e-01
78: 9.976e-02
79: 5.622e-01
80: 9.021e-01
81: 2.668e+00
82: 2.386e-02
83: 2.982e-01
84: 1.471e-01
85: 1.868e-01
86: 4.509e-01
87: 2.530e-01
88: 2.244e+00
89: 2.150e-01
90: 1.219e-01
91: 9.243e-01
92: 5.701e-01
93: 1.145e+00
94: 2.172e-01
95: 3.823e-01
96: 1.041e-01
97: 5.094e-02
98: 5.691e-01
99: 1.570e-01
100: 5.334e-04
101: 3.420e-01
102: 5.001e-02
103: 6.166e-02
104: 2.340e-02
105: 1.441e-02
106: 1.617e-01
107: 6.131e-02
108: 6.378e-02
109: 4.080e-02
110: 9.979e-02
111: 1.229e-01
112: 1.207e-01
113: 2.880e-01
114: 1.403e-01
115: 3.125e-01
116: 7.241e-02
117: 7.306e-01
118: 4.807e-02
119: 1.639e-01
120: 4.348e-02
121: 4.835e-03
122: 8.311e-01
123: 6.031e-02
124: 2.799e-02
125: 4.401e-01
126: 2.284e-02
127: 3.904e-01
128: 1.737e-01
129: 4.759e-01
130: 3.891e-02
131: 1.209e-02
132: 7.056e-02
133: 1.676e-01
134: 1.055e-01
135: 8.776e-02
136: 1.956e-01
137: 6.952e-02
138: 2.946e-01
139: 2.386e-02
140: 2.735e-01
141: 2.647e-01
142: 6.422e-02
143: 3.714e-02
144: 9.791e-02
145: 2.087e-01
146: 6.369e-02
147: 1.663e-02
148: 6.609e-02
149: 5.840e-02
150: 2.611e-02
151: 1.028e-01
152: 4.132e-02
153: 1.237e-01
154: 1.260e-01
155: 2.510e-03
156: 7.254e-02
157: 1.893e-01
158: 1.018e-02
159: 1.124e-01
160: 1.165e-02
161: 1.219e-01
162: 0.000e+00
163: 6.984e-02
164: 1.296e-01
165: 1.362e-01
166: 2.758e-02
167: 2.944e-02
168: 6.314e-02
169: 4.209e-02
170: 0.000e+00
171: 3.047e-02
172: 1.703e-02
173: 1.138e-02
174: 2.215e-01
175: 1.041e-02
176: 4.570e-01
177: 2.825e-02
178: 3.578e-02
179: 1.379e-02
180: 3.608e-02
181: 1.476e-01
182: 1.048e-01
183: 6.115e-02
184: 2.534e-02
185: 3.089e-02
186: 5.464e-01
187: 7.743e-01
188: 8.434e-02
189: 2.213e-01
190: 1.194e-02
191: 4.350e-01
192: 4.781e-01
193: 9.641e-02
194: 9.827e-02
195: 3.923e-02
196: 1.581e-01
197: 1.922e-01
198: 8.921e-02
199: 8.986e-02
200: 1.660e-01
201: 1.024e-01
202: 1.810e-01
203: 2.764e-01
204: 4.946e-02
205: 1.029e-01
206: 1.200e-02
207: 1.213e-01
208: 1.551e-01
209: 7.592e-02
210: 9.591e-03
211: 1.523e-01
212: 2.610e-02
213: 3.735e-01
214: 2.870e-01
215: 5.190e-02
216: 1.125e-01
217: 5.388e-02
218: 3.453e-01
219: 0.000e+00
220: 1.744e-01
221: 4.868e-01
222: 2.172e-01
223: 2.860e-02
224: 3.203e-01
225: 1.555e+00
226: 2.002e-01
227: 5.986e-02
228: 1.395e-01
229: 2.016e-01
230: 4.725e-02
231: 3.315e-02
232: 8.506e-02
233: 3.657e-02
234: 4.592e-02
235: 9.986e-02
236: 1.699e-01
237: 6.029e-02
238: 8.416e-02
239: 5.865e-02
240: 1.014e-01
241: 6.912e-02
242: 1.179e-01
243: 9.488e-02
244: 8.027e-02
245: 3.988e-02
246: 1.367e-01
247: 5.361e-02
248: 1.828e-01
249: 3.127e-01
250: 4.624e-02
251: 2.419e-02
252: 1.295e-01
253: 4.893e-02
254: 1.857e-01
255: 3.653e-02
256: 1.163e-02
257: 2.245e-02
258: 1.760e-02
259: 1.382e-01
260: 5.176e-02
261: 1.701e-01
262: 0.000e+00
263: 8.413e-02
264: 2.327e-02
265: 1.511e-01
266: 1.003e-01
267: 1.175e-01
268: 6.354e-02
269: 1.019e-01
270: 1.120e-01
271: 7.948e-04
272: 3.700e-02
273: 5.504e-02
274: 8.493e-02
275: 9.529e-02
276: 1.042e-01
277: 2.181e-02
278: 1.095e-01
279: 1.234e-01
280: 2.065e-01
281: 4.958e-01
282: 1.431e-01
283: 3.589e-01
284: 4.962e-02
285: 1.809e-01
286: 6.745e-02
287: 1.556e-01
288: 5.166e-02
289: 5.525e-02
290: 3.469e-02
291: 3.075e-01
292: 2.296e-01
293: 2.379e-02
294: 1.142e-01
295: 4.991e-02
296: 2.266e-01
297: 3.627e-01
298: 4.954e-02
299: 1.769e-02
300: 3.358e-02
301: 1.617e-02
302: 3.504e-01
303: 0.000e+00
304: 2.679e-01
305: 1.226e-01
306: 7.224e-02
307: 8.768e-02
308: 1.329e-01
309: 4.532e-02
310: 2.575e-01
311: 3.686e-02
312: 3.247e-01
313: 7.081e-03
314: 7.759e-02
315: 1.141e-01
316: 9.106e-02
317: 4.942e-02
318: 2.041e-01
319: 7.510e-02
320: 1.359e-02
321: 7.413e-02
322: 5.192e-02
323: 3.166e-01
324: 1.644e-01
325: 2.686e-02
326: 1.001e-01
327: 6.937e-02
328: 3.130e-02
329: 0.000e+00
330: 1.788e-01
331: 2.376e-02
332: 1.089e-01
333: 8.193e-02
334: 7.495e-02
335: 1.083e-01
336: 1.592e-01
337: 7.626e-02
338: 1.305e-01
339: 1.164e-01
340: 1.536e-01
341: 1.832e-01
342: 1.661e-01
343: 1.221e-01
344: 4.458e-02
345: 6.036e-02
346: 8.013e-02
347: 5.056e-02
348: 1.727e-02
349: 5.082e-01
350: 4.593e-02
351: 8.267e-02
352: 3.069e-02
353: 1.006e-01
354: 3.604e-01
355: 2.269e-02
356: 9.501e-02
357: 1.006e-01
358: 2.418e-01
359: 6.987e-02
360: 9.522e-02
361: 7.584e-02
362: 4.088e-02
363: 1.321e-01
364: 1.742e-02
365: 1.214e-02
366: 4.749e-01
367: 1.116e-01
368: 1.645e-02
369: 2.414e-01
370: 7.881e-02
371: 2.459e-02
372: 1.929e-01
373: 7.758e-02
374: 1.826e-01
375: 1.143e-03
376: 3.512e-02
377: 8.197e-02
378: 9.865e-02
379: 4.900e-02
380: 1.908e-01
381: 4.160e-02
382: 1.960e-02
383: 1.286e-01
384: 3.382e-02
385: 2.421e-01
386: 1.484e-01
387: 0.000e+00
388: 3.433e-02
389: 1.988e-01
390: 3.058e-02
391: 8.336e-02
392: 3.244e-02
393: 5.640e-02
394: 3.161e-02
395: 4.789e-01
396: 2.763e-02
397: 5.191e-02
398: 7.429e-02
399: 5.227e-02
400: 1.008e-01
401: 1.564e-01
402: 2.151e-02
403: 6.262e-02
404: 2.604e-01
405: 6.574e-02
406: 2.144e-02
407: 5.560e-02
408: 3.883e-02
409: 1.123e-01
410: 9.039e-02
411: 1.090e-01
412: 3.466e-02
413: 3.092e-02
414: 8.586e-02
415: 1.275e-01
416: 6.658e-01
417: 3.560e-03
418: 1.901e-02
419: 6.723e-02
420: 1.902e-02
421: 2.548e-02
422: 1.104e-01
423: 2.596e-02
424: 7.791e-03
425: 5.052e-01
426: 3.179e-01
427: 0.000e+00
428: 3.605e-03
429: 1.070e-02
430: 8.929e-02
431: 4.434e-02
432: 9.800e-02
433: 1.229e-01
434: 2.992e-03
435: 6.924e-03
436: 3.845e-01
437: 7.337e-02
438: 1.275e-01
439: 4.765e-02
440: 1.598e-01
441: 6.494e-02
442: 3.383e-03
443: 4.399e-02
444: 1.039e-01
445: 5.281e-02
446: 2.058e-02
447: 1.518e-01
448: 6.554e-02
449: 1.718e-02
450: 5.693e-02
451: 1.576e-01
452: 2.730e-01
453: 0.000e+00
454: 2.878e-02
455: 4.296e-02
456: 8.513e-02
457: 1.472e-02
458: 6.711e-02
459: 3.697e-02
460: 9.004e-02
461: 7.386e-02
462: 5.650e-03
463: 2.362e-01
464: 1.125e-02
465: 1.723e-01
466: 8.646e-02
467: 7.115e-02
468: 2.711e-02
469: 4.658e-02
470: 1.736e-02
471: 1.052e-01
472: 2.754e-03
473: 3.915e-02
474: 9.123e-02
475: 1.794e-02
476: 0.000e+00
477: 6.030e-02
478: 2.158e-02
479: 4.130e-02
480: 2.922e-03
481: 3.068e-02
482: 1.196e-02
483: 4.081e-02
484: 2.265e-02
485: 7.876e-02
486: 2.597e-02
487: 1.368e-01
488: 2.855e-02
489: 1.018e-01
490: 3.307e-02
491: 8.601e-03
492: 3.639e-02
493: 9.769e-02
494: 2.883e-01
495: 3.698e-02
496: 2.843e-02
497: 2.140e-01
498: 0.000e+00
499: 7.702e-02
500: 8.886e-02
501: 2.840e-01
502: 3.699e-02
503: 3.058e-02
504: 3.914e-02
505: 0.000e+00
506: 1.759e-01
507: 2.665e-01
508: 3.594e-02
509: 6.033e-02
510: 1.335e-02
511: 2.283e-02
512: 8.554e-02
513: 6.841e-02
514: 1.661e-01
515: 1.326e-01
516: 5.082e-02
517: 1.280e-01
518: 8.793e-02
519: 1.619e-02
520: 1.047e-01
521: 8.353e-02
522: 6.541e-02
523: 4.040e-02
524: 9.274e-02
525: 1.470e-01
526: 1.134e-02
527: 2.544e-02
528: 5.707e-03
529: 4.774e-02
530: 5.659e-02
531: 3.690e-02
532: 1.020e-01
533: 8.094e-02
534: 1.644e-01
535: 9.694e-02
536: 5.228e-02
537: 4.060e-02
538: 1.546e-01
539: 2.015e-02
540: 1.420e-01
541: 2.519e-02
542: 0.000e+00
543: 1.041e-01
544: 1.028e-01
545: 3.921e-02
546: 2.915e-02
547: 1.693e-01
548: 1.412e-01
549: 2.120e-02
550: 8.318e-02
551: 4.901e-02
552: 1.140e-01
553: 5.876e-02
554: 1.335e-01
555: 2.062e-02
556: 6.219e-03
557: 4.051e-02
558: 1.015e-01
559: 5.544e-03
560: 6.955e-02
561: 2.787e-02
562: 5.872e-02
563: 4.541e-02
564: 4.960e-02
565: 0.000e+00
566: 1.785e-01
567: 1.242e-01
568: 1.362e-01
569: 7.540e-02
570: 1.508e-01
571: 8.188e-03
572: 1.639e-01
573: 1.052e-01
574: 9.504e-02
575: 3.987e-02
576: 5.710e-02
577: 0.000e+00
578: 7.507e-02
579: 1.185e-01
580: 6.394e-02
581: 1.068e-01
582: 4.559e-02
583: 1.044e-01
584: 1.884e-02
585: 8.467e-03
586: 3.743e-02
587: 3.351e-02
588: 2.880e-02
589: 2.491e-03
590: 1.034e-02
591: 8.728e-02
592: 7.841e-02
593: 2.001e-01
594: 9.968e-02
595: 1.795e-02
596: 0.000e+00
597: 9.548e-03
598: 1.899e-01
599: 8.442e-02
600: 1.179e-01
601: 0.000e+00
602: 9.912e-02
603: 2.138e-01
604: 8.973e-02
605: 1.641e-02
606: 2.087e-02
607: 4.465e-02
608: 1.510e-01
609: 2.514e-01
610: 1.945e-02
611: 8.876e-02
612: 9.701e-02
613: 5.287e-02
614: 1.012e-02
615: 7.299e-02
616: 3.712e-02
617: 7.268e-02
618: 7.318e-02
619: 6.743e-02
620: 6.185e-02
621: 6.065e-02
622: 0.000e+00
623: 3.104e-02
624: 1.197e-01
625: 5.178e-02
626: 5.292e-02
627: 1.192e-01
628: 6.124e-02
629: 2.513e-01
630: 6.228e-02
631: 4.124e-02
632: 9.616e-02
633: 7.277e-02
634: 8.881e-02
635: 1.249e-01
636: 2.289e-02
637: 8.622e-02
638: 1.830e-01
639: 1.716e-03
640: 5.030e-02
641: 6.549e-02
642: 6.911e-02
643: 4.971e-02
644: 1.768e-01
645: 1.839e-02
646: 1.645e-01
647: 3.010e-02
648: 0.000e+00
649: 1.222e-01
650: 7.059e-02
651: 2.679e-02
652: 3.066e-03
653: 4.835e-02
654: 5.375e-02
655: 8.420e-02
656: 5.603e-01
657: 1.854e-01
658: 4.127e-02
659: 1.653e-01
660: 9.042e-02
661: 1.810e-01
662: 5.168e-02
663: 1.283e-01
664: 1.242e-01
665: 3.501e-01
666: 2.710e-02
667: 9.974e-02
668: 5.113e-02
669: 7.232e-02
670: 4.354e-02
671: 5.144e-02
672: 6.966e-02
673: 1.483e-02
674: 5.692e-02
675: 2.489e-02
676: 1.505e-02
677: 7.173e-02
678: 7.039e-02
679: 4.104e-02
680: 6.074e-02
681: 1.452e-01
682: 3.544e-01
683: 3.374e-02
684: 3.959e-02
685: 1.299e-01
686: 1.306e-01
687: 3.355e-02
688: 7.253e-02
689: 8.839e-03
690: 1.401e-01
691: 7.968e-02
692: 5.630e-02
693: 5.750e-02
694: 6.554e-02
695: 2.000e-01
696: 5.570e-01
697: 1.938e-01
698: 1.008e-03
699: 1.324e-01
700: 3.301e-02
701: 1.273e-01
702: 4.283e-02
703: 7.605e-02
704: 2.569e-01
705: 5.598e-03
706: 7.829e-02
707: 4.428e-02
708: 1.477e-01
709: 4.511e-02
710: 5.882e-02
711: 2.019e-02
712: 1.832e-01
713: 1.927e-01
714: 2.353e-01
715: 5.000e-02
716: 8.362e-02
717: 1.483e-02
718: 3.467e-03
719: 9.764e-02
720: 8.094e-02
721: 1.261e-01
722: 1.182e-01
723: 7.871e-02
724: 1.126e-01
725: 1.801e-02
726: 6.927e-02
727: 1.089e-01
728: 1.191e-01
729: 2.457e-02
730: 1.478e-01
731: 1.629e-02
732: 3.300e-02
733: 1.988e-02
734: 3.392e-02
735: 9.591e-03
736: 2.602e-02
737: 4.477e-03
738: 1.710e-01
739: 1.817e-01
740: 3.039e-02
741: 1.667e-01
742: 1.398e-01
743: 0.000e+00
744: 1.365e-01
745: 2.160e-03
746: 1.927e-01
747: 6.603e-02
748: 1.864e-01
749: 3.157e-03
750: 9.371e-02
751: 1.952e-02
752: 1.280e-01
753: 3.032e-01
754: 4.954e-03
755: 8.543e-02
756: 5.757e-02
757: 7.842e-02
758: 2.844e-01
759: 5.891e-01
760: 2.347e-01
761: 7.525e-02
762: 5.887e-02
763: 6.174e-02
764: 5.390e-02
765: 8.701e-02
766: 9.932e-02
767: 1.991e-02
768: 9.720e-02
769: 1.440e-01
770: 2.022e-01
771: 0.000e+00
772: 4.663e-02
773: 2.851e-02
774: 3.485e-02
775: 1.836e-01
776: 1.930e-04
777: 1.090e-02
778: 4.340e-02
779: 2.007e-02
780: 0.000e+00
781: 7.475e-02
782: 2.418e-02
783: 7.730e-02
784: 7.610e-03
785: 1.173e-01
786: 1.095e-02
787: 1.142e-01
788: 6.934e-02
789: 1.006e-01
790: 3.412e-02
791: 2.134e-03
792: 1.266e-01
793: 3.084e-02
794: 8.933e-03
795: 1.254e-01
796: 2.447e-02
797: 7.070e-02
798: 5.812e-02
799: 1.635e-01
800: 5.335e-02
801: 5.826e-02
802: 1.483e-01
803: 9.224e-02
804: 1.996e-01
805: 7.187e-02
806: 0.000e+00
807: 4.874e-02
808: 2.358e-02
809: 4.025e-02
810: 7.163e-02
811: 2.800e-02
812: 1.109e-01
813: 1.488e-01
814: 1.135e-02
815: 6.250e-02
816: 3.001e-01
817: 7.727e-03
818: 5.651e-02
819: 0.000e+00
820: 2.251e-01
821: 1.171e-02
822: 1.826e-01
823: 3.697e-02
824: 1.022e-02
825: 3.722e-02
826: 1.571e-01
827: 3.438e-02
828: 1.972e-02
829: 3.735e-02
830: 8.212e-02
831: 2.310e-03
832: 4.615e-02
833: 1.405e-01
834: 2.759e-01
835: 2.589e-02
836: 1.939e-01
837: 5.426e-02
838: 6.398e-02
839: 1.282e-01
840: 1.913e-01
841: 0.000e+00
842: 3.159e-01
843: 3.980e-01
844: 3.090e-01
845: 4.866e-01
846: 3.386e-01
847: 1.924e-01
848: 2.681e-02
849: 2.400e-01
850: 5.616e-02
851: 1.089e-02
852: 3.925e-03
853: 6.119e-02
854: 7.125e-02
855: 1.404e-02
856: 8.146e-04
857: 4.655e-02
858: 5.776e-03
859: 1.325e-01
860: 4.021e-02
861: 1.323e-02
862: 2.021e-02
863: 0.000e+00
864: 3.131e-01
865: 1.018e-01
866: 6.749e-02
867: 6.182e-02
868: 1.043e-01
869: 4.834e-02
870: 4.072e-02
871: 6.128e-02
872: 3.763e-02
873: 1.483e-02
874: 2.061e-01
875: 1.823e-01
876: 2.177e-02
877: 2.220e-02
878: 7.532e-02
879: 1.414e-01
880: 2.657e-02
881: 2.316e-02
882: 1.889e-01
883: 9.260e-04
884: 2.155e-03
885: 5.082e-02
886: 5.504e-02
887: 8.617e-02
888: 3.965e-02
889: 9.707e-02
890: 6.215e-02
891: 3.350e-02
892: 2.124e-01
893: 0.000e+00
894: 2.347e-01
895: 1.701e-02
896: 9.108e-02
897: 1.875e-02
898: 2.771e-01
899: 6.177e-02
900: 7.839e-02
901: 2.935e-01
902: 1.673e-01
903: 1.975e-02
904: 6.164e-02
905: 6.268e-03
906: 2.845e-02
907: 5.067e-02
908: 2.068e-01
909: 0.000e+00
910: 1.372e-01
911: 1.309e-02
912: 1.479e-02
913: 1.419e-01
914: 8.355e-02
915: 6.881e-02
916: 3.621e-02
917: 9.316e-03
918: 3.833e-02
919: 1.168e-01
920: 2.099e-02
921: 8.101e-02
922: 2.657e-02
923: 2.924e-02
924: 3.046e-02
925: 2.353e-02
926: 1.082e-01
927: 8.866e-02
928: 2.485e-03
929: 7.590e-02
930: 8.379e-02
931: 6.818e-03
932: 0.000e+00
933: 7.973e-02
934: 4.695e-02
935: 2.332e-03
936: 1.126e-01
937: 4.681e-02
938: 2.295e-03
939: 1.103e-01
940: 6.185e-01
941: 3.715e-01
942: 5.234e-01
943: 2.036e-01
944: 1.440e-01
945: 1.838e-01
946: 6.378e-01
947: 9.135e-01
948: 4.382e-02
949: 8.221e-02
950: 6.836e-02
951: 2.396e-02
952: 1.326e-01
953: 6.905e-02
954: 1.005e-01
955: 1.908e-03
956: 9.861e-02
957: 8.049e-02
958: 5.739e-02
959: 2.385e-01
960: 1.512e-01
961: 4.666e-02
962: 6.407e-03
963: 5.198e-02
964: 3.393e-02
965: 2.921e-02
966: 3.371e-02
967: 3.389e-02
968: 2.125e-02
969: 0.000e+00
970: 2.316e-01
971: 1.007e-03
972: 2.437e-02
973: 1.514e-02
974: 2.893e-01
975: 1.019e-01
976: 4.675e-03
977: 1.964e-01
978: 8.484e-02
979: 1.115e-01
980: 1.046e-01
981: 2.924e-01
982: 4.068e-01
983: 1.809e-01
984: 7.432e-01
985: 8.264e-03
986: 1.733e-02
987: 6.865e-02
988: 1.334e-01
989: 1.612e-02
990: 3.109e-02
991: 4.593e-02
992: 5.539e-02
993: 7.785e-02
994: 3.043e-02
995: 5.609e-02
996: 4.157e-02
997: 6.197e-02
998: 1.137e-01
999: 0.000e+00
1000: 9.477e-02
1001: 6.798e-02
1002: 2.106e-01
1003: 2.003e-01
1004: 6.656e-02
1005: 7.638e-02
1006: 6.220e-02
1007: 9.958e-03
1008: 7.555e-02
1009: 1.269e-01
1010: 1.289e-02
1011: 2.955e-02
1012: 9.001e-02
1013: 9.865e-02
1014: 2.340e-02
1015: 6.871e-02
1016: 1.944e-02
1017: 9.564e-03
1018: 3.886e-02
1019: 1.288e-02
1020: 7.982e-02
1021: 1.959e-03
1022: 1.722e-01
1023: 9.719e-02
1024: 9.291e-02
1025: 9.451e-02
1026: 1.357e-02
1027: 3.937e-03
1028: 4.271e-02
1029: 7.074e-02
1030: 1.289e-01
1031: 2.019e-02
1032: 2.160e-02
1033: 3.425e-02
1034: 4.495e-02
1035: 1.440e-01
1036: 3.629e-02
1037: 1.432e-01
1038: 2.284e-02
1039: 8.186e-02
1040: 4.552e-03
1041: 2.160e-02
1042: 1.940e-01
1043: 8.088e-03
1044: 5.947e-02
1045: 0.000e+00
1046: 8.211e-02
1047: 9.838e-02
1048: 8.549e-03
1049: 3.860e-02
1050: 5.351e-02
1051: 1.593e-01
1052: 8.782e-02
1053: 1.540e-02
1054: 8.863e-02
1055: 2.479e-02
1056: 3.780e-02
1057: 1.941e-01
1058: 1.158e-02
1059: 2.881e-01
1060: 4.901e-02
1061: 1.310e-01
1062: 2.281e-01
1063: 2.386e-02
1064: 1.074e-01
1065: 3.021e-02
1066: 5.266e-02
1067: 2.567e-02
1068: 5.654e-02
1069: 6.657e-02
1070: 2.137e-02
1071: 3.955e-02
1072: 1.658e-02
1073: 4.753e-02
1074: 5.788e-02
1075: 1.879e-02
1076: 4.304e-02
1077: 1.306e-01
1078: 7.516e-02
1079: 0.000e+00
1080: 8.118e-02
1081: 2.258e-02
1082: 6.550e-02
1083: 1.011e-02
1084: 5.454e-02
1085: 4.708e-02
1086: 8.667e-02
1087: 3.078e-02
1088: 1.153e-01
1089: 1.072e-01
1090: 1.027e-01
1091: 3.595e-02
1092: 7.085e-02
1093: 2.758e-02
1094: 9.094e-02
1095: 1.347e-01
1096: 7.210e-02
1097: 3.026e-02
1098: 4.075e-03
1099: 5.624e-02
1100: 1.554e-01
1101: 8.435e-02
1102: 1.154e-01
1103: 6.938e-02
1104: 1.167e-02
1105: 7.227e-02
1106: 5.207e-02
1107: 3.285e-02
1108: 1.553e-01
1109: 8.754e-02
1110: 3.839e-02
1111: 4.298e-02
1112: 6.084e-02
1113: 2.091e-02
1114: 6.045e-02
1115: 5.495e-03
1116: 1.842e-01
1117: 3.960e-01
1118: 1.074e-01
1119: 4.223e-01
1120: 4.615e-01
1121: 2.326e-01
1122: 2.605e-01
1123: 3.677e-01
1124: 1.918e-02
1125: 1.285e-01
1126: 4.433e-02
1127: 1.370e-01
1128: 1.620e-01
1129: 1.357e-02
1130: 0.000e+00
1131: 1.612e-01
1132: 1.745e-01
1133: 1.749e-02
1134: 1.344e-02
1135: 1.018e-01
1136: 1.243e-02
1137: 5.460e-02
1138: 9.835e-02
1139: 1.703e-01
1140: 7.952e-02
1141: 9.277e-03
1142: 1.454e-01
1143: 1.704e-01
1144: 1.720e-02
1145: 1.617e-01
1146: 1.042e-01
1147: 2.039e-01
1148: 9.094e-02
1149: 4.525e-02
1150: 9.822e-02
1151: 9.637e-02
1152: 3.994e-02
1153: 5.431e-03
1154: 1.428e-01
1155: 3.386e-02
1156: 1.820e-02
1157: 1.313e-02
1158: 2.653e-03
1159: 9.528e-02
1160: 3.199e-02
1161: 2.178e-02
1162: 2.397e-02
1163: 3.319e-02
1164: 1.337e-01
1165: 2.123e-02
1166: 3.924e-02
1167: 9.892e-02
1168: 9.242e-02
1169: 2.413e-02
1170: 2.237e-01
1171: 3.415e-01
1172: 2.837e-02
1173: 1.410e-02
1174: 1.044e-01
1175: 3.641e-02
1176: 1.519e-02
1177: 8.521e-02
1178: 6.578e-02
1179: 7.668e-03
1180: 6.515e-02
1181: 4.067e-02
1182: 1.000e-01
1183: 1.398e-01
1184: 1.048e-01
1185: 3.017e-02
1186: 2.718e-02
1187: 0.000e+00
1188: 6.888e-02
1189: 3.081e-02
1190: 2.257e-01
1191: 7.489e-02
1192: 5.733e-02
1193: 2.677e-01
1194: 3.834e-01
1195: 1.087e-01
1196: 1.138e-01
1197: 2.637e-02
1198: 5.611e-02
1199: 1.054e-02
1200: 3.989e-03
1201: 1.252e-02
1202: 6.532e-03
1203: 3.582e-02
1204: 1.161e-01
1205: 1.454e-01
1206: 4.002e-02
1207: 2.231e-01
1208: 2.790e-02
1209: 0.000e+00
1210: 5.462e-02
1211: 5.411e-03
1212: 4.791e-03
1213: 2.946e-02
1214: 1.546e-02
1215: 2.221e-01
1216: 3.347e-02
1217: 5.980e-04
1218: 3.800e-01
1219: 4.570e-02
1220: 0.000e+00
1221: 1.992e-02
1222: 1.214e-01
1223: 4.065e-02
1224: 8.277e-02
1225: 4.628e-02
1226: 2.688e-03
1227: 1.175e-02
1228: 0.000e+00
1229: 2.877e-02
1230: 1.915e-02
1231: 5.920e-02
1232: 9.091e-02
1233: 4.713e-02
1234: 1.305e-01
1235: 3.330e-01
1236: 2.669e-01
1237: 9.093e-02
1238: 7.985e-02
1239: 1.825e-02
1240: 5.222e-02
1241: 2.943e-01
1242: 7.026e-02
1243: 1.007e-01
1244: 7.779e-02
1245: 5.198e-02
1246: 2.004e-01
1247: 3.789e-03
1248: 4.502e-01
1249: 1.827e-01
1250: 3.874e-02
1251: 0.000e+00
1252: 1.905e-01
1253: 1.179e-02
1254: 4.728e-02
1255: 5.658e-02
1256: 5.644e-02
1257: 1.288e-01
1258: 1.291e-02
1259: 2.898e-02
1260: 7.891e-02
1261: 5.769e-02
1262: 9.304e-02
1263: 9.406e-03
1264: 9.030e-02
1265: 1.178e-02
1266: 1.022e-01
1267: 7.721e-02
1268: 7.787e-02
1269: 1.559e-01
1270: 8.902e-02
1271: 3.617e-02
1272: 1.037e-02
1273: 1.330e-01
1274: 6.175e-03
1275: 6.783e-02
1276: 1.688e-01
1277: 0.000e+00
1278: 7.670e-02
1279: 1.907e-01
1280: 1.999e-03
1281: 4.170e-02
1282: 3.662e-01
1283: 4.670e-02
1284: 1.458e-01
1285: 6.315e-01
1286: 8.048e-02
1287: 4.389e-02
1288: 2.669e-02
1289: 4.646e-02
1290: 3.528e-01
1291: 1.544e-02
1292: 1.613e-01
1293: 2.001e-02
1294: 8.088e-03
1295: 1.720e-02
1296: 2.254e-01
1297: 2.378e-02
1298: 3.172e-02
1299: 3.144e-02
1300: 7.583e-02
1301: 1.763e-01
1302: 2.202e-02
1303: 1.853e-02
1304: 5.745e-02
1305: 8.134e-02
1306: 5.922e-02
1307: 1.192e-01
1308: 2.261e-01
1309: 0.000e+00
1310: 4.854e-02
1311: 7.499e-02
1312: 2.506e-02
1313: 2.174e-02
1314: 1.522e-02
1315: 1.595e-02
1316: 3.904e-02
1317: 6.729e-03
1318: 3.857e-02
1319: 2.087e-02
1320: 1.574e-02
1321: 1.982e-01
1322: 8.013e-02
1323: 4.356e-02
1324: 1.198e-02
1325: 1.137e-03
1326: 6.354e-03
1327: 5.111e-02
1328: 4.550e-03
1329: 1.318e-01
1330: 2.445e-03
1331: 3.711e-02
1332: 1.916e-02
1333: 1.421e-02
1334: 2.522e-02
1335: 1.154e-02
1336: 6.452e-02
1337: 1.176e-02
1338: 4.560e-02
1339: 4.654e-02
1340: 3.176e-02
1341: 6.079e-02
1342: 1.226e-01
1343: 2.247e-03
1344: 2.468e-02
1345: 3.894e-03
1346: 1.670e-01
1347: 4.608e-02
1348: 1.196e-01
1349: 1.082e-02
1350: 1.550e-01
1351: 1.009e-01
1352: 5.484e-02
1353: 1.290e-02
1354: 1.794e-01
1355: 2.198e-01
1356: 2.042e-01
1357: 2.372e-01
1358: 1.432e-01
1359: 0.000e+00
1360: 2.705e-02
1361: 6.618e-02
1362: 1.149e-02
1363: 6.709e-02
1364: 6.718e-03
1365: 8.985e-02
1366: 7.588e-02
1367: 7.124e-02
1368: 4.096e-02
1369: 1.938e-01
1370: 1.161e-03
1371: 7.063e-02
1372: 0.000e+00
1373: 7.373e-03
1374: 5.935e-03
1375: 3.109e-02
1376: 9.475e-03
1377: 7.338e-02
1378: 5.618e-02
1379: 3.276e-02
1380: 3.834e-03
1381: 1.949e-01
1382: 2.691e-02
1383: 1.304e-01
1384: 2.378e-01
1385: 5.875e-02
1386: 3.217e-02
1387: 3.070e-03
1388: 8.064e-02
1389: 6.097e-02
1390: 0.000e+00
1391: 0.000e+00
1392: 2.624e-01
1393: 1.295e-02
1394: 0.000e+00
1395: 3.016e-02
1396: 2.352e-02
1397: 2.265e-02
1398: 5.453e-02
1399: 3.941e-02
1400: 1.093e-02
1401: 0.000e+00
1402: 1.354e-02
1403: 2.807e-02
1404: 4.100e-02
1405: 9.051e-02
1406: 0.000e+00
1407: 2.323e-02
1408: 4.288e-02
1409: 4.318e-02
1410: 3.941e-02
1411: 6.829e-02
1412: 2.185e-03
1413: 5.983e-02
1414: 5.165e-03
1415: 7.501e-02
1416: 1.778e-01
1417: 2.213e-02
1418: 2.391e-02
1419: 1.980e-01
1420: 0.000e+00
1421: 2.261e-02
1422: 8.693e-02
1423: 2.131e-02
1424: 2.838e-03
1425: 7.174e-02
1426: 7.071e-02
1427: 2.042e-03
1428: 0.000e+00
1429: 2.310e-01
1430: 1.168e-01
1431: 5.387e-01
1432: 1.232e-01
1433: 3.120e-02
1434: 2.926e-02
1435: 7.197e-02
1436: 3.120e-01
1437: 1.550e-01
1438: 4.120e-02
1439: 2.843e-01
1440: 2.275e-01
1441: 5.861e-04
1442: 6.167e-04
1443: 3.192e-01
1444: 6.093e-02
1445: 2.951e-02
1446: 6.972e-02
1447: 4.789e-02
1448: 7.081e-02
1449: 2.819e-02
1450: 1.000e-01
1451: 5.560e-03
1452: 7.914e-02
1453: 0.000e+00
1454: 1.458e-01
1455: 1.837e-02
1456: 6.711e-02
1457: 9.129e-02
1458: 3.432e-02
1459: 1.107e-01
1460: 3.767e-03
1461: 1.932e-02
1462: 1.062e-02
1463: 6.621e-02
1464: 6.992e-02
1465: 2.966e-02
1466: 7.054e-02
1467: 8.973e-02
1468: 0.000e+00
1469: 4.265e-02
1470: 7.960e-03
1471: 9.829e-02
1472: 1.179e-01
1473: 5.820e-02
1474: 4.435e-02
1475: 1.705e-02
1476: 4.445e-03
1477: 4.021e-03
1478: 1.172e-01
1479: 1.683e-01
1480: 2.150e-01
1481: 4.578e-01
1482: 2.534e-01
1483: 1.644e-01
1484: 6.247e-02
1485: 2.540e-02
1486: 2.103e-01
1487: 8.492e-02
1488: 7.021e-02
1489: 9.604e-02
1490: 2.285e-02
1491: 2.696e-02
1492: 7.539e-02
1493: 3.636e-02
1494: 0.000e+00
1495: 7.011e-02
1496: 4.971e-02
1497: 3.572e-02
1498: 3.624e-02
1499: 1.303e-01
1500: 0.000e+00
1501: 3.038e-02
1502: 2.359e-02
1503: 1.260e-01
1504: 1.058e-02
1505: 1.105e-01
1506: 8.257e-02
1507: 3.605e-02
1508: 5.293e-02
1509: 3.686e-02
1510: 6.832e-02
1511: 7.175e-03
1512: 0.000e+00
1513: 1.864e-01
1514: 2.014e-01
1515: 9.564e-02
1516: 1.199e-01
1517: 4.759e-03
1518: 5.000e-02
1519: 8.019e-02
1520: 5.603e-03
1521: 7.165e-03
1522: 8.333e-02
1523: 2.513e-01
1524: 9.580e-02
1525: 0.000e+00
1526: 0.000e+00
1527: 7.472e-02
1528: 0.000e+00
1529: 5.304e-03
1530: 1.494e-01
1531: 3.486e-02
1532: 1.557e-01
1533: 1.414e-02
1534: 3.167e-01
1535: 2.220e-02
1536: 0.000e+00
1537: 1.883e-01
1538: 4.442e-02
1539: 2.103e-02
1540: 1.710e-02
1541: 2.033e-02
1542: 1.073e-01
1543: 4.229e-02
1544: 2.786e-02
1545: 0.000e+00
1546: 1.134e-01
1547: 3.131e-02
1548: 5.241e-02
1549: 1.159e-02
1550: 6.188e-02
1551: 4.529e-02
1552: 4.185e-02
1553: 2.257e-02
1554: 3.014e-02
1555: 4.924e-02
1556: 1.912e-01
1557: 7.068e-02
1558: 5.091e-01
1559: 3.476e-01
1560: 1.553e-02
1561: 7.028e-02
1562: 1.286e-02
1563: 2.470e-01
1564: 2.953e-01
1565: 4.395e-01
1566: 2.731e-01
1567: 1.002e-01
1568: 0.000e+00
1569: 1.536e-02
1570: 2.773e-02
1571: 7.329e-02
1572: 2.979e-03
1573: 0.000e+00
1574: 6.512e-02
1575: 1.407e-02
1576: 2.450e-03
1577: 2.086e-02
1578: 3.490e-01
1579: 4.336e-03
1580: 2.234e-02
1581: 4.065e-02
1582: 1.398e-01
1583: 4.258e-02
1584: 1.092e-01
1585: 2.470e-03
1586: 8.074e-02
1587: 6.951e-02
1588: 2.291e-02
1589: 1.131e-03
1590: 2.305e-02
1591: 0.000e+00
1592: 1.897e-01
1593: 6.160e-02
1594: 6.135e-02
1595: 1.863e-01
1596: 3.603e-01
1597: 1.628e-02
1598: 5.786e-02
1599: 1.398e-02
1600: 2.176e-01
1601: 0.000e+00
1602: 2.464e-02
1603: 4.703e-02
1604: 3.193e-02
1605: 2.791e-02
1606: 1.344e-02
1607: 3.745e-02
1608: 8.497e-02
1609: 2.425e-02
1610: 2.351e-02
1611: 7.583e-02
1612: 0.000e+00
1613: 1.692e-02
1614: 7.266e-02
1615: 6.944e-02
1616: 4.705e-02
1617: 1.435e-01
1618: 8.175e-02
1619: 1.291e-02
1620: 3.479e-02
1621: 0.000e+00
1622: 3.285e-02
1623: 2.183e-02
1624: 5.215e-03
1625: 3.193e-02
1626: 1.681e-02
1627: 2.172e-02
1628: 1.958e-02
1629: 2.494e-02
1630: 1.714e-02
1631: 1.457e-02
1632: 2.375e-01
1633: 3.273e-02
1634: 1.176e-02
1635: 2.135e-02
1636: 2.599e-02
1637: 1.475e-01
1638: 5.671e-02
1639: 4.726e-03
1640: 4.168e-02
1641: 9.761e-02
1642: 5.438e-03
1643: 5.816e-03
1644: 9.345e-02
1645: 8.816e-02
1646: 2.402e-02
1647: 6.239e-02
1648: 3.253e-03
1649: 4.124e-02
1650: 1.123e-01
1651: 1.025e-01
1652: 2.324e-02
1653: 9.159e-03
1654: 3.180e-02
1655: 1.718e-02
1656: 5.993e-02
1657: 2.051e-02
1658: 2.750e-03
1659: 5.500e-02
1660: 1.385e-01
1661: 2.704e-03
1662: 9.185e-03
1663: 5.985e-02
1664: 4.528e-02
1665: 1.878e-03
1666: 5.163e-03
1667: 3.314e-03
1668: 1.725e-01
1669: 7.759e-03
1670: 4.355e-02
1671: 8.847e-02
1672: 7.299e-03
1673: 2.259e-02
1674: 1.097e-02
1675: 1.558e-02
1676: 5.738e-02
1677: 4.445e-02
1678: 1.520e-01
1679: 0.000e+00
1680: 9.645e-02
1681: 9.340e-02
1682: 2.908e-02
1683: 3.965e-02
1684: 8.801e-04
1685: 9.561e-03
1686: 6.766e-02
1687: 2.510e-02
1688: 2.654e-01
1689: 3.090e-02
1690: 2.254e-01
1691: 0.000e+00
1692: 1.713e-03
1693: 8.577e-02
1694: 5.140e-02
1695: 4.645e-03
1696: 6.583e-02
1697: 4.694e-02
1698: 5.473e-03
1699: 2.944e-02
1700: 1.423e-01
1701: 5.487e-02
1702: 1.707e-02
1703: 3.533e-02
1704: 7.398e-02
1705: 2.828e-02
1706: 1.777e-02
1707: 1.036e-01
1708: 0.000e+00
1709: 4.827e-02
1710: 3.233e-02
1711: 3.526e-03
1712: 2.562e-02
1713: 2.099e-02
1714: 4.369e-02
1715: 1.001e-01
1716: 3.119e-02
1717: 1.682e-01
1718: 7.542e-03
1719: 0.000e+00
1720: 2.101e-02
1721: 6.942e-02
1722: 7.601e-02
1723: 1.517e-01
1724: 1.716e-01
1725: 1.186e-01
1726: 0.000e+00
1727: 0.000e+00
1728: 1.259e-01
1729: 7.433e-03
1730: 3.950e-02
1731: 7.896e-02
1732: 1.645e-02
1733: 4.375e-02
1734: 0.000e+00
1735: 7.903e-03
1736: 4.851e-02
1737: 5.651e-02
1738: 1.820e-01
1739: 0.000e+00
1740: 9.408e-03
1741: 8.642e-02
1742: 2.085e-02
1743: 0.000e+00
1744: 5.901e-02
1745: 0.000e+00
1746: 1.012e-03
1747: 2.046e-02
1748: 6.639e-03
1749: 2.724e-02
1750: 1.114e-01
1751: 3.637e-02
1752: 3.225e-03
1753: 6.621e-02
1754: 0.000e+00
1755: 0.000e+00
1756: 1.184e-02
1757: 8.248e-02
1758: 6.110e-02
1759: 3.837e-02
1760: 2.048e-02
1761: 8.289e-02
1762: 5.360e-02
1763: 2.670e-03
1764: 2.259e-03
1765: 3.565e-02
1766: 7.571e-02
1767: 3.251e-02
1768: 4.072e-02
1769: 1.408e-02
1770: 5.946e-02
1771: 5.205e-02
1772: 4.739e-02
1773: 3.897e-04
1774: 1.050e-01
1775: 4.571e-02
1776: 1.824e-02
1777: 1.202e-02
1778: 1.979e-02
1779: 1.142e-02
1780: 2.692e-03
1781: 3.088e-02
1782: 5.764e-02
1783: 3.198e-02
1784: 3.916e-02
1785: 4.188e-02
1786: 2.498e-02
1787: 5.441e-02
1788: 1.764e-03
1789: 4.094e-02
1790: 4.957e-03
1791: 3.889e-02
1792: 8.355e-03
1793: 2.735e-03
1794: 2.482e-02
1795: 2.106e-03
1796: 5.669e-02
1797: 0.000e+00
1798: 9.724e-02
1799: 5.346e-02
1800: 5.642e-04
1801: 6.067e-03
1802: 1.252e-01
1803: 5.389e-02
1804: 2.288e-02
1805: 1.328e-02
1806: 3.759e-02
1807: 1.370e-02
1808: 7.750e-02
1809: 1.171e-01
1810: 3.097e-02
1811: 3.776e-02
1812: 2.695e-02
1813: 3.579e-02
1814: 4.527e-02
1815: 0.000e+00
1816: 5.529e-02
1817: 5.288e-02
1818: 9.006e-03
1819: 2.138e-02
1820: 2.078e-04
1821: 7.243e-05
1822: 1.296e-01
1823: 4.390e-02
1824: 2.129e-02
1825: 6.932e-02
1826: 2.404e-02
1827: 2.443e-02
1828: 1.136e-01
1829: 8.864e-02
1830: 9.318e-02
1831: 3.696e-02
1832: 1.888e-02
1833: 6.991e-02
1834: 3.471e-02
1835: 0.000e+00
1836: 7.600e-02
1837: 6.616e-02
1838: 2.102e-01
1839: 2.614e-02
1840: 6.929e-02
1841: 1.266e-01
1842: 5.662e-02
1843: 3.083e-02
1844: 1.394e-01
1845: 1.031e-01
1846: 8.886e-02
1847: 0.000e+00
1848: 1.011e-01
1849: 1.524e-02
1850: 1.887e-01
1851: 2.521e-02
1852: 3.529e-03
1853: 1.434e-01
1854: 1.042e-02
1855: 1.098e-01
1856: 8.824e-02
1857: 4.090e-02
1858: 3.051e-02
1859: 2.329e-02
1860: 6.948e-02
1861: 5.806e-03
1862: 1.525e-02
1863: 2.441e-02
1864: 4.586e-02
1865: 0.000e+00
1866: 1.181e-02
1867: 2.507e-02
1868: 1.605e-02
1869: 3.747e-02
1870: 2.697e-02
1871: 7.778e-02
1872: 9.777e-02
1873: 8.265e-02
1874: 2.113e-01
1875: 1.932e-02
1876: 2.722e-02
1877: 2.097e-02
1878: 2.517e-02
1879: 7.272e-02
1880: 2.347e-01
1881: 7.194e-02
1882: 8.300e-03
1883: 1.850e-02
1884: 0.000e+00
1885: 1.287e-02
1886: 2.575e-02
1887: 2.733e-03
1888: 3.615e-02
1889: 1.321e-02
1890: 2.066e-02
1891: 4.025e-01
1892: 2.119e-02
1893: 3.885e-02
1894: 1.437e-02
1895: 8.389e-02
1896: 3.750e-02
1897: 5.047e-02
1898: 2.229e-02
1899: 5.493e-02
1900: 0.000e+00
1901: 8.706e-02
1902: 1.365e-02
1903: 1.549e-02
1904: 9.508e-03
1905: 5.380e-02
1906: 1.600e-02
1907: 0.000e+00
1908: 8.878e-02
1909: 1.363e-02
1910: 3.168e-02
1911: 2.843e-02
1912: 4.739e-01
1913: 3.637e-02
1914: 1.042e-01
1915: 8.287e-02
1916: 3.404e-02
1917: 5.866e-02
1918: 0.000e+00
1919: 8.727e-02
1920: 3.026e-02
1921: 6.414e-02
1922: 3.086e-02
1923: 9.382e-02
1924: 7.299e-03
1925: 1.540e-02
1926: 6.278e-02
1927: 3.655e-01
1928: 1.496e-01
1929: 1.538e-01
1930: 2.704e-03
1931: 1.153e-02
1932: 1.589e-02
1933: 6.775e-02
1934: 1.111e-01
1935: 2.699e-01
1936: 2.805e-01
1937: 7.557e-02
1938: 6.302e-03
1939: 3.898e-02
1940: 5.780e-03
1941: 6.145e-02
1942: 2.589e-01
1943: 2.891e-02
1944: 9.792e-02
1945: 3.923e-02
1946: 9.483e-03
1947: 4.259e-02
1948: 6.345e-02
1949: 1.156e-01
1950: 1.432e-02
1951: 2.210e-02
1952: 2.087e-02
1953: 2.286e-02
1954: 0.000e+00
1955: 1.505e-01
1956: 3.066e-02
1957: 7.523e-02
1958: 9.140e-03
1959: 1.633e-02
1960: 2.903e-02
1961: 1.242e-01
1962: 0.000e+00
1963: 5.895e-02
1964: 8.307e-02
1965: 1.224e-02
1966: 4.325e-02
1967: 9.623e-02
1968: 1.083e-01
1969: 1.302e-02
1970: 2.709e-03
1971: 0.000e+00
1972: 8.054e-02
1973: 8.402e-04
1974: 5.935e-02
1975: 1.752e-01
1976: 1.444e-02
1977: 4.540e-02
1978: 1.261e-01
1979: 3.803e-02
1980: 9.070e-02
1981: 2.280e-02
1982: 5.644e-02
1983: 2.047e-01
1984: 7.963e-02
1985: 1.570e-01
1986: 2.685e-01
1987: 1.844e-02
1988: 0.000e+00
1989: 1.596e-01
1990: 6.615e-02
1991: 0.000e+00
1992: 1.872e-02
1993: 9.747e-02
1994: 2.934e-02
1995: 1.065e-01
1996: 6.299e-02
1997: 8.696e-02
1998: 6.672e-01
1999: 1.980e-01
2000: 1.458e-01
2001: 1.355e-01
2002: 2.558e-01
2003: 1.222e-01
2004: 7.942e-02
2005: 2.879e-02
2006: 1.101e-01
2007: 1.695e-02
2008: 4.461e-02
2009: 3.402e-02
2010: 2.353e-03
2011: 2.666e-02
2012: 4.149e-03
2013: 5.957e-03
2014: 1.382e-03
2015: 7.168e-02
2016: 7.022e-02
2017: 1.282e-01
2018: 1.474e-03
2019: 1.121e-01
2020: 3.929e-02
2021: 2.019e-01
2022: 1.930e-01
2023: 5.056e-02
