1: 9.548e-01
2: 9.763e-01
3: -4.903e-01
4: 6.387e-01
5: 1.664e+00
6: 1.543e+00
7: -1.834e-01
8: -2.429e-01
9: 4.844e-01
10: 1.779e+00
11: 6.896e-01
12: 9.882e-02
13: -1.002e-01
14: 1.482e+00
15: 6.883e+00
16: 1.058e+00
17: -1.387e+00
18: 7.272e-01
19: 6.787e-01
20: 6.910e-01
21: 5.355e-01
22: 3.689e-01
23: 1.086e+00
24: 4.952e-01
25: 7.284e-01
26: 7.178e-01
27: 7.674e-01
28: 7.983e-01
29: 9.747e-01
30: 7.696e-01
31: 8.159e-01
32: 4.401e-01
33: 6.341e-01
34: -7.512e-01
35: 7.133e-01
36: 3.472e-01
37: 3.610e-01
38: 1.162e+00
39: 9.992e-01
40: -8.387e-02
41: 6.439e-01
42: 7.925e-01
43: 4.473e-01
44: 9.741e-02
45: 1.296e+00
46: 7.749e-01
47: -7.832e-02
48: 1.150e+00
49: 7.931e-01
50: 4.835e-01
51: 1.067e+00
52: 7.461e-01
53: 9.204e-01
54: -4.904e-01
55: 1.287e+00
56: 7.844e-01
57: 7.338e-01
58: 1.694e+00
59: -5.647e-01
60: 7.656e-01
61: -2.153e-01
62: 7.077e-01
63: 7.203e-01
64: 2.190e+00
65: 7.478e-01
66: 3.603e+00
67: 1.385e+00
68: 1.377e+00
69: 5.509e-01
70: 7.508e-01
71: 7.706e-01
72: 1.156e+00
73: 2.174e-01
74: 2.128e+00
75: 1.176e+00
76: 6.006e-01
77: 9.267e-01
78: -9.184e-02
79: 1.219e+00
80: 2.184e+00
81: 9.354e-01
82: 1.425e-01
83: 1.675e+00
84: 6.989e-01
85: 7.858e-01
86: 2.323e+00
87: 2.614e+00
88: 1.264e+00
89: 8.386e-01
90: 4.083e-02
91: 2.150e+00
92: 1.772e+00
93: 1.325e+00
94: 6.423e-01
95: 1.034e+00
96: 1.844e+00
97: -5.977e-01
98: 2.891e+00
99: 2.967e-01
100: -5.971e-01
101: 8.704e-01
102: 9.364e-01
103: 3.725e-01
104: 6.444e-02
105: -6.941e-01
106: 1.067e+00
107: 1.823e+00
108: 1.538e+00
109: 2.056e+00
110: 9.475e-01
111: 7.248e-01
112: 9.193e-01
113: 1.939e+00
114: 6.845e-01
115: 2.827e-01
116: 5.322e-01
117: 3.086e+00
118: -1.691e-01
119: 7.821e-01
120: 1.124e+00
121: -1.195e-01
122: 1.923e+00
123: 8.851e-01
124: 5.565e-02
125: 1.563e+00
126: 4.920e-01
127: 1.584e+00
128: 3.934e-01
129: 1.001e+00
130: 3.540e-01
131: 1.064e+00
132: 1.653e+00
133: 1.284e+00
134: 1.194e+00
135: 3.711e-01
136: 7.564e-01
137: 1.005e+00
138: 8.122e-01
139: 1.274e+00
140: 1.198e+00
141: 1.358e+00
142: 5.008e-01
143: 1.530e+00
144: 3.796e-01
145: 3.907e-01
146: 9.649e-01
147: 5.041e-01
148: 1.130e+00
149: 1.990e+00
150: 1.355e+00
151: 1.657e-01
152: 7.081e-01
153: 1.193e+00
154: 1.683e+00
155: 8.776e-01
156: 8.701e-01
157: 1.874e+00
158: 1.174e+00
159: 1.039e+00
160: 4.516e-01
161: 1.950e+00
162: 1.085e+00
163: 1.281e+00
164: 1.221e-01
165: 5.598e-01
166: 1.031e+00
167: -3.863e-02
168: 8.479e-01
169: 2.101e+00
170: 1.788e+00
171: 1.403e+00
172: 9.389e-01
173: 1.040e+00
174: 1.152e+00
175: -1.726e-01
176: 1.071e+00
177: 3.665e-01
178: 5.064e-01
179: 1.112e+00
180: 1.891e+00
181: 1.588e+00
182: 9.121e-02
183: 1.557e+00
184: 1.177e+00
185: 1.880e-01
186: 2.324e+00
187: 2.077e+00
188: 2.713e-01
189: 1.127e+00
190: -1.478e-01
191: 2.101e+00
192: 2.373e+00
193: 1.635e+00
194: 1.171e+00
195: 6.936e-01
196: 1.181e+00
197: 1.278e+00
198: 1.114e+00
199: -3.255e-01
200: 9.242e-01
201: 1.577e-02
202: 9.827e-01
203: 1.372e+00
204: 1.612e+00
205: 1.101e+00
206: 1.173e+00
207: 8.291e-01
208: 7.688e-01
209: 1.701e+00
210: 1.064e+00
211: 6.700e-01
212: 1.554e+00
213: 2.200e+00
214: 2.242e+00
215: 3.233e-01
216: 1.354e+00
217: 1.085e+00
218: 1.438e+00
219: -6.166e-01
220: 6.000e-01
221: 2.601e+00
222: 1.433e+00
223: 1.421e-01
224: 1.644e+00
225: 1.584e+00
226: 1.973e+00
227: 1.034e+00
228: 6.261e-01
229: 9.759e-01
230: 1.771e+00
231: 1.042e+00
232: 2.647e-01
233: 2.739e-01
234: 6.079e-01
235: 1.657e+00
236: 1.287e+00
237: 1.269e+00
238: 1.127e+00
239: 7.225e-01
240: 5.356e-01
241: 6.527e-01
242: 1.074e+00
243: 1.332e+00
244: 1.085e+00
245: 8.598e-01
246: 1.356e+00
247: 2.013e+00
248: 1.175e+00
249: 8.611e-01
250: 1.101e+00
251: 7.549e-01
252: 1.139e+00
253: 1.296e+00
254: 1.217e+00
255: 5.784e-01
256: 1.472e+00
257: 1.064e+00
258: 1.413e+00
259: 1.524e+00
260: 1.128e+00
261: 1.442e+00
262: 1.022e+00
263: 7.151e-01
264: 1.096e+00
265: 1.085e+00
266: 1.204e+00
267: 1.564e+00
268: 6.152e-01
269: 6.944e-01
270: 5.326e-01
271: 8.041e-01
272: 5.316e-01
273: 9.204e-01
274: 1.368e+00
275: 1.995e+00
276: 6.834e-01
277: 2.665e-02
278: 6.014e-01
279: 6.532e-01
280: 9.271e-01
281: 1.032e+00
282: 6.663e-01
283: 1.762e+00
284: 1.801e+00
285: 1.355e+00
286: 1.194e+00
287: 1.323e+00
288: 9.349e-01
289: 8.779e-01
290: 1.184e+00
291: 1.143e+00
292: 7.827e-01
293: 1.391e+00
294: 7.815e-01
295: 8.189e-01
296: 1.176e+00
297: 1.751e+00
298: 1.345e-01
299: 2.951e-01
300: 5.575e-01
301: 9.365e-01
302: 1.797e+00
303: 6.676e-01
304: 9.197e-01
305: 1.106e+00
306: 7.058e-03
307: 1.326e+00
308: 8.796e-01
309: 1.361e+00
310: 1.701e+00
311: 4.748e-01
312: 1.026e+00
313: -2.635e-01
314: -1.851e-02
315: 1.664e+00
316: 1.271e+00
317: 1.659e+00
318: 1.866e+00
319: 1.690e+00
320: 8.882e-01
321: 9.296e-01
322: 8.757e-01
323: 1.303e+00
324: 9.706e-01
325: 1.026e+00
326: 1.974e-01
327: 3.826e-01
328: 1.156e+00
329: 1.595e+00
330: 9.701e-01
331: 5.010e-01
332: 8.166e-01
333: 9.799e-01
334: 7.157e-01
335: 7.541e-01
336: 1.640e+00
337: 1.078e-01
338: 1.169e+00
339: 8.037e-01
340: 7.435e-01
341: 9.849e-01
342: 1.283e+00
343: 1.105e+00
344: 6.759e-01
345: 1.040e+00
346: 9.672e-01
347: 6.337e-01
348: 1.059e+00
349: 2.188e+00
350: 1.018e+00
351: 6.617e-01
352: 9.011e-01
353: 5.362e-01
354: 2.009e+00
355: 1.758e-01
356: 1.895e+00
357: 1.526e+00
358: 1.355e+00
359: 1.196e+00
360: 7.881e-01
361: 8.471e-01
362: 7.615e-01
363: 8.329e-01
364: 8.437e-01
365: 6.106e-01
366: 1.700e+00
367: 1.702e+00
368: 1.219e+00
369: 1.396e+00
370: 1.190e+00
371: 6.414e-01
372: 1.309e+00
373: 7.209e-01
374: 1.563e+00
375: 3.643e-01
376: 6.781e-01
377: 1.526e+00
378: 1.464e+00
379: 1.204e+00
380: 1.695e+00
381: 7.954e-01
382: 9.526e-01
383: 1.073e+00
384: 6.022e-01
385: 4.312e-01
386: 1.622e+00
387: 5.315e-01
388: 1.031e+00
389: 2.150e+00
390: 1.420e+00
391: 1.403e+00
392: 1.302e+00
393: 1.185e+00
394: 1.166e+00
395: 3.536e+00
396: 1.085e+00
397: 1.750e+00
398: 1.645e+00
399: 1.339e+00
400: 1.551e+00
401: 2.261e+00
402: 1.822e+00
403: 9.803e-01
404: 1.741e+00
405: 1.736e+00
406: 1.515e+00
407: 1.179e+00
408: 1.586e+00
409: 1.108e+00
410: 1.368e+00
411: 1.887e+00
412: 1.574e+00
413: 1.464e+00
414: 5.866e-01
415: 7.930e-01
416: 2.250e+00
417: 8.803e-01
418: 7.084e-01
419: 1.005e+00
420: 1.476e+00
421: 3.253e-01
422: 1.713e+00
423: 1.918e+00
424: 1.476e+00
425: 1.416e+00
426: 1.558e+00
427: 1.004e+00
428: 1.577e+00
429: 4.750e-01
430: 1.457e+00
431: 1.513e+00
432: 1.488e+00
433: 1.389e+00
434: 4.766e-01
435: 5.579e-01
436: 2.542e+00
437: 1.417e+00
438: 1.857e+00
439: 1.105e+00
440: 9.017e-01
441: 1.300e+00
442: 1.123e+00
443: 1.551e+00
444: 1.958e+00
445: 1.238e+00
446: 1.351e+00
447: 1.677e+00
448: 1.407e+00
449: 2.139e+00
450: 1.148e+00
451: 1.160e+00
452: 1.806e+00
453: 1.021e+00
454: 1.101e+00
455: 1.072e+00
456: 2.314e+00
457: 4.173e-01
458: 9.815e-01
459: 6.601e-01
460: 6.825e-01
461: 1.719e+00
462: 6.715e-01
463: 1.410e+00
464: 6.881e-01
465: 1.825e+00
466: 1.624e+00
467: 1.902e+00
468: 1.497e+00
469: 1.458e+00
470: 9.205e-01
471: 1.498e+00
472: 9.999e-01
473: 1.461e+00
474: 1.125e+00
475: 9.944e-01
476: 6.151e-01
477: 1.435e+00
478: 1.329e+00
479: 1.418e+00
480: 1.290e+00
481: 4.828e-01
482: 1.643e+00
483: 1.175e+00
484: 1.169e+00
485: 1.257e+00
486: 3.277e-01
487: 1.565e+00
488: 1.232e+00
489: 2.064e+00
490: 2.081e+00
491: 1.596e+00
492: 1.274e+00
493: 7.731e-01
494: 1.665e+00
495: 9.586e-01
496: 7.396e-01
497: 1.684e+00
498: 6.258e-01
499: 1.240e+00
500: 1.360e+00
501: 1.695e+00
502: 8.018e-01
503: 9.050e-01
504: 1.062e+00
505: 1.268e+00
506: 8.184e-01
507: 2.024e+00
508: 7.714e-01
509: 1.715e+00
510: 1.326e+00
511: 1.465e+00
512: 1.178e+00
513: 1.902e+00
514: 1.080e+00
515: 1.965e+00
516: 1.538e+00
517: 7.936e-01
518: 9.586e-01
519: 1.261e+00
520: 8.061e-01
521: 1.230e+00
522: 9.158e-01
523: 1.416e+00
524: 1.585e+00
525: 1.953e+00
526: 1.240e+00
527: 1.611e+00
528: 1.131e+00
529: 1.045e+00
530: 1.888e+00
531: 8.428e-01
532: 1.348e+00
533: 1.038e+00
534: 5.315e-01
535: 1.647e+00
536: 2.383e+00
537: 9.696e-01
538: 1.977e+00
539: 1.470e+00
540: 2.424e+00
541: 1.917e+00
542: 8.911e-01
543: 1.296e+00
544: 1.074e+00
545: 7.909e-01
546: 1.422e+00
547: 1.155e+00
548: 1.312e+00
549: 1.595e+00
550: 2.176e+00
551: 1.252e+00
552: 1.998e+00
553: 1.331e+00
554: 1.130e+00
555: 1.525e+00
556: 2.068e-01
557: 1.605e+00
558: 1.085e+00
559: 7.864e-01
560: 9.517e-01
561: 1.705e+00
562: 1.832e+00
563: 1.742e+00
564: 8.370e-01
565: 2.876e-01
566: 1.523e+00
567: 1.322e+00
568: 1.694e+00
569: 1.598e+00
570: 1.442e+00
571: 7.883e-01
572: 9.661e-01
573: 8.514e-01
574: 1.286e+00
575: 1.261e+00
576: 1.170e+00
577: 9.447e-01
578: 1.964e+00
579: 2.035e+00
580: 1.171e+00
581: 1.332e+00
582: 7.409e-01
583: 1.124e+00
584: 1.187e+00
585: 1.103e+00
586: 1.431e+00
587: 1.470e+00
588: 1.963e+00
589: 1.145e+00
590: 7.728e-01
591: 2.982e-01
592: 1.836e+00
593: 2.145e+00
594: 4.687e-01
595: 1.194e+00
596: 1.602e+00
597: 7.032e-01
598: 1.303e+00
599: 1.032e+00
600: 2.088e+00
601: 1.902e+00
602: 8.995e-01
603: 1.548e+00
604: 1.387e+00
605: 1.342e+00
606: 7.690e-01
607: 1.291e+00
608: 1.750e+00
609: 1.883e+00
610: 5.517e-01
611: 1.429e+00
612: 1.290e+00
613: 1.057e+00
614: 1.800e+00
615: 1.910e+00
616: 4.554e-01
617: 1.647e+00
618: 1.672e+00
619: 1.604e+00
620: 1.175e+00
621: 1.691e+00
622: 9.161e-01
623: 7.344e-01
624: 1.453e+00
625: 1.228e+00
626: 1.890e+00
627: 1.129e+00
628: 7.174e-01
629: 1.708e+00
630: 1.595e+00
631: 9.783e-01
632: 1.234e+00
633: 7.013e-01
634: 1.276e+00
635: 1.545e+00
636: 1.192e+00
637: 1.165e+00
638: 1.625e+00
639: 7.269e-01
640: 1.091e+00
641: 1.734e+00
642: 9.879e-01
643: 1.263e+00
644: 1.377e+00
645: 2.195e-01
646: 1.391e+00
647: 1.201e+00
648: 1.079e+00
649: 1.592e+00
650: 1.471e+00
651: 1.147e+00
652: 1.037e+00
653: 1.727e+00
654: 1.174e+00
655: 8.005e-01
656: 2.248e+00
657: 2.261e+00
658: 1.572e+00
659: 1.108e+00
660: 1.220e+00
661: 1.087e+00
662: 1.068e+00
663: 1.234e+00
664: 1.655e+00
665: 2.368e+00
666: 1.407e+00
667: 1.608e+00
668: 1.352e+00
669: 1.184e+00
670: 1.534e+00
671: 1.420e+00
672: 1.302e+00
673: 1.467e+00
674: 1.510e+00
675: 1.061e+00
676: 1.599e+00
677: 1.367e+00
678: 9.912e-01
679: 1.353e+00
680: 8.972e-01
681: 1.010e+00
682: 1.854e+00
683: 1.607e+00
684: 9.640e-01
685: 7.921e-01
686: 1.461e+00
687: 1.792e+00
688: 1.779e+00
689: 1.307e+00
690: 1.815e+00
691: 1.472e+00
692: 1.564e+00
693: 1.291e+00
694: 1.465e+00
695: 1.933e+00
696: 2.832e+00
697: 2.384e+00
698: 8.929e-01
699: 1.309e+00
700: 9.740e-01
701: 1.404e+00
702: 8.109e-01
703: 1.183e+00
704: 1.528e+00
705: 1.353e+00
706: 1.307e+00
707: 6.733e-01
708: 1.232e+00
709: 1.448e+00
710: 1.644e+00
711: 1.544e+00
712: 1.473e+00
713: 1.820e+00
714: 1.751e+00
715: 4.812e-01
716: 8.490e-01
717: 9.546e-01
718: 1.105e+00
719: 1.317e+00
720: 1.251e+00
721: 1.614e+00
722: 1.539e+00
723: 1.225e+00
724: 1.650e+00
725: 5.411e-01
726: 1.027e+00
727: 1.513e+00
728: 2.102e+00
729: 1.033e+00
730: 1.710e+00
731: 8.041e-01
732: 8.596e-01
733: 1.855e+00
734: 2.123e+00
735: 1.736e+00
736: 1.450e+00
737: 1.146e+00
738: 1.590e+00
739: 1.918e+00
740: 1.013e+00
741: 1.332e+00
742: 1.769e+00
743: 1.577e+00
744: 1.783e+00
745: 1.167e+00
746: 1.425e+00
747: 1.208e+00
748: 1.871e+00
749: 1.284e+00
750: 1.290e+00
751: 9.856e-01
752: 1.429e+00
753: 1.688e+00
754: 1.344e+00
755: 1.999e+00
756: 1.616e+00
757: 1.207e+00
758: 1.745e+00
759: 2.115e+00
760: 2.177e+00
761: 5.090e-01
762: 1.300e+00
763: 1.251e+00
764: 1.107e+00
765: 1.184e+00
766: 1.595e+00
767: 1.421e+00
768: 1.543e+00
769: 1.756e+00
770: 2.760e+00
771: 1.336e+00
772: 1.041e+00
773: 7.079e-01
774: 1.112e+00
775: 1.081e+00
776: 1.819e+00
777: 1.271e+00
778: 1.426e+00
779: 9.392e-01
780: 1.147e+00
781: 1.954e+00
782: 1.407e+00
783: 1.108e+00
784: 1.094e+00
785: 2.141e+00
786: 1.057e+00
787: 1.218e+00
788: 1.183e+00
789: 1.327e+00
790: 1.241e+00
791: 1.197e+00
792: 1.563e+00
793: 1.328e+00
794: 1.120e+00
795: 1.170e+00
796: 1.419e+00
797: 1.076e+00
798: 9.507e-01
799: 1.470e+00
800: 8.859e-01
801: 1.534e+00
802: 1.525e+00
803: 1.484e+00
804: 1.890e+00
805: 1.263e+00
806: 7.056e-01
807: 1.467e+00
808: 1.108e+00
809: 1.935e+00
810: 2.309e+00
811: 7.979e-01
812: 1.153e+00
813: 1.161e+00
814: 1.519e+00
815: 1.436e+00
816: 1.362e+00
817: 7.628e-01
818: 1.637e+00
819: 9.579e-01
820: 1.919e+00
821: 1.021e+00
822: 1.355e+00
823: 1.495e+00
824: 6.406e-01
825: 1.393e+00
826: 9.769e-01
827: 1.495e+00
828: 9.438e-01
829: 1.508e+00
830: 1.891e+00
831: 8.128e-01
832: 1.676e+00
833: 1.730e+00
834: 1.531e+00
835: 7.269e-01
836: 1.559e+00
837: 1.713e+00
838: 1.354e+00
839: 1.878e+00
840: 2.124e+00
841: 6.421e-01
842: 1.346e+00
843: 2.160e+00
844: 1.725e+00
845: 2.055e+00
846: 1.958e+00
847: 1.180e+00
848: 8.972e-01
849: 1.426e+00
850: 1.401e+00
851: 8.305e-01
852: 1.613e+00
853: 1.955e+00
854: 1.600e+00
855: 1.122e+00
856: 1.838e+00
857: 1.356e+00
858: 1.035e+00
859: 1.540e+00
860: 1.042e+00
861: 1.313e+00
862: 1.082e+00
863: 5.355e-01
864: 1.596e+00
865: 1.775e+00
866: 1.628e+00
867: 1.345e+00
868: 1.753e+00
869: 1.278e+00
870: 1.074e+00
871: 1.413e+00
872: 1.310e+00
873: 9.127e-01
874: 1.140e+00
875: 1.426e+00
876: 1.127e+00
877: 1.067e+00
878: 1.684e+00
879: 1.408e+00
880: 1.793e+00
881: 1.108e+00
882: 1.404e+00
883: 6.668e-01
884: 1.474e+00
885: 1.523e+00
886: 1.941e+00
887: 1.710e+00
888: 9.754e-01
889: 1.403e+00
890: 1.131e+00
891: 3.144e-01
892: 1.375e+00
893: 1.155e+00
894: 1.439e+00
895: 1.263e+00
896: 1.586e+00
897: 1.731e+00
898: 1.706e+00
899: 1.565e+00
900: 6.395e-01
901: 1.965e+00
902: 1.986e+00
903: 1.675e+00
904: 1.711e+00
905: 1.736e+00
906: 1.172e+00
907: 1.055e+00
908: 1.664e+00
909: 1.134e+00
910: 1.632e+00
911: 1.228e+00
912: 9.213e-01
913: 1.088e+00
914: 8.601e-01
915: 1.437e+00
916: 1.453e+00
917: 1.185e+00
918: 1.496e+00
919: 1.686e+00
920: 1.384e+00
921: 1.356e+00
922: 1.676e+00
923: 9.364e-01
924: 1.690e+00
925: 1.147e+00
926: 1.871e+00
927: 2.115e+00
928: 7.568e-01
929: 1.246e+00
930: 1.145e+00
931: 1.627e+00
932: 1.422e+00
933: 1.914e+00
934: 1.580e+00
935: 1.697e+00
936: 1.787e+00
937: 1.692e+00
938: 1.475e+00
939: 1.418e+00
940: 2.105e+00
941: 2.220e+00
942: 2.999e+00
943: 1.782e+00
944: 1.301e+00
945: 2.026e+00
946: 2.555e+00
947: 2.123e+00
948: 1.031e+00
949: 1.538e+00
950: 7.754e-01
951: 9.080e-01
952: 1.942e+00
953: 1.388e+00
954: 1.144e+00
955: 7.376e-01
956: 1.300e+00
957: 8.078e-01
958: 1.215e+00
959: 2.267e+00
960: 1.343e+00
961: 1.618e+00
962: 1.396e+00
963: 8.804e-01
964: 1.455e+00
965: 1.154e+00
966: 1.681e+00
967: 1.165e+00
968: 6.453e-01
969: 8.735e-01
970: 1.878e+00
971: 8.520e-01
972: 1.005e+00
973: 1.401e+00
974: 1.723e+00
975: 1.836e+00
976: 1.109e+00
977: 1.561e+00
978: 8.077e-01
979: 1.270e+00
980: 8.961e-01
981: 2.133e+00
982: 2.348e+00
983: 1.910e+00
984: 1.774e+00
985: 1.167e+00
986: 1.193e+00
987: 1.061e+00
988: 1.377e+00
989: 9.713e-01
990: 1.316e+00
991: 1.165e+00
992: 1.482e+00
993: 1.106e+00
994: 1.250e+00
995: 1.513e+00
996: 1.594e+00
997: 1.191e+00
998: 1.347e+00
999: 9.172e-01
1000: 1.096e+00
1001: 1.632e+00
1002: 1.704e+00
1003: 2.127e+00
1004: 1.552e+00
1005: 1.711e+00
1006: 1.586e+00
1007: 8.994e-01
1008: 1.111e+00
1009: 1.406e+00
1010: 1.217e+00
1011: 1.847e+00
1012: 1.185e+00
1013: 1.748e+00
1014: 1.048e+00
1015: 1.067e+00
1016: 1.457e+00
1017: 1.008e+00
1018: 1.680e+00
1019: 1.583e+00
1020: 1.671e+00
1021: 9.209e-01
1022: 1.523e+00
1023: 1.183e+00
1024: 1.449e+00
1025: 3.909e-01
1026: 1.418e+00
1027: 1.334e+00
1028: 1.951e+00
1029: 2.023e+00
1030: 1.672e+00
1031: 1.704e+00
1032: 1.011e+00
1033: 1.124e+00
1034: 1.151e+00
1035: 2.015e+00
1036: 1.387e+00
1037: 1.237e+00
1038: 9.736e-01
1039: 1.549e+00
1040: 1.173e+00
1041: 1.523e+00
1042: 1.443e+00
1043: 8.506e-01
1044: 1.249e+00
1045: 8.799e-01
1046: 1.142e+00
1047: 1.385e+00
1048: 9.343e-01
1049: 8.226e-01
1050: 1.344e+00
1051: 1.401e+00
1052: 1.483e+00
1053: 7.713e-01
1054: 1.476e+00
1055: 7.561e-01
1056: 1.254e+00
1057: 1.715e+00
1058: 4.898e-01
1059: 2.116e+00
1060: 5.086e-01
1061: 1.722e+00
1062: 2.203e+00
1063: 1.335e+00
1064: 1.340e+00
1065: 1.337e+00
1066: 2.015e+00
1067: 1.220e+00
1068: 1.031e+00
1069: 1.853e+00
1070: 1.042e+00
1071: 7.097e-01
1072: 1.145e+00
1073: 1.038e+00
1074: 9.802e-01
1075: 9.199e-01
1076: 1.318e+00
1077: 1.592e+00
1078: 1.803e+00
1079: 1.185e+00
1080: 1.908e+00
1081: 1.888e+00
1082: 2.031e+00
1083: 1.303e+00
1084: 1.066e+00
1085: 8.445e-01
1086: 1.155e+00
1087: 1.101e+00
1088: 1.404e+00
1089: 1.142e+00
1090: 1.204e+00
1091: 1.262e+00
1092: 4.485e-01
1093: 1.296e+00
1094: 1.643e+00
1095: 1.699e+00
1096: 1.015e+00
1097: 9.610e-01
1098: 1.321e+00
1099: 1.012e+00
1100: 1.220e+00
1101: 1.545e+00
1102: 1.526e+00
1103: 1.875e+00
1104: 1.566e+00
1105: 1.640e+00
1106: 1.370e+00
1107: 1.004e+00
1108: 1.066e+00
1109: 1.024e+00
1110: 1.772e+00
1111: 1.626e+00
1112: 9.195e-01
1113: 9.295e-01
1114: 1.720e+00
1115: 7.733e-01
1116: 1.316e+00
1117: 2.651e+00
1118: 1.918e+00
1119: 1.838e+00
1120: 2.576e+00
1121: 2.017e+00
1122: 1.934e+00
1123: 1.819e+00
1124: 7.446e-01
1125: 1.331e+00
1126: 1.142e+00
1127: 1.312e+00
1128: 1.956e+00
1129: 1.315e+00
1130: 2.990e-01
1131: 1.483e+00
1132: 1.678e+00
1133: 1.023e+00
1134: 1.225e+00
1135: 1.211e+00
1136: 1.568e+00
1137: 1.455e+00
1138: 1.286e+00
1139: 1.431e+00
1140: 1.258e+00
1141: 1.131e+00
1142: 1.435e+00
1143: 1.714e+00
1144: 1.007e+00
1145: 1.186e+00
1146: 1.797e+00
1147: 2.086e+00
1148: 1.521e+00
1149: 1.133e+00
1150: 1.351e+00
1151: 1.777e+00
1152: 9.392e-01
1153: 7.369e-01
1154: 1.576e+00
1155: 9.550e-01
1156: 1.639e+00
1157: 1.844e+00
1158: 1.231e+00
1159: 1.590e+00
1160: 1.285e+00
1161: 1.413e+00
1162: 1.456e+00
1163: 1.154e+00
1164: 1.417e+00
1165: 3.796e-01
1166: 1.164e+00
1167: 1.325e+00
1168: 1.803e+00
1169: 1.325e+00
1170: 1.205e+00
1171: 1.932e+00
1172: 1.109e+00
1173: 1.771e+00
1174: 1.503e+00
1175: 1.348e+00
1176: 9.565e-01
1177: 1.304e+00
1178: 7.226e-01
1179: 9.138e-01
1180: 1.563e+00
1181: 1.079e+00
1182: 1.043e+00
1183: 1.908e+00
1184: 1.466e+00
1185: 1.275e+00
1186: 1.345e+00
1187: 1.048e+00
1188: 1.767e+00
1189: 1.010e+00
1190: 1.336e+00
1191: 1.050e+00
1192: 1.539e+00
1193: 1.821e+00
1194: 2.448e+00
1195: 1.798e+00
1196: 1.782e+00
1197: 9.388e-01
1198: 1.651e+00
1199: 1.467e+00
1200: 1.350e+00
1201: 9.492e-01
1202: 1.270e+00
1203: 1.384e+00
1204: 1.662e+00
1205: 2.312e+00
1206: 1.322e+00
1207: 2.008e+00
1208: 1.319e+00
1209: 1.360e+00
1210: 1.482e+00
1211: 1.271e+00
1212: 1.434e+00
1213: 1.539e+00
1214: 1.264e+00
1215: 1.816e+00
1216: 1.440e+00
1217: 9.221e-01
1218: 1.898e+00
1219: 1.742e+00
1220: 1.470e+00
1221: 1.165e+00
1222: 1.309e+00
1223: 1.587e+00
1224: 1.649e+00
1225: 1.328e+00
1226: 1.229e+00
1227: 1.372e+00
1228: 1.681e+00
1229: 1.038e+00
1230: 1.204e+00
1231: 1.489e+00
1232: 1.949e+00
1233: 1.470e+00
1234: 1.719e+00
1235: 2.179e+00
1236: 1.789e+00
1237: 1.735e+00
1238: 3.481e-01
1239: 9.463e-01
1240: 8.269e-01
1241: 1.466e+00
1242: 1.492e+00
1243: 1.402e+00
1244: 1.158e+00
1245: 1.431e+00
1246: 2.126e+00
1247: 1.206e+00
1248: 2.003e+00
1249: 1.939e+00
1250: 1.270e+00
1251: 8.554e-01
1252: 1.277e+00
1253: 1.295e+00
1254: 1.530e+00
1255: 1.875e+00
1256: 1.067e+00
1257: 1.172e+00
1258: 1.256e+00
1259: 1.541e+00
1260: 1.589e+00
1261: 1.700e+00
1262: 1.523e+00
1263: 1.271e+00
1264: 2.021e+00
1265: 1.468e+00
1266: 1.563e+00
1267: 1.626e+00
1268: 8.546e-01
1269: 1.794e+00
1270: 1.521e+00
1271: 1.387e+00
1272: 1.008e+00
1273: 1.807e+00
1274: 8.016e-01
1275: 1.736e+00
1276: 2.267e+00
1277: 5.376e-01
1278: 1.203e+00
1279: 1.837e+00
1280: 1.326e+00
1281: 6.518e-01
1282: 2.035e+00
1283: 1.658e+00
1284: 1.898e+00
1285: 1.947e+00
1286: 1.389e+00
1287: 1.209e+00
1288: 1.155e+00
1289: 1.302e+00
1290: 2.150e+00
1291: 1.465e+00
1292: 1.888e+00
1293: 1.279e+00
1294: 1.164e+00
1295: 1.530e+00
1296: 2.005e+00
1297: 1.639e+00
1298: 1.512e+00
1299: 1.243e+00
1300: 1.684e+00
1301: 1.435e+00
1302: 1.499e+00
1303: 1.467e+00
1304: 1.475e+00
1305: 1.113e+00
1306: 1.244e+00
1307: 2.050e+00
1308: 1.709e+00
1309: 1.298e+00
1310: 1.427e+00
1311: 2.056e+00
1312: 1.616e+00
1313: 1.503e+00
1314: 1.242e+00
1315: 1.795e+00
1316: 1.262e+00
1317: 1.023e+00
1318: 1.401e+00
1319: 1.595e+00
1320: 8.014e-01
1321: 1.468e+00
1322: 1.335e+00
1323: 1.399e+00
1324: 9.839e-01
1325: 1.113e+00
1326: 1.761e+00
1327: 1.653e+00
1328: 1.450e+00
1329: 1.339e+00
1330: 1.898e+00
1331: 1.337e+00
1332: 1.314e+00
1333: 9.364e-01
1334: 1.616e+00
1335: 1.686e+00
1336: 2.005e+00
1337: 1.253e+00
1338: 9.740e-01
1339: 1.266e+00
1340: 1.569e+00
1341: 1.467e+00
1342: 1.713e+00
1343: 1.211e+00
1344: 7.052e-01
1345: 1.453e+00
1346: 1.359e+00
1347: 1.103e+00
1348: 1.386e+00
1349: 3.174e-01
1350: 1.694e+00
1351: 1.716e+00
1352: 1.514e+00
1353: 7.488e-01
1354: 1.339e+00
1355: 1.542e+00
1356: 1.478e+00
1357: 2.000e+00
1358: 1.661e+00
1359: 9.848e-01
1360: 1.426e+00
1361: 1.800e+00
1362: 1.311e+00
1363: 1.762e+00
1364: 1.347e+00
1365: 1.658e+00
1366: 1.343e+00
1367: 1.153e+00
1368: 1.365e+00
1369: 2.234e+00
1370: 1.675e+00
1371: 1.759e+00
1372: 1.089e+00
1373: 1.281e+00
1374: 1.290e+00
1375: 1.602e+00
1376: 1.044e+00
1377: 1.820e+00
1378: 1.354e+00
1379: 2.160e+00
1380: 1.041e+00
1381: 1.726e+00
1382: 1.605e+00
1383: 1.899e+00
1384: 2.110e+00
1385: 1.350e+00
1386: 1.309e+00
1387: 1.148e+00
1388: 1.645e+00
1389: 1.595e+00
1390: 1.638e+00
1391: 1.694e+00
1392: 1.962e+00
1393: 1.620e+00
1394: 7.234e-01
1395: 1.292e+00
1396: 1.525e+00
1397: 1.156e+00
1398: 1.311e+00
1399: 1.645e+00
1400: 1.234e+00
1401: 1.258e+00
1402: 1.505e+00
1403: 1.153e+00
1404: 1.421e+00
1405: 1.058e+00
1406: 1.803e+00
1407: 1.726e+00
1408: 1.259e+00
1409: 1.712e+00
1410: 1.638e+00
1411: 1.573e+00
1412: 1.532e+00
1413: 1.173e+00
1414: 1.561e+00
1415: 1.673e+00
1416: 2.053e+00
1417: 1.604e+00
1418: 1.041e+00
1419: 1.299e+00
1420: 8.917e-01
1421: 1.231e+00
1422: 1.868e+00
1423: 1.645e+00
1424: 1.434e+00
1425: 1.382e+00
1426: 1.395e+00
1427: 1.261e+00
1428: 1.118e+00
1429: 1.681e+00
1430: 1.575e+00
1431: 2.240e+00
1432: 1.678e+00
1433: 7.848e-01
1434: 1.592e+00
1435: 1.524e+00
1436: 2.306e+00
1437: 2.217e+00
1438: 1.048e+00
1439: 1.388e+00
1440: 1.810e+00
1441: 1.165e+00
1442: 1.292e+00
1443: 1.546e+00
1444: 7.739e-01
1445: 1.221e+00
1446: 1.125e+00
1447: 1.207e+00
1448: 1.500e+00
1449: 1.455e+00
1450: 1.501e+00
1451: 1.487e+00
1452: 2.036e+00
1453: 1.061e+00
1454: 1.705e+00
1455: 1.437e+00
1456: 1.400e+00
1457: 1.620e+00
1458: 1.300e+00
1459: 1.860e+00
1460: 9.994e-01
1461: 2.068e+00
1462: 1.335e+00
1463: 1.643e+00
1464: 8.973e-01
1465: 1.148e+00
1466: 1.417e+00
1467: 1.561e+00
1468: 1.528e+00
1469: 1.764e+00
1470: 1.380e+00
1471: 1.780e+00
1472: 1.411e+00
1473: 1.431e+00
1474: 1.591e+00
1475: 1.092e+00
1476: 1.376e+00
1477: 1.539e+00
1478: 1.912e+00
1479: 1.862e+00
1480: 2.131e+00
1481: 1.786e+00
1482: 1.724e+00
1483: 2.175e+00
1484: 2.059e+00
1485: 1.191e+00
1486: 1.841e+00
1487: 1.001e+00
1488: 1.193e+00
1489: 1.300e+00
1490: 1.302e+00
1491: 1.621e+00
1492: 1.634e+00
1493: 1.250e+00
1494: 1.560e+00
1495: 1.364e+00
1496: 1.363e+00
1497: 1.923e+00
1498: 1.226e+00
1499: 1.510e+00
1500: 1.065e+00
1501: 1.324e+00
1502: 7.299e-01
1503: 1.821e+00
1504: 1.244e+00
1505: 1.577e+00
1506: 1.702e+00
1507: 1.216e+00
1508: 1.444e+00
1509: 1.791e+00
1510: 1.607e+00
1511: 6.309e-01
1512: 1.679e+00
1513: 1.423e+00
1514: 1.500e+00
1515: 1.450e+00
1516: 1.625e+00
1517: 1.187e+00
1518: 1.630e+00
1519: 1.656e+00
1520: 1.305e+00
1521: 1.494e+00
1522: 1.753e+00
1523: 1.833e+00
1524: 1.728e+00
1525: 9.017e-01
1526: 1.546e+00
1527: 1.332e+00
1528: 1.680e+00
1529: 1.090e+00
1530: 1.411e+00
1531: 1.319e+00
1532: 1.492e+00
1533: 1.682e+00
1534: 1.966e+00
1535: 7.841e-01
1536: 7.119e-01
1537: 2.003e+00
1538: 1.502e+00
1539: 1.284e+00
1540: 1.356e+00
1541: 1.955e+00
1542: 1.840e+00
1543: 1.300e+00
1544: 1.429e+00
1545: 1.203e+00
1546: 1.793e+00
1547: 1.572e+00
1548: 1.513e+00
1549: 1.313e+00
1550: 1.763e+00
1551: 1.820e+00
1552: 1.612e+00
1553: 1.080e+00
1554: 1.566e+00
1555: 1.539e+00
1556: 2.048e+00
1557: 1.791e+00
1558: 2.305e+00
1559: 2.132e+00
1560: 1.805e+00
1561: 1.389e+00
1562: 1.338e+00
1563: 2.110e+00
1564: 1.893e+00
1565: 1.723e+00
1566: 1.735e+00
1567: 1.520e+00
1568: 1.179e+00
1569: 1.934e+00
1570: 1.491e+00
1571: 1.470e+00
1572: 1.518e+00
1573: 1.416e+00
1574: 1.488e+00
1575: 1.425e+00
1576: 2.064e+00
1577: 1.416e+00
1578: 1.802e+00
1579: 1.213e+00
1580: 1.551e+00
1581: 1.891e+00
1582: 1.560e+00
1583: 9.409e-01
1584: 1.349e+00
1585: 1.495e+00
1586: 2.196e+00
1587: 1.512e+00
1588: 1.262e+00
1589: 1.143e+00
1590: 1.495e+00
1591: 1.542e+00
1592: 2.150e+00
1593: 2.104e+00
1594: 1.497e+00
1595: 1.628e+00
1596: 1.872e+00
1597: 7.994e-01
1598: 1.655e+00
1599: 1.339e+00
1600: 2.567e+00
1601: 1.527e+00
1602: 1.374e+00
1603: 1.717e+00
1604: 1.568e+00
1605: 1.106e+00
1606: 9.970e-01
1607: 1.283e+00
1608: 1.547e+00
1609: 1.479e+00
1610: 1.285e+00
1611: 1.800e+00
1612: 1.356e+00
1613: 1.324e+00
1614: 1.259e+00
1615: 1.280e+00
1616: 2.387e+00
1617: 1.290e+00
1618: 1.454e+00
1619: 1.339e+00
1620: 1.097e+00
1621: 7.801e-01
1622: 1.905e+00
1623: 1.357e+00
1624: 1.099e+00
1625: 1.770e+00
1626: 1.457e+00
1627: 1.472e+00
1628: 1.219e+00
1629: 1.475e+00
1630: 1.585e+00
1631: 1.624e+00
1632: 2.271e+00
1633: 1.294e+00
1634: 1.018e+00
1635: 1.751e+00
1636: 2.020e+00
1637: 1.788e+00
1638: 1.402e+00
1639: 1.593e+00
1640: 1.039e+00
1641: 1.505e+00
1642: 1.578e+00
1643: 1.543e+00
1644: 2.071e+00
1645: 1.451e+00
1646: 7.921e-01
1647: 2.079e+00
1648: 1.514e+00
1649: 1.401e+00
1650: 1.897e+00
1651: 1.699e+00
1652: 1.612e+00
1653: 1.316e+00
1654: 1.682e+00
1655: 1.629e+00
1656: 1.676e+00
1657: 1.670e+00
1658: 6.535e-01
1659: 1.155e+00
1660: 1.468e+00
1661: 1.379e+00
1662: 1.961e+00
1663: 1.349e+00
1664: 1.425e+00
1665: 4.380e-01
1666: 1.237e+00
1667: 1.251e+00
1668: 1.968e+00
1669: 1.198e+00
1670: 1.746e+00
1671: 1.805e+00
1672: 1.477e+00
1673: 1.541e+00
1674: 1.651e+00
1675: 1.157e+00
1676: 2.009e+00
1677: 1.345e+00
1678: 1.771e+00
1679: 1.021e+00
1680: 1.603e+00
1681: 1.215e+00
1682: 1.619e+00
1683: 1.797e+00
1684: 1.404e+00
1685: 1.619e+00
1686: 1.374e+00
1687: 1.356e+00
1688: 2.088e+00
1689: 1.371e+00
1690: 1.750e+00
1691: 1.730e+00
1692: 1.385e+00
1693: 1.959e+00
1694: 1.682e+00
1695: 1.385e+00
1696: 1.516e+00
1697: 1.273e+00
1698: 1.607e+00
1699: 1.611e+00
1700: 2.246e+00
1701: 1.630e+00
1702: 1.566e+00
1703: 1.139e+00
1704: 1.638e+00
1705: 2.361e+00
1706: 1.617e+00
1707: 1.759e+00
1708: 6.875e-01
1709: 1.551e+00
1710: 1.454e+00
1711: 1.896e+00
1712: 1.837e+00
1713: 1.440e+00
1714: 1.715e+00
1715: 1.902e+00
1716: 8.480e-01
1717: 1.911e+00
1718: 1.606e+00
1719: 1.465e+00
1720: 1.260e+00
1721: 1.601e+00
1722: 1.957e+00
1723: 1.997e+00
1724: 1.938e+00
1725: 2.226e+00
1726: 7.521e-01
1727: 1.488e+00
1728: 1.838e+00
1729: 1.052e+00
1730: 1.520e+00
1731: 1.815e+00
1732: 1.767e+00
1733: 1.527e+00
1734: 1.212e+00
1735: 2.034e+00
1736: 1.427e+00
1737: 1.698e+00
1738: 1.718e+00
1739: 1.875e+00
1740: 1.186e+00
1741: 1.671e+00
1742: 1.756e+00
1743: 1.936e+00
1744: 1.790e+00
1745: 9.464e-01
1746: 1.367e+00
1747: 1.194e+00
1748: 1.695e+00
1749: 1.294e+00
1750: 1.719e+00
1751: 1.533e+00
1752: 1.573e+00
1753: 1.771e+00
1754: 1.774e+00
1755: 1.401e+00
1756: 1.372e+00
1757: 1.628e+00
1758: 2.180e+00
1759: 1.484e+00
1760: 1.856e+00
1761: 1.452e+00
1762: 1.757e+00
1763: 1.341e+00
1764: 1.703e+00
1765: 1.508e+00
1766: 2.067e+00
1767: 1.385e+00
1768: 1.425e+00
1769: 9.104e-01
1770: 2.050e+00
1771: 1.441e+00
1772: 1.712e+00
1773: 1.275e+00
1774: 1.917e+00
1775: 1.415e+00
1776: 1.207e+00
1777: 9.076e-01
1778: 1.185e+00
1779: 1.603e+00
1780: 1.649e+00
1781: 1.452e+00
1782: 1.233e+00
1783: 1.565e+00
1784: 1.346e+00
1785: 1.645e+00
1786: 1.748e+00
1787: 1.321e+00
1788: 1.180e+00
1789: 1.062e+00
1790: 1.719e+00
1791: 2.083e+00
1792: 1.566e+00
1793: 1.454e+00
1794: 1.963e+00
1795: 1.162e+00
1796: 1.672e+00
1797: 9.849e-01
1798: 1.893e+00
1799: 1.381e+00
1800: 7.203e-01
1801: 9.577e-01
1802: 1.655e+00
1803: 1.585e+00
1804: 1.545e+00
1805: 1.684e+00
1806: 1.210e+00
1807: 1.103e+00
1808: 1.131e+00
1809: 1.524e+00
1810: 1.516e+00
1811: 1.545e+00
1812: 1.696e+00
1813: 1.417e+00
1814: 1.599e+00
1815: 9.446e-01
1816: 1.248e+00
1817: 1.601e+00
1818: 1.433e+00
1819: 1.677e+00
1820: 1.632e+00
1821: 1.559e+00
1822: 1.781e+00
1823: 1.476e+00
1824: 1.656e+00
1825: 1.802e+00
1826: 1.818e+00
1827: 1.139e+00
1828: 1.279e+00
1829: 1.283e+00
1830: 1.378e+00
1831: 1.877e+00
1832: 1.371e+00
1833: 1.498e+00
1834: 1.321e+00
1835: 1.096e+00
1836: 1.368e+00
1837: 1.777e+00
1838: 1.637e+00
1839: 1.371e+00
1840: 1.865e+00
1841: 1.817e+00
1842: 1.786e+00
1843: 1.298e+00
1844: 2.076e+00
1845: 1.395e+00
1846: 1.719e+00
1847: 8.641e-01
1848: 1.588e+00
1849: 1.889e+00
1850: 1.823e+00
1851: 1.103e+00
1852: 1.260e+00
1853: 1.620e+00
1854: 1.427e+00
1855: 1.914e+00
1856: 1.412e+00
1857: 1.503e+00
1858: 1.360e+00
1859: 1.511e+00
1860: 1.426e+00
1861: 1.121e+00
1862: 1.278e+00
1863: 9.936e-01
1864: 1.574e+00
1865: 1.841e+00
1866: 1.432e+00
1867: 1.584e+00
1868: 8.133e-01
1869: 1.519e+00
1870: 1.285e+00
1871: 1.403e+00
1872: 1.722e+00
1873: 1.418e+00
1874: 1.655e+00
1875: 1.255e+00
1876: 1.262e+00
1877: 1.919e+00
1878: 1.449e+00
1879: 1.406e+00
1880: 1.970e+00
1881: 1.727e+00
1882: 1.797e+00
1883: 1.907e+00
1884: 1.372e+00
1885: 1.223e+00
1886: 1.429e+00
1887: 1.562e+00
1888: 1.368e+00
1889: 1.070e+00
1890: 1.147e+00
1891: 2.212e+00
1892: 1.438e+00
1893: 1.567e+00
1894: 1.417e+00
1895: 1.330e+00
1896: 1.216e+00
1897: 1.360e+00
1898: 1.707e+00
1899: 1.244e+00
1900: 2.101e+00
1901: 1.457e+00
1902: 1.239e+00
1903: 1.151e+00
1904: 1.698e+00
1905: 1.631e+00
1906: 1.741e+00
1907: 1.699e+00
1908: 1.659e+00
1909: 9.336e-01
1910: 1.257e+00
1911: 1.459e+00
1912: 2.253e+00
1913: 1.168e+00
1914: 1.353e+00
1915: 1.924e+00
1916: 1.568e+00
1917: 1.434e+00
1918: 1.207e+00
1919: 1.688e+00
1920: 1.498e+00
1921: 1.182e+00
1922: 1.676e+00
1923: 1.476e+00
1924: 1.506e+00
1925: 1.036e+00
1926: 2.172e+00
1927: 1.571e+00
1928: 1.647e+00
1929: 1.868e+00
1930: 8.967e-01
1931: 1.681e+00
1932: 1.184e+00
1933: 1.362e+00
1934: 1.701e+00
1935: 1.957e+00
1936: 2.050e+00
1937: 1.710e+00
1938: 1.156e+00
1939: 1.466e+00
1940: 1.024e+00
1941: 1.488e+00
1942: 1.907e+00
1943: 9.367e-01
1944: 1.360e+00
1945: 1.207e+00
1946: 1.635e+00
1947: 1.762e+00
1948: 1.024e+00
1949: 1.823e+00
1950: 1.207e+00
1951: 1.785e+00
1952: 1.656e+00
1953: 1.495e+00
1954: 8.436e-01
1955: 1.493e+00
1956: 1.226e+00
1957: 1.314e+00
1958: 1.607e+00
1959: 1.897e+00
1960: 1.503e+00
1961: 2.208e+00
1962: 7.250e-01
1963: 1.375e+00
1964: 1.546e+00
1965: 1.524e+00
1966: 1.136e+00
1967: 1.800e+00
1968: 1.742e+00
1969: 9.763e-01
1970: 2.099e+00
1971: 1.242e+00
1972: 1.721e+00
1973: 1.585e+00
1974: 1.483e+00
1975: 1.554e+00
1976: 1.582e+00
1977: 1.435e+00
1978: 2.171e+00
1979: 1.590e+00
1980: 1.602e+00
1981: 1.818e+00
1982: 1.653e+00
1983: 1.551e+00
1984: 1.412e+00
1985: 2.167e+00
1986: 1.862e+00
1987: 1.297e+00
1988: 1.143e+00
1989: 1.640e+00
1990: 1.660e+00
1991: 1.465e+00
1992: 1.485e+00
1993: 1.749e+00
1994: 1.136e+00
1995: 1.486e+00
1996: 1.140e+00
1997: 1.914e+00
1998: 2.024e+00
1999: 1.719e+00
2000: 2.130e+00
2001: 1.413e+00
2002: 1.898e+00
2003: 1.542e+00
2004: 1.583e+00
2005: 1.559e+00
2006: 1.944e+00
2007: 1.071e+00
2008: 1.392e+00
2009: 1.398e+00
2010: 8.080e-01
2011: 1.596e+00
2012: 1.069e+00
2013: 1.348e+00
2014: 1.435e+00
2015: 1.347e+00
2016: 1.554e+00
2017: 1.616e+00
2018: 9.668e-01
2019: 1.348e+00
2020: 1.706e+00
2021: 2.078e+00
2022: 2.345e+00
2023: 1.792e+00
