1: 1.454e+00
2: 2.825e-01
3: 3.118e-01
4: 4.751e-01
5: 4.183e-01
6: 1.936e-01
7: 1.357e+00
8: 1.132e+00
9: 3.345e-01
10: 1.139e-01
11: 1.147e+00
12: 8.910e-02
13: 0.000e+00
14: 0.000e+00
15: 1.629e-01
16: 1.665e-02
17: 2.686e-02
18: 9.967e-02
19: 8.859e-02
20: 8.155e-02
21: 3.122e-01
22: 1.296e+00
23: 9.971e-01
24: 1.913e-01
25: 8.553e-01
26: 7.813e-01
27: 1.705e-01
28: 3.042e-01
29: 1.201e-01
30: 1.286e-01
31: 1.019e-01
32: 3.029e-01
33: 2.040e-01
34: 2.151e-01
35: 1.618e-01
36: 1.992e-01
37: 2.218e-01
38: 8.700e-02
39: 1.030e-01
40: 7.785e-02
41: 1.668e-01
42: 7.799e-02
43: 1.242e-01
44: 5.654e-02
45: 0.000e+00
46: 7.683e-02
47: 1.543e-01
48: 1.179e-01
49: 1.198e-01
50: 4.948e-01
51: 3.926e-02
52: 4.972e-02
53: 1.162e-01
54: 1.673e-02
55: 1.747e-01
56: 1.954e-01
57: 1.204e-01
58: 1.386e-01
59: 5.541e-03
60: 2.063e-03
61: 4.093e-01
62: 3.371e-01
63: 2.811e-01
64: 4.024e-01
65: 5.101e-01
66: 5.374e-01
67: 4.432e-01
68: 5.139e-01
69: 5.612e-01
70: 0.000e+00
71: 3.690e-01
72: 1.221e-01
73: 4.261e-02
74: 2.868e-01
75: 3.052e-01
76: 1.316e-01
77: 1.916e-01
78: 6.436e-02
79: 4.172e-03
80: 0.000e+00
81: 1.300e-03
82: 0.000e+00
83: 3.433e-02
84: 2.611e-02
85: 2.930e-02
86: 0.000e+00
87: 6.268e-03
88: 9.791e-03
89: 2.878e-02
90: 1.172e-01
91: 1.130e-01
92: 1.336e-03
93: 4.400e-02
94: 1.450e-01
95: 4.500e-01
96: 1.441e-01
97: 1.674e-01
98: 2.487e-01
99: 8.491e-02
100: 7.627e-02
101: 1.607e-01
102: 1.656e-02
103: 0.000e+00
104: 1.787e-01
105: 2.683e-01
106: 5.890e-01
107: 4.260e-01
108: 4.588e-01
109: 1.301e+00
110: 9.593e-02
111: 7.707e-01
112: 2.147e-02
113: 3.451e-01
114: 1.022e-01
115: 3.174e-01
116: 1.045e-01
117: 4.045e-01
118: 3.306e-01
119: 8.628e-02
120: 5.848e-02
121: 7.939e-02
122: 1.620e-01
123: 1.607e-01
124: 5.649e-01
125: 5.577e-01
126: 8.065e-01
127: 1.812e-01
128: 1.881e-01
129: 1.870e-01
130: 6.051e-02
131: 4.696e-01
132: 2.184e-01
133: 3.150e-03
134: 8.939e-01
135: 3.595e-01
136: 5.197e-01
137: 0.000e+00
138: 2.332e-01
139: 9.099e-02
140: 2.241e-02
141: 1.093e+00
142: 3.843e-01
143: 3.521e-01
144: 7.605e-02
145: 1.553e-02
146: 3.965e-02
147: 5.169e-02
148: 6.228e-02
149: 7.535e-02
150: 5.165e-02
151: 2.540e-03
152: 9.056e-02
153: 1.252e-01
154: 2.497e-02
155: 5.478e-02
156: 9.533e-02
157: 5.219e-03
158: 8.439e-03
159: 4.294e-02
160: 1.473e-01
161: 8.093e-02
162: 4.434e-02
163: 1.059e-01
164: 4.352e-03
165: 6.783e-02
166: 5.287e-02
167: 0.000e+00
168: 1.017e-01
169: 1.195e-01
170: 6.505e-02
171: 1.314e-02
172: 2.485e-01
173: 1.348e-02
174: 9.739e-02
175: 8.414e-02
176: 3.927e-01
177: 1.708e-02
178: 5.352e-03
179: 6.835e-01
180: 1.103e-01
181: 2.210e-02
182: 7.839e-02
183: 3.253e-02
184: 1.294e-01
185: 4.526e-02
186: 6.360e-02
187: 2.217e-01
188: 1.230e-01
189: 2.960e-02
190: 2.734e-02
191: 3.323e-02
192: 7.547e-02
193: 1.089e-02
194: 4.090e-01
195: 3.731e-01
196: 1.162e-01
197: 8.478e-02
198: 1.533e-01
199: 5.136e-02
200: 5.873e-02
201: 1.548e-01
202: 2.055e-02
203: 2.410e-01
204: 2.941e-01
205: 1.596e-01
206: 1.614e-01
207: 3.871e-02
208: 3.004e-01
209: 3.211e-03
210: 9.978e-02
211: 2.061e-02
212: 1.863e-01
213: 2.566e-01
214: 9.770e-03
215: 4.405e-01
216: 5.801e-01
217: 3.544e-01
218: 1.305e+00
219: 2.174e-01
220: 1.496e-01
221: 2.257e-02
222: 6.996e-02
223: 0.000e+00
224: 1.961e-02
225: 7.854e-02
226: 2.877e-02
227: 0.000e+00
228: 9.099e-02
229: 9.402e-02
230: 6.055e-02
231: 2.819e-02
232: 3.320e-02
233: 5.155e-02
234: 2.126e-01
235: 4.178e-02
236: 4.764e-01
237: 2.140e-01
238: 6.940e-02
239: 0.000e+00
240: 5.855e-01
241: 2.416e-02
242: 5.081e-02
243: 3.963e-03
244: 1.968e-01
245: 5.463e-02
246: 4.268e-04
247: 1.244e-02
248: 1.251e-01
249: 2.765e-02
250: 2.985e-02
251: 4.328e-02
252: 5.923e-01
253: 1.147e-01
254: 0.000e+00
255: 5.600e-01
256: 3.757e-01
257: 1.447e+00
258: 6.214e-01
259: 2.136e-01
260: 4.630e-02
261: 1.332e-01
262: 7.978e-02
263: 5.083e-03
264: 1.948e-02
265: 1.503e-01
266: 0.000e+00
267: 3.245e-03
268: 2.096e-02
269: 1.034e+00
270: 1.468e-02
271: 4.403e-01
272: 2.371e-01
273: 2.143e-01
274: 6.633e-02
275: 1.556e-01
276: 2.468e-02
277: 7.500e-02
278: 9.686e-03
279: 1.587e-02
280: 7.686e-02
281: 6.869e-02
282: 0.000e+00
283: 3.292e-02
284: 5.919e-02
285: 1.431e-01
286: 7.709e-02
287: 0.000e+00
288: 1.976e-01
289: 1.491e-02
290: 2.105e-01
291: 1.872e-01
292: 2.557e-02
293: 1.029e+00
294: 2.678e-03
295: 8.360e-02
296: 2.308e-02
297: 4.266e-02
298: 4.837e-02
299: 1.364e-02
300: 3.249e-02
301: 7.216e-02
302: 9.140e-02
303: 9.682e-02
304: 1.727e-01
305: 2.289e-01
306: 0.000e+00
307: 5.839e-02
308: 1.476e-01
309: 1.848e-01
310: 1.677e-01
311: 3.415e-02
312: 3.277e-01
313: 2.320e-01
314: 5.607e-02
315: 1.831e-01
316: 1.099e-01
317: 6.408e-02
318: 2.367e-01
319: 2.358e-01
320: 1.221e-01
321: 3.734e-02
322: 2.173e-02
323: 9.657e-02
324: 3.860e-02
325: 8.590e-03
326: 4.137e-02
327: 2.686e-02
328: 5.090e-02
329: 9.042e-02
330: 1.763e-01
331: 1.940e-01
332: 2.324e-01
333: 1.248e-01
334: 3.711e-01
335: 3.522e-01
336: 6.920e-02
337: 1.015e-01
338: 1.391e-01
339: 4.655e-02
340: 7.972e-01
341: 1.477e-01
342: 4.413e-01
343: 1.264e+00
344: 6.997e-01
345: 1.926e-01
346: 2.009e-01
347: 6.814e-01
348: 1.649e-01
349: 1.136e+00
350: 4.355e-02
351: 2.310e-01
352: 1.961e-02
353: 9.691e-02
354: 3.354e-02
355: 1.571e-01
356: 4.906e-02
357: 8.007e-02
358: 8.579e-02
359: 4.473e-02
360: 8.639e-02
361: 2.779e-01
362: 5.586e-02
363: 2.183e-02
364: 3.371e-01
365: 8.666e-02
366: 0.000e+00
367: 8.383e-02
368: 2.634e-01
369: 0.000e+00
370: 3.135e-01
371: 7.428e-02
372: 4.760e-02
373: 8.984e-02
374: 9.248e-02
375: 1.633e-01
376: 1.130e-01
377: 4.859e-02
378: 8.364e-02
379: 1.567e-01
380: 3.631e-02
381: 7.490e-02
382: 1.195e-01
383: 1.106e-01
384: 4.777e-02
385: 8.318e-02
386: 5.353e-02
387: 2.246e-02
388: 1.801e-01
389: 1.597e-01
390: 1.087e-01
391: 0.000e+00
392: 9.180e-02
393: 1.199e-01
394: 9.780e-02
395: 2.901e-02
396: 5.651e-02
397: 5.745e-02
398: 2.440e-02
399: 4.117e-02
400: 7.787e-02
401: 1.383e-01
402: 8.548e-03
403: 1.447e-01
404: 1.635e-02
405: 5.785e-02
406: 3.828e-03
407: 1.329e-01
408: 2.511e-02
409: 4.227e-02
410: 1.741e-03
411: 4.512e-02
412: 9.949e-02
413: 1.315e-01
414: 1.326e-01
415: 3.287e-02
416: 8.034e-03
417: 1.498e-01
418: 8.199e-02
419: 4.144e-03
420: 2.190e-01
421: 2.564e-01
422: 3.722e-02
423: 2.110e-02
424: 2.657e-02
425: 4.281e-02
426: 4.569e-01
427: 3.302e-01
428: 1.016e-01
429: 1.883e-03
430: 1.352e-01
431: 1.169e-03
432: 1.063e-01
433: 1.097e-01
434: 5.330e-02
435: 2.872e-02
436: 9.948e-02
437: 7.956e-02
438: 3.969e-02
439: 1.191e-02
440: 3.673e-02
441: 5.048e-02
442: 1.016e-01
443: 9.250e-02
444: 1.058e-01
445: 3.874e-02
446: 7.387e-02
447: 6.218e-02
448: 2.941e-02
449: 0.000e+00
450: 0.000e+00
451: 1.166e-01
452: 8.354e-02
453: 1.638e-02
454: 7.159e-02
455: 2.755e-02
456: 9.973e-02
457: 3.724e-02
458: 4.461e-02
459: 8.954e-02
460: 7.475e-02
461: 2.608e-01
462: 1.651e-02
463: 1.248e-01
464: 8.090e-02
465: 2.818e-01
466: 1.962e-03
467: 9.435e-02
468: 1.033e-01
469: 2.150e-02
470: 2.772e-02
471: 1.926e-01
472: 0.000e+00
473: 5.907e-03
474: 2.197e-01
475: 1.212e-02
476: 2.205e-02
477: 0.000e+00
478: 4.809e-02
479: 5.983e-02
480: 1.089e-01
481: 1.868e-02
482: 3.404e-01
483: 3.039e-01
484: 4.029e-01
485: 1.093e-02
486: 7.712e-02
487: 0.000e+00
488: 5.404e-02
489: 3.846e-02
490: 7.373e-02
491: 2.026e-02
492: 2.936e-02
493: 2.982e-02
494: 8.111e-02
495: 7.067e-02
496: 7.276e-02
497: 2.414e-02
498: 4.225e-02
499: 0.000e+00
500: 4.293e-02
501: 2.744e-01
502: 4.777e-02
503: 1.275e-01
504: 0.000e+00
505: 1.643e-01
506: 4.406e-02
507: 1.912e-01
508: 2.557e-02
509: 0.000e+00
510: 1.991e-01
511: 2.360e-01
512: 1.451e-01
513: 1.496e-01
514: 5.541e-01
515: 3.096e-02
516: 4.679e-02
517: 9.287e-02
518: 9.964e-02
519: 0.000e+00
520: 1.453e-01
521: 5.563e-02
522: 2.664e-01
523: 1.075e-03
524: 5.578e-02
525: 6.276e-02
526: 2.021e-02
527: 6.302e-03
528: 9.854e-02
529: 0.000e+00
530: 2.184e-01
531: 1.896e-01
532: 6.869e-01
533: 4.595e-01
534: 9.615e-01
535: 4.649e-01
536: 8.494e-02
537: 4.214e-02
538: 5.040e-02
539: 4.734e-02
540: 3.439e-02
541: 3.338e-02
542: 0.000e+00
543: 2.155e-02
544: 0.000e+00
545: 4.809e-03
546: 5.460e-02
547: 0.000e+00
548: 2.419e-02
549: 1.474e-01
550: 1.362e-01
551: 1.997e-02
552: 8.511e-02
553: 7.686e-02
554: 7.498e-03
555: 7.198e-02
556: 2.828e-02
557: 8.942e-02
558: 4.584e-02
559: 1.142e-02
560: 1.163e-02
561: 8.574e-02
562: 1.703e-02
563: 2.027e-01
564: 5.373e-02
565: 4.270e-02
566: 1.988e-02
567: 2.147e-01
568: 2.248e-01
569: 6.743e-02
570: 4.007e-02
571: 1.383e-02
572: 5.601e-02
573: 3.967e-02
574: 5.674e-02
575: 6.307e-03
576: 5.814e-02
577: 5.139e-02
578: 3.857e-02
579: 1.074e-01
580: 1.428e-02
581: 1.736e-02
582: 7.646e-02
583: 7.921e-02
584: 4.025e-02
585: 1.599e-02
586: 2.061e-02
587: 2.037e-02
588: 7.414e-02
589: 1.352e-01
590: 7.884e-02
591: 9.072e-02
592: 1.283e-01
593: 1.523e-01
594: 1.269e-02
595: 2.045e-02
596: 2.044e-02
597: 5.538e-02
598: 1.881e-02
599: 3.579e-02
600: 1.459e-01
601: 1.078e-01
602: 9.730e-02
603: 1.055e-01
604: 3.682e-02
605: 2.291e-02
606: 1.311e-02
607: 3.296e-02
608: 4.823e-02
609: 4.401e-02
610: 2.443e-02
611: 1.628e-01
612: 3.141e-02
613: 2.412e-02
614: 1.660e-01
615: 6.138e-02
616: 8.907e-02
617: 0.000e+00
618: 2.061e-02
619: 6.266e-02
620: 2.221e-02
621: 3.116e-02
622: 4.277e-02
623: 0.000e+00
624: 3.454e-02
625: 1.352e-02
626: 1.301e-02
627: 8.136e-02
628: 1.998e-01
629: 1.254e-01
630: 8.807e-02
631: 1.601e-01
632: 0.000e+00
633: 5.119e-02
634: 5.058e-03
635: 2.184e-02
636: 5.301e-02
637: 1.644e-01
638: 2.829e-02
639: 1.135e-02
640: 8.727e-02
641: 6.928e-02
642: 7.257e-02
643: 5.227e-02
644: 3.034e-02
645: 3.678e-02
646: 7.669e-02
647: 2.026e-03
648: 6.802e-02
649: 3.314e-02
650: 7.225e-02
651: 1.008e-01
652: 3.685e-02
653: 1.878e-04
654: 9.570e-02
655: 3.471e-02
656: 3.684e-02
657: 4.981e-02
658: 8.864e-02
659: 5.286e-02
660: 1.884e-01
661: 9.248e-02
662: 8.667e-02
663: 0.000e+00
664: 5.362e-02
665: 9.392e-02
666: 2.616e-02
667: 1.233e-01
668: 1.367e-02
669: 7.992e-02
670: 2.267e-02
671: 3.067e-02
672: 2.409e-01
673: 3.579e-02
674: 1.634e-01
675: 1.291e-01
676: 1.828e-02
677: 5.942e-02
678: 1.843e-02
679: 5.807e-02
680: 2.011e-02
681: 3.483e-03
682: 1.102e-02
683: 1.086e-02
684: 0.000e+00
685: 9.153e-03
686: 1.021e-01
687: 3.887e-02
688: 1.135e-02
689: 6.403e-02
690: 1.115e-02
691: 3.476e-02
692: 3.713e-02
693: 2.238e-02
694: 3.196e-02
695: 0.000e+00
696: 1.803e-01
697: 7.289e-02
698: 1.768e-02
699: 0.000e+00
700: 7.429e-02
701: 3.638e-03
702: 9.512e-03
703: 4.151e-02
704: 5.663e-02
705: 1.029e-01
706: 1.537e-02
707: 3.668e-02
708: 2.626e-02
709: 4.500e-02
710: 2.638e-02
711: 1.563e-02
712: 3.198e-02
713: 1.052e-01
714: 5.660e-02
715: 1.917e-01
716: 0.000e+00
717: 1.540e-01
718: 1.682e-01
719: 5.248e-02
720: 9.212e-02
721: 7.628e-02
722: 6.297e-02
723: 5.676e-02
724: 6.358e-02
725: 2.542e-03
726: 1.562e-02
727: 5.423e-02
728: 9.223e-02
729: 1.794e-02
730: 8.807e-02
731: 2.857e-02
732: 3.508e-02
733: 2.388e-01
734: 3.664e-01
735: 2.069e-01
736: 8.262e-03
737: 3.860e-02
738: 8.339e-04
739: 2.436e-01
740: 2.408e-02
741: 1.034e-02
742: 3.436e-02
743: 7.109e-02
744: 2.109e-03
745: 6.982e-02
746: 7.267e-02
747: 6.361e-02
748: 7.167e-02
749: 5.619e-02
750: 1.187e-01
751: 6.384e-02
752: 7.678e-02
753: 3.007e-02
754: 1.136e-01
755: 8.371e-03
756: 3.445e-02
757: 2.513e-04
758: 2.636e-02
759: 9.097e-02
760: 1.039e-01
761: 6.286e-02
762: 1.139e-01
763: 1.918e-01
764: 6.806e-01
765: 7.445e-03
766: 3.305e-02
767: 1.298e-02
768: 7.376e-02
769: 0.000e+00
770: 1.536e-02
771: 8.091e-02
772: 1.751e-02
773: 1.571e-01
774: 1.507e-01
775: 9.449e-02
776: 4.968e-02
777: 0.000e+00
778: 6.931e-02
779: 2.671e-02
780: 2.833e-03
781: 7.450e-02
782: 6.621e-04
783: 4.848e-02
784: 5.304e-02
785: 1.034e-01
786: 0.000e+00
787: 1.015e-01
788: 1.338e-02
789: 5.936e-02
790: 2.199e-01
791: 1.920e-02
792: 6.962e-02
793: 2.387e-04
794: 3.556e-02
795: 3.080e-02
796: 9.533e-02
797: 3.461e-01
798: 3.213e-02
799: 3.348e-02
800: 4.907e-02
801: 6.185e-03
802: 1.599e-02
803: 2.378e-02
804: 1.536e-01
805: 1.331e-01
806: 1.214e-02
807: 0.000e+00
808: 1.455e-01
809: 5.435e-02
810: 1.331e-01
811: 3.920e-02
812: 1.303e-02
813: 8.779e-02
814: 3.446e-02
815: 1.094e-01
816: 6.629e-03
817: 8.997e-02
818: 7.425e-02
819: 7.211e-02
820: 1.248e-02
821: 6.662e-02
822: 9.273e-02
823: 5.392e-02
824: 7.012e-02
825: 7.390e-02
826: 5.022e-02
827: 1.942e-01
828: 3.869e-02
829: 8.433e-02
830: 1.102e-01
831: 1.032e-01
832: 7.631e-02
833: 1.969e-01
834: 4.485e-02
835: 1.139e-01
836: 6.418e-02
837: 1.681e-01
838: 1.432e-01
839: 4.857e-03
840: 1.489e-01
841: 3.133e-02
842: 6.993e-02
843: 3.088e-02
844: 2.388e-01
845: 6.178e-02
846: 3.201e-03
847: 3.174e-03
848: 7.258e-03
849: 6.635e-02
850: 2.460e-02
851: 5.736e-02
852: 2.389e-01
853: 1.856e-02
854: 7.362e-03
855: 5.434e-02
856: 1.673e-02
857: 4.958e-02
858: 1.030e-01
859: 1.398e-02
860: 4.168e-02
861: 2.637e-02
862: 5.324e-03
863: 2.727e-02
864: 1.238e-01
865: 7.306e-02
866: 8.450e-02
867: 9.417e-02
868: 4.570e-02
869: 2.373e-02
870: 2.092e-02
871: 6.973e-02
872: 1.620e-02
873: 3.353e-02
874: 5.225e-02
875: 6.259e-02
876: 1.078e-01
877: 5.418e-03
878: 7.561e-02
879: 6.141e-02
880: 3.178e-02
881: 4.408e-02
882: 3.333e-02
883: 2.138e-02
884: 2.145e-01
885: 4.753e-02
886: 6.611e-02
887: 1.169e-02
888: 7.918e-02
889: 4.909e-02
890: 2.247e-02
891: 3.075e-02
892: 7.435e-02
893: 3.777e-02
894: 1.219e-01
895: 7.287e-02
896: 3.953e-02
897: 1.405e-01
898: 5.425e-02
899: 2.618e-01
900: 5.372e-01
901: 5.843e-01
902: 3.594e-01
903: 2.169e-02
904: 1.018e-03
905: 5.427e-03
906: 8.782e-02
907: 1.696e-02
908: 5.608e-02
909: 2.836e-02
910: 3.796e-01
911: 4.955e-02
912: 9.174e-02
913: 0.000e+00
914: 1.676e-01
915: 0.000e+00
916: 4.342e-02
917: 2.901e-02
918: 2.992e-01
919: 1.157e-01
920: 4.255e-01
921: 2.770e-01
922: 2.782e-01
923: 4.120e-01
924: 1.868e-02
925: 4.041e-02
926: 3.065e-02
927: 5.708e-02
928: 1.068e-01
929: 6.783e-02
930: 2.473e-02
931: 5.358e-02
932: 2.744e-02
933: 1.406e-03
934: 1.831e-01
935: 6.988e-03
936: 5.147e-02
937: 1.104e-01
938: 0.000e+00
939: 2.459e-02
940: 7.927e-02
