1: 3.193e-01
2: 9.014e-01
3: 9.579e-01
4: 9.781e-01
5: 1.149e+00
6: 1.002e+00
7: 2.554e-01
8: 1.258e+00
9: 8.098e-01
10: 4.085e-01
11: 9.228e-01
12: 2.827e+00
13: 5.250e-01
14: 6.505e-01
15: 1.105e+00
16: 4.024e-01
17: 8.151e-01
18: 8.831e-01
19: 1.091e+00
20: 1.164e+00
21: 9.891e-01
22: 8.503e-01
23: 1.125e+00
24: 1.201e+00
25: 6.771e-01
26: 7.733e-01
27: 7.868e-01
28: 3.106e-01
29: 7.355e-01
30: 6.875e-01
31: 8.121e-01
32: 1.471e+00
33: 9.447e-02
34: 1.017e+00
35: 4.672e-01
36: 5.930e-01
37: 2.519e-01
38: 2.861e-01
39: 8.008e-01
40: 1.114e+00
41: 1.011e+00
42: 8.123e-01
43: 8.294e-01
44: 6.240e-01
45: 7.238e-01
46: 7.896e-01
47: 8.795e-01
48: 6.047e-01
49: 8.300e-01
50: 3.672e-01
51: 8.650e-01
52: 8.130e-01
53: 7.690e-01
54: 7.581e-01
55: 6.283e-01
56: 9.321e-01
57: 5.045e-01
58: 3.503e-01
59: 5.955e-01
60: 8.436e-01
61: 1.011e+00
62: 1.079e+00
63: 8.738e-01
64: 3.484e-01
65: 8.484e-01
66: 1.409e+00
67: 6.021e-01
68: 4.183e-01
69: 6.783e-01
70: 3.557e-01
71: 5.256e-02
72: 4.100e-01
73: 3.362e-01
74: 6.726e-01
75: 5.656e-01
76: 6.415e-01
77: 8.677e-01
78: 7.221e-01
79: 6.475e-01
80: 1.356e+00
81: 4.728e-01
82: 2.452e-01
83: 1.091e+00
84: 6.907e-01
85: 6.985e-01
86: 8.404e-02
87: 7.149e-01
88: 1.274e+00
89: 8.247e-01
90: 1.101e+00
91: 1.126e+00
92: 2.370e-01
93: 1.984e-01
94: 4.377e-02
95: 8.211e-01
96: 1.485e-01
97: 1.358e-01
98: 8.521e-02
99: 1.536e-01
100: 2.631e-01
101: 1.063e+00
102: 5.498e-01
103: 2.581e-01
104: 5.980e-01
105: 8.018e-01
106: 8.866e-01
107: 2.709e-01
108: 4.115e-01
109: 7.701e-01
110: 8.043e-01
111: 1.081e+00
112: 2.669e-01
113: 5.515e-01
114: 1.120e+00
115: 3.554e-01
116: 2.097e-01
117: 7.558e-02
118: 1.564e-01
119: 6.582e-01
120: 3.056e-01
121: 9.544e-01
122: 6.512e-01
123: 1.157e+00
124: 4.892e-01
125: 9.071e-01
126: 4.688e-01
127: 3.507e-01
128: 9.514e-01
129: 5.489e-01
130: 1.150e-01
131: 2.255e-01
132: 5.198e-01
133: 8.530e-01
134: 6.101e-01
135: 2.214e-01
136: 4.662e-01
137: 4.029e-01
138: 4.690e-01
139: 3.072e-01
140: 1.038e+00
141: 3.456e-01
142: 1.483e-01
143: 9.877e-01
144: 1.609e-01
145: 7.993e-02
146: 3.496e-01
147: 6.508e-01
148: 5.424e-01
149: 7.797e-01
150: 9.017e-02
151: 5.698e-01
152: 1.078e-01
153: 8.361e-01
154: 2.490e-01
155: 9.546e-01
156: 3.603e-01
157: 1.370e-01
158: 1.093e-01
159: 2.857e-01
160: 2.742e-01
161: 1.486e-01
162: 1.158e-01
163: 4.140e-01
164: 8.825e-01
165: 3.452e-01
166: 4.653e-01
167: 4.256e-01
168: 1.165e+00
169: 7.257e-01
170: 1.017e+00
171: 8.536e-01
172: 2.208e-01
173: 1.848e-01
174: 3.184e-01
175: 4.956e-01
176: 7.499e-01
177: 1.308e-01
178: 2.782e-01
179: 2.755e-01
180: 9.296e-01
181: 3.337e-01
182: 2.626e-01
183: 6.270e-01
184: 2.957e-01
185: 1.256e+00
186: 4.626e-01
187: 2.475e-01
188: 2.058e-01
189: 1.805e-01
190: 2.075e-01
191: 1.024e+00
192: 2.457e-01
193: 6.616e-01
194: 1.902e-01
195: 5.614e-01
196: 1.916e-01
197: 1.984e-01
198: 4.953e-01
199: 4.197e-01
200: 3.939e-01
201: 3.050e-01
202: 3.395e-01
203: 3.269e-01
204: 7.894e-01
205: 3.571e-01
206: 2.408e-01
207: 8.022e-01
208: 3.894e-01
209: 2.859e-01
210: 8.222e-01
211: 6.103e-01
212: 6.467e-01
213: 2.249e-01
214: 1.168e-01
215: 7.871e-02
216: 2.906e-01
217: 5.237e-01
218: 4.375e-01
219: 3.174e-01
220: 5.929e-01
221: 1.557e-01
222: 3.001e-01
223: 1.295e-01
224: 6.365e-01
225: 5.651e-01
226: 4.728e-01
227: 2.683e-01
228: 5.081e-01
229: 1.535e-01
230: 2.975e-01
231: 1.948e-01
232: 5.481e-01
233: 8.824e-01
234: 3.937e-01
235: 5.316e-01
236: 2.813e-02
237: 2.005e-01
238: 1.709e-01
239: 1.236e+00
240: 8.888e-01
241: 9.708e-02
242: 5.396e-01
243: 5.833e-01
244: 1.574e-01
245: 9.588e-01
246: 1.982e-01
247: 1.748e-01
248: 8.247e-02
249: 9.906e-01
250: 6.060e-01
251: 2.705e-01
252: 2.373e-01
253: 1.453e-01
254: 6.698e-02
255: 1.178e-01
256: 1.251e-01
257: 8.246e-01
258: 5.156e-01
259: 3.936e-01
260: 7.169e-01
261: 2.979e-01
262: 3.812e-01
263: 3.984e-01
264: 8.072e-01
265: 1.903e-01
266: 5.007e-01
267: 2.156e-01
268: 3.366e-01
269: 5.104e-01
270: 5.134e-01
271: 7.713e-02
272: 5.425e-01
273: 2.856e-01
274: 4.960e-01
275: 8.580e-02
276: 6.515e-01
277: 3.669e-01
278: 3.424e-01
279: 2.427e-01
280: 3.069e-01
281: 1.508e+00
282: 4.723e-01
283: 2.749e-01
284: 1.980e-01
285: 7.838e-02
286: 7.817e-02
287: 8.615e-01
288: 8.938e-01
289: 2.334e-01
290: 5.593e-01
291: 1.800e-01
292: 7.497e-01
293: 3.750e-01
294: 1.251e+00
295: 6.673e-01
296: 5.897e-01
297: 6.291e-01
298: 2.966e-01
299: 8.875e-01
300: 3.190e-02
301: 1.163e-01
302: 2.184e-01
303: 4.639e-01
304: 5.177e-01
305: 1.143e+00
306: 7.419e-01
307: 3.060e-01
308: 5.168e-01
309: 2.681e-01
310: 8.078e-02
311: 3.885e-01
312: 2.867e-01
313: 7.475e-01
314: 4.284e-01
315: 2.679e-01
316: 4.930e-01
317: 4.805e-01
318: 6.026e-01
319: 4.276e-01
320: 3.052e-01
321: 3.761e-01
322: 2.494e-01
323: 6.182e-01
324: 4.174e-01
325: 4.423e-01
326: 5.050e-01
327: 1.895e-01
328: 7.350e-01
329: 4.292e-01
330: 7.463e-01
331: 2.916e-01
332: 1.005e+00
333: 5.274e-01
334: 2.352e-01
335: 5.712e-01
336: 3.062e-01
337: 9.855e-01
338: 2.159e-01
339: 1.269e+00
340: 3.850e-01
341: 3.964e-01
342: 3.670e-01
343: 1.172e-01
344: 5.350e-01
345: 3.436e-01
346: 4.537e-01
347: 5.632e-01
348: 5.480e-01
349: 2.789e-01
350: 2.721e-01
351: 2.503e-01
352: 7.327e-01
353: 5.591e-01
354: 2.285e-01
355: 5.475e-02
356: 3.857e-01
357: 5.547e-01
358: 5.247e-01
359: 2.764e-01
360: 3.436e-01
361: 1.518e-01
362: 4.878e-01
363: 2.834e-01
364: 5.795e-01
365: 2.258e-01
366: 3.054e-01
367: 5.307e-01
368: 2.355e-01
369: 4.245e-01
370: 1.005e+00
371: 3.665e-01
372: 1.406e-01
373: 2.570e-01
374: 1.698e-01
375: 2.955e-01
376: 1.062e+00
377: 5.256e-01
378: 1.213e-01
379: 7.741e-02
380: 3.306e-02
381: 9.098e-02
382: 9.281e-01
383: 1.116e+00
384: 2.926e-01
385: 1.225e-01
386: 2.532e-01
387: 6.821e-01
388: 4.606e-01
389: 2.901e-01
390: 1.563e-01
391: 1.392e-01
392: 5.190e-01
393: 4.148e-01
394: 3.947e-01
395: 3.084e-01
396: 5.795e-02
397: 2.607e-02
398: 3.224e-01
399: 5.285e-01
400: 4.690e-01
401: 8.307e-02
402: 4.243e-01
403: 1.431e-01
404: 2.184e-01
405: 2.710e-01
406: 4.927e-01
407: 6.651e-01
408: 1.312e-01
409: 1.939e-02
410: 4.031e-01
411: 3.755e-01
412: 7.481e-01
413: 5.770e-01
414: 2.739e-01
415: 8.095e-01
416: 3.482e-01
417: 5.090e-01
418: 5.760e-01
419: 2.255e-01
420: 7.904e-01
421: 6.990e-01
422: 2.076e-01
423: 1.903e-01
424: 3.713e-01
425: 6.247e-01
426: 6.159e-01
427: 7.452e-01
428: 2.484e-01
429: 2.257e-01
430: 3.120e-01
431: 3.263e-01
432: 4.510e-01
433: 4.747e-01
434: 6.910e-01
435: 1.754e-01
436: 2.999e-02
437: 5.245e-01
438: 5.000e-01
439: 7.592e-01
440: 5.234e-01
441: 2.260e-02
442: 2.567e-01
443: 8.469e-01
444: 1.904e-01
445: 3.708e-01
446: 2.394e-01
447: 3.127e-01
448: 1.785e-01
449: 3.992e-01
450: 6.546e-01
451: 4.804e-01
452: 3.650e-01
453: 4.381e-01
454: 2.440e-01
455: 4.848e-01
456: 3.985e-01
457: 3.422e-01
458: 1.405e-01
459: 3.940e-01
460: 7.306e-01
461: 1.815e-01
462: 1.783e-01
463: 3.655e-01
464: 3.294e-01
465: 4.208e-01
466: 6.183e-01
467: 3.432e-01
468: 4.928e-01
469: 5.960e-01
470: 4.420e-01
471: 3.558e-01
472: 9.646e-02
473: 2.960e-01
474: 3.047e-01
475: 2.720e-01
476: 5.528e-01
477: 8.333e-01
478: 4.508e-01
479: 1.837e-01
480: 1.403e-01
481: 6.392e-02
482: 3.538e-01
483: 5.099e-01
484: 1.562e-01
485: 2.969e-01
486: 5.434e-01
487: 1.793e-01
488: 1.195e-01
489: 2.288e-01
490: 5.335e-01
491: 4.356e-01
492: 4.433e-01
493: 3.919e-01
494: 2.302e-01
495: 9.166e-02
496: 2.899e-01
497: 1.661e-01
498: 5.256e-01
499: 5.641e-01
500: 2.774e-01
501: 1.063e-01
502: 1.857e-01
503: 1.432e-01
504: 2.615e-01
505: 4.769e-01
506: 4.160e-01
507: 1.526e-01
508: 2.397e-01
509: 1.095e-01
510: 2.112e-02
511: 1.343e-01
512: 3.182e-01
513: 4.332e-01
514: 3.931e-01
515: 8.906e-03
516: 9.421e-02
517: 2.141e-01
518: 1.202e+00
519: 3.310e-01
520: 1.783e-01
521: 4.761e-01
522: 5.354e-01
523: 1.009e+00
524: 4.877e-01
525: 4.916e-01
526: 3.411e-01
527: 4.451e-01
528: 3.066e-01
529: 4.650e-01
530: 8.174e-02
531: 2.256e-01
532: 1.659e-01
533: 3.021e-01
534: 1.949e-01
535: 6.654e-03
536: 3.710e-01
537: 2.990e-01
538: 4.004e-01
539: 1.576e-01
540: 2.131e-01
541: 9.943e-02
542: 7.381e-01
543: 2.476e-01
544: 2.663e-01
545: 9.818e-01
546: 7.959e-01
547: 1.181e+00
548: 7.126e-01
549: 3.621e-01
550: 1.148e-01
551: 2.700e-01
552: 2.153e-01
553: 3.334e-01
554: 4.774e-01
555: 4.254e-01
556: 4.281e-01
557: 4.717e-01
558: 5.528e-01
559: 6.948e-01
560: 3.621e-01
561: 3.569e-01
562: 1.035e-01
563: 2.381e-01
564: 5.428e-01
565: 5.089e-01
566: 3.954e-01
567: 2.219e-01
568: 1.697e-01
569: 1.053e+00
570: 4.326e-01
571: 2.892e-01
572: 9.291e-01
573: 5.352e-01
574: 2.073e-01
575: 0.000e+00
576: 2.646e-01
577: 5.530e-01
578: 4.373e-01
579: 5.428e-01
580: 1.923e-01
581: 5.486e-02
582: 3.604e-01
583: 4.496e-01
584: 7.519e-01
585: 9.939e-02
586: 1.528e-01
587: 1.943e-01
588: 7.035e-01
589: 6.906e-01
590: 1.814e-01
591: 8.719e-02
592: 5.872e-01
593: 2.308e-01
594: 4.491e-01
595: 5.013e-01
596: 3.247e-01
597: 2.343e-01
598: 5.150e-01
599: 3.292e-01
600: 4.501e-01
601: 1.115e-01
602: 4.027e-01
603: 4.283e-01
604: 2.012e-01
605: 6.896e-02
606: 3.783e-01
607: 5.193e-01
608: 3.431e-01
609: 1.017e+00
610: 4.622e-01
611: 3.421e-01
612: 3.657e-01
613: 4.393e-01
614: 2.601e-01
615: 3.613e-01
616: 8.012e-01
617: 6.233e-01
618: 1.940e-01
619: 3.723e-01
620: 1.535e-01
621: 2.191e-01
622: 4.604e-01
623: 4.936e-01
624: 5.229e-01
625: 9.741e-02
626: 2.283e-01
627: 5.166e-01
628: 1.867e-01
629: 3.970e-01
630: 2.911e-01
631: 4.093e-01
632: 1.884e-01
633: 4.331e-01
634: 5.917e-01
635: 2.376e-01
636: 1.940e-01
637: 1.672e-01
638: 1.680e-01
639: 6.520e-01
640: 3.110e-01
641: 2.515e-01
642: 9.474e-02
643: 2.485e-01
644: 8.527e-01
645: 6.046e-01
646: 6.411e-01
647: 4.577e-01
648: 5.782e-01
649: 1.182e-01
650: 2.558e-01
651: 5.133e-01
652: 1.517e-01
653: 1.577e-01
654: 4.143e-01
655: 3.500e-01
656: 4.069e-01
657: 5.214e-01
658: 3.080e-01
659: 3.604e-01
660: 3.605e-01
661: 2.891e-01
662: 5.429e-01
663: 5.868e-02
664: 2.886e-01
665: 2.576e-01
666: 5.255e-01
667: 2.504e-01
668: 4.283e-01
669: 2.757e-01
670: 2.388e-01
671: 9.070e-02
672: 5.277e-01
673: 2.992e-01
674: 5.529e-01
675: 4.997e-01
676: 2.392e-01
677: 1.762e-01
678: 5.060e-01
679: 2.442e-01
680: 3.650e-01
681: 7.460e-02
682: 1.358e-01
683: 4.244e-01
684: 8.424e-01
685: 7.950e-01
686: 1.709e-01
687: 9.433e-02
688: 6.050e-01
689: 2.760e-01
690: 7.311e-01
691: 2.810e-01
692: 1.252e-01
693: 3.076e-01
694: 7.109e-01
695: 1.941e-01
696: 8.537e-01
697: 1.597e-01
698: 3.127e-01
699: 6.330e-01
700: 6.069e-01
701: 2.108e-01
702: 4.930e-02
703: 3.452e-01
704: 5.347e-01
705: 5.139e-01
706: 3.597e-01
707: 2.821e-01
708: 3.243e-01
709: 2.109e-01
710: 5.480e-01
711: 2.371e-01
712: 5.886e-02
713: 1.904e-01
714: 3.623e-01
715: 1.811e-01
716: 4.723e-01
717: 1.160e-01
718: 2.977e-01
719: 9.290e-02
720: 4.188e-01
721: 2.880e-01
722: 2.227e-02
723: 1.652e-01
724: 7.611e-02
725: 5.471e-01
726: 5.131e-01
727: 3.588e-01
728: 3.740e-01
729: 4.095e-01
730: 5.476e-01
731: 5.758e-01
732: 1.286e-01
733: 1.819e-01
734: 2.198e-01
735: 6.639e-01
736: 2.699e-01
737: 3.586e-02
738: 8.226e-02
739: 8.282e-02
740: 1.618e-01
741: 3.496e-01
742: 8.441e-02
743: 9.468e-02
744: 2.663e-01
745: 1.758e-01
746: 4.383e-01
747: 1.974e-02
748: 3.063e-01
749: 3.232e-01
750: 1.238e-01
751: 2.929e-02
752: 2.115e-01
753: 1.788e-01
754: 1.268e-02
755: 3.250e-01
756: 8.303e-01
757: 1.061e+00
758: 1.956e-01
759: 1.980e-01
760: 4.136e-01
761: 4.031e-01
762: 1.305e-01
763: 2.053e-01
764: 4.186e-01
765: 5.160e-01
766: 2.880e-01
767: 2.896e-01
768: 1.922e-01
769: 6.672e-01
770: 2.004e-01
771: 4.162e-02
772: 2.139e-01
773: 1.074e-01
774: 2.544e-01
775: 4.622e-02
776: 1.997e-01
777: 8.625e-01
778: 4.916e-01
779: 3.365e-01
780: 5.481e-01
781: 2.210e-01
782: 1.000e-01
783: 7.160e-02
784: 1.744e-02
785: 2.672e-02
786: 4.277e-02
787: 1.749e-01
788: 6.013e-01
789: 2.030e-01
790: 1.024e-01
791: 2.903e-01
792: 4.249e-01
793: 7.291e-01
794: 3.492e-01
795: 1.693e-02
796: 9.796e-02
797: 6.270e-01
798: 3.047e-01
799: 3.139e-01
800: 2.551e-01
801: 1.514e-01
802: 5.296e-01
803: 3.784e-01
804: 5.158e-01
805: 1.374e-01
806: 8.316e-02
807: 1.347e-01
808: 4.406e-01
809: 2.342e-01
810: 5.709e-01
811: 7.484e-02
812: 3.474e-01
813: 5.055e-01
814: 4.523e-01
815: 8.194e-02
816: 2.789e-01
817: 2.937e-01
818: 1.495e-01
819: 6.965e-02
820: 7.858e-01
821: 3.422e-01
822: 2.466e-01
823: 2.953e-01
824: 2.291e-01
825: 1.810e-01
826: 1.729e-01
827: 2.344e-01
828: 7.809e-01
829: 5.406e-01
830: 1.984e-01
831: 1.483e-01
832: 2.715e-01
833: 2.075e-01
834: 3.361e-01
835: 3.049e-01
836: 3.036e-01
837: 1.672e-01
838: 5.136e-02
839: 3.138e-02
840: 1.273e-01
841: 7.606e-01
842: 2.301e-01
843: 3.275e-01
844: 1.451e-01
845: 5.118e-01
846: 2.129e-01
847: 2.077e-01
848: 2.828e-01
849: 8.807e-02
850: 1.005e-01
851: 9.575e-02
852: 2.552e-01
853: 2.686e-01
854: 5.658e-02
855: 1.823e-01
856: 3.381e-01
857: 1.319e-01
858: 3.986e-01
859: 1.363e-01
860: 2.369e-01
861: 1.032e+00
862: 3.207e-01
863: 5.259e-01
864: 1.062e-01
865: 3.675e-01
866: 1.508e-01
867: 3.811e-01
868: 2.280e-01
869: 2.898e-01
870: 2.530e-01
871: 2.113e-01
872: 3.905e-01
873: 2.056e-01
874: 6.639e-01
875: 2.519e-02
876: 1.880e-01
877: 5.860e-01
878: 8.625e-02
879: 3.900e-02
880: 3.159e-02
881: 1.780e-01
882: 4.520e-01
883: 3.209e-01
884: 3.990e-01
885: 6.809e-02
886: 1.904e-01
887: 1.895e-01
888: 5.123e-01
889: 1.242e-01
890: 1.208e-01
891: 2.622e-01
892: 4.653e-01
893: 1.892e-01
894: 1.502e-01
895: 8.178e-02
896: 1.303e+00
897: 2.999e-01
898: 2.954e-01
899: 3.241e-02
900: 6.432e-02
901: 1.262e-01
902: 8.844e-02
903: 2.353e-01
904: 9.048e-02
905: 2.000e-01
906: 1.312e-01
907: 2.180e-01
908: 1.720e-01
909: 1.913e-01
910: 3.835e-01
911: 3.119e-01
912: 9.408e-02
913: 8.440e-03
914: 1.239e-01
915: 7.873e-02
916: 8.282e-01
917: 9.709e-02
918: 3.100e-01
919: 2.796e-01
920: 4.398e-01
921: 1.416e-01
922: 1.478e-01
923: 3.771e-02
924: 6.838e-02
925: 2.702e-01
926: 8.282e-02
927: 1.889e-01
928: 9.491e-01
929: 2.532e-01
930: 2.880e-01
931: 2.737e-01
932: 1.637e-01
933: 6.219e-01
934: 1.463e-01
935: 2.572e-01
936: 7.406e-02
937: 3.528e-01
938: 2.085e-01
939: 5.802e-01
940: 4.488e-01
941: 1.616e-01
942: 1.051e-01
943: 2.907e-01
944: 1.968e-01
945: 4.758e-01
946: 4.418e-01
947: 1.995e-01
948: 2.131e-01
949: 1.128e-01
950: 3.628e-01
951: 7.942e-01
952: 3.102e-01
953: 4.578e-01
954: 6.067e-01
955: 3.807e-01
956: 1.126e-01
957: 6.578e-01
958: 2.706e-01
959: 3.342e-01
960: 2.538e-01
961: 1.690e-01
962: 3.283e-01
963: 1.326e-01
964: 1.596e-01
965: 3.248e-01
966: 1.353e-01
967: 8.010e-01
968: 2.766e-01
969: 4.415e-01
970: 2.338e-01
971: 3.653e-02
972: 3.146e-01
973: 3.664e-01
974: 1.193e-01
975: 1.955e-01
976: 5.033e-01
977: 3.759e-01
978: 3.556e-01
979: 2.847e-01
980: 3.013e-01
981: 2.864e-01
982: 1.480e-01
983: 2.754e-01
984: 2.014e-01
985: 5.303e-01
986: 1.731e-01
987: 6.581e-01
988: 7.763e-02
989: 3.339e-01
990: 3.025e-01
991: 1.758e-01
992: 1.916e-01
993: 5.527e-01
994: 6.655e-01
995: 2.805e-01
996: 5.836e-01
997: 4.420e-01
998: 1.084e-01
999: 2.621e-01
1000: 4.247e-01
1001: 1.970e-01
1002: 3.585e-01
1003: 5.555e-01
1004: 6.350e-01
1005: 2.379e-01
1006: 1.766e-01
1007: 7.098e-01
1008: 1.545e-01
1009: 1.716e-01
1010: 2.282e-01
1011: 7.107e-01
1012: 2.553e-01
1013: 4.674e-01
1014: 1.611e-01
1015: 5.694e-01
1016: 3.237e-01
1017: 2.331e-01
1018: 0.000e+00
1019: 4.206e-01
1020: 2.395e-01
1021: 1.164e+00
1022: 2.756e-01
1023: 5.977e-02
1024: 2.067e-01
1025: 4.125e-01
1026: 5.721e-01
1027: 1.317e-01
1028: 2.010e-01
1029: 4.793e-02
1030: 5.092e-01
1031: 2.853e-01
1032: 3.162e-01
1033: 2.058e-01
1034: 3.221e-01
1035: 1.330e-01
1036: 2.518e-01
1037: 2.041e-01
1038: 4.148e-01
1039: 6.265e-01
1040: 3.171e-01
1041: 5.064e-02
1042: 5.029e-01
1043: 1.875e-01
1044: 3.973e-01
1045: 1.442e-01
1046: 1.362e-01
1047: 1.109e+00
1048: 1.615e-01
1049: 8.639e-02
1050: 2.145e-01
1051: 1.058e-01
1052: 3.983e-01
1053: 4.174e-01
1054: 4.087e-01
1055: 2.793e-01
1056: 6.101e-01
1057: 1.707e-01
1058: 7.344e-02
1059: 0.000e+00
1060: 7.407e-01
1061: 5.148e-01
1062: 1.150e-01
1063: 7.434e-02
1064: 1.710e-01
1065: 4.017e-02
1066: 2.276e-01
1067: 3.752e-01
1068: 1.386e-01
1069: 1.009e-01
1070: 1.658e-01
1071: 1.099e-01
1072: 5.603e-01
1073: 5.367e-01
1074: 2.268e-01
1075: 1.755e-01
1076: 1.999e-01
1077: 5.778e-01
1078: 2.216e-01
1079: 6.572e-01
1080: 4.210e-01
1081: 2.353e-01
1082: 6.057e-01
1083: 2.017e-01
1084: 5.908e-01
1085: 4.200e-01
1086: 5.668e-01
1087: 3.242e-01
1088: 9.574e-01
1089: 6.833e-01
1090: 2.934e-01
1091: 2.324e-01
1092: 5.178e-01
1093: 7.374e-01
1094: 3.212e-01
1095: 4.937e-02
1096: 2.440e-01
1097: 4.216e-01
1098: 3.768e-01
1099: 1.776e-01
1100: 4.403e-01
1101: 9.273e-02
1102: 1.615e-01
1103: 2.626e-01
1104: 1.056e+00
1105: 3.689e-01
1106: 3.187e-01
1107: 2.183e-01
1108: 1.186e-01
1109: 1.427e-01
1110: 2.608e-01
1111: 1.045e+00
1112: 5.167e-01
1113: 1.578e-01
1114: 4.717e-01
1115: 3.771e-01
1116: 8.025e-02
1117: 1.795e-01
1118: 3.619e-01
1119: 5.347e-02
1120: 1.845e-02
1121: 1.039e-01
1122: 1.039e-01
1123: 2.401e-01
1124: 2.714e-01
1125: 4.508e-01
1126: 3.944e-01
1127: 6.922e-02
1128: 6.432e-01
1129: 3.190e-01
1130: 6.117e-01
1131: 3.969e-01
1132: 3.486e-02
1133: 3.924e-01
1134: 3.605e-01
1135: 6.797e-01
1136: 2.559e-01
1137: 2.243e-01
1138: 1.503e-01
1139: 1.725e-01
1140: 5.604e-01
1141: 1.886e-01
1142: 3.438e-01
1143: 1.673e-01
1144: 3.256e-01
1145: 1.390e-01
1146: 1.978e-01
1147: 1.128e-01
1148: 3.011e-01
1149: 2.838e-01
1150: 1.783e-01
1151: 3.631e-01
1152: 2.877e-01
1153: 1.138e-01
1154: 5.020e-02
1155: 5.237e-02
1156: 1.464e-01
1157: 1.083e+00
1158: 1.504e-01
1159: 3.100e-01
1160: 6.384e-01
1161: 2.305e-01
1162: 6.407e-02
1163: 3.381e-01
1164: 6.415e-01
1165: 8.225e-01
1166: 3.341e-01
1167: 1.291e-01
1168: 1.281e-02
1169: 1.641e-01
1170: 5.681e-01
1171: 4.295e-01
1172: 4.671e-01
1173: 4.463e-01
1174: 3.898e-01
1175: 6.608e-01
1176: 3.189e-01
1177: 3.140e-01
1178: 4.912e-01
1179: 2.922e-01
1180: 6.575e-01
1181: 3.551e-01
1182: 6.574e-01
1183: 9.038e-02
1184: 5.033e-01
1185: 2.462e-01
1186: 1.998e-01
1187: 1.371e-01
1188: 8.704e-01
1189: 6.490e-01
1190: 3.168e-01
1191: 2.223e-01
1192: 1.343e-01
1193: 1.968e-02
1194: 1.939e-01
1195: 2.844e-01
1196: 3.753e-01
1197: 1.807e-01
1198: 2.027e-02
1199: 7.562e-02
1200: 1.647e-01
1201: 3.442e-01
1202: 4.697e-01
1203: 3.978e-01
1204: 2.110e-01
1205: 3.810e-01
1206: 2.658e-01
1207: 9.078e-02
1208: 2.304e-01
1209: 3.937e-01
1210: 9.684e-02
1211: 3.064e-01
1212: 2.473e-01
1213: 3.538e-01
1214: 9.815e-01
1215: 2.351e-01
1216: 1.693e-01
1217: 7.656e-02
1218: 8.334e-02
1219: 1.461e-01
1220: 1.517e-01
1221: 3.243e-01
1222: 3.279e-01
1223: 4.563e-01
1224: 6.565e-02
1225: 1.241e-01
1226: 3.338e-01
1227: 7.731e-01
1228: 5.051e-01
1229: 3.681e-01
1230: 9.943e-02
1231: 1.529e-01
1232: 3.389e-01
1233: 1.310e-01
1234: 3.270e-02
1235: 9.133e-02
1236: 1.299e-01
1237: 9.453e-01
1238: 2.381e-01
1239: 3.533e-01
1240: 3.225e-01
1241: 5.620e-01
1242: 1.056e-01
1243: 1.530e-01
1244: 4.005e-01
1245: 4.992e-01
1246: 8.111e-02
1247: 2.994e-02
1248: 2.506e-01
1249: 1.760e-01
1250: 4.364e-02
1251: 1.083e-01
1252: 6.969e-02
1253: 4.281e-01
1254: 8.541e-02
1255: 3.535e-01
1256: 1.262e-01
1257: 2.335e-01
1258: 2.693e-01
1259: 6.489e-02
1260: 4.794e-01
1261: 1.623e-01
1262: 9.281e-01
1263: 3.710e-01
1264: 4.324e-02
1265: 2.127e-01
1266: 8.435e-02
1267: 3.965e-01
1268: 5.661e-01
1269: 8.017e-01
1270: 1.427e-01
1271: 1.130e-01
1272: 3.117e-01
1273: 6.077e-02
1274: 2.846e-01
1275: 3.867e-01
1276: 5.977e-02
1277: 4.976e-01
1278: 7.851e-01
1279: 5.999e-02
1280: 3.624e-01
1281: 4.872e-01
1282: 7.119e-01
1283: 8.363e-02
1284: 3.460e-01
1285: 3.329e-01
1286: 1.473e-01
1287: 1.730e-01
1288: 5.256e-01
1289: 3.133e-01
1290: 3.942e-02
1291: 2.145e-01
1292: 2.185e-01
1293: 1.584e-01
1294: 5.168e-02
1295: 4.985e-01
1296: 1.947e-01
1297: 2.880e-01
1298: 3.576e-02
1299: 3.724e-01
1300: 2.221e-01
1301: 1.993e-01
1302: 6.333e-01
1303: 5.706e-01
1304: 2.674e-01
1305: 1.622e-01
1306: 1.230e-01
1307: 2.672e-01
1308: 3.690e-01
1309: 8.142e-02
1310: 7.402e-02
1311: 3.524e-01
1312: 1.153e+00
1313: 7.163e-01
1314: 3.002e-01
1315: 1.168e-01
1316: 4.136e-01
1317: 5.762e-01
1318: 1.974e-01
1319: 2.386e-01
1320: 6.516e-01
1321: 2.710e-01
1322: 5.537e-01
1323: 1.895e-01
1324: 2.757e-01
1325: 3.532e-01
1326: 3.464e-01
1327: 1.488e-01
1328: 3.457e-01
1329: 2.018e-01
1330: 7.663e-02
1331: 1.194e-01
1332: 3.355e-01
1333: 4.766e-01
1334: 4.700e-01
1335: 6.317e-01
1336: 1.260e-01
1337: 3.156e-01
1338: 7.052e-02
1339: 2.761e-01
1340: 2.082e-01
1341: 9.239e-02
1342: 4.936e-02
1343: 6.235e-01
1344: 8.742e-01
1345: 2.034e-01
1346: 1.700e-01
1347: 5.994e-01
1348: 4.814e-01
1349: 1.683e-01
1350: 5.612e-01
1351: 2.111e-01
1352: 6.762e-02
1353: 4.952e-01
1354: 2.362e-01
1355: 1.171e-01
1356: 3.012e-01
1357: 2.074e-02
1358: 5.502e-02
1359: 5.494e-01
1360: 7.795e-02
1361: 2.476e-01
1362: 2.016e-01
1363: 1.786e-01
1364: 2.897e-01
1365: 7.483e-02
1366: 2.466e-01
1367: 2.410e-01
1368: 1.551e-01
1369: 4.306e-01
1370: 1.839e-01
1371: 2.408e-01
1372: 3.523e-01
1373: 3.795e-01
1374: 1.990e-01
1375: 2.281e-01
1376: 4.639e-01
1377: 2.738e-01
1378: 1.581e-01
1379: 1.361e-01
1380: 4.905e-02
1381: 2.656e-03
1382: 1.972e-01
1383: 4.812e-02
1384: 1.018e-01
1385: 4.789e-01
1386: 2.101e-01
1387: 9.424e-02
1388: 9.655e-01
1389: 2.978e-01
1390: 1.347e-01
1391: 5.900e-01
1392: 9.923e-02
1393: 3.135e-01
1394: 7.434e-01
1395: 1.909e-01
1396: 2.112e-01
1397: 4.238e-01
1398: 8.859e-02
1399: 9.415e-02
1400: 3.527e-01
1401: 1.162e-01
1402: 1.368e-01
1403: 2.669e-01
1404: 1.316e-01
1405: 2.142e-01
1406: 1.928e-01
1407: 2.904e-01
1408: 8.439e-01
1409: 1.956e-01
1410: 1.922e-01
1411: 3.824e-01
1412: 3.369e-01
1413: 4.128e-01
1414: 1.467e-01
1415: 1.481e-01
1416: 1.965e-01
1417: 6.851e-02
1418: 5.282e-01
1419: 3.670e-01
1420: 2.354e-01
1421: 2.964e-01
1422: 2.072e-01
1423: 2.070e-01
1424: 1.883e-01
1425: 3.024e-01
1426: 4.035e-01
1427: 3.406e-01
1428: 1.788e-01
1429: 3.271e-01
1430: 8.060e-02
1431: 1.903e-01
1432: 1.259e-01
1433: 1.564e-01
1434: 5.196e-01
1435: 3.032e-01
1436: 1.976e-01
1437: 2.329e-01
1438: 4.105e-01
1439: 1.138e-01
1440: 1.674e-01
1441: 6.726e-02
1442: 2.753e-01
1443: 7.791e-01
1444: 4.711e-01
1445: 2.830e-01
1446: 2.024e-01
1447: 1.414e-01
1448: 1.905e-01
1449: 4.447e-02
1450: 2.576e-01
1451: 7.338e-01
1452: 4.382e-01
1453: 1.274e-01
1454: 4.093e-02
1455: 1.013e-01
1456: 4.547e-01
1457: 1.273e-01
1458: 1.561e-01
1459: 1.122e-01
1460: 1.816e-01
1461: 2.434e-01
1462: 5.120e-01
1463: 7.657e-02
1464: 2.365e-01
1465: 2.508e-01
1466: 4.076e-01
1467: 1.628e-01
1468: 3.348e-01
1469: 2.504e-01
1470: 1.385e-01
1471: 5.427e-01
1472: 2.132e-01
1473: 1.142e-01
1474: 1.044e+00
1475: 5.055e-02
1476: 2.678e-01
1477: 3.917e-01
1478: 2.051e-01
1479: 1.685e-01
1480: 1.756e-01
1481: 9.369e-01
1482: 2.115e-01
1483: 1.894e-01
1484: 1.415e-01
1485: 5.190e-01
1486: 6.749e-01
1487: 8.464e-02
1488: 1.806e-01
1489: 1.007e-01
1490: 2.435e-01
1491: 1.387e-01
1492: 7.171e-02
1493: 2.236e-01
1494: 3.466e-01
1495: 2.536e-01
1496: 2.817e-01
1497: 4.906e-02
1498: 5.946e-02
1499: 1.675e-01
1500: 3.206e-01
1501: 2.804e-01
1502: 1.553e-01
1503: 6.005e-01
1504: 6.426e-01
1505: 5.795e-01
1506: 2.095e-01
1507: 3.279e-01
1508: 4.119e-01
1509: 1.999e-01
1510: 5.344e-02
1511: 5.982e-01
1512: 3.742e-01
1513: 5.369e-01
1514: 3.484e-01
1515: 2.400e-01
1516: 1.136e-01
1517: 2.208e-01
1518: 2.363e-01
1519: 1.295e-01
1520: 4.841e-01
1521: 1.433e-01
1522: 1.019e-01
1523: 1.071e+00
1524: 4.260e-01
1525: 1.570e-01
1526: 2.540e-02
1527: 5.334e-02
1528: 9.496e-01
1529: 1.224e-01
1530: 6.207e-01
1531: 1.938e-01
1532: 2.648e-01
1533: 1.800e-01
1534: 6.505e-01
1535: 3.376e-01
1536: 2.209e-01
1537: 2.132e-01
1538: 1.663e-01
1539: 5.537e-01
1540: 1.253e-01
1541: 1.002e-01
1542: 8.526e-02
1543: 2.495e-02
1544: 4.524e-01
1545: 4.557e-01
1546: 3.330e-01
1547: 4.075e-01
1548: 3.111e-01
1549: 1.432e-01
1550: 1.786e-01
1551: 1.831e-01
1552: 1.901e-01
1553: 2.410e-02
1554: 3.213e-01
1555: 5.586e-01
1556: 2.067e-01
1557: 2.246e-01
1558: 2.985e-01
1559: 4.714e-01
1560: 4.422e-02
1561: 6.912e-01
1562: 4.764e-01
1563: 1.775e-01
1564: 2.527e-01
1565: 2.249e-01
1566: 2.362e-01
1567: 7.562e-02
1568: 1.244e-01
1569: 3.968e-01
1570: 4.479e-01
1571: 1.706e-01
1572: 4.512e-01
1573: 8.916e-01
1574: 2.241e-01
1575: 1.072e-01
1576: 8.746e-02
1577: 4.193e-01
1578: 6.478e-02
1579: 2.392e-01
1580: 2.453e-01
1581: 1.962e-01
1582: 5.637e-02
1583: 7.242e-01
1584: 1.102e-01
1585: 3.389e-02
1586: 1.340e-01
1587: 1.815e-01
1588: 2.054e-01
1589: 3.774e-01
1590: 1.505e-01
1591: 4.134e-01
1592: 2.369e-01
1593: 2.645e-01
1594: 1.427e-02
1595: 2.645e-01
1596: 8.874e-01
1597: 4.140e-02
1598: 2.250e-01
1599: 0.000e+00
1600: 1.140e-01
1601: 3.551e-01
1602: 2.621e-01
1603: 2.816e-01
1604: 1.527e-01
1605: 1.797e-01
1606: 4.950e-01
1607: 1.818e-01
1608: 1.859e-01
1609: 2.472e-01
1610: 1.719e-01
1611: 8.115e-03
1612: 9.863e-02
1613: 1.114e-01
1614: 5.144e-01
1615: 1.091e-01
1616: 1.229e-01
1617: 5.896e-02
1618: 1.879e-01
1619: 2.391e-01
1620: 3.400e-01
1621: 1.666e-01
1622: 1.067e-01
1623: 1.524e-01
1624: 5.330e-01
1625: 4.147e-01
1626: 5.969e-01
1627: 3.351e-01
1628: 3.741e-02
1629: 3.346e-01
1630: 2.704e-01
1631: 3.270e-01
1632: 2.427e-02
1633: 2.879e-01
1634: 3.595e-01
1635: 2.948e-01
1636: 1.831e-01
1637: 2.621e-01
1638: 4.530e-01
1639: 1.641e-01
1640: 7.337e-02
1641: 3.783e-01
1642: 5.560e-02
1643: 1.955e-01
1644: 1.291e-01
1645: 1.743e-01
1646: 1.729e-02
1647: 7.320e-01
1648: 4.707e-01
1649: 1.258e-01
1650: 5.065e-02
1651: 5.010e-02
1652: 2.502e-01
1653: 1.421e-01
1654: 2.916e-01
1655: 4.894e-02
1656: 3.810e-02
1657: 1.813e-01
1658: 8.811e-01
1659: 6.562e-01
1660: 6.464e-02
1661: 8.963e-02
1662: 3.336e-01
1663: 4.289e-01
1664: 1.923e-01
1665: 5.845e-02
1666: 3.437e-01
1667: 8.610e-02
1668: 1.245e-01
1669: 4.263e-01
1670: 1.041e-01
1671: 7.213e-02
1672: 7.928e-01
1673: 2.973e-01
1674: 7.275e-02
1675: 6.081e-01
1676: 1.200e+00
1677: 2.754e-01
1678: 2.639e-01
1679: 4.144e-01
1680: 2.669e-01
1681: 8.570e-02
1682: 3.064e-01
1683: 3.690e-01
1684: 3.711e-01
1685: 4.253e-02
1686: 2.403e-01
1687: 9.323e-02
1688: 1.289e-01
1689: 5.858e-02
1690: 3.443e-02
1691: 2.001e-02
1692: 1.567e-01
1693: 3.738e-02
1694: 2.282e-01
1695: 2.292e-01
1696: 2.213e-01
1697: 2.161e-01
1698: 1.221e-01
1699: 2.774e-01
1700: 1.049e-01
1701: 3.014e-02
1702: 2.240e-02
1703: 2.014e-02
1704: 7.506e-02
1705: 9.031e-02
1706: 1.491e-01
1707: 2.339e-01
1708: 8.923e-01
1709: 1.386e-01
1710: 2.977e-01
1711: 3.479e-01
1712: 3.805e-01
1713: 3.005e-01
1714: 6.599e-01
1715: 2.019e-01
1716: 3.985e-01
1717: 1.759e-01
1718: 4.237e-01
1719: 1.484e-01
1720: 8.753e-01
1721: 2.452e-01
1722: 2.281e-02
1723: 1.461e-01
1724: 2.694e-01
1725: 2.995e-01
1726: 1.329e-01
1727: 5.859e-01
1728: 1.444e-01
1729: 1.683e-01
1730: 2.556e-01
1731: 2.382e-01
1732: 2.549e-01
1733: 2.249e-01
1734: 2.885e-02
1735: 2.146e-01
1736: 2.914e-01
1737: 1.010e-01
1738: 1.095e-01
1739: 2.247e-01
1740: 1.691e-01
1741: 1.943e-01
1742: 6.860e-01
1743: 2.037e-01
1744: 9.811e-02
1745: 5.229e-02
1746: 2.487e-02
1747: 1.025e-01
1748: 3.201e-01
1749: 3.771e-01
1750: 1.788e-01
1751: 2.480e-01
1752: 3.593e-01
1753: 1.212e-01
1754: 6.890e-02
1755: 2.253e-01
1756: 6.258e-02
1757: 1.854e-01
1758: 1.089e-01
1759: 9.804e-02
1760: 2.406e-01
1761: 4.672e-01
1762: 1.251e-01
1763: 1.848e-01
1764: 2.475e-01
1765: 1.371e-01
1766: 1.833e-01
1767: 9.273e-01
1768: 4.634e-01
1769: 4.343e-01
1770: 1.268e-01
1771: 4.927e-01
1772: 2.152e-01
1773: 2.265e-01
1774: 5.396e-02
1775: 1.598e-01
1776: 1.013e-01
1777: 7.089e-01
1778: 3.936e-01
1779: 1.888e-01
1780: 3.012e-01
1781: 6.969e-02
1782: 1.373e-01
1783: 2.258e-01
1784: 2.315e-01
1785: 2.811e-01
1786: 7.473e-01
1787: 3.682e-01
1788: 2.032e-01
1789: 6.073e-01
1790: 3.130e-01
1791: 1.982e-01
1792: 1.725e-01
1793: 2.922e-01
1794: 1.243e-01
1795: 5.181e-01
1796: 1.605e-01
1797: 5.229e-01
1798: 2.065e-01
1799: 3.892e-01
1800: 1.603e-01
1801: 5.193e-01
1802: 1.470e-01
1803: 7.786e-02
1804: 2.608e-01
1805: 2.938e-01
1806: 1.878e-01
1807: 1.713e-01
1808: 4.550e-01
1809: 3.438e-01
1810: 2.000e-01
1811: 2.530e-01
1812: 1.774e-01
1813: 2.969e-01
1814: 2.799e-01
1815: 4.365e-01
1816: 7.307e-02
1817: 2.250e-01
1818: 1.663e-01
1819: 2.603e-01
1820: 8.512e-02
1821: 1.502e-01
1822: 1.438e-01
1823: 3.659e-01
1824: 4.958e-01
1825: 2.116e-01
1826: 2.457e-01
1827: 4.349e-02
1828: 1.808e-01
1829: 3.170e-01
1830: 1.202e-01
1831: 5.342e-01
1832: 1.839e-01
1833: 1.079e-01
1834: 5.950e-01
1835: 9.281e-02
1836: 2.773e-01
1837: 2.444e-01
1838: 3.195e-01
1839: 6.561e-03
1840: 3.272e-02
1841: 3.022e-01
1842: 3.202e-01
1843: 3.994e-01
1844: 5.356e-01
1845: 2.102e-01
1846: 1.613e-01
1847: 4.808e-01
1848: 1.490e-01
1849: 2.196e-01
1850: 1.850e-01
1851: 8.783e-02
1852: 3.928e-01
1853: 9.067e-01
1854: 2.368e-01
1855: 1.920e-01
1856: 5.258e-01
1857: 2.020e-01
1858: 1.659e-01
1859: 1.086e-01
1860: 2.929e-01
1861: 2.281e-01
1862: 5.301e-01
1863: 5.515e-01
1864: 1.376e-01
1865: 3.522e-01
1866: 1.607e-01
1867: 2.458e-01
1868: 2.626e-01
1869: 1.106e-01
1870: 1.895e-01
1871: 1.870e-01
1872: 2.139e-01
1873: 7.063e-02
1874: 4.616e-01
1875: 1.792e-01
1876: 3.901e-01
1877: 2.685e-01
1878: 2.278e-01
1879: 2.096e-01
1880: 1.750e-01
1881: 1.632e-01
1882: 1.018e-01
1883: 1.624e-01
1884: 6.031e-01
1885: 1.074e-01
1886: 2.175e-01
1887: 1.481e-01
1888: 1.261e-01
1889: 4.715e-01
1890: 5.454e-01
1891: 2.285e-01
1892: 9.774e-02
1893: 3.308e-01
1894: 2.789e-02
1895: 1.736e-01
1896: 3.405e-01
1897: 8.560e-02
1898: 6.920e-02
1899: 5.625e-01
1900: 2.173e-01
1901: 9.227e-02
1902: 1.571e-01
1903: 3.918e-01
1904: 3.254e-01
1905: 4.835e-02
1906: 1.776e-01
1907: 2.843e-01
1908: 4.858e-01
1909: 4.524e-01
1910: 2.076e-01
1911: 1.601e-01
1912: 3.888e-01
1913: 5.631e-01
1914: 3.266e-01
1915: 3.048e-01
1916: 1.601e-01
1917: 8.319e-02
1918: 1.885e-01
1919: 1.164e-01
1920: 3.362e-01
1921: 1.301e-01
1922: 1.529e-01
1923: 4.304e-01
1924: 3.708e-01
1925: 7.015e-01
1926: 1.993e-01
1927: 5.594e-02
1928: 1.624e-01
1929: 1.164e-01
1930: 1.927e-01
1931: 3.498e-01
1932: 4.207e-02
1933: 1.495e-01
1934: 1.137e-01
1935: 5.975e-01
1936: 1.624e-01
1937: 2.098e-01
1938: 2.527e-01
1939: 4.463e-01
1940: 2.572e-01
1941: 8.396e-02
1942: 4.523e-02
1943: 6.290e-02
1944: 3.820e-02
1945: 2.706e-02
1946: 6.855e-02
1947: 7.213e-02
1948: 2.085e-01
1949: 2.805e-01
1950: 4.760e-02
1951: 1.862e-01
1952: 9.525e-02
1953: 3.985e-01
1954: 1.686e-01
1955: 3.299e-01
1956: 8.052e-02
1957: 3.203e-01
1958: 1.308e-01
1959: 2.014e-01
1960: 4.197e-01
1961: 7.712e-02
1962: 2.357e-01
1963: 2.765e-01
1964: 3.750e-01
1965: 2.417e-01
1966: 2.760e-01
1967: 2.040e-01
1968: 3.329e-01
1969: 2.525e-01
1970: 4.553e-01
1971: 1.739e-01
1972: 7.797e-02
1973: 5.021e-01
1974: 2.289e-01
1975: 3.526e-01
1976: 3.672e-02
1977: 6.137e-02
1978: 5.493e-02
1979: 4.203e-01
1980: 1.403e-01
1981: 2.618e-01
1982: 3.648e-01
1983: 3.019e-02
1984: 1.014e-01
1985: 4.003e-01
1986: 5.043e-01
1987: 1.075e-01
1988: 1.107e-01
1989: 9.902e-02
1990: 3.269e-01
1991: 1.778e-01
1992: 9.319e-02
1993: 5.922e-02
1994: 5.959e-02
1995: 4.009e-01
1996: 6.002e-02
1997: 1.468e-01
1998: 5.653e-02
1999: 0.000e+00
2000: 1.266e-01
2001: 2.713e-01
2002: 4.372e-01
2003: 2.990e-01
2004: 1.815e-01
2005: 2.344e-01
2006: 1.220e-01
2007: 4.940e-01
2008: 6.781e-01
2009: 1.871e-01
2010: 3.959e-01
2011: 2.733e-01
2012: 2.011e-01
2013: 4.200e-01
2014: 1.860e-01
2015: 2.389e-01
2016: 2.385e-01
2017: 1.887e-01
2018: 4.213e-01
2019: 3.128e-01
2020: 1.329e-01
2021: 1.690e-01
2022: 1.597e-01
2023: 2.889e-01
2024: 4.591e-02
2025: 1.607e-01
2026: 3.252e-02
2027: 1.175e-01
2028: 1.386e-01
2029: 2.543e-01
2030: 1.388e-01
2031: 1.911e-01
2032: 3.735e-01
2033: 2.257e-01
2034: 1.376e-01
2035: 6.460e-01
2036: 6.490e-02
2037: 1.525e-01
2038: 5.411e-02
2039: 8.015e-02
2040: 1.937e-01
2041: 4.943e-01
2042: 1.149e-01
2043: 2.431e-01
2044: 3.137e-02
2045: 4.640e-01
2046: 2.165e-01
2047: 7.675e-01
2048: 5.236e-01
2049: 3.907e-01
2050: 1.375e-01
2051: 1.068e-01
2052: 6.824e-02
2053: 3.326e-02
2054: 4.662e-01
2055: 1.510e-01
2056: 1.111e-01
2057: 2.427e-01
2058: 2.720e-01
2059: 3.247e-01
2060: 1.580e-01
2061: 2.534e-02
2062: 4.677e-02
2063: 1.895e-04
2064: 1.523e-01
2065: 2.955e-02
2066: 1.410e-01
2067: 2.518e-01
2068: 2.408e-01
2069: 6.484e-02
2070: 6.799e-02
2071: 1.655e-01
2072: 5.419e-02
2073: 7.406e-02
2074: 1.057e-01
2075: 1.128e-01
2076: 5.382e-02
2077: 8.276e-02
2078: 4.407e-02
2079: 1.473e-01
2080: 6.031e-01
2081: 2.010e-01
2082: 5.569e-01
2083: 2.910e-01
2084: 1.384e-01
2085: 5.153e-01
2086: 1.754e-01
2087: 1.834e-01
2088: 4.147e-01
2089: 9.758e-02
2090: 2.367e-01
2091: 4.712e-01
2092: 3.260e-01
2093: 2.411e-02
2094: 1.091e-01
2095: 5.385e-01
2096: 5.414e-01
2097: 5.211e-01
2098: 2.082e-01
2099: 1.224e-01
2100: 3.373e-01
2101: 7.434e-02
2102: 8.173e-01
2103: 3.073e-01
2104: 4.997e-01
2105: 2.246e-01
2106: 3.607e-01
2107: 5.270e-01
2108: 2.811e-01
2109: 5.181e-01
2110: 4.839e-01
2111: 1.624e-01
2112: 1.122e-01
2113: 7.777e-02
2114: 2.255e-01
2115: 1.605e-01
2116: 7.228e-02
2117: 1.810e-01
2118: 2.226e-01
2119: 3.456e-01
2120: 3.993e-02
2121: 2.724e-01
2122: 3.793e-01
2123: 1.412e-01
2124: 1.668e-01
2125: 3.040e-01
2126: 4.960e-02
2127: 9.266e-02
2128: 3.470e-01
2129: 4.272e-03
2130: 5.672e-02
2131: 7.846e-02
2132: 6.029e-02
2133: 1.262e-01
2134: 1.459e-01
2135: 1.705e-01
2136: 2.230e-01
2137: 5.160e-01
2138: 6.891e-01
2139: 2.511e-01
2140: 3.345e-02
2141: 2.099e-01
2142: 2.045e-01
2143: 1.491e-01
2144: 8.188e-02
2145: 1.566e-01
2146: 4.718e-02
2147: 4.985e-02
