1: 9.184e-01
2: 6.074e-01
3: 8.026e-01
4: 5.896e-01
5: 3.382e-01
6: 9.115e-02
7: 1.531e+00
8: 3.065e-01
9: 3.850e-02
10: 4.131e-01
11: 1.994e+00
12: 2.186e+00
13: 1.685e+00
14: 6.751e-01
15: 7.063e-01
16: 5.617e-01
17: 2.016e+00
18: 2.693e-01
19: -2.055e-01
20: -5.855e-02
21: 1.290e+00
22: 1.375e+00
23: 2.514e+00
24: 2.525e+00
25: 5.740e-01
26: -4.464e-01
27: 2.051e-01
28: 1.705e-01
29: 7.578e-01
30: 2.512e-01
31: 3.181e-01
32: 6.612e-01
33: 8.696e-01
34: 7.497e-01
35: 8.835e-01
36: 6.917e-01
37: 1.007e+00
38: 5.126e-02
39: 6.092e-01
40: 3.172e-01
41: -1.747e-01
42: 3.269e-01
43: 1.257e+00
44: 5.527e-01
45: 4.107e-01
46: 9.014e-02
47: 6.365e-01
48: 2.698e-01
49: 3.564e-01
50: 1.283e+00
51: 6.550e-01
52: 9.593e-01
53: 2.887e+00
54: 1.099e+00
55: 7.513e-01
56: 5.563e-01
57: 7.876e-01
58: 1.860e+00
59: 3.434e-01
60: 7.336e-01
61: 2.867e-01
62: 3.045e-01
63: 2.817e-01
64: 2.091e+00
65: 6.142e-01
66: 1.154e+00
67: 8.520e-01
68: 2.035e+00
69: 4.065e+00
70: 3.346e+00
71: 1.549e+00
72: 1.128e+00
73: 5.070e-01
74: 1.252e+00
75: 1.348e+00
76: 4.786e-01
77: 1.564e+00
78: 1.446e+00
79: 1.970e+00
80: 2.046e+00
81: 2.443e+00
82: -4.924e-02
83: 6.131e-01
84: 1.076e+00
85: 1.942e+00
86: 2.003e+00
87: 4.711e+00
88: 3.033e+00
89: 8.046e-01
90: 2.419e+00
91: 2.254e+00
92: 2.583e+00
93: -6.173e-01
94: -3.410e-01
95: 9.377e-01
96: 2.174e-01
97: -8.460e-02
98: 1.378e+00
99: -4.790e-01
100: 3.669e-01
101: 2.863e-01
102: 4.013e-01
103: -2.669e-01
104: 7.750e-01
105: 6.065e-01
106: 1.683e+00
107: 1.800e+00
108: 2.085e+00
109: 1.542e+00
110: 1.513e+00
111: 2.847e+00
112: 5.137e+00
113: 3.672e+00
114: 2.491e-01
115: 1.570e+00
116: 1.402e+00
117: 1.590e+00
118: 2.041e+00
119: 5.449e-01
120: 8.865e-01
121: 1.009e+00
122: 8.894e-01
123: 2.856e-02
124: 2.106e+00
125: 1.972e+00
126: 1.814e+00
127: 1.701e+00
128: 9.783e-01
129: 6.903e-01
130: 8.916e-01
131: 1.395e+00
132: 9.336e-01
133: -3.084e-01
134: 2.078e+00
135: 2.148e+00
136: 1.821e+00
137: -7.969e-01
138: 9.237e-01
139: 5.862e-01
140: -3.001e-01
141: 2.111e+00
142: 4.326e+00
143: 8.693e-01
144: 9.558e-01
145: 1.920e-01
146: 1.524e+00
147: 9.119e-01
148: 1.127e+00
149: 1.663e+00
150: 1.865e+00
151: 1.568e+00
152: 1.437e+00
153: 1.308e+00
154: 2.079e+00
155: 1.538e+00
156: 8.184e-01
157: 2.814e+00
158: 1.704e+00
159: 1.753e+00
160: 1.510e+00
161: 1.357e+00
162: 1.539e+00
163: 1.310e+00
164: 1.693e+00
165: 1.107e+00
166: 8.948e-01
167: 1.458e+00
168: 8.373e-01
169: 5.067e-01
170: 9.316e-01
171: 1.623e+00
172: 2.651e+00
173: 1.957e+00
174: 7.371e-01
175: 1.179e+00
176: 1.178e+00
177: 8.573e-01
178: -7.009e-02
179: 2.554e+00
180: 1.706e+00
181: 7.252e-01
182: 7.114e-01
183: -8.011e-01
184: 9.139e-01
185: 7.369e-01
186: 2.377e-01
187: 8.918e-01
188: -4.739e-04
189: 3.827e-01
190: 3.882e-01
191: 5.808e-01
192: 1.061e+00
193: 8.656e-01
194: 2.565e+00
195: 1.366e+00
196: 7.327e-01
197: 3.142e-01
198: 5.116e-01
199: 4.267e-01
200: 7.104e-01
201: 1.334e+00
202: 1.974e-01
203: 1.445e+00
204: 8.992e-01
205: 1.065e+00
206: 8.666e-01
207: 2.949e-01
208: 1.350e+00
209: 1.537e+00
210: 1.176e+00
211: 1.107e+00
212: 1.062e+00
213: 1.618e+00
214: 2.860e-01
215: 2.795e+00
216: 1.924e+00
217: 1.718e+00
218: 3.150e+00
219: 1.499e+00
220: 6.770e-01
221: 6.591e-01
222: 8.926e-01
223: 5.294e-01
224: 6.866e-01
225: 9.883e-01
226: 1.417e+00
227: 9.540e-01
228: 8.197e-01
229: 1.154e+00
230: 8.304e-01
231: 9.914e-01
232: 7.224e-02
233: 5.853e-01
234: 1.440e+00
235: 8.364e-01
236: 1.618e+00
237: 9.590e-01
238: 1.272e+00
239: -1.488e-01
240: 2.184e+00
241: 1.702e+00
242: 4.840e-01
243: -3.592e-01
244: 9.891e-01
245: 5.855e-01
246: 2.025e+00
247: 5.026e-01
248: 1.312e+00
249: 1.224e+00
250: 3.917e-01
251: 6.344e-01
252: 1.600e+00
253: 2.105e+00
254: 9.107e-01
255: 1.774e+00
256: 2.533e+00
257: 1.598e+00
258: 3.088e+00
259: 1.362e+00
260: -7.081e-01
261: 9.096e-01
262: 1.924e+00
263: 1.401e+00
264: 7.017e-01
265: 2.070e+00
266: 2.007e+00
267: 1.652e+00
268: 7.713e-01
269: 2.188e+00
270: 1.438e-01
271: 8.053e-01
272: 1.152e+00
273: 7.759e-01
274: 5.629e-01
275: 1.643e+00
276: 6.835e-01
277: 1.713e+00
278: 1.965e+00
279: 1.751e+00
280: 1.133e+00
281: 5.746e-01
282: 5.670e-01
283: 1.187e+00
284: 1.065e+00
285: 1.674e+00
286: 2.745e+00
287: 3.037e+00
288: 1.077e+00
289: 6.201e-01
290: 1.602e+00
291: 2.535e+00
292: 1.258e+00
293: 3.144e+00
294: 1.466e+00
295: 1.545e+00
296: 5.892e-01
297: 4.035e-01
298: 1.215e+00
299: 1.937e+00
300: 1.883e+00
301: 1.623e+00
302: 1.909e+00
303: 1.203e+00
304: 6.932e-01
305: 1.202e+00
306: 1.286e+00
307: 2.895e+00
308: 1.460e+00
309: 1.971e+00
310: 1.085e+00
311: 1.965e+00
312: 1.451e+00
313: 1.977e+00
314: 3.830e-01
315: 6.280e-01
316: 7.389e-01
317: 7.369e-01
318: 9.090e-01
319: 6.067e-01
320: 5.630e-01
321: 1.714e+00
322: 2.369e+00
323: 1.310e+00
324: 1.360e+00
325: 8.308e-01
326: 1.276e+00
327: 1.629e+00
328: 1.837e+00
329: 1.100e+00
330: 8.321e-01
331: 2.143e+00
332: 1.632e+00
333: 2.820e+00
334: 2.492e+00
335: 2.688e+00
336: 1.640e+00
337: 1.723e+00
338: 1.281e+00
339: 4.615e-01
340: 2.564e+00
341: 2.152e+00
342: 2.601e+00
343: 1.639e+00
344: 1.449e+00
345: 5.806e-01
346: 2.036e-01
347: 1.842e+00
348: 1.926e+00
349: 1.638e+00
350: 6.921e-01
351: 1.003e+00
352: 8.054e-01
353: 1.102e+00
354: 1.412e+00
355: 1.330e+00
356: 1.761e+00
357: 1.197e+00
358: 1.117e+00
359: 1.688e+00
360: 9.175e-01
361: 1.445e+00
362: 1.032e+00
363: 5.846e-01
364: 1.055e+00
365: 2.153e+00
366: 1.062e+00
367: 1.171e+00
368: 1.799e+00
369: 5.549e-01
370: 2.721e+00
371: 1.253e+00
372: 1.825e+00
373: 7.701e-01
374: 6.894e-01
375: 7.298e-01
376: 6.835e-01
377: 3.736e-01
378: 1.454e+00
379: 7.900e-01
380: 8.526e-01
381: 1.478e+00
382: 1.902e+00
383: 9.004e-01
384: 1.069e+00
385: 1.420e+00
386: 1.696e+00
387: 1.346e-01
388: 1.285e+00
389: 1.663e+00
390: 1.979e+00
391: 1.167e+00
392: 1.590e+00
393: 9.662e-01
394: 9.892e-01
395: 1.612e+00
396: 1.380e+00
397: 8.900e-01
398: 2.690e+00
399: 2.251e+00
400: 7.552e-01
401: 2.101e+00
402: 8.604e-01
403: 1.382e+00
404: 3.341e+00
405: 2.276e+00
406: 2.330e+00
407: 2.116e+00
408: 2.128e+00
409: 2.269e+00
410: 1.950e+00
411: 1.601e+00
412: 8.962e-01
413: 1.274e+00
414: 3.357e+00
415: 2.007e+00
416: 6.695e-01
417: 1.631e+00
418: 2.336e+00
419: 3.350e-01
420: 1.580e+00
421: 1.736e+00
422: 2.323e+00
423: 2.102e+00
424: 2.079e+00
425: 9.290e-01
426: 1.672e+00
427: 3.296e+00
428: 2.199e+00
429: 1.797e+00
430: 9.878e-01
431: 1.430e+00
432: 8.549e-01
433: 1.547e+00
434: 1.078e+00
435: 1.102e+00
436: 3.110e+00
437: 1.835e+00
438: 2.526e+00
439: 1.190e+00
440: 1.040e+00
441: 9.460e-01
442: 6.916e-01
443: 1.009e+00
444: 1.730e+00
445: 5.896e-01
446: 1.080e+00
447: 1.895e+00
448: 1.253e+00
449: 1.883e+00
450: 1.574e+00
451: 1.298e+00
452: 1.127e+00
453: 7.856e-01
454: 9.938e-01
455: 2.249e-01
456: 1.348e+00
457: 1.345e+00
458: 1.237e+00
459: 9.668e-01
460: 1.044e+00
461: 2.162e+00
462: 1.399e+00
463: 2.033e+00
464: 1.577e+00
465: 1.573e+00
466: 2.975e-01
467: 1.167e+00
468: 1.530e+00
469: 1.595e+00
470: 1.064e+00
471: 1.939e+00
472: 8.092e-01
473: 3.570e-01
474: 1.777e+00
475: 6.779e-01
476: 2.080e+00
477: 1.623e+00
478: 1.256e+00
479: 8.946e-01
480: 1.868e+00
481: 5.961e-01
482: 1.402e+00
483: 2.213e+00
484: 2.075e+00
485: 6.688e-01
486: 9.672e-01
487: 1.067e+00
488: 9.415e-01
489: 2.224e+00
490: 1.185e+00
491: 1.634e+00
492: 9.769e-01
493: 1.070e+00
494: 1.394e+00
495: 1.279e+00
496: 1.250e+00
497: 2.063e+00
498: 1.698e+00
499: 7.745e-01
500: 1.116e+00
501: 1.750e+00
502: 1.660e-01
503: 1.275e+00
504: 1.679e+00
505: 2.085e+00
506: 9.433e-01
507: 2.195e+00
508: 1.785e+00
509: 2.307e+00
510: 2.481e+00
511: 2.107e+00
512: 1.291e+00
513: 1.364e+00
514: 2.780e+00
515: 2.042e+00
516: 9.364e-01
517: 5.798e-01
518: 1.064e+00
519: 7.249e-01
520: 2.320e+00
521: 2.052e+00
522: 1.693e+00
523: 3.113e-01
524: 8.511e-01
525: 1.411e+00
526: 1.466e+00
527: 1.504e+00
528: 1.265e+00
529: 3.148e-01
530: 1.162e+00
531: 2.058e+00
532: 2.242e+00
533: 1.724e+00
534: 3.112e+00
535: 1.559e+00
536: 1.482e+00
537: 1.008e+00
538: 1.633e+00
539: 6.590e-01
540: 1.604e+00
541: 2.348e+00
542: 8.965e-01
543: 1.501e+00
544: 8.982e-01
545: 1.507e+00
546: 1.317e+00
547: 1.060e+00
548: 1.817e+00
549: 1.743e+00
550: 1.646e+00
551: 9.920e-01
552: 2.191e+00
553: 2.011e+00
554: 1.501e+00
555: 1.598e+00
556: 9.912e-01
557: 1.617e+00
558: 3.406e+00
559: 1.876e+00
560: 1.615e+00
561: 2.614e+00
562: 1.801e+00
563: 1.955e+00
564: 2.087e+00
565: 1.937e+00
566: 1.337e+00
567: 1.218e+00
568: 1.360e+00
569: 1.776e+00
570: 1.293e+00
571: 9.139e-01
572: 2.004e+00
573: 1.903e+00
574: 2.143e+00
575: 1.637e+00
576: 8.604e-01
577: 1.210e+00
578: 1.152e+00
579: 1.377e+00
580: 1.038e+00
581: 2.490e+00
582: 2.087e+00
583: 1.642e+00
584: 1.783e+00
585: 2.098e+00
586: 1.749e+00
587: 1.317e+00
588: 1.641e+00
589: 2.256e+00
590: 1.852e+00
591: 1.552e+00
592: 1.324e+00
593: 2.303e+00
594: 2.166e+00
595: 2.510e+00
596: 1.466e+00
597: 1.772e+00
598: 9.538e-01
599: 1.051e+00
600: 1.161e+00
601: 1.720e+00
602: 2.129e+00
603: 1.712e+00
604: 1.220e+00
605: 1.183e+00
606: 1.985e+00
607: 2.098e+00
608: 2.065e+00
609: 9.101e-01
610: 1.592e+00
611: 1.942e+00
612: 1.882e+00
613: 1.677e+00
614: 1.648e+00
615: 8.420e-01
616: 9.834e-01
617: 1.824e+00
618: 1.981e+00
619: 1.458e+00
620: 9.146e-01
621: 1.010e+00
622: 5.517e-01
623: 6.503e-01
624: 1.403e+00
625: 2.005e+00
626: 1.089e+00
627: 8.406e-01
628: 1.232e+00
629: 1.635e+00
630: 2.022e+00
631: 2.081e+00
632: 1.388e+00
633: 1.412e+00
634: 1.479e+00
635: 1.475e+00
636: 1.458e+00
637: 2.288e+00
638: 1.074e+00
639: 2.758e-01
640: 1.554e+00
641: 2.392e+00
642: 2.109e+00
643: 1.721e+00
644: 1.420e+00
645: 6.783e-01
646: 1.761e+00
647: 1.952e+00
648: 1.945e+00
649: 2.013e+00
650: 1.063e+00
651: 1.390e+00
652: 1.032e+00
653: 1.570e+00
654: 1.835e+00
655: 2.269e+00
656: 1.547e+00
657: 1.313e+00
658: 2.008e+00
659: 1.956e+00
660: 1.821e+00
661: 8.007e-01
662: 2.209e+00
663: 1.720e+00
664: 1.820e+00
665: 1.786e+00
666: 7.759e-01
667: 1.483e+00
668: 1.022e+00
669: 8.232e-01
670: 1.916e+00
671: 2.136e+00
672: 1.994e+00
673: 8.880e-01
674: 1.826e+00
675: 1.875e+00
676: 8.688e-01
677: 1.284e+00
678: 9.003e-01
679: 1.179e+00
680: 1.261e+00
681: 1.824e+00
682: 1.151e+00
683: 1.349e+00
684: 9.904e-01
685: 1.468e+00
686: 1.648e+00
687: 1.301e+00
688: 1.694e+00
689: 1.530e+00
690: 1.578e+00
691: 9.973e-01
692: 7.197e-01
693: 1.242e+00
694: 1.854e+00
695: 1.822e+00
696: 2.239e+00
697: 9.023e-01
698: 1.659e+00
699: 1.089e+00
700: 9.875e-01
701: 1.798e+00
702: 1.378e+00
703: 8.456e-01
704: 1.031e+00
705: 1.364e+00
706: 9.440e-01
707: 1.284e+00
708: 6.428e-01
709: 1.260e+00
710: 1.123e+00
711: 7.022e-01
712: 1.049e+00
713: 1.572e+00
714: 6.436e-01
715: 1.810e+00
716: 8.956e-01
717: 1.720e+00
718: 1.698e+00
719: 1.259e+00
720: 1.364e+00
721: 1.568e+00
722: 1.401e+00
723: 1.820e+00
724: 1.837e+00
725: 8.423e-01
726: 2.252e+00
727: 1.581e+00
728: 2.205e+00
729: 8.191e-01
730: 1.521e+00
731: 1.442e+00
732: 8.049e-01
733: 1.779e+00
734: 2.498e+00
735: 1.998e+00
736: 9.176e-01
737: 1.583e+00
738: 1.572e+00
739: 1.804e+00
740: 8.328e-01
741: 1.513e+00
742: 2.038e+00
743: 2.231e+00
744: 1.872e+00
745: 1.415e+00
746: 7.042e-01
747: 1.701e+00
748: 2.248e+00
749: 1.667e+00
750: 1.855e+00
751: 1.395e+00
752: 1.748e+00
753: 1.847e+00
754: 1.561e+00
755: 2.025e-01
756: 1.602e+00
757: 2.162e+00
758: 1.708e+00
759: 2.387e+00
760: 1.363e+00
761: 9.285e-01
762: 9.471e-01
763: 2.011e+00
764: 2.785e+00
765: 1.161e+00
766: 1.540e+00
767: 9.760e-01
768: 1.368e+00
769: 1.573e+00
770: 1.455e+00
771: 2.072e+00
772: 1.996e+00
773: 1.875e+00
774: 1.481e+00
775: 1.969e+00
776: 1.562e+00
777: 5.587e-01
778: 1.489e+00
779: 1.477e+00
780: 1.127e+00
781: 1.817e+00
782: 1.933e+00
783: 1.221e+00
784: 1.301e+00
785: 1.815e+00
786: 1.768e+00
787: 1.087e+00
788: 1.023e+00
789: 1.191e+00
790: 1.836e+00
791: 1.093e+00
792: 9.135e-01
793: 1.207e+00
794: 1.386e+00
795: 1.175e+00
796: 1.701e+00
797: 1.609e+00
798: 9.102e-01
799: 1.800e+00
800: 1.753e+00
801: 1.721e+00
802: 1.139e+00
803: 1.074e+00
804: 2.006e+00
805: 2.616e+00
806: 1.840e+00
807: 1.187e+00
808: 1.554e+00
809: 1.784e+00
810: 1.362e+00
811: 1.459e+00
812: 2.055e+00
813: 1.111e+00
814: 1.885e+00
815: 1.765e+00
816: 5.734e-01
817: 1.127e+00
818: 1.649e+00
819: 1.203e+00
820: 1.913e+00
821: 1.431e+00
822: 1.148e+00
823: 1.398e+00
824: 1.336e+00
825: 1.895e+00
826: 1.658e+00
827: 9.579e-01
828: 1.455e+00
829: 1.542e+00
830: 1.385e+00
831: 1.976e+00
832: 1.747e+00
833: 1.711e+00
834: 1.318e+00
835: 2.761e+00
836: 1.754e+00
837: 1.407e+00
838: 1.258e+00
839: 9.347e-01
840: 1.506e+00
841: 8.949e-01
842: 1.821e+00
843: 1.865e+00
844: 1.987e+00
845: 1.850e+00
846: 2.310e-01
847: 1.132e+00
848: 1.243e+00
849: 1.352e+00
850: 2.147e+00
851: 1.836e+00
852: 2.077e+00
853: 7.813e-01
854: 1.173e+00
855: 1.033e+00
856: 1.362e+00
857: 1.270e+00
858: 2.755e+00
859: 1.402e+00
860: 1.769e+00
861: 1.042e+00
862: 1.450e+00
863: 1.272e+00
864: 2.158e+00
865: 1.799e+00
866: 1.411e+00
867: 1.938e+00
868: 1.773e+00
869: 6.140e-01
870: 1.977e+00
871: 1.904e+00
872: 2.109e+00
873: 1.644e+00
874: 1.115e+00
875: 1.974e+00
876: 1.550e+00
877: 6.623e-01
878: 1.595e+00
879: 1.403e+00
880: 1.481e+00
881: 1.265e+00
882: 1.587e+00
883: 9.671e-01
884: 1.479e+00
885: 1.168e+00
886: 1.594e+00
887: 1.501e+00
888: 1.545e+00
889: 1.600e+00
890: 2.038e+00
891: 1.256e+00
892: 8.634e-01
893: 1.653e+00
894: 1.966e+00
895: 1.492e+00
896: 1.745e+00
897: 1.698e+00
898: 1.020e+00
899: 2.146e+00
900: 2.250e+00
901: 2.068e+00
902: 1.903e+00
903: 9.575e-01
904: 8.301e-01
905: 9.895e-01
906: 7.691e-01
907: 1.235e+00
908: 1.253e+00
909: 1.972e+00
910: 1.763e+00
911: 6.028e-01
912: 2.138e+00
913: 1.527e+00
914: 2.080e+00
915: 1.082e+00
916: 1.448e+00
917: 1.174e+00
918: 2.499e+00
919: 2.187e+00
920: 1.998e+00
921: 1.921e+00
922: 3.000e+00
923: 2.003e+00
924: 7.623e-01
925: 1.685e+00
926: 2.059e+00
927: 1.646e+00
928: 1.697e+00
929: 7.066e-01
930: 8.299e-01
931: 1.329e+00
932: 2.037e+00
933: 1.165e+00
934: 1.301e+00
935: 7.188e-01
936: 1.522e+00
937: 1.558e+00
938: 1.320e+00
939: 1.911e+00
940: 1.306e+00
