1: 1.478e+00
2: 2.605e-01
3: 4.065e-01
4: 6.052e-01
5: 9.510e-01
6: 9.020e-01
7: 1.051e+00
8: 2.839e-01
9: 2.015e-01
10: 1.064e-01
11: 2.859e-02
12: 3.637e-01
13: 9.346e-02
14: 1.485e-01
15: 9.316e-02
16: 9.923e-03
17: 0.000e+00
18: 1.466e-01
19: 7.722e-01
20: 9.793e-02
21: 0.000e+00
22: 4.234e-01
23: 8.507e-01
24: 6.231e-01
25: 7.020e-01
26: 1.052e+00
27: 1.336e-01
28: 0.000e+00
29: 5.756e-02
30: 3.221e-02
31: 1.975e-01
32: 1.350e-01
33: 3.202e-01
34: 1.514e-02
35: 3.260e-03
36: 8.583e-02
37: 5.012e-02
38: 1.406e-02
39: 0.000e+00
40: 5.452e-02
41: 3.086e-01
42: 0.000e+00
43: 1.530e-03
44: 2.573e-01
45: 9.937e-01
46: 1.126e+00
47: 5.341e-01
48: 3.837e-01
49: 9.551e-02
50: 1.424e-01
51: 2.386e-01
52: 3.265e-01
53: 4.481e-01
54: 3.222e-01
55: 4.015e-01
56: 4.795e-01
57: 8.255e-01
58: 4.461e-01
59: 1.142e+00
60: 4.596e-01
61: 3.021e-01
62: 3.300e-01
63: 3.223e-01
64: 7.900e-01
65: 1.052e+00
66: 2.078e-01
67: 5.416e-01
68: 8.364e-01
69: 3.616e-01
70: 4.320e-01
71: 4.644e-01
72: 3.468e-01
73: 1.932e-01
74: 2.298e-01
75: 2.150e-01
76: 1.669e-01
77: 2.987e-01
78: 3.413e-01
79: 5.900e-01
80: 2.996e-01
81: 6.155e-01
82: 4.765e-02
83: 3.799e-01
84: 2.187e-01
85: 3.831e-01
86: 5.605e-01
87: 1.887e-01
88: 5.672e-02
89: 1.599e-01
90: 5.723e-01
91: 2.554e-01
92: 1.813e-01
93: 4.473e-01
94: 2.122e-01
95: 2.572e-01
96: 6.033e-02
97: 2.945e-01
98: 1.508e-01
99: 1.293e-01
100: 3.100e-01
101: 2.372e-01
102: 2.268e-01
103: 4.599e-01
104: 1.070e+00
105: 6.436e-01
106: 3.524e-01
107: 3.146e-01
108: 3.159e-01
109: 6.220e-01
110: 3.877e-01
111: 5.963e-01
112: 1.982e-01
113: 1.139e-01
114: 4.763e-01
115: 3.278e-01
116: 2.143e-01
117: 1.442e-01
118: 1.556e-01
119: 1.886e-01
120: 9.425e-02
121: 3.577e-01
122: 1.694e-01
123: 4.683e-01
124: 2.337e-01
125: 3.266e-01
126: 3.676e-01
127: 6.428e-01
128: 4.730e-01
129: 3.052e-01
130: 3.013e-01
131: 6.096e-02
132: 2.453e-01
133: 5.020e-01
134: 1.732e-01
135: 1.625e-01
136: 3.031e-01
137: 3.640e-01
138: 1.117e-01
139: 2.721e-01
140: 1.782e-01
141: 1.927e-01
142: 1.159e-01
143: 7.008e-02
144: 3.403e-01
145: 2.422e-01
146: 3.457e-01
147: 1.405e-01
148: 3.681e-02
149: 3.012e-01
150: 6.202e-01
151: 5.393e-01
152: 9.541e-01
153: 3.460e-01
154: 1.388e-01
155: 2.154e-01
156: 6.586e-01
157: 2.298e-01
158: 2.422e-01
159: 5.703e-02
160: 5.372e-01
161: 1.829e-01
162: 8.738e-01
163: 7.159e-01
164: 3.792e-01
165: 2.300e-01
166: 4.814e-02
167: 2.002e-01
168: 1.371e-01
169: 8.249e-02
170: 1.501e-01
171: 0.000e+00
172: 1.049e-01
173: 5.694e-03
174: 6.095e-02
175: 5.088e-02
176: 1.155e-01
177: 2.227e-01
178: 1.917e-01
179: 3.217e-03
180: 2.097e-02
181: 0.000e+00
182: 4.080e-03
183: 1.493e-02
184: 2.281e-01
185: 5.798e-02
186: 1.347e-02
187: 1.229e-01
188: 1.710e-02
189: 3.707e-02
190: 1.387e-01
191: 4.307e-02
192: 1.403e-01
193: 9.307e-03
194: 6.091e-02
195: 4.018e-02
196: 2.320e-01
197: 1.313e-03
198: 1.217e-03
199: 5.935e-02
200: 5.268e-01
201: 1.690e-01
202: 2.654e-02
203: 4.443e-01
204: 3.261e-01
205: 2.831e-01
206: 5.934e-02
207: 0.000e+00
208: 1.274e-01
209: 1.306e-02
210: 6.642e-01
211: 9.810e-03
212: 5.928e-02
213: 2.813e-02
214: 9.557e-02
215: 1.032e-01
216: 2.760e-02
217: 2.810e-02
218: 5.676e-02
219: 3.420e-02
220: 1.996e-01
221: 0.000e+00
222: 3.288e-03
223: 3.393e-02
224: 1.938e-02
225: 8.625e-03
226: 1.955e-02
227: 1.494e-02
228: 9.916e-03
229: 1.032e-02
230: 6.567e-02
231: 6.066e-02
232: 2.328e-01
233: 7.599e-02
234: 3.774e-01
235: 4.220e-02
236: 7.330e-03
237: 3.663e-02
238: 1.113e-01
239: 6.869e-02
240: 1.153e-01
241: 2.873e-02
242: 1.556e-01
243: 5.128e-01
244: 2.972e-01
245: 3.459e-02
246: 3.833e-01
247: 9.807e-01
248: 2.787e-01
249: 1.947e-01
250: 7.880e-02
251: 2.883e-02
252: 1.729e-01
253: 5.446e-03
254: 1.604e-01
255: 3.398e-02
256: 3.099e-02
257: 1.534e-02
258: 0.000e+00
259: 6.317e-02
260: 1.849e-01
261: 1.380e-02
262: 5.823e-02
263: 3.233e-01
264: 6.635e-03
265: 1.286e-02
266: 1.043e-01
267: 0.000e+00
268: 1.921e-02
269: 2.001e-01
270: 2.997e-02
271: 4.486e-02
272: 1.298e-01
273: 7.413e-02
274: 5.878e-03
275: 2.312e-02
276: 7.498e-02
277: 3.663e-01
278: 1.838e-02
279: 5.554e-02
280: 4.967e-02
281: 1.205e-03
282: 4.748e-02
283: 8.573e-02
284: 2.336e-02
285: 1.640e-02
286: 1.991e-02
287: 8.195e-03
288: 2.091e-01
289: 4.786e-03
290: 1.604e-01
291: 1.436e-01
292: 2.723e-02
293: 1.361e-01
294: 1.060e-02
295: 2.574e-01
296: 1.133e-01
297: 1.115e-01
298: 1.411e-01
299: 0.000e+00
300: 4.353e-02
301: 1.391e-02
302: 2.371e-01
303: 1.158e-01
304: 0.000e+00
305: 0.000e+00
306: 9.466e-03
307: 1.634e-02
308: 3.988e-02
309: 2.145e-02
310: 3.850e-02
311: 1.705e-02
312: 2.294e-01
313: 1.514e-02
314: 2.221e-01
315: 3.907e-02
316: 7.140e-02
317: 2.196e-02
318: 1.630e-01
319: 1.347e-01
320: 2.163e-02
321: 2.122e-02
322: 1.257e-01
323: 4.933e-02
324: 6.319e-02
325: 3.613e-02
326: 1.185e-01
327: 3.225e-02
328: 3.346e-02
329: 1.214e-02
330: 3.376e-02
331: 4.567e-02
332: 6.948e-02
333: 3.768e-02
334: 2.445e-02
335: 2.710e-02
336: 1.924e-01
337: 4.068e-03
338: 1.772e-02
339: 8.272e-02
340: 2.845e-01
341: 1.734e-02
342: 3.139e-03
343: 2.141e-02
344: 2.835e-02
345: 8.512e-03
346: 4.279e-02
347: 6.793e-03
348: 0.000e+00
349: 2.298e-01
350: 1.616e-01
351: 3.719e-02
352: 1.826e-02
353: 4.733e-02
354: 2.439e-01
355: 1.840e-02
356: 1.174e-01
357: 5.220e-02
358: 2.010e-01
359: 6.005e-03
360: 9.619e-02
361: 7.990e-02
362: 3.628e-02
363: 2.113e-02
364: 1.909e-02
365: 2.519e-02
366: 2.023e-01
367: 5.567e-02
368: 3.141e-02
369: 2.070e-01
370: 1.078e-01
371: 1.031e-01
372: 1.147e-01
373: 2.747e-02
374: 2.721e-02
375: 6.533e-02
376: 3.971e-02
377: 9.596e-02
378: 2.066e-01
379: 7.625e-02
380: 1.548e-01
381: 1.306e-01
382: 9.617e-02
383: 2.496e-02
384: 8.349e-02
385: 7.837e-02
386: 7.766e-03
387: 1.754e-01
388: 3.353e-02
389: 2.906e-01
390: 1.450e-02
391: 6.210e-02
392: 1.853e-02
393: 1.191e-01
394: 1.295e-02
395: 8.304e-02
396: 6.428e-02
397: 2.792e-01
398: 1.077e-02
399: 5.582e-02
400: 2.449e-02
401: 2.567e-02
402: 9.480e-02
403: 3.201e-02
404: 1.102e-01
405: 5.213e-02
406: 1.153e-01
407: 0.000e+00
408: 1.222e-02
409: 4.548e-02
410: 1.566e-01
411: 1.946e-02
412: 1.224e-01
413: 5.214e-02
414: 1.356e-01
415: 1.151e-01
416: 1.877e-01
417: 5.632e-02
418: 1.118e-02
419: 0.000e+00
420: 1.617e-02
421: 3.699e-02
422: 9.100e-02
423: 6.476e-02
424: 3.597e-01
425: 1.957e-02
426: 5.422e-02
427: 0.000e+00
428: 9.115e-02
429: 2.254e-02
430: 5.525e-02
431: 1.143e-01
432: 3.870e-02
433: 1.027e-01
434: 1.178e-02
435: 2.976e-02
436: 2.018e-01
437: 1.544e-01
438: 3.844e-02
439: 0.000e+00
440: 1.265e-01
441: 4.849e-02
442: 2.921e-02
443: 1.567e-01
444: 1.534e-01
445: 8.171e-03
446: 1.989e-01
447: 1.151e-01
448: 1.641e-01
449: 4.546e-02
450: 0.000e+00
451: 9.409e-02
452: 6.746e-03
453: 1.402e-01
454: 1.655e-01
455: 2.369e-02
456: 1.127e-01
457: 1.782e-01
458: 4.144e-02
459: 1.413e-01
460: 1.072e-02
461: 7.142e-02
462: 5.467e-02
463: 2.031e-02
464: 6.195e-02
465: 1.372e-02
466: 6.378e-02
467: 5.428e-02
468: 3.554e-02
469: 3.114e-02
470: 6.984e-02
471: 5.402e-02
472: 2.757e-02
473: 1.582e-02
474: 1.923e-02
475: 1.723e-01
476: 8.960e-02
477: 1.574e-02
478: 1.840e-02
479: 6.967e-02
480: 0.000e+00
481: 2.641e-01
482: 2.176e-01
483: 3.362e-02
484: 2.080e-03
485: 1.584e-01
486: 1.334e-01
487: 1.444e-01
488: 2.226e-01
489: 0.000e+00
490: 1.397e-01
491: 1.003e-01
492: 3.130e-03
493: 1.488e-01
494: 5.706e-02
495: 6.537e-02
496: 4.732e-02
497: 9.922e-02
498: 4.227e-02
499: 1.111e-03
500: 4.880e-02
501: 3.316e-01
502: 7.836e-02
503: 2.038e-03
504: 0.000e+00
505: 6.025e-02
506: 2.358e-01
507: 1.322e-01
508: 1.535e-01
509: 0.000e+00
510: 7.074e-02
511: 3.351e-02
512: 1.128e-01
513: 1.215e-01
514: 1.224e-01
515: 1.481e-01
516: 2.131e-02
517: 5.518e-03
518: 0.000e+00
519: 0.000e+00
520: 1.140e-01
521: 2.042e-02
522: 1.130e-01
523: 5.559e-02
524: 1.478e-01
525: 2.495e-01
526: 8.496e-03
527: 1.057e-01
528: 5.830e-03
529: 9.651e-02
530: 1.452e-01
531: 2.650e-02
532: 1.274e-01
533: 4.806e-01
534: 4.605e-01
535: 3.499e-01
536: 9.174e-03
537: 1.110e-01
538: 3.609e-02
539: 3.214e-02
540: 4.746e-02
541: 6.136e-02
542: 3.218e-02
543: 5.311e-02
544: 3.072e-03
545: 1.269e-02
546: 2.426e-01
547: 9.280e-02
548: 6.714e-02
549: 6.943e-02
550: 1.903e-02
551: 6.419e-02
552: 8.503e-02
553: 1.226e-01
554: 4.153e-02
555: 2.801e-01
556: 1.417e-01
557: 8.709e-02
558: 1.264e-02
559: 8.458e-03
560: 5.145e-02
561: 6.743e-02
562: 1.757e-02
563: 8.806e-02
564: 1.903e-01
565: 2.840e-03
566: 8.072e-02
567: 2.298e-01
568: 2.812e-01
569: 3.450e-01
570: 1.032e-01
571: 4.635e-03
572: 5.846e-02
573: 3.593e-02
574: 5.100e-02
575: 3.377e-01
576: 8.648e-01
577: 5.615e-01
578: 7.805e-01
579: 9.719e-02
580: 7.014e-02
581: 1.275e-01
582: 8.304e-02
583: 1.055e-02
584: 7.251e-02
585: 1.946e-02
586: 8.201e-02
587: 5.198e-02
588: 6.648e-02
589: 1.556e-01
590: 4.957e-02
591: 6.682e-02
592: 2.713e-02
593: 5.208e-02
594: 1.052e-01
595: 5.053e-02
596: 1.033e-01
597: 1.188e-01
598: 2.072e-01
599: 7.749e-03
600: 1.456e-01
601: 2.050e-01
602: 8.756e-02
603: 3.225e-01
604: 2.169e-01
605: 1.392e-02
606: 2.124e-01
607: 8.488e-02
608: 2.658e-02
609: 1.268e-01
610: 7.003e-02
611: 6.132e-02
612: 1.042e-01
613: 6.246e-02
614: 3.425e-02
615: 2.004e-01
616: 1.840e-01
617: 2.546e-02
618: 7.067e-02
619: 3.612e-02
620: 5.055e-02
621: 8.110e-03
622: 2.220e-01
623: 8.355e-02
624: 1.756e-01
625: 2.548e-02
626: 4.773e-02
627: 4.004e-02
628: 5.098e-02
629: 5.116e-02
630: 8.403e-02
631: 2.888e-02
632: 1.623e-01
633: 5.573e-02
634: 1.305e-02
635: 1.463e-01
636: 1.710e-02
637: 1.184e-01
638: 2.230e-01
639: 7.592e-02
640: 8.082e-03
641: 7.031e-02
642: 2.078e-02
643: 1.512e-02
644: 6.003e-02
645: 1.003e-01
646: 3.728e-02
647: 2.655e-03
648: 5.752e-02
649: 4.999e-03
650: 4.931e-03
651: 1.472e-01
652: 8.528e-02
653: 4.483e-02
654: 6.155e-02
655: 1.519e-01
656: 9.001e-02
657: 4.686e-02
658: 6.739e-03
659: 1.879e-01
660: 5.058e-02
661: 2.750e-02
662: 4.669e-02
663: 7.741e-02
664: 1.018e-01
665: 5.653e-03
666: 5.178e-02
667: 1.286e-02
668: 2.360e-02
669: 8.492e-02
670: 1.086e-03
671: 1.829e-01
672: 1.430e-01
673: 2.325e-02
674: 2.347e-02
675: 3.274e-02
676: 3.240e-02
677: 4.091e-02
678: 1.908e-01
679: 1.344e-01
680: 5.814e-02
681: 1.187e-01
682: 1.049e-01
683: 4.708e-02
684: 1.457e-03
685: 5.538e-02
686: 1.061e-01
687: 1.286e-01
688: 8.694e-02
689: 6.998e-02
690: 3.294e-03
691: 1.689e-01
692: 3.843e-02
693: 1.158e-01
694: 4.651e-03
695: 1.446e-01
696: 8.452e-02
697: 6.677e-03
698: 3.456e-02
699: 8.643e-02
700: 1.355e-01
701: 1.994e-01
702: 4.984e-01
703: 3.181e-01
704: 7.781e-02
705: 6.653e-02
706: 2.823e-02
707: 0.000e+00
708: 5.477e-02
709: 1.535e-01
710: 4.157e-01
711: 1.271e-01
712: 5.728e-02
713: 1.181e-01
714: 6.869e-02
715: 1.267e-01
716: 3.768e-02
717: 1.762e-02
718: 6.158e-03
719: 5.607e-02
720: 7.859e-02
721: 1.182e-01
722: 6.513e-02
723: 7.385e-02
724: 5.454e-04
725: 2.290e-03
726: 2.887e-02
727: 1.304e-02
728: 1.599e-01
729: 1.450e-01
730: 1.764e-01
731: 6.589e-02
732: 5.947e-02
733: 3.498e-02
734: 8.118e-02
735: 2.368e-02
736: 1.562e-01
737: 1.432e-02
738: 8.840e-02
739: 4.293e-02
740: 3.345e-02
741: 6.429e-02
742: 1.772e-02
743: 3.933e-03
744: 6.335e-02
745: 1.196e-02
746: 1.795e-01
747: 9.356e-02
748: 3.405e-02
749: 3.566e-02
750: 5.918e-02
751: 1.091e-03
752: 3.139e-02
753: 6.912e-02
754: 1.242e-01
755: 5.488e-02
756: 9.011e-03
757: 1.250e-01
758: 1.271e-01
759: 6.291e-02
760: 2.881e-02
761: 3.488e-02
762: 4.150e-02
763: 8.131e-03
764: 4.026e-03
765: 4.882e-02
766: 1.412e-01
767: 1.700e-04
768: 4.837e-02
769: 1.107e-01
770: 1.526e-01
771: 1.693e-01
772: 7.823e-02
773: 5.031e-02
774: 1.184e-01
775: 1.162e-01
776: 1.263e-01
777: 3.281e-02
778: 1.366e-01
779: 4.277e-02
780: 3.482e-02
781: 2.634e-02
782: 2.009e-01
783: 3.128e-03
784: 3.082e-02
785: 2.841e-02
786: 3.930e-02
787: 2.317e-02
788: 0.000e+00
789: 3.050e-02
790: 3.820e-02
791: 4.632e-03
792: 4.521e-02
793: 3.910e-02
794: 2.987e-02
795: 8.804e-04
796: 3.304e-02
797: 3.661e-02
798: 1.020e-01
799: 4.336e-02
800: 6.517e-02
801: 2.328e-02
802: 2.745e-01
803: 3.841e-01
804: 2.659e-01
805: 6.208e-01
806: 4.003e-01
807: 1.665e-01
808: 0.000e+00
809: 2.886e-02
810: 1.048e-01
811: 3.125e-02
812: 3.979e-02
813: 6.187e-02
814: 3.952e-02
815: 4.335e-02
816: 0.000e+00
817: 1.221e-01
818: 6.737e-02
819: 1.756e-02
820: 2.530e-02
821: 1.329e-02
822: 7.408e-02
823: 2.293e-03
824: 5.837e-02
825: 1.953e-02
826: 5.610e-02
827: 3.151e-02
828: 1.462e-02
829: 3.500e-02
830: 4.895e-02
831: 3.507e-01
832: 2.078e-01
833: 3.398e-01
834: 6.134e-01
835: 5.137e-02
836: 6.807e-02
837: 8.927e-02
838: 6.128e-02
839: 9.579e-02
840: 1.062e-01
841: 3.368e-02
842: 1.077e-01
843: 3.536e-01
844: 2.224e-01
845: 2.054e-01
846: 7.995e-01
847: 1.406e-01
848: 4.881e-01
849: 1.060e-01
850: 8.021e-02
851: 0.000e+00
852: 1.496e-01
853: 6.908e-02
854: 8.222e-02
855: 4.612e-02
856: 7.986e-02
857: 4.856e-02
858: 4.417e-04
859: 4.311e-02
860: 0.000e+00
861: 7.677e-04
862: 1.078e-01
863: 8.185e-03
864: 4.838e-03
865: 2.863e-02
866: 5.248e-02
867: 3.836e-02
868: 7.255e-02
869: 5.600e-02
870: 7.769e-02
871: 2.499e-02
872: 2.667e-02
873: 1.064e-01
874: 6.905e-02
875: 7.839e-02
876: 6.092e-02
877: 2.850e-02
878: 3.676e-02
879: 1.367e-01
880: 4.669e-02
881: 9.443e-03
882: 8.121e-02
883: 7.920e-02
884: 5.715e-02
885: 2.027e-02
886: 6.051e-02
887: 1.291e-01
888: 6.325e-02
889: 5.738e-02
890: 2.795e-02
891: 1.716e-02
892: 6.337e-02
893: 3.894e-03
894: 6.730e-02
895: 2.203e-02
896: 9.654e-03
897: 2.125e-02
898: 1.798e-01
899: 1.137e-01
900: 1.604e-02
901: 3.452e-02
902: 5.925e-02
903: 5.468e-02
904: 8.518e-02
905: 9.199e-03
906: 7.382e-02
907: 3.897e-02
908: 3.215e-02
909: 9.508e-02
910: 1.054e-01
911: 1.141e-02
912: 1.922e-02
913: 6.354e-02
914: 1.603e-01
915: 3.004e-03
916: 6.816e-02
917: 3.115e-02
918: 1.403e-02
919: 4.908e-02
920: 0.000e+00
921: 2.286e-02
922: 5.881e-02
923: 1.830e-02
924: 1.037e-01
925: 1.264e-01
926: 1.046e-01
927: 4.012e-02
928: 3.330e-03
929: 1.760e-02
930: 1.056e-01
931: 1.736e-02
932: 4.381e-02
933: 4.172e-02
934: 4.898e-02
935: 0.000e+00
936: 1.410e-01
937: 3.201e-02
938: 8.880e-02
939: 2.902e-03
940: 1.699e-01
941: 2.535e-03
942: 3.183e-02
943: 2.707e-02
944: 9.577e-03
945: 7.948e-03
946: 2.016e-02
947: 6.863e-02
948: 2.640e-02
949: 7.312e-02
950: 8.111e-02
951: 2.470e-01
952: 6.337e-02
953: 7.404e-03
954: 3.598e-02
955: 1.514e-01
956: 4.695e-02
957: 6.062e-02
958: 5.982e-02
959: 1.296e-01
960: 4.487e-02
961: 2.932e-02
962: 8.470e-03
963: 8.175e-02
964: 1.373e-01
965: 6.628e-04
966: 2.020e-04
967: 1.858e-02
968: 1.181e-01
969: 4.022e-03
970: 5.836e-02
971: 6.018e-02
972: 5.698e-02
973: 1.727e-01
974: 1.287e-01
975: 5.899e-02
976: 3.548e-02
977: 2.388e-01
978: 8.069e-02
979: 2.655e-02
980: 5.952e-02
981: 2.913e-02
982: 2.435e-03
983: 4.980e-02
984: 4.665e-02
985: 5.733e-02
986: 1.616e-01
987: 3.796e-02
988: 1.172e-01
989: 2.286e-02
990: 2.791e-02
991: 6.914e-03
992: 3.086e-02
993: 1.299e-01
994: 5.093e-03
995: 1.785e-01
996: 3.842e-02
997: 8.363e-02
998: 1.463e-01
999: 3.462e-02
1000: 5.043e-02
1001: 1.913e-02
1002: 1.293e-01
1003: 0.000e+00
1004: 1.780e-01
1005: 2.485e-03
1006: 1.069e-02
1007: 1.132e-01
1008: 1.709e-01
1009: 3.576e-03
1010: 4.830e-03
1011: 0.000e+00
1012: 2.399e-02
1013: 1.974e-02
1014: 7.021e-02
1015: 6.790e-03
1016: 5.402e-02
1017: 5.612e-03
1018: 3.523e-02
1019: 3.242e-02
1020: 4.594e-02
1021: 2.896e-02
1022: 1.317e-01
1023: 3.747e-02
1024: 2.035e-02
1025: 1.343e-01
1026: 2.045e-01
1027: 7.301e-02
1028: 2.283e-01
1029: 3.744e-02
1030: 1.617e-01
1031: 0.000e+00
1032: 4.333e-02
1033: 1.652e-02
1034: 1.251e-01
1035: 3.719e-02
1036: 1.230e-01
1037: 7.081e-02
1038: 6.895e-02
1039: 1.526e-01
1040: 1.001e-01
1041: 1.612e-02
1042: 1.895e-01
1043: 1.019e-01
1044: 3.935e-03
1045: 6.550e-02
1046: 1.209e-01
1047: 2.207e-01
1048: 3.341e-02
1049: 2.647e-02
1050: 0.000e+00
1051: 2.384e-02
1052: 1.851e-02
1053: 8.447e-02
1054: 6.162e-02
1055: 4.043e-02
1056: 2.285e-02
1057: 4.487e-02
1058: 1.690e-02
1059: 3.545e-02
1060: 8.794e-02
1061: 2.403e-02
1062: 7.150e-02
1063: 1.885e-02
1064: 6.329e-02
1065: 2.260e-02
1066: 1.299e-02
1067: 7.911e-03
1068: 1.206e-01
1069: 4.973e-02
1070: 3.558e-02
1071: 4.222e-03
1072: 1.267e-01
1073: 2.355e-02
1074: 3.410e-02
1075: 1.293e-02
1076: 6.473e-02
1077: 9.110e-02
1078: 1.936e-02
1079: 0.000e+00
1080: 3.730e-02
1081: 1.370e-03
1082: 2.716e-02
1083: 9.985e-03
1084: 6.208e-02
1085: 9.968e-03
1086: 5.583e-02
1087: 7.772e-02
1088: 5.999e-02
1089: 1.388e-01
1090: 1.470e-01
1091: 2.667e-02
1092: 1.683e-01
1093: 4.812e-03
1094: 1.794e-01
1095: 9.686e-02
1096: 6.242e-02
1097: 4.759e-03
1098: 7.306e-02
1099: 8.071e-02
1100: 2.438e-02
1101: 1.923e-02
1102: 4.678e-02
1103: 8.031e-02
1104: 1.453e-01
1105: 1.609e-01
1106: 4.144e-02
1107: 2.399e-02
1108: 6.759e-02
1109: 6.387e-02
1110: 1.008e-01
1111: 3.070e-02
1112: 3.216e-02
1113: 2.623e-02
1114: 2.890e-02
1115: 4.955e-03
1116: 8.005e-02
1117: 7.849e-03
1118: 1.142e-01
1119: 3.638e-03
1120: 2.785e-02
1121: 1.348e-02
1122: 1.392e-01
1123: 6.733e-03
1124: 2.500e-02
1125: 2.797e-02
1126: 9.175e-02
1127: 9.567e-02
1128: 6.067e-02
1129: 6.175e-03
1130: 7.628e-02
1131: 6.171e-02
1132: 1.104e-01
1133: 7.288e-03
1134: 6.535e-02
1135: 2.122e-02
1136: 8.549e-02
1137: 2.560e-02
1138: 1.124e-01
1139: 2.037e-02
1140: 7.973e-03
1141: 1.507e-01
1142: 4.046e-04
1143: 3.555e-02
1144: 3.718e-02
1145: 1.915e-02
1146: 5.590e-03
1147: 1.041e-01
1148: 1.309e-01
1149: 9.265e-02
1150: 8.161e-02
1151: 1.478e-01
1152: 1.242e-01
1153: 5.357e-01
1154: 3.959e-01
1155: 5.872e-01
1156: 3.237e-01
1157: 1.863e-01
1158: 3.949e-02
1159: 6.094e-02
1160: 2.320e-02
1161: 4.234e-02
1162: 7.943e-03
1163: 1.313e-01
1164: 1.232e-01
1165: 1.086e-01
1166: 1.123e-01
1167: 1.024e-03
1168: 2.988e-02
1169: 8.620e-03
1170: 1.756e-02
1171: 2.583e-03
1172: 5.422e-02
1173: 0.000e+00
1174: 1.191e-02
1175: 5.392e-02
1176: 8.618e-02
1177: 3.587e-04
1178: 5.800e-02
1179: 8.625e-02
1180: 7.552e-02
1181: 3.910e-02
1182: 9.296e-02
1183: 7.419e-02
1184: 5.303e-03
1185: 9.032e-02
1186: 3.846e-02
1187: 6.301e-02
1188: 1.431e-02
1189: 0.000e+00
1190: 2.847e-02
1191: 1.444e-01
1192: 1.092e-01
1193: 3.716e-01
1194: 3.182e-01
1195: 8.096e-01
1196: 5.008e-01
1197: 1.617e-01
1198: 6.300e-01
1199: 2.354e-01
1200: 4.782e-01
1201: 9.212e-02
1202: 8.539e-03
1203: 1.894e-02
1204: 1.835e-01
1205: 9.082e-02
1206: 6.189e-02
1207: 1.403e-02
1208: 8.990e-03
1209: 1.830e-01
1210: 3.269e-01
1211: 3.461e-01
1212: 3.028e-01
1213: 0.000e+00
1214: 3.580e-02
1215: 7.207e-02
1216: 4.789e-02
1217: 4.808e-02
1218: 2.679e-01
1219: 3.722e-02
1220: 6.406e-02
1221: 4.833e-02
1222: 1.734e-02
1223: 1.548e-01
1224: 3.593e-02
1225: 3.692e-01
1226: 7.420e-02
1227: 7.009e-03
1228: 9.973e-02
1229: 2.424e-02
1230: 3.283e-02
1231: 3.980e-02
1232: 0.000e+00
1233: 2.146e-02
1234: 1.270e-01
1235: 3.746e-01
1236: 3.921e-01
1237: 2.499e-03
1238: 1.963e-01
1239: 1.475e-01
1240: 4.189e-02
1241: 5.392e-02
1242: 1.393e-01
1243: 8.542e-04
1244: 1.446e-02
1245: 1.972e-02
1246: 1.761e-01
1247: 3.357e-01
1248: 3.604e-01
1249: 2.749e-03
1250: 6.385e-02
1251: 1.188e-02
1252: 2.751e-03
1253: 3.965e-02
1254: 1.026e-01
1255: 6.632e-02
1256: 3.814e-01
1257: 3.200e-01
1258: 2.110e-01
1259: 1.692e-01
1260: 6.892e-02
1261: 1.849e-02
1262: 6.715e-02
1263: 8.912e-02
1264: 2.706e-01
1265: 1.358e-02
1266: 8.085e-02
1267: 4.173e-02
1268: 5.193e-02
1269: 1.910e-01
1270: 1.946e-02
1271: 2.638e-02
1272: 1.643e-01
1273: 3.736e-01
1274: 1.947e-01
1275: 1.103e-02
1276: 3.704e-02
1277: 1.225e-02
1278: 5.494e-02
1279: 9.212e-02
1280: 1.279e-01
1281: 3.296e-02
1282: 1.433e-01
1283: 6.076e-02
1284: 9.586e-02
1285: 2.838e-02
1286: 2.999e-02
1287: 1.810e-02
1288: 5.840e-02
1289: 1.201e-01
1290: 0.000e+00
1291: 2.030e-02
1292: 1.535e-01
1293: 6.461e-02
1294: 1.484e-01
1295: 3.364e-02
1296: 5.332e-02
1297: 3.919e-02
1298: 6.102e-02
1299: 4.292e-02
1300: 4.876e-02
1301: 7.185e-02
1302: 1.567e-01
1303: 2.099e-02
1304: 0.000e+00
1305: 1.960e-01
1306: 4.480e-01
1307: 6.056e-02
1308: 1.675e-02
1309: 8.243e-03
1310: 3.869e-01
1311: 1.843e-01
1312: 0.000e+00
1313: 2.862e-02
1314: 4.578e-02
1315: 1.695e-02
1316: 4.772e-03
1317: 2.414e-02
1318: 6.314e-02
1319: 4.668e-02
1320: 1.258e-02
1321: 2.344e-02
1322: 1.322e-01
1323: 2.005e-02
1324: 2.825e-04
1325: 5.997e-02
1326: 1.152e-02
1327: 4.106e-01
1328: 1.878e-01
1329: 1.367e-01
1330: 2.928e-01
1331: 4.694e-01
1332: 1.803e-02
1333: 7.691e-03
1334: 4.216e-04
1335: 4.574e-03
1336: 5.738e-02
1337: 2.118e-02
1338: 8.457e-02
1339: 3.082e-03
1340: 9.195e-02
1341: 7.493e-02
1342: 1.604e-02
1343: 4.566e-02
1344: 8.057e-02
1345: 1.578e-02
1346: 6.418e-02
1347: 4.371e-02
1348: 9.110e-03
1349: 0.000e+00
1350: 9.372e-02
1351: 2.241e-03
1352: 1.058e-01
1353: 4.529e-02
1354: 1.280e-02
1355: 8.267e-02
1356: 6.951e-02
1357: 7.726e-03
1358: 1.915e-02
1359: 0.000e+00
1360: 4.832e-02
1361: 0.000e+00
1362: 1.047e-01
1363: 5.556e-02
1364: 1.025e-01
1365: 3.248e-02
1366: 8.487e-02
1367: 9.749e-03
1368: 6.323e-03
1369: 1.287e-03
1370: 1.238e-02
1371: 1.426e-02
1372: 1.189e-02
1373: 3.831e-02
1374: 0.000e+00
1375: 3.165e-02
1376: 6.959e-02
1377: 4.282e-02
1378: 6.026e-02
1379: 8.605e-02
1380: 0.000e+00
1381: 6.556e-02
1382: 1.183e-02
1383: 1.794e-02
1384: 2.689e-02
1385: 6.185e-02
1386: 2.780e-02
1387: 1.345e-01
1388: 1.531e-01
1389: 3.493e-02
1390: 0.000e+00
1391: 4.074e-02
1392: 1.525e-02
1393: 4.054e-02
1394: 1.694e-02
1395: 2.267e-02
1396: 3.646e-02
1397: 9.226e-03
1398: 6.905e-02
1399: 4.415e-02
1400: 1.349e-02
1401: 1.892e-02
1402: 1.666e-02
1403: 1.057e-02
1404: 5.752e-02
1405: 5.219e-02
1406: 4.261e-03
1407: 2.950e-02
1408: 1.032e-02
1409: 0.000e+00
1410: 1.860e-02
1411: 6.326e-02
1412: 2.854e-01
1413: 7.434e-02
1414: 2.225e-03
1415: 9.956e-03
1416: 0.000e+00
1417: 7.133e-02
1418: 9.777e-03
1419: 2.608e-02
1420: 3.277e-03
1421: 7.512e-02
1422: 4.134e-02
1423: 0.000e+00
1424: 2.484e-02
1425: 1.018e-02
1426: 2.679e-02
1427: 2.632e-02
1428: 0.000e+00
1429: 8.622e-02
1430: 2.819e-01
1431: 9.642e-02
1432: 9.600e-02
1433: 2.294e-02
1434: 0.000e+00
1435: 2.076e-03
1436: 4.459e-03
1437: 1.804e-02
1438: 3.856e-02
1439: 3.007e-02
1440: 1.093e-02
1441: 2.283e-01
1442: 5.773e-02
1443: 5.061e-03
1444: 3.950e-03
1445: 2.804e-02
1446: 4.088e-02
1447: 7.837e-02
1448: 0.000e+00
1449: 2.362e-02
1450: 2.789e-02
1451: 2.416e-02
1452: 0.000e+00
1453: 0.000e+00
1454: 1.083e-01
1455: 0.000e+00
1456: 1.007e-02
1457: 4.268e-02
1458: 2.539e-04
1459: 0.000e+00
1460: 1.211e-01
1461: 4.321e-03
1462: 5.920e-02
1463: 2.912e-02
1464: 0.000e+00
1465: 3.564e-02
1466: 6.871e-03
1467: 1.166e-01
1468: 1.660e-02
1469: 1.017e-02
1470: 1.955e-02
1471: 2.635e-02
1472: 3.102e-02
1473: 4.807e-02
1474: 5.862e-04
1475: 1.714e-01
1476: 8.753e-02
1477: 1.486e-03
1478: 7.969e-03
1479: 8.952e-03
1480: 0.000e+00
1481: 0.000e+00
1482: 2.686e-03
1483: 3.378e-02
1484: 6.495e-02
1485: 4.254e-02
1486: 2.524e-03
1487: 4.788e-02
1488: 1.109e-01
1489: 2.467e-03
1490: 1.671e-02
1491: 1.250e-01
1492: 2.653e-02
1493: 6.452e-02
1494: 5.974e-02
1495: 6.594e-02
1496: 5.307e-02
1497: 4.657e-02
1498: 4.241e-02
1499: 2.448e-01
1500: 2.070e-02
1501: 1.443e-01
1502: 9.262e-02
1503: 2.954e-02
1504: 4.453e-02
1505: 0.000e+00
1506: 8.530e-02
1507: 4.837e-02
1508: 3.598e-02
1509: 5.617e-02
1510: 4.115e-02
1511: 4.794e-02
1512: 5.660e-02
1513: 2.683e-02
1514: 2.008e-02
1515: 1.389e-01
1516: 1.210e-02
1517: 6.675e-02
1518: 7.568e-03
1519: 1.570e-01
1520: 0.000e+00
1521: 3.785e-02
1522: 3.419e-01
1523: 4.555e-02
1524: 2.393e-02
1525: 5.663e-02
1526: 2.345e-02
1527: 1.322e-01
1528: 7.931e-03
1529: 4.217e-03
1530: 6.550e-03
1531: 1.098e-01
1532: 1.031e-01
1533: 7.751e-04
1534: 3.334e-03
1535: 1.675e-02
1536: 1.681e-01
1537: 1.096e-01
1538: 9.330e-02
1539: 2.762e-01
1540: 6.091e-01
1541: 1.768e-01
1542: 8.167e-02
1543: 1.377e-02
1544: 3.698e-02
1545: 8.853e-02
1546: 4.147e-02
1547: 0.000e+00
1548: 2.855e-02
1549: 3.446e-02
1550: 1.103e-01
1551: 7.292e-02
1552: 4.836e-02
1553: 1.643e-02
1554: 2.027e-02
1555: 6.662e-03
1556: 3.061e-02
1557: 1.904e-01
1558: 2.782e-02
1559: 6.144e-02
1560: 1.006e-01
1561: 6.153e-02
1562: 2.407e-02
1563: 7.721e-02
1564: 7.301e-03
1565: 4.102e-02
1566: 9.415e-03
1567: 5.404e-02
1568: 1.266e-02
1569: 8.214e-02
1570: 5.265e-02
1571: 1.094e-01
1572: 2.078e-02
1573: 2.474e-02
1574: 2.043e-02
1575: 8.708e-02
1576: 8.286e-02
1577: 1.395e-01
1578: 1.475e-01
1579: 1.798e-01
1580: 2.524e-04
1581: 3.347e-03
1582: 8.077e-02
1583: 8.267e-04
1584: 8.401e-02
1585: 9.522e-02
1586: 1.203e-01
1587: 1.046e-02
1588: 3.113e-02
1589: 1.740e-01
1590: 5.991e-03
1591: 5.011e-04
1592: 5.944e-02
1593: 1.450e-02
1594: 7.284e-02
1595: 2.476e-02
1596: 2.320e-02
1597: 8.459e-02
1598: 1.401e-02
1599: 3.021e-02
1600: 4.410e-02
1601: 8.967e-03
1602: 9.542e-03
1603: 2.281e-01
1604: 1.217e-01
1605: 4.415e-02
1606: 2.733e-02
1607: 5.433e-03
1608: 8.151e-02
1609: 1.005e-02
1610: 1.301e-02
1611: 8.656e-03
1612: 8.374e-02
1613: 2.731e-02
1614: 1.813e-01
1615: 3.462e-01
1616: 2.978e-01
1617: 7.852e-02
1618: 2.618e-02
1619: 2.026e-02
1620: 2.163e-02
1621: 7.785e-02
1622: 2.880e-02
1623: 0.000e+00
1624: 8.898e-02
1625: 2.281e-01
1626: 4.214e-02
1627: 2.282e-02
1628: 1.665e-01
1629: 0.000e+00
1630: 1.174e-01
1631: 6.049e-02
1632: 0.000e+00
1633: 6.911e-03
1634: 8.781e-03
1635: 3.554e-02
1636: 1.638e-02
1637: 2.853e-02
1638: 3.249e-01
1639: 2.517e-01
1640: 5.961e-02
1641: 2.814e-02
1642: 2.942e-02
1643: 8.230e-02
1644: 1.536e-02
1645: 0.000e+00
1646: 4.649e-02
1647: 2.434e-02
1648: 2.073e-02
1649: 1.268e-02
1650: 4.329e-02
1651: 7.339e-03
1652: 1.629e-02
1653: 2.779e-02
1654: 3.639e-02
1655: 8.063e-03
1656: 0.000e+00
1657: 1.133e-01
1658: 9.785e-02
1659: 7.630e-03
1660: 1.291e-01
1661: 5.947e-03
1662: 1.313e-01
1663: 3.261e-01
1664: 4.171e-02
1665: 5.997e-02
1666: 8.919e-02
1667: 1.766e-03
1668: 8.091e-02
1669: 3.478e-02
1670: 3.048e-03
1671: 1.263e-01
1672: 4.277e-02
1673: 5.557e-02
1674: 5.834e-02
1675: 8.968e-02
1676: 2.915e-01
1677: 9.264e-02
1678: 7.705e-02
1679: 4.730e-02
1680: 0.000e+00
1681: 1.439e-02
1682: 3.766e-02
1683: 4.488e-02
1684: 5.511e-02
1685: 1.515e-02
1686: 5.828e-02
1687: 4.883e-02
1688: 1.054e-02
1689: 1.083e-01
1690: 1.052e-01
1691: 8.392e-03
1692: 2.742e-02
1693: 9.202e-02
1694: 1.719e-03
1695: 1.409e-01
1696: 6.318e-02
1697: 0.000e+00
1698: 1.188e-01
1699: 1.467e-02
1700: 1.583e-03
1701: 5.619e-02
1702: 3.933e-02
1703: 2.710e-02
1704: 3.744e-02
1705: 8.094e-02
1706: 2.736e-01
1707: 4.626e-02
1708: 2.707e-02
1709: 2.931e-02
1710: 2.552e-02
1711: 1.141e-02
1712: 3.534e-02
1713: 4.553e-02
1714: 1.443e-02
1715: 3.015e-02
1716: 5.776e-02
1717: 1.819e-02
1718: 9.792e-02
1719: 5.133e-02
1720: 5.987e-03
1721: 1.694e-02
1722: 1.376e-02
1723: 2.357e-02
1724: 1.501e-02
1725: 0.000e+00
1726: 1.897e-03
1727: 1.827e-02
1728: 4.854e-03
1729: 0.000e+00
1730: 8.606e-03
1731: 4.037e-02
1732: 3.692e-02
1733: 5.029e-02
1734: 1.450e-02
1735: 1.258e-01
1736: 2.601e-02
1737: 3.239e-02
1738: 1.986e-01
1739: 0.000e+00
1740: 1.520e-02
1741: 8.831e-02
1742: 9.405e-03
1743: 1.454e-01
1744: 1.898e-01
1745: 3.975e-02
1746: 2.782e-03
1747: 2.833e-02
1748: 2.432e-02
1749: 8.031e-02
1750: 0.000e+00
1751: 6.447e-03
1752: 3.682e-02
1753: 9.767e-02
1754: 5.289e-02
1755: 0.000e+00
1756: 0.000e+00
1757: 9.195e-02
1758: 3.537e-02
1759: 1.253e-01
1760: 5.058e-02
1761: 1.783e-02
1762: 2.409e-02
1763: 9.546e-03
1764: 1.831e-01
1765: 4.671e-03
1766: 2.057e-02
1767: 1.912e-02
1768: 7.827e-02
1769: 4.499e-02
1770: 7.701e-02
1771: 1.185e-02
1772: 1.586e-02
1773: 9.451e-03
1774: 1.445e-01
1775: 7.789e-02
1776: 3.256e-01
1777: 3.107e-02
1778: 1.076e-02
1779: 3.812e-02
1780: 6.595e-02
1781: 7.297e-03
1782: 6.507e-02
1783: 1.780e-02
1784: 8.433e-03
1785: 1.196e-01
1786: 4.329e-02
1787: 1.330e-02
1788: 8.479e-03
1789: 4.344e-02
1790: 1.703e-01
1791: 5.872e-02
1792: 1.383e-02
1793: 2.452e-02
1794: 4.217e-04
1795: 1.551e-02
1796: 2.556e-02
1797: 5.160e-02
1798: 1.355e-01
1799: 4.284e-02
1800: 3.737e-02
1801: 7.413e-02
1802: 1.622e-02
1803: 1.329e-02
1804: 0.000e+00
1805: 4.874e-02
1806: 1.325e-02
1807: 1.037e-01
1808: 3.958e-04
1809: 1.888e-02
1810: 1.653e-02
1811: 3.292e-02
1812: 1.991e-02
1813: 5.701e-02
1814: 4.711e-03
1815: 1.548e-02
1816: 9.175e-02
1817: 9.696e-02
1818: 4.112e-02
1819: 6.664e-03
1820: 7.048e-02
1821: 2.119e-02
1822: 6.137e-02
1823: 3.829e-02
1824: 9.027e-02
1825: 1.212e-01
1826: 0.000e+00
1827: 7.263e-02
1828: 7.414e-03
1829: 8.468e-02
1830: 1.374e-01
1831: 0.000e+00
1832: 6.776e-02
1833: 1.873e-01
1834: 6.901e-03
1835: 1.880e-02
1836: 5.923e-03
1837: 2.112e-02
1838: 1.735e-01
1839: 7.426e-02
1840: 2.066e-01
1841: 2.923e-01
1842: 8.264e-02
1843: 0.000e+00
1844: 4.988e-02
1845: 4.167e-03
1846: 2.009e-01
1847: 1.523e-01
1848: 6.950e-02
1849: 3.499e-02
1850: 3.472e-02
1851: 8.439e-02
1852: 0.000e+00
1853: 1.994e-03
1854: 8.720e-02
1855: 2.419e-01
1856: 2.767e-02
1857: 6.176e-03
1858: 1.818e-02
1859: 2.315e-02
1860: 3.211e-02
1861: 6.928e-02
1862: 1.550e-01
1863: 3.064e-02
1864: 4.799e-03
1865: 4.587e-02
1866: 1.153e-01
1867: 3.527e-02
1868: 1.425e-01
1869: 2.023e-01
1870: 1.132e-01
1871: 1.104e-01
1872: 1.171e-02
1873: 4.629e-02
1874: 2.227e-02
1875: 1.607e-01
1876: 1.675e-01
1877: 8.160e-05
1878: 1.506e-01
1879: 4.490e-02
1880: 2.323e-02
1881: 3.865e-03
1882: 5.186e-02
1883: 2.410e-01
1884: 1.372e-01
1885: 5.069e-03
1886: 5.499e-02
1887: 1.416e-01
1888: 1.066e-01
1889: 2.291e-02
1890: 7.648e-02
1891: 3.156e-02
1892: 3.122e-02
1893: 1.715e-02
1894: 1.238e-02
1895: 2.847e-02
1896: 3.808e-02
1897: 5.638e-02
1898: 3.124e-03
1899: 2.450e-02
1900: 1.725e-02
1901: 8.255e-02
1902: 8.221e-02
1903: 1.019e-01
1904: 2.598e-02
1905: 7.099e-02
1906: 3.775e-02
1907: 0.000e+00
1908: 1.227e-01
1909: 1.166e-02
1910: 1.360e-01
1911: 1.499e-02
1912: 4.329e-02
1913: 3.142e-02
1914: 1.180e-02
1915: 1.948e-02
1916: 6.287e-02
1917: 9.766e-02
1918: 1.123e-01
1919: 3.178e-01
1920: 1.598e-01
1921: 1.090e-02
1922: 2.774e-02
1923: 1.026e-01
1924: 3.754e-02
1925: 2.168e-02
1926: 3.974e-02
1927: 1.936e-01
1928: 1.879e-02
1929: 3.771e-02
1930: 2.771e-02
1931: 0.000e+00
1932: 5.624e-02
1933: 6.575e-02
1934: 7.030e-02
1935: 3.406e-03
1936: 2.673e-02
1937: 3.069e-02
1938: 4.515e-04
1939: 3.096e-02
1940: 4.790e-02
1941: 1.797e-02
1942: 4.747e-02
1943: 2.689e-02
1944: 1.264e-02
1945: 1.025e-01
1946: 3.657e-03
1947: 1.424e-02
1948: 1.902e-02
1949: 1.987e-02
1950: 2.883e-02
1951: 1.828e-01
1952: 8.001e-02
1953: 0.000e+00
1954: 8.148e-02
1955: 3.704e-02
1956: 2.767e-02
1957: 1.100e-03
1958: 6.256e-02
1959: 1.627e-01
1960: 2.716e-03
1961: 7.136e-03
1962: 1.084e-02
1963: 0.000e+00
1964: 3.587e-02
1965: 3.432e-02
1966: 1.551e-01
1967: 1.345e-01
1968: 8.052e-02
1969: 1.563e-02
1970: 1.536e-01
1971: 5.798e-02
1972: 0.000e+00
1973: 8.474e-02
1974: 1.655e-01
1975: 4.672e-02
1976: 8.019e-02
1977: 2.031e-01
1978: 1.863e-01
1979: 2.587e-03
1980: 2.966e-02
1981: 6.868e-02
1982: 5.686e-02
1983: 4.119e-02
1984: 6.440e-02
1985: 1.095e-01
1986: 4.490e-02
1987: 2.688e-02
1988: 3.347e-02
1989: 1.856e-01
1990: 5.775e-02
1991: 0.000e+00
1992: 1.864e-02
1993: 1.761e-02
1994: 5.470e-02
1995: 2.070e-02
1996: 1.102e-01
1997: 1.161e-01
1998: 2.106e-02
1999: 3.398e-02
2000: 0.000e+00
2001: 5.007e-02
2002: 1.218e-02
2003: 7.278e-02
2004: 2.406e-02
2005: 2.292e-02
2006: 2.722e-01
2007: 3.420e-02
2008: 1.060e-01
2009: 2.181e-02
2010: 4.755e-03
2011: 5.815e-02
2012: 4.749e-03
2013: 4.357e-03
2014: 1.578e-02
2015: 1.826e-01
2016: 3.024e-01
2017: 2.573e-01
2018: 1.070e-01
2019: 5.688e-04
2020: 1.036e-01
2021: 2.961e-02
2022: 3.399e-02
2023: 1.320e-01
2024: 4.280e-02
2025: 7.637e-02
2026: 5.518e-02
2027: 1.156e-01
2028: 7.712e-02
2029: 2.925e-01
2030: 3.579e-01
2031: 1.435e-02
2032: 2.476e-02
2033: 1.239e-02
2034: 1.428e-01
2035: 2.992e-01
2036: 3.733e-02
2037: 4.646e-02
2038: 8.116e-02
2039: 1.719e-03
2040: 1.518e-01
2041: 1.450e-02
2042: 3.153e-02
2043: 1.641e-02
2044: 0.000e+00
2045: 1.573e-02
2046: 8.759e-02
2047: 2.161e-01
2048: 3.826e-02
2049: 4.061e-02
2050: 1.036e-02
2051: 3.398e-02
2052: 2.382e-02
2053: 1.275e-01
2054: 1.360e-02
2055: 8.269e-03
2056: 8.620e-03
2057: 1.330e-01
2058: 8.068e-02
2059: 2.017e-02
2060: 8.982e-02
2061: 7.929e-02
2062: 3.894e-02
2063: 1.023e-01
2064: 8.587e-03
2065: 8.557e-02
2066: 3.040e-02
2067: 2.382e-02
2068: 1.127e-02
2069: 1.284e-01
2070: 6.835e-02
2071: 1.033e-03
2072: 8.805e-02
2073: 1.329e-01
2074: 1.449e-04
2075: 1.275e-01
2076: 4.108e-02
2077: 5.150e-02
2078: 3.348e-02
2079: 9.924e-02
2080: 8.638e-03
2081: 1.397e-01
2082: 1.169e-01
2083: 1.860e-02
2084: 3.657e-02
2085: 1.929e-02
2086: 4.334e-02
2087: 3.205e-01
2088: 1.177e-03
2089: 3.785e-01
2090: 1.041e-01
2091: 1.534e-01
2092: 0.000e+00
2093: 6.421e-02
2094: 4.012e-02
2095: 4.264e-02
2096: 1.266e-02
2097: 1.276e-01
2098: 2.530e-02
2099: 1.465e-01
2100: 2.622e-02
2101: 1.064e-01
2102: 2.644e-01
2103: 4.171e-01
2104: 1.318e-01
2105: 4.044e-02
2106: 6.605e-02
2107: 1.133e-01
2108: 1.116e-02
2109: 2.349e-02
2110: 7.036e-02
2111: 1.384e-02
2112: 1.223e-01
2113: 1.577e-02
2114: 3.086e-02
2115: 3.779e-02
2116: 1.273e-02
2117: 9.687e-02
2118: 3.087e-02
2119: 3.255e-01
2120: 2.135e-01
2121: 0.000e+00
2122: 5.413e-02
2123: 2.644e-02
2124: 6.372e-02
2125: 1.101e-01
2126: 3.420e-02
2127: 4.916e-02
2128: 0.000e+00
2129: 9.235e-02
2130: 6.362e-02
2131: 9.293e-02
2132: 6.309e-02
2133: 6.215e-02
2134: 1.761e-02
2135: 8.061e-03
2136: 4.091e-02
2137: 3.473e-01
2138: 2.079e-02
2139: 2.196e-02
2140: 1.544e-02
2141: 7.899e-02
2142: 4.392e-02
2143: 6.736e-02
2144: 1.062e-01
2145: 0.000e+00
2146: 5.274e-02
2147: 8.992e-02
2148: 8.481e-02
2149: 2.711e-02
2150: 1.877e-02
2151: 2.563e-02
2152: 5.939e-02
2153: 9.928e-02
2154: 2.938e-02
2155: 3.251e-02
2156: 0.000e+00
2157: 5.624e-02
2158: 0.000e+00
2159: 5.698e-02
2160: 2.758e-02
2161: 2.520e-02
2162: 6.513e-02
