1: 3.012e-01
2: 9.508e-01
3: 6.869e-01
4: 9.080e-01
5: 5.882e-01
6: 4.214e-01
7: 5.823e-01
8: 1.252e+00
9: 7.818e-01
10: 8.812e-01
11: 2.484e+00
12: 1.138e+00
13: 4.528e-01
14: 4.032e-01
15: 5.485e-01
16: 1.642e-01
17: 1.268e+00
18: 3.798e-01
19: 9.956e-02
20: 2.751e-01
21: 5.119e-01
22: 1.813e-01
23: 1.925e-01
24: 3.060e-01
25: 6.571e-01
26: 4.293e-02
27: 4.706e-02
28: 9.144e-01
29: 2.839e-02
30: 1.678e-01
31: 1.337e-01
32: 4.009e-01
33: 4.022e-01
34: 8.709e-01
35: 5.009e-01
36: 6.720e-01
37: 3.483e-01
38: 3.117e-01
39: 5.441e-01
40: 7.729e-01
41: 7.071e-01
42: 7.560e-01
43: 6.491e-01
44: 4.896e-01
45: 1.425e-01
46: 2.103e-01
47: 5.725e-01
48: 3.808e-01
49: 7.443e-01
50: 7.578e-01
51: 6.870e-01
52: 6.283e-01
53: 5.910e-01
54: 6.128e-01
55: 3.303e-01
56: 9.197e-01
57: 2.588e-01
58: 4.477e-01
59: 3.647e-01
60: 6.578e-01
61: 6.924e-01
62: 9.170e-01
63: 8.147e-01
64: 2.017e-01
65: 4.921e-01
66: 5.126e-01
67: 4.510e-01
68: 1.372e-01
69: 7.873e-01
70: 7.452e-01
71: 7.272e-01
72: 2.466e-01
73: 6.188e-01
74: 2.981e-01
75: 2.543e-01
76: 7.498e-01
77: 7.486e-01
78: 6.632e-01
79: 3.807e-01
80: 1.309e+00
81: 6.446e-01
82: 1.013e+00
83: 7.531e-01
84: 7.104e-01
85: 9.817e-01
86: 1.792e-01
87: 6.371e-01
88: 6.121e-01
89: 7.088e-01
90: 2.886e-01
91: 8.318e-01
92: 5.233e-01
93: 4.473e-01
94: 6.966e-01
95: 6.444e-01
96: 7.137e-01
97: 4.178e-01
98: 7.486e-01
99: 1.129e+00
100: 5.589e-01
101: 9.530e-01
102: 9.506e-01
103: 6.504e-01
104: 3.271e-01
105: 5.312e-01
106: 5.540e-01
107: 3.611e-01
108: 8.322e-01
109: 6.441e-01
110: 6.481e-01
111: 4.094e-01
112: 1.391e+00
113: 1.029e+00
114: 7.835e-01
115: 8.043e-01
116: 3.899e-01
117: 8.551e-01
118: 7.287e-01
119: 3.405e-01
120: 1.142e+00
121: 5.211e-01
122: 5.343e-01
123: 9.383e-01
124: 3.843e-01
125: 9.040e-01
126: 6.434e-01
127: 3.671e-01
128: 9.016e-01
129: 7.697e-01
130: 4.973e-01
131: 7.268e-01
132: 5.693e-01
133: 7.009e-01
134: 1.023e+00
135: 6.875e-01
136: 6.591e-01
137: 3.392e-01
138: 1.073e+00
139: 5.328e-01
140: 1.212e+00
141: 7.568e-01
142: 4.893e-01
143: 1.421e+00
144: 7.252e-01
145: 9.308e-01
146: 1.486e-01
147: 5.945e-01
148: 4.714e-01
149: 2.390e-01
150: 4.531e-02
151: 2.625e-01
152: 1.559e-01
153: 2.974e-01
154: 4.208e-01
155: 5.364e-01
156: 9.880e-02
157: 3.108e-01
158: 1.580e-01
159: 9.858e-01
160: 7.592e-02
161: 1.294e-01
162: 1.515e-01
163: 9.695e-02
164: 1.372e-01
165: 4.327e-01
166: 5.269e-01
167: 2.853e-01
168: 3.178e-01
169: 5.200e-01
170: 4.418e-01
171: 4.033e-01
172: 7.160e-02
173: 1.755e-01
174: 4.924e-01
175: 3.365e-01
176: 5.861e-01
177: 1.851e-01
178: 2.027e-01
179: 4.450e-01
180: 3.143e-01
181: 5.971e-01
182: 8.467e-01
183: 5.594e-01
184: 1.367e-01
185: 2.125e-01
186: 8.239e-01
187: 5.067e-01
188: 3.171e-01
189: 1.889e-01
190: 3.066e-01
191: 4.234e-01
192: 6.065e-01
193: 1.300e-01
194: 1.456e-01
195: 2.134e-01
196: 2.666e-01
197: 4.440e-01
198: 6.415e-01
199: 5.545e-01
200: 3.005e-01
201: 5.772e-01
202: 4.549e-01
203: 4.113e-01
204: 2.948e-01
205: 3.919e-01
206: 1.843e-01
207: 2.038e-01
208: 4.564e-01
209: 5.268e-01
210: 2.158e-01
211: 3.058e-01
212: 2.684e-01
213: 6.296e-01
214: 3.047e-01
215: 1.230e-01
216: 1.221e-03
217: 4.009e-02
218: 1.784e-01
219: 8.644e-02
220: 4.925e-02
221: 6.609e-01
222: 6.275e-01
223: 2.372e-01
224: 3.384e-01
225: 5.030e-01
226: 4.563e-01
227: 1.979e-01
228: 9.348e-01
229: 7.335e-01
230: 5.117e-01
231: 2.419e-01
232: 1.911e-01
233: 1.036e+00
234: 3.740e-01
235: 1.473e-01
236: 6.653e-02
237: 3.525e-01
238: 1.634e-01
239: 5.035e-02
240: 5.619e-01
241: 2.287e-01
242: 5.353e-01
243: 1.773e-01
244: 1.963e-01
245: 8.721e-01
246: 2.645e-01
247: 1.301e-01
248: 1.522e-01
249: 5.292e-02
250: 2.595e-01
251: 7.361e-01
252: 4.489e-01
253: 6.630e-01
254: 5.589e-01
255: 9.787e-02
256: 5.614e-01
257: 4.905e-01
258: 1.428e+00
259: 6.029e-01
260: 2.312e-01
261: 6.699e-01
262: 1.048e+00
263: 2.373e-01
264: 2.834e-01
265: 2.136e-01
266: 1.435e-01
267: 6.225e-02
268: 8.168e-01
269: 3.152e-01
270: 7.334e-01
271: 7.016e-01
272: 3.934e-01
273: 5.910e-01
274: 2.238e-01
275: 1.315e-01
276: 9.894e-01
277: 2.130e-01
278: 9.926e-01
279: 6.301e-01
280: 4.549e-01
281: 3.196e-01
282: 3.789e-01
283: 4.010e-01
284: 5.117e-01
285: 3.279e-01
286: 3.205e-01
287: 9.709e-01
288: 4.743e-01
289: 2.546e-01
290: 3.226e-01
291: 2.066e-01
292: 2.389e-01
293: 2.724e-01
294: 5.840e-01
295: 1.471e-01
296: 8.442e-01
297: 4.334e-01
298: 2.013e-01
299: 4.499e-01
300: 7.402e-02
301: 2.669e-01
302: 3.012e-01
303: 2.708e-01
304: 4.721e-01
305: 4.592e-01
306: 4.548e-01
307: 4.560e-02
308: 1.345e-01
309: 8.144e-02
310: 2.201e-01
311: 5.437e-01
312: 3.834e-01
313: 6.212e-01
314: 3.319e-01
315: 1.065e-01
316: 2.166e-01
317: 5.542e-01
318: 3.278e-01
319: 4.319e-01
320: 1.922e-01
321: 2.652e-01
322: 1.758e-01
323: 6.797e-01
324: 3.067e-01
325: 4.629e-01
326: 5.503e-01
327: 5.650e-01
328: 7.424e-01
329: 6.471e-01
330: 4.442e-01
331: 6.811e-01
332: 4.698e-01
333: 5.366e-01
334: 3.228e-01
335: 1.554e-01
336: 6.607e-02
337: 2.241e-01
338: 6.271e-01
339: 6.629e-01
340: 1.427e-01
341: 3.326e-01
342: 3.720e-01
343: 2.693e-01
344: 1.298e-01
345: 2.722e-01
346: 3.228e-01
347: 2.168e-01
348: 7.867e-01
349: 4.731e-01
350: 1.606e-01
351: 5.470e-01
352: 3.967e-01
353: 6.535e-01
354: 2.439e-01
355: 4.706e-01
356: 1.154e-01
357: 5.253e-01
358: 4.579e-01
359: 3.297e-01
360: 1.062e-01
361: 4.804e-01
362: 2.819e-01
363: 3.145e-01
364: 2.723e-01
365: 4.938e-01
366: 1.473e-01
367: 1.094e-01
368: 2.814e-01
369: 2.011e-01
370: 1.033e+00
371: 5.312e-01
372: 2.387e-01
373: 2.474e-01
374: 2.667e-01
375: 1.595e-01
376: 6.074e-01
377: 3.115e-01
378: 1.539e-01
379: 5.087e-01
380: 2.345e-01
381: 4.256e-01
382: 5.803e-01
383: 6.744e-01
384: 3.772e-01
385: 5.944e-01
386: 2.761e-01
387: 1.238e-01
388: 3.488e-01
389: 1.418e-01
390: 4.320e-01
391: 4.799e-01
392: 3.824e-01
393: 3.230e-01
394: 4.986e-01
395: 3.515e-01
396: 1.103e-01
397: 2.372e-01
398: 3.850e-01
399: 1.707e-01
400: 5.345e-01
401: 4.571e-01
402: 3.600e-01
403: 1.412e-01
404: 1.271e-01
405: 1.856e-01
406: 1.505e-01
407: 8.890e-01
408: 7.224e-01
409: 4.862e-01
410: 2.837e-01
411: 1.216e-01
412: 3.551e-01
413: 1.200e-01
414: 1.500e-01
415: 4.250e-01
416: 4.738e-01
417: 5.694e-01
418: 2.370e-01
419: 4.220e-01
420: 1.825e-01
421: 3.303e-01
422: 5.354e-01
423: 7.779e-01
424: 8.137e-02
425: 1.815e-01
426: 3.162e-01
427: 3.198e-01
428: 1.393e-01
429: 6.748e-01
430: 7.985e-01
431: 1.694e-01
432: 6.635e-02
433: 1.610e-01
434: 7.646e-01
435: 5.630e-01
436: 2.799e-01
437: 2.554e-01
438: 7.741e-01
439: 7.265e-01
440: 2.371e-01
441: 1.674e-02
442: 2.847e-01
443: 5.305e-02
444: 5.732e-02
445: 9.514e-01
446: 3.214e-01
447: 4.152e-01
448: 1.035e-01
449: 6.172e-02
450: 5.393e-01
451: 3.936e-01
452: 6.573e-01
453: 7.232e-01
454: 1.908e-01
455: 3.666e-01
456: 2.606e-01
457: 2.940e-01
458: 6.588e-01
459: 5.466e-01
460: 1.207e+00
461: 2.717e-01
462: 6.561e-01
463: 3.318e-01
464: 3.316e-01
465: 2.316e-01
466: 2.341e-01
467: 2.908e-01
468: 4.508e-01
469: 8.583e-01
470: 5.642e-01
471: 1.961e-01
472: 1.274e-01
473: 1.314e-01
474: 3.161e-01
475: 3.036e-01
476: 2.552e-01
477: 3.541e-02
478: 2.482e-01
479: 2.223e-01
480: 8.464e-01
481: 2.062e-01
482: 4.254e-01
483: 3.873e-01
484: 1.296e+00
485: 1.954e-01
486: 2.697e-01
487: 2.926e-01
488: 2.010e-01
489: 8.375e-01
490: 6.419e-01
491: 4.105e-01
492: 6.894e-01
493: 4.330e-01
494: 7.398e-01
495: 2.890e-01
496: 2.262e-01
497: 1.269e-01
498: 1.656e-01
499: 5.345e-01
500: 6.817e-01
501: 9.820e-02
502: 1.083e-01
503: 4.541e-01
504: 1.142e+00
505: 2.750e-01
506: 5.376e-01
507: 3.246e-01
508: 4.339e-01
509: 4.711e-01
510: 2.229e-01
511: 3.255e-01
512: 1.780e-01
513: 2.111e-01
514: 4.036e-01
515: 2.601e-01
516: 4.824e-01
517: 3.237e-01
518: 8.633e-01
519: 5.568e-01
520: 1.926e-01
521: 1.287e-01
522: 3.075e-01
523: 5.202e-01
524: 4.951e-01
525: 3.787e-01
526: 9.132e-01
527: 5.985e-01
528: 5.892e-01
529: 4.407e-01
530: 2.077e-01
531: 8.699e-01
532: 2.906e-01
533: 1.575e-01
534: 3.568e-02
535: 1.736e-01
536: 3.614e-01
537: 7.016e-01
538: 1.148e-01
539: 3.316e-01
540: 3.153e-01
541: 3.165e-01
542: 4.396e-01
543: 1.714e-01
544: 5.803e-01
545: 5.716e-01
546: 5.659e-01
547: 3.724e-01
548: 7.448e-01
549: 3.807e-01
550: 2.154e-01
551: 3.482e-01
552: 4.996e-02
553: 6.029e-01
554: 7.467e-01
555: 4.335e-01
556: 5.465e-01
557: 5.895e-01
558: 6.167e-01
559: 8.721e-01
560: 3.749e-01
561: 1.691e-01
562: 3.737e-01
563: 1.723e-01
564: 4.622e-01
565: 9.929e-01
566: 4.478e-01
567: 2.963e-01
568: 2.176e-01
569: 1.896e-01
570: 5.973e-01
571: 8.093e-01
572: 6.079e-01
573: 6.069e-01
574: 3.509e-01
575: 6.499e-02
576: 2.395e-02
577: 1.190e-01
578: 4.591e-02
579: 1.659e-01
580: 5.408e-01
581: 4.121e-01
582: 2.219e-01
583: 3.318e-01
584: 7.585e-01
585: 3.806e-01
586: 3.670e-01
587: 3.814e-01
588: 4.234e-01
589: 3.457e-01
590: 3.259e-01
591: 3.846e-01
592: 6.395e-01
593: 4.356e-01
594: 3.591e-01
595: 4.746e-02
596: 4.135e-01
597: 1.875e-01
598: 1.930e-01
599: 2.189e-01
600: 2.799e-01
601: 3.469e-01
602: 7.886e-01
603: 3.375e-01
604: 3.033e-01
605: 7.309e-01
606: 3.468e-01
607: 6.919e-01
608: 5.104e-01
609: 2.078e-01
610: 3.483e-01
611: 1.933e-01
612: 2.627e-01
613: 2.176e-01
614: 4.212e-01
615: 3.495e-01
616: 4.167e-01
617: 5.235e-01
618: 3.628e-01
619: 5.066e-01
620: 3.742e-01
621: 6.664e-01
622: 4.311e-01
623: 6.206e-01
624: 3.230e-01
625: 4.070e-01
626: 6.482e-01
627: 3.808e-01
628: 2.476e-01
629: 6.260e-01
630: 2.008e-01
631: 1.798e-01
632: 2.522e-01
633: 4.244e-01
634: 8.579e-01
635: 3.021e-01
636: 7.746e-01
637: 2.355e-01
638: 7.180e-02
639: 3.766e-01
640: 7.084e-01
641: 3.362e-01
642: 6.879e-02
643: 3.316e-01
644: 2.692e-01
645: 4.944e-01
646: 4.615e-01
647: 1.467e+00
648: 5.339e-01
649: 2.173e-01
650: 3.580e-01
651: 2.440e-01
652: 2.538e-01
653: 1.064e+00
654: 4.843e-01
655: 3.164e-01
656: 3.714e-01
657: 5.074e-01
658: 3.713e-01
659: 8.899e-02
660: 9.318e-01
661: 1.579e-01
662: 4.528e-01
663: 3.311e-01
664: 2.055e-01
665: 3.232e-01
666: 5.613e-01
667: 6.440e-01
668: 4.733e-01
669: 8.142e-01
670: 3.201e-01
671: 6.251e-02
672: 2.112e-01
673: 6.450e-01
674: 4.866e-01
675: 4.435e-01
676: 3.401e-01
677: 4.549e-01
678: 2.973e-01
679: 2.311e-01
680: 5.428e-01
681: 2.917e-01
682: 3.065e-01
683: 5.932e-01
684: 5.638e-01
685: 6.207e-01
686: 1.625e-01
687: 5.785e-02
688: 9.924e-01
689: 4.997e-01
690: 5.794e-01
691: 2.740e-01
692: 3.254e-01
693: 2.485e-01
694: 6.171e-01
695: 2.540e-01
696: 2.015e-01
697: 2.304e-01
698: 4.519e-01
699: 3.314e-01
700: 3.680e-01
701: 5.406e-01
702: 2.535e-02
703: 1.025e-01
704: 3.068e-01
705: 4.092e-01
706: 6.366e-01
707: 1.172e+00
708: 2.423e-01
709: 2.582e-01
710: 4.769e-02
711: 8.394e-02
712: 2.186e-01
713: 3.506e-01
714: 4.798e-01
715: 4.388e-01
716: 3.720e-01
717: 1.954e-01
718: 5.259e-01
719: 4.463e-01
720: 6.375e-01
721: 2.593e-01
722: 5.049e-01
723: 3.703e-01
724: 3.322e-01
725: 2.382e-01
726: 3.435e-01
727: 1.181e+00
728: 4.998e-01
729: 2.575e-01
730: 3.951e-01
731: 2.168e-01
732: 3.434e-01
733: 6.909e-02
734: 3.872e-01
735: 6.238e-01
736: 6.701e-01
737: 1.028e+00
738: 2.218e-01
739: 6.969e-01
740: 4.575e-01
741: 2.689e-01
742: 1.864e-01
743: 2.297e-01
744: 5.120e-01
745: 2.939e-01
746: 2.810e-01
747: 3.786e-02
748: 4.728e-01
749: 2.439e-01
750: 3.181e-01
751: 4.583e-01
752: 2.244e-01
753: 1.719e-01
754: 1.995e-01
755: 3.575e-01
756: 7.076e-01
757: 1.772e-01
758: 3.178e-01
759: 3.473e-01
760: 7.280e-01
761: 6.921e-01
762: 1.489e-01
763: 4.034e-01
764: 1.569e-01
765: 3.130e-01
766: 2.218e-01
767: 1.738e-01
768: 3.204e-01
769: 1.905e-01
770: 8.325e-03
771: 2.035e-01
772: 1.005e-01
773: 4.948e-01
774: 3.412e-01
775: 3.079e-01
776: 2.345e-01
777: 6.288e-01
778: 1.553e-01
779: 3.796e-01
780: 3.095e-01
781: 3.121e-01
782: 3.116e-01
783: 4.306e-01
784: 1.049e+00
785: 2.852e-01
786: 2.396e-01
787: 8.262e-02
788: 2.887e-01
789: 4.444e-01
790: 4.719e-01
791: 8.508e-01
792: 3.934e-01
793: 3.480e-01
794: 1.686e-01
795: 1.342e-01
796: 2.234e-01
797: 1.891e-01
798: 3.893e-01
799: 3.799e-01
800: 4.635e-01
801: 8.373e-01
802: 2.166e-01
803: 5.352e-02
804: 1.267e-01
805: 1.669e-02
806: 2.720e-02
807: 4.548e-02
808: 4.987e-01
809: 2.785e-01
810: 7.133e-01
811: 2.829e-01
812: 1.256e-01
813: 1.780e-01
814: 2.977e-01
815: 1.649e-01
816: 6.234e-01
817: 4.477e-01
818: 4.601e-01
819: 9.777e-02
820: 2.797e-01
821: 3.281e-01
822: 9.688e-01
823: 8.101e-01
824: 3.127e-01
825: 8.834e-01
826: 5.229e-01
827: 1.305e-01
828: 4.216e-01
829: 2.455e-01
830: 9.290e-02
831: 6.887e-03
832: 6.520e-02
833: 1.010e-01
834: 9.907e-02
835: 3.694e-01
836: 3.624e-01
837: 2.395e-01
838: 6.071e-02
839: 1.531e-01
840: 1.807e-01
841: 1.710e-01
842: 8.279e-02
843: 5.863e-02
844: 1.127e-01
845: 7.829e-02
846: 6.254e-03
847: 2.723e-02
848: 1.241e-02
849: 1.985e-01
850: 2.577e-01
851: 1.343e+00
852: 1.390e-01
853: 4.336e-01
854: 8.382e-02
855: 2.997e-01
856: 4.749e-01
857: 1.527e-01
858: 4.761e-01
859: 2.279e-01
860: 4.100e-01
861: 6.313e-01
862: 1.652e-01
863: 4.081e-01
864: 4.635e-01
865: 2.743e-01
866: 3.718e-01
867: 2.072e-01
868: 4.395e-02
869: 5.636e-01
870: 2.845e-01
871: 2.845e-01
872: 1.826e-01
873: 2.174e-01
874: 2.009e-01
875: 2.215e-01
876: 4.517e-01
877: 5.333e-01
878: 9.387e-02
879: 6.187e-02
880: 5.564e-02
881: 3.490e-01
882: 2.345e-01
883: 3.310e-01
884: 3.224e-01
885: 4.159e-01
886: 4.663e-01
887: 2.809e-01
888: 1.549e-01
889: 1.425e-01
890: 3.399e-01
891: 1.538e-01
892: 3.058e-01
893: 5.307e-01
894: 2.252e-01
895: 1.021e-01
896: 8.085e-02
897: 6.797e-01
898: 3.040e-01
899: 2.068e-02
900: 5.461e-02
901: 2.753e-01
902: 3.213e-01
903: 3.402e-01
904: 2.608e-01
905: 6.472e-01
906: 4.029e-01
907: 1.192e-01
908: 5.320e-01
909: 2.433e-01
910: 1.669e-01
911: 4.051e-01
912: 3.264e-01
913: 4.080e-01
914: 1.524e-01
915: 3.399e-01
916: 2.911e-01
917: 2.167e-01
918: 4.329e-01
919: 1.697e-01
920: 4.848e-01
921: 3.170e-01
922: 4.349e-01
923: 1.816e-01
924: 1.528e-01
925: 1.373e-01
926: 4.353e-01
927: 3.554e-01
928: 6.700e-01
929: 6.412e-01
930: 5.126e-01
931: 1.785e-01
932: 2.105e-01
933: 2.524e-01
934: 2.144e-01
935: 4.061e-01
936: 1.199e-01
937: 2.037e-01
938: 1.426e-01
939: 1.970e-01
940: 6.273e-02
941: 4.105e-01
942: 5.382e-01
943: 1.646e-01
944: 1.918e-01
945: 1.864e-01
946: 4.081e-01
947: 3.260e-01
948: 2.917e-01
949: 2.646e-01
950: 1.362e-01
951: 1.375e-01
952: 2.627e-01
953: 8.499e-01
954: 4.234e-01
955: 2.363e-01
956: 2.833e-01
957: 2.824e-01
958: 1.628e-01
959: 2.243e-01
960: 7.593e-01
961: 3.009e-01
962: 5.056e-01
963: 2.284e-01
964: 6.024e-02
965: 3.946e-01
966: 3.519e-01
967: 3.754e-01
968: 3.533e-01
969: 4.473e-01
970: 3.302e-01
971: 3.313e-01
972: 4.927e-01
973: 3.610e-01
974: 3.797e-01
975: 9.950e-02
976: 1.693e-01
977: 2.171e-01
978: 1.819e-01
979: 3.609e-01
980: 1.045e-01
981: 1.937e-01
982: 5.626e-01
983: 5.319e-01
984: 2.993e-01
985: 7.368e-01
986: 2.791e-01
987: 2.891e-01
988: 3.526e-01
989: 3.040e-01
990: 4.491e-01
991: 3.316e-01
992: 5.479e-01
993: 2.446e-01
994: 4.796e-01
995: 1.630e-01
996: 2.900e-01
997: 4.469e-01
998: 1.595e-01
999: 3.506e-01
1000: 3.409e-01
1001: 3.792e-01
1002: 2.746e-01
1003: 7.656e-01
1004: 2.073e-01
1005: 6.325e-01
1006: 5.176e-01
1007: 3.237e-01
1008: 1.276e-01
1009: 1.878e-01
1010: 4.434e-01
1011: 3.473e-01
1012: 3.755e-01
1013: 3.198e-01
1014: 1.836e-01
1015: 6.502e-01
1016: 3.793e-01
1017: 4.716e-01
1018: 1.309e-01
1019: 2.640e-01
1020: 3.511e-01
1021: 4.839e-01
1022: 2.031e-01
1023: 9.115e-02
1024: 3.252e-01
1025: 2.502e-01
1026: 2.662e-01
1027: 1.641e-01
1028: 2.286e-01
1029: 3.989e-01
1030: 1.853e-01
1031: 4.443e-01
1032: 2.273e-01
1033: 1.767e-01
1034: 2.133e-01
1035: 3.943e-01
1036: 4.894e-01
1037: 3.977e-01
1038: 8.403e-01
1039: 2.044e-01
1040: 1.756e-01
1041: 2.303e-02
1042: 3.077e-01
1043: 4.576e-01
1044: 6.412e-01
1045: 3.572e-01
1046: 2.240e-01
1047: 1.140e-01
1048: 2.223e-01
1049: 7.173e-01
1050: 6.661e-01
1051: 2.977e-01
1052: 3.545e-01
1053: 2.990e-01
1054: 2.681e-01
1055: 5.159e-01
1056: 2.130e-01
1057: 3.163e-01
1058: 6.092e-01
1059: 3.270e-01
1060: 2.639e-01
1061: 2.040e-01
1062: 4.464e-01
1063: 2.939e-01
1064: 2.402e-01
1065: 1.273e-01
1066: 3.485e-01
1067: 5.112e-01
1068: 3.330e-01
1069: 1.013e-01
1070: 5.047e-01
1071: 5.192e-01
1072: 2.059e-01
1073: 8.013e-01
1074: 4.773e-01
1075: 4.887e-01
1076: 3.662e-01
1077: 2.656e-01
1078: 2.698e-01
1079: 4.505e-01
1080: 3.523e-01
1081: 4.069e-01
1082: 4.333e-01
1083: 3.355e-01
1084: 6.776e-02
1085: 8.367e-01
1086: 5.177e-01
1087: 2.691e-01
1088: 1.943e-01
1089: 9.806e-02
1090: 2.672e-01
1091: 6.281e-01
1092: 3.024e-01
1093: 4.269e-01
1094: 1.172e-01
1095: 1.322e-01
1096: 1.393e-01
1097: 6.283e-01
1098: 3.272e-01
1099: 2.977e-01
1100: 3.234e-01
1101: 5.464e-01
1102: 2.477e-01
1103: 4.196e-01
1104: 1.669e-01
1105: 2.039e-01
1106: 2.096e-01
1107: 5.738e-01
1108: 5.090e-01
1109: 2.362e-01
1110: 1.225e-01
1111: 2.811e-01
1112: 2.642e-01
1113: 6.757e-01
1114: 4.123e-01
1115: 3.586e-01
1116: 1.782e-01
1117: 6.501e-02
1118: 7.664e-02
1119: 1.895e-01
1120: 3.346e-01
1121: 4.230e-01
1122: 0.000e+00
1123: 4.868e-01
1124: 2.889e-01
1125: 3.420e-01
1126: 2.806e-01
1127: 6.218e-02
1128: 3.842e-01
1129: 1.264e+00
1130: 4.907e-01
1131: 6.496e-01
1132: 1.878e-01
1133: 3.246e-01
1134: 7.281e-01
1135: 3.330e-01
1136: 5.261e-01
1137: 2.566e-01
1138: 2.245e-01
1139: 3.543e-01
1140: 3.170e-01
1141: 4.401e-01
1142: 6.680e-01
1143: 6.634e-01
1144: 2.844e-01
1145: 3.306e-01
1146: 5.122e-01
1147: 2.173e-01
1148: 1.994e-01
1149: 1.259e-01
1150: 4.006e-01
1151: 9.372e-02
1152: 1.180e-01
1153: 8.305e-02
1154: 8.756e-02
1155: 7.256e-03
1156: 6.124e-02
1157: 2.684e-01
1158: 1.699e-01
1159: 4.909e-01
1160: 1.782e-01
1161: 3.522e-01
1162: 3.170e-01
1163: 2.200e-01
1164: 1.509e-01
1165: 8.467e-02
1166: 2.474e-01
1167: 8.009e-01
1168: 3.215e-01
1169: 2.249e-01
1170: 1.940e-01
1171: 1.787e-01
1172: 3.148e-01
1173: 7.444e-01
1174: 6.070e-01
1175: 3.845e-01
1176: 1.780e-01
1177: 1.368e-01
1178: 2.682e-01
1179: 9.766e-02
1180: 1.652e-01
1181: 6.110e-01
1182: 1.788e-01
1183: 6.592e-02
1184: 3.433e-01
1185: 3.938e-01
1186: 4.404e-01
1187: 7.303e-02
1188: 2.725e-01
1189: 8.313e-01
1190: 3.654e-01
1191: 3.606e-01
1192: 1.624e-01
1193: 8.465e-02
1194: 8.755e-02
1195: 1.269e-02
1196: 2.212e-02
1197: 8.342e-02
1198: 0.000e+00
1199: 1.078e-01
1200: 5.720e-02
1201: 1.046e-01
1202: 7.875e-01
1203: 3.435e-01
1204: 1.716e-02
1205: 2.109e-01
1206: 4.546e-01
1207: 4.509e-01
1208: 4.586e-01
1209: 2.416e-01
1210: 1.412e-01
1211: 1.169e-01
1212: 1.002e-01
1213: 7.146e-01
1214: 4.767e-01
1215: 3.510e-01
1216: 1.482e-01
1217: 2.377e-01
1218: 9.398e-02
1219: 1.534e-01
1220: 9.765e-02
1221: 2.825e-01
1222: 3.502e-01
1223: 2.210e-01
1224: 2.126e-01
1225: 6.545e-02
1226: 4.540e-02
1227: 5.970e-01
1228: 3.350e-01
1229: 3.861e-01
1230: 3.653e-01
1231: 1.477e-01
1232: 4.082e-01
1233: 1.369e-01
1234: 1.209e-01
1235: 4.109e-02
1236: 6.415e-03
1237: 4.530e-01
1238: 1.681e-01
1239: 1.201e-01
1240: 3.167e-01
1241: 2.990e-01
1242: 1.201e-01
1243: 2.462e-01
1244: 7.988e-01
1245: 1.984e-01
1246: 1.939e-01
1247: 7.603e-02
1248: 2.257e-01
1249: 6.167e-01
1250: 2.126e-01
1251: 2.964e-01
1252: 3.086e-01
1253: 6.313e-01
1254: 2.339e-01
1255: 3.893e-01
1256: 9.166e-02
1257: 9.377e-03
1258: 1.151e-01
1259: 1.547e-01
1260: 1.358e-01
1261: 6.922e-01
1262: 5.517e-01
1263: 2.726e-01
1264: 4.943e-02
1265: 4.152e-01
1266: 3.176e-01
1267: 2.583e-01
1268: 1.783e-01
1269: 1.585e-01
1270: 6.063e-01
1271: 3.308e-01
1272: 7.279e-02
1273: 1.113e-01
1274: 4.552e-02
1275: 1.882e-01
1276: 6.026e-02
1277: 3.232e-01
1278: 5.252e-01
1279: 9.901e-02
1280: 1.383e-01
1281: 4.852e-01
1282: 1.361e-01
1283: 4.598e-01
1284: 1.298e-01
1285: 2.523e-01
1286: 2.350e-01
1287: 2.034e-01
1288: 2.743e-01
1289: 3.236e-01
1290: 5.296e-01
1291: 3.256e-01
1292: 5.982e-02
1293: 9.319e-01
1294: 9.177e-02
1295: 4.141e-01
1296: 1.438e-01
1297: 1.620e-01
1298: 1.029e-01
1299: 4.666e-01
1300: 7.403e-02
1301: 6.703e-01
1302: 5.083e-02
1303: 6.051e-01
1304: 8.640e-01
1305: 4.174e-02
1306: 7.755e-04
1307: 1.423e-01
1308: 3.955e-01
1309: 1.141e-01
1310: 3.369e-02
1311: 4.836e-02
1312: 5.558e-01
1313: 1.296e-01
1314: 1.835e-01
1315: 1.904e-01
1316: 2.405e-01
1317: 2.184e-01
1318: 2.690e-01
1319: 2.491e-01
1320: 9.105e-01
1321: 5.273e-01
1322: 2.083e-01
1323: 1.595e-01
1324: 4.272e-01
1325: 2.808e-01
1326: 1.114e-01
1327: 2.357e-02
1328: 1.545e-01
1329: 3.057e-02
1330: 1.300e-01
1331: 7.692e-02
1332: 4.103e-01
1333: 4.473e-01
1334: 3.127e-01
1335: 3.009e-01
1336: 1.271e-01
1337: 4.743e-01
1338: 2.301e-01
1339: 3.382e-01
1340: 3.379e-01
1341: 1.508e-01
1342: 1.739e-01
1343: 1.572e-01
1344: 7.687e-01
1345: 6.131e-01
1346: 2.873e-01
1347: 2.600e-01
1348: 2.753e-01
1349: 3.184e-01
1350: 1.907e-01
1351: 3.270e-01
1352: 2.230e-01
1353: 2.862e-01
1354: 1.786e-01
1355: 1.914e-01
1356: 2.298e-01
1357: 1.577e-01
1358: 1.318e-01
1359: 3.789e-01
1360: 1.539e-01
1361: 4.353e-01
1362: 3.991e-01
1363: 2.076e-01
1364: 2.380e-01
1365: 1.556e-01
1366: 1.375e-01
1367: 4.302e-01
1368: 5.110e-01
1369: 9.552e-02
1370: 7.397e-02
1371: 1.334e-01
1372: 1.151e-01
1373: 1.582e-01
1374: 5.238e-01
1375: 5.073e-01
1376: 1.739e-01
1377: 2.022e-01
1378: 1.312e-01
1379: 3.296e-01
1380: 3.395e-01
1381: 2.227e-01
1382: 6.702e-01
1383: 4.843e-01
1384: 2.801e-01
1385: 4.868e-01
1386: 1.284e-01
1387: 2.181e-01
1388: 8.979e-02
1389: 3.170e-01
1390: 3.070e-01
1391: 5.944e-01
1392: 4.983e-01
1393: 1.604e-01
1394: 2.901e-01
1395: 5.118e-01
1396: 2.408e-01
1397: 3.165e-01
1398: 4.160e-01
1399: 1.379e-01
1400: 5.957e-01
1401: 2.094e-01
1402: 1.551e-01
1403: 9.806e-01
1404: 2.113e-01
1405: 1.638e-01
1406: 3.363e-01
1407: 3.191e-01
1408: 7.288e-01
1409: 9.476e-02
1410: 1.254e-01
1411: 1.876e-01
1412: 3.436e-02
1413: 1.960e-01
1414: 4.268e-01
1415: 2.278e-01
1416: 3.104e-01
1417: 2.496e-01
1418: 7.142e-01
1419: 4.541e-01
1420: 1.711e-01
1421: 3.350e-01
1422: 3.990e-01
1423: 5.637e-01
1424: 2.302e-01
1425: 4.023e-01
1426: 4.318e-01
1427: 1.760e-01
1428: 6.358e-01
1429: 1.577e-01
1430: 2.049e-02
1431: 7.825e-02
1432: 1.082e-01
1433: 6.006e-01
1434: 3.087e-01
1435: 1.818e-01
1436: 9.222e-02
1437: 3.500e-01
1438: 7.247e-01
1439: 2.699e-01
1440: 1.681e-01
1441: 1.251e-01
1442: 2.031e-01
1443: 5.870e-01
1444: 3.487e-01
1445: 3.405e-01
1446: 1.276e-01
1447: 2.219e-01
1448: 9.289e-01
1449: 5.692e-01
1450: 2.442e-01
1451: 5.004e-01
1452: 5.796e-01
1453: 3.187e-01
1454: 1.799e-01
1455: 5.244e-01
1456: 3.296e-01
1457: 2.495e-01
1458: 4.224e-01
1459: 2.427e-01
1460: 1.237e-01
1461: 5.773e-01
1462: 3.971e-01
1463: 6.884e-02
1464: 1.716e-01
1465: 1.292e-01
1466: 3.966e-01
1467: 2.062e-01
1468: 1.001e-01
1469: 2.217e-01
1470: 3.046e-01
1471: 4.642e-01
1472: 3.418e-01
1473: 3.223e-01
1474: 3.144e-01
1475: 2.350e-01
1476: 1.644e-01
1477: 3.673e-01
1478: 4.274e-01
1479: 3.058e-01
1480: 2.222e-01
1481: 3.421e-01
1482: 6.220e-01
1483: 2.937e-01
1484: 2.417e-01
1485: 4.009e-01
1486: 6.648e-01
1487: 3.593e-01
1488: 1.715e-01
1489: 4.521e-01
1490: 5.509e-01
1491: 8.464e-02
1492: 3.268e-01
1493: 2.653e-01
1494: 3.239e-01
1495: 5.685e-01
1496: 2.519e-01
1497: 5.185e-01
1498: 1.832e-01
1499: 1.964e-01
1500: 5.026e-01
1501: 2.808e-01
1502: 2.842e-01
1503: 3.015e-01
1504: 6.276e-01
1505: 5.325e-01
1506: 2.020e-02
1507: 3.608e-01
1508: 3.254e-01
1509: 4.471e-01
1510: 3.272e-01
1511: 4.030e-01
1512: 3.267e-01
1513: 1.802e-01
1514: 3.388e-01
1515: 2.082e-01
1516: 1.779e-01
1517: 1.039e-01
1518: 3.117e-01
1519: 1.591e-01
1520: 2.342e-01
1521: 8.604e-01
1522: 6.209e-02
1523: 2.382e-01
1524: 3.218e-01
1525: 2.544e-01
1526: 5.389e-01
1527: 2.647e-01
1528: 6.270e-01
1529: 7.144e-01
1530: 8.028e-01
1531: 4.663e-02
1532: 2.481e-01
1533: 5.849e-01
1534: 2.022e-01
1535: 2.564e-01
1536: 2.041e-01
1537: 1.612e-01
1538: 1.545e-02
1539: 1.173e-01
1540: 5.138e-02
1541: 5.485e-02
1542: 7.564e-02
1543: 1.501e-01
1544: 4.043e-01
1545: 1.430e-01
1546: 1.284e-01
1547: 2.289e-01
1548: 2.782e-01
1549: 2.655e-01
1550: 3.354e-01
1551: 2.123e-01
1552: 1.567e-01
1553: 2.780e-01
1554: 3.599e-01
1555: 5.888e-01
1556: 1.345e-01
1557: 3.832e-02
1558: 1.786e-01
1559: 3.017e-01
1560: 2.236e-01
1561: 4.378e-01
1562: 3.104e-01
1563: 3.736e-01
1564: 2.200e-01
1565: 2.017e-01
1566: 4.174e-01
1567: 3.308e-01
1568: 1.629e-01
1569: 2.105e-01
1570: 2.049e-01
1571: 1.548e-02
1572: 1.727e-01
1573: 2.613e-01
1574: 3.662e-01
1575: 5.063e-02
1576: 5.651e-02
1577: 9.188e-02
1578: 4.109e-02
1579: 2.082e-01
1580: 3.243e-01
1581: 7.281e-01
1582: 3.084e-01
1583: 8.886e-01
1584: 2.247e-01
1585: 8.863e-02
1586: 5.704e-02
1587: 2.215e-01
1588: 3.293e-01
1589: 1.090e-01
1590: 3.393e-01
1591: 5.122e-01
1592: 2.395e-01
1593: 3.576e-01
1594: 1.540e-01
1595: 7.562e-01
1596: 2.428e-01
1597: 4.637e-02
1598: 1.227e-01
1599: 4.958e-01
1600: 9.356e-02
1601: 5.090e-01
1602: 1.438e-01
1603: 8.294e-02
1604: 1.128e-01
1605: 8.035e-02
1606: 1.005e+00
1607: 5.435e-01
1608: 1.057e-01
1609: 3.061e-01
1610: 3.855e-01
1611: 1.672e-01
1612: 3.056e-01
1613: 1.827e-01
1614: 7.043e-02
1615: 8.248e-02
1616: 1.925e-02
1617: 3.022e-01
1618: 3.241e-01
1619: 1.915e-01
1620: 2.976e-01
1621: 2.177e-01
1622: 2.450e-01
1623: 7.535e-01
1624: 1.407e-01
1625: 2.008e-01
1626: 4.264e-02
1627: 3.013e-01
1628: 8.778e-02
1629: 2.562e-01
1630: 8.269e-02
1631: 1.347e-01
1632: 3.813e-01
1633: 2.337e-01
1634: 2.931e-01
1635: 2.120e-01
1636: 4.805e-01
1637: 1.151e-01
1638: 1.834e-02
1639: 9.548e-02
1640: 3.619e-01
1641: 7.211e-01
1642: 3.995e-01
1643: 1.281e-01
1644: 2.317e-01
1645: 6.066e-01
1646: 1.639e-01
1647: 2.432e-01
1648: 1.537e-01
1649: 4.909e-01
1650: 1.444e-01
1651: 4.216e-01
1652: 2.344e-01
1653: 3.315e-01
1654: 6.473e-02
1655: 3.306e-01
1656: 9.755e-02
1657: 7.700e-02
1658: 1.138e-01
1659: 2.283e-01
1660: 1.592e-01
1661: 3.163e-01
1662: 2.052e-01
1663: 2.809e-01
1664: 2.148e-01
1665: 3.664e-01
1666: 1.420e-01
1667: 5.188e-01
1668: 7.292e-02
1669: 5.875e-01
1670: 4.072e-01
1671: 1.997e-01
1672: 3.953e-01
1673: 2.664e-01
1674: 1.580e-01
1675: 4.603e-01
1676: 2.228e-02
1677: 1.623e-01
1678: 1.135e-01
1679: 5.404e-01
1680: 2.508e-01
1681: 3.955e-01
1682: 2.526e-01
1683: 1.112e-01
1684: 1.573e-01
1685: 9.676e-02
1686: 3.366e-01
1687: 1.698e-01
1688: 4.369e-01
1689: 7.401e-02
1690: 3.450e-02
1691: 2.497e-01
1692: 2.619e-01
1693: 2.045e-01
1694: 1.810e-01
1695: 1.521e-01
1696: 1.409e-01
1697: 4.752e-01
1698: 3.608e-01
1699: 4.356e-01
1700: 1.448e-01
1701: 1.711e-01
1702: 3.372e-01
1703: 4.265e-01
1704: 3.682e-01
1705: 2.721e-01
1706: 1.815e-01
1707: 2.406e-01
1708: 5.440e-01
1709: 2.345e-01
1710: 4.398e-01
1711: 7.278e-01
1712: 1.574e-01
1713: 1.061e-01
1714: 3.466e-01
1715: 1.965e-01
1716: 1.519e-01
1717: 3.481e-01
1718: 8.351e-02
1719: 1.638e-01
1720: 2.835e-01
1721: 1.628e-01
1722: 1.786e-01
1723: 1.605e-01
1724: 1.880e-01
1725: 8.320e-01
1726: 1.588e-01
1727: 2.305e-01
1728: 2.765e-01
1729: 3.463e-01
1730: 1.664e-01
1731: 3.066e-01
1732: 3.130e-01
1733: 2.782e-01
1734: 3.100e-01
1735: 1.456e-01
1736: 3.140e-01
1737: 2.055e-01
1738: 1.401e-01
1739: 2.470e-01
1740: 2.763e-01
1741: 3.041e-01
1742: 4.946e-01
1743: 1.698e-01
1744: 1.454e-01
1745: 3.440e-01
1746: 4.381e-01
1747: 5.421e-01
1748: 4.187e-01
1749: 3.123e-01
1750: 3.183e-01
1751: 2.389e-01
1752: 2.371e-01
1753: 5.540e-02
1754: 9.566e-02
1755: 5.032e-01
1756: 2.753e-01
1757: 3.907e-01
1758: 4.056e-01
1759: 5.148e-02
1760: 8.336e-02
1761: 2.982e-01
1762: 1.987e-01
1763: 3.314e-01
1764: 1.660e-01
1765: 3.538e-01
1766: 4.960e-01
1767: 2.942e-01
1768: 2.153e-01
1769: 3.001e-01
1770: 2.570e-01
1771: 4.565e-01
1772: 1.850e-01
1773: 6.871e-01
1774: 1.175e-01
1775: 1.840e-01
1776: 3.963e-02
1777: 2.779e-01
1778: 3.386e-01
1779: 2.265e-01
1780: 1.160e-01
1781: 7.873e-02
1782: 2.081e-01
1783: 1.804e-01
1784: 3.866e-01
1785: 3.185e-01
1786: 4.917e-01
1787: 1.303e-01
1788: 4.157e-01
1789: 3.080e-01
1790: 1.623e-01
1791: 3.614e-02
1792: 1.666e-01
1793: 6.483e-01
1794: 2.130e-01
1795: 6.233e-01
1796: 1.504e-01
1797: 3.494e-01
1798: 1.743e-01
1799: 1.627e-01
1800: 3.082e-01
1801: 3.732e-01
1802: 3.022e-01
1803: 2.188e-01
1804: 5.507e-01
1805: 5.106e-01
1806: 4.815e-01
1807: 2.162e-01
1808: 5.058e-02
1809: 3.991e-01
1810: 8.884e-02
1811: 2.804e-01
1812: 3.110e-01
1813: 4.016e-01
1814: 5.045e-01
1815: 4.614e-01
1816: 5.092e-02
1817: 4.279e-01
1818: 2.267e-01
1819: 2.763e-01
1820: 4.368e-02
1821: 2.342e-01
1822: 5.033e-01
1823: 4.072e-01
1824: 2.395e-01
1825: 2.436e-01
1826: 4.208e-01
1827: 6.196e-02
1828: 3.498e-01
1829: 5.102e-02
1830: 1.368e-01
1831: 3.927e-01
1832: 2.491e-01
1833: 4.293e-02
1834: 4.072e-01
1835: 1.414e-01
1836: 9.490e-02
1837: 3.222e-01
1838: 1.034e-01
1839: 1.187e-01
1840: 4.089e-02
1841: 4.417e-02
1842: 5.750e-02
1843: 7.508e-01
1844: 2.753e-01
1845: 2.755e-01
1846: 1.074e-01
1847: 7.939e-02
1848: 1.239e-01
1849: 7.890e-02
1850: 4.588e-01
1851: 5.329e-01
1852: 3.133e-01
1853: 3.471e-01
1854: 1.747e-01
1855: 2.387e-02
1856: 3.243e-01
1857: 1.315e-01
1858: 4.723e-01
1859: 1.279e-01
1860: 6.374e-01
1861: 2.169e-01
1862: 2.815e-01
1863: 3.497e-01
1864: 8.396e-01
1865: 3.118e-01
1866: 2.692e-01
1867: 2.693e-01
1868: 2.895e-01
1869: 1.143e-01
1870: 2.918e-01
1871: 1.165e-01
1872: 6.238e-01
1873: 3.516e-01
1874: 9.513e-02
1875: 1.180e-01
1876: 7.296e-02
1877: 5.752e-01
1878: 2.842e-01
1879: 7.492e-01
1880: 1.902e-01
1881: 3.697e-01
1882: 1.881e-01
1883: 6.751e-02
1884: 2.361e-01
1885: 4.785e-01
1886: 1.092e-01
1887: 2.452e-01
1888: 3.945e-01
1889: 6.185e-01
1890: 3.518e-01
1891: 1.189e-01
1892: 4.981e-02
1893: 3.154e-01
1894: 1.026e-01
1895: 2.025e-01
1896: 5.571e-01
1897: 1.806e-01
1898: 1.863e-01
1899: 2.828e-01
1900: 2.955e-01
1901: 1.454e-01
1902: 1.666e-01
1903: 1.375e-01
1904: 3.984e-01
1905: 9.111e-02
1906: 1.461e-01
1907: 1.040e+00
1908: 8.535e-02
1909: 1.834e-01
1910: 1.473e-01
1911: 3.657e-01
1912: 1.705e-01
1913: 3.468e-01
1914: 2.737e-01
1915: 2.360e-01
1916: 1.583e-01
1917: 2.064e-01
1918: 1.724e-01
1919: 1.235e-01
1920: 8.701e-02
1921: 3.989e-01
1922: 1.044e-01
1923: 1.022e-01
1924: 1.918e-01
1925: 5.603e-01
1926: 4.173e-01
1927: 1.127e-01
1928: 4.690e-01
1929: 2.442e-01
1930: 2.134e-01
1931: 2.875e-01
1932: 1.777e-01
1933: 1.810e-01
1934: 7.387e-02
1935: 6.223e-01
1936: 3.023e-01
1937: 1.436e-01
1938: 4.896e-01
1939: 2.222e-01
1940: 3.089e-01
1941: 1.687e-01
1942: 2.693e-01
1943: 2.006e-01
1944: 2.335e-01
1945: 6.889e-02
1946: 2.345e-01
1947: 3.784e-01
1948: 2.275e-01
1949: 5.740e-02
1950: 1.125e-01
1951: 1.255e-01
1952: 2.895e-01
1953: 4.012e-01
1954: 9.687e-02
1955: 5.445e-01
1956: 4.554e-02
1957: 4.831e-01
1958: 2.415e-01
1959: 1.025e-01
1960: 3.798e-01
1961: 6.227e-01
1962: 3.416e-01
1963: 3.013e-01
1964: 2.267e-01
1965: 2.228e-01
1966: 9.509e-02
1967: 3.006e-02
1968: 8.740e-02
1969: 1.938e-01
1970: 1.105e-01
1971: 3.271e-01
1972: 4.412e-01
1973: 2.165e-01
1974: 1.944e-01
1975: 8.603e-02
1976: 7.178e-02
1977: 2.278e-02
1978: 1.779e-01
1979: 1.287e-01
1980: 3.572e-01
1981: 1.009e-01
1982: 1.588e-01
1983: 5.993e-02
1984: 1.045e-01
1985: 7.550e-02
1986: 2.002e-01
1987: 5.469e-02
1988: 2.056e-01
1989: 1.229e-01
1990: 1.658e-01
1991: 3.324e-01
1992: 2.945e-01
1993: 1.566e-01
1994: 3.779e-01
1995: 4.701e-01
1996: 6.449e-02
1997: 1.039e-01
1998: 5.479e-01
1999: 2.854e-01
2000: 2.681e-01
2001: 2.012e-01
2002: 6.847e-02
2003: 1.185e-01
2004: 3.093e-01
2005: 2.778e-01
2006: 9.559e-02
2007: 1.349e-01
2008: 1.931e-01
2009: 1.263e-01
2010: 2.422e-01
2011: 3.274e-01
2012: 8.089e-01
2013: 2.399e-01
2014: 4.006e-01
2015: 1.005e-01
2016: 8.487e-02
2017: 9.656e-02
2018: 1.238e-01
2019: 3.970e-01
2020: 1.047e-01
2021: 1.767e-01
2022: 2.824e-01
2023: 1.061e-01
2024: 3.671e-01
2025: 2.501e-01
2026: 1.162e-01
2027: 1.188e-01
2028: 4.259e-02
2029: 1.051e-01
2030: 9.518e-02
2031: 5.208e-01
2032: 2.776e-01
2033: 4.139e-01
2034: 2.830e-01
2035: 2.491e-01
2036: 2.166e-01
2037: 1.153e-01
2038: 1.209e-01
2039: 1.216e-01
2040: 1.856e-01
2041: 6.157e-01
2042: 4.481e-01
2043: 4.519e-01
2044: 1.579e-01
2045: 2.977e-01
2046: 4.107e-01
2047: 2.464e-01
2048: 3.897e-01
2049: 2.158e-01
2050: 3.907e-01
2051: 1.270e-01
2052: 2.332e-01
2053: 7.146e-02
2054: 7.214e-01
2055: 1.417e-01
2056: 1.602e-01
2057: 1.174e-01
2058: 3.052e-01
2059: 1.049e-01
2060: 2.478e-01
2061: 1.490e-01
2062: 4.040e-02
2063: 1.382e-01
2064: 1.033e-01
2065: 1.867e-01
2066: 2.395e-01
2067: 3.182e-01
2068: 4.619e-01
2069: 2.325e-01
2070: 8.352e-02
2071: 1.556e-01
2072: 3.271e-02
2073: 9.138e-02
2074: 3.836e-01
2075: 1.798e-01
2076: 4.774e-01
2077: 7.349e-02
2078: 3.282e-01
2079: 1.171e-01
2080: 3.155e-01
2081: 7.511e-03
2082: 1.451e-01
2083: 4.294e-01
2084: 1.613e-01
2085: 5.349e-01
2086: 2.477e-01
2087: 6.945e-02
2088: 1.789e-01
2089: 1.609e-01
2090: 9.634e-02
2091: 8.066e-02
2092: 6.269e-01
2093: 0.000e+00
2094: 2.733e-01
2095: 3.365e-01
2096: 2.099e-01
2097: 3.554e-02
2098: 3.451e-01
2099: 1.263e-01
2100: 4.524e-01
2101: 2.502e-01
2102: 1.929e-01
2103: 3.991e-02
2104: 5.363e-02
2105: 1.693e-01
2106: 2.807e-01
2107: 1.579e-01
2108: 5.500e-01
2109: 3.506e-01
2110: 3.766e-01
2111: 2.459e-01
2112: 1.635e-01
2113: 4.342e-01
2114: 2.340e-01
2115: 9.224e-02
2116: 2.220e-01
2117: 2.161e-01
2118: 2.273e-01
2119: 6.617e-02
2120: 2.516e-02
2121: 2.178e-01
2122: 1.888e-01
2123: 1.697e-01
2124: 1.563e-01
2125: 1.592e-01
2126: 1.567e-01
2127: 8.916e-02
2128: 6.683e-01
2129: 1.773e-01
2130: 1.992e-01
2131: 2.719e-02
2132: 2.179e-01
2133: 1.476e-01
2134: 2.257e-01
2135: 1.778e-01
2136: 1.179e-01
2137: 1.416e-01
2138: 2.742e-01
2139: 4.506e-01
2140: 4.870e-01
2141: 2.010e-01
2142: 3.157e-01
2143: 5.468e-01
2144: 4.628e-02
2145: 5.220e-01
2146: 3.069e-01
2147: 1.204e-01
2148: 2.173e-01
2149: 2.478e-01
2150: 4.300e-01
2151: 3.728e-01
2152: 3.393e-01
2153: 2.001e-01
2154: 3.310e-01
2155: 1.046e-01
2156: 1.468e-01
2157: 1.003e-01
2158: 8.882e-01
2159: 1.099e-01
2160: 4.234e-01
2161: 3.142e-01
2162: 5.061e-01
