1: 9.235e-01
2: 2.546e-01
3: 2.739e-01
4: 8.814e-01
5: 2.002e+00
6: 1.846e+00
7: 6.518e-01
8: -2.842e-01
9: 6.244e-01
10: 7.120e-01
11: -3.497e-01
12: 2.959e-01
13: 6.442e-01
14: 1.380e+00
15: 4.865e-01
16: 2.587e+00
17: 2.838e-01
18: 7.758e-01
19: 3.469e+00
20: 9.818e-01
21: 8.983e-01
22: 2.232e+00
23: 2.624e+00
24: 2.188e+00
25: 1.546e+00
26: 3.699e+00
27: 2.583e+00
28: 3.833e+00
29: 2.630e+00
30: 2.746e+00
31: 1.370e+00
32: 1.477e+00
33: 1.270e+00
34: 1.055e+00
35: 8.435e-01
36: 1.102e+00
37: 1.252e+00
38: 1.468e+00
39: 2.320e+00
40: 4.001e-01
41: 7.039e-01
42: 3.341e-01
43: 5.230e-01
44: 1.551e+00
45: 7.906e-01
46: 2.964e+00
47: 8.932e-01
48: 1.530e+00
49: -1.131e-03
50: 2.206e-02
51: 1.163e+00
52: 1.256e+00
53: 9.582e-01
54: 4.958e-01
55: 1.021e+00
56: 8.113e-01
57: 1.054e+00
58: 1.417e+00
59: 1.203e+00
60: 8.028e-01
61: 4.835e-01
62: 5.360e-01
63: 8.000e-01
64: 2.002e+00
65: 1.014e+00
66: 7.911e-01
67: 1.069e+00
68: 1.351e+00
69: 8.524e-01
70: 7.635e-01
71: 1.393e+00
72: 1.434e+00
73: 6.694e-01
74: 1.321e+00
75: 1.361e+00
76: 1.417e-01
77: 7.177e-01
78: 5.878e-01
79: 1.039e+00
80: -9.699e-02
81: 9.943e-01
82: 1.291e-01
83: 1.227e+00
84: 9.125e-01
85: 8.485e-01
86: 2.506e+00
87: 1.764e-01
88: 2.311e-01
89: 6.780e-02
90: 1.706e+00
91: -4.840e-01
92: 8.792e-01
93: 1.104e+00
94: 3.136e-01
95: 3.980e-01
96: -9.148e-01
97: 1.139e+00
98: 6.592e-01
99: 2.777e-01
100: 1.075e+00
101: 3.757e-01
102: 1.185e-01
103: 1.405e+00
104: 1.278e+00
105: 1.679e+00
106: 9.692e-01
107: 8.401e-01
108: 5.311e-01
109: 1.083e+00
110: 1.497e+00
111: 1.050e+00
112: 4.675e-01
113: 3.497e-01
114: 8.231e-01
115: 2.960e-01
116: 1.092e+00
117: 5.897e-01
118: 9.578e-02
119: 1.250e+00
120: 4.057e-01
121: 1.191e+00
122: 7.966e-01
123: 6.519e-01
124: 1.070e+00
125: 4.703e-01
126: 1.563e+00
127: 1.639e+00
128: 3.105e-01
129: -7.969e-02
130: 9.982e-01
131: -1.605e-01
132: -1.745e-01
133: 8.562e-01
134: 4.338e-02
135: 8.067e-01
136: 8.762e-01
137: 1.416e+00
138: -6.493e-01
139: 1.174e+00
140: 2.342e-01
141: 1.841e-01
142: 4.922e-01
143: 5.902e-01
144: 8.794e-01
145: -1.631e-01
146: 3.036e+00
147: 1.049e+00
148: 1.208e+00
149: 1.743e+00
150: 2.821e+00
151: 1.823e+00
152: 1.507e+00
153: 1.486e+00
154: 1.024e+00
155: 1.033e+00
156: 2.605e+00
157: 1.592e+00
158: 2.004e+00
159: 4.936e-02
160: 2.305e+00
161: 2.382e+00
162: 1.451e+00
163: 2.291e+00
164: 1.936e+00
165: 1.066e+00
166: 9.171e-01
167: 2.104e+00
168: 1.161e+00
169: 7.324e-01
170: 1.088e+00
171: 1.253e+00
172: 2.065e+00
173: 1.494e+00
174: 9.306e-01
175: 1.363e+00
176: 8.637e-01
177: 3.712e+00
178: 1.192e+00
179: 4.392e-01
180: 3.166e-01
181: 2.846e-01
182: -4.935e-02
183: -9.610e-03
184: 1.517e+00
185: 1.801e+00
186: 9.188e-01
187: 1.369e+00
188: 1.336e+00
189: 2.409e+00
190: 1.211e+00
191: 9.652e-01
192: 6.132e-01
193: 1.853e+00
194: 2.234e+00
195: 1.626e+00
196: 1.452e+00
197: 1.701e+00
198: 1.047e+00
199: 5.336e-01
200: 1.189e+00
201: 1.254e+00
202: 7.297e-01
203: 9.976e-01
204: 1.438e+00
205: 1.521e+00
206: 1.990e+00
207: 1.922e+00
208: 5.960e-01
209: 1.875e-01
210: 2.567e+00
211: 1.350e+00
212: 1.857e+00
213: 5.161e-01
214: 1.036e+00
215: 1.666e+00
216: 2.959e+00
217: 2.123e+00
218: 1.714e+00
219: 1.668e+00
220: 2.221e+00
221: 1.178e+00
222: 1.202e+00
223: 1.642e+00
224: 1.711e+00
225: 1.353e+00
226: 1.607e+00
227: 1.438e+00
228: 1.836e-01
229: 1.300e-01
230: 1.460e+00
231: 1.263e+00
232: 2.137e+00
233: -3.875e-01
234: 1.535e+00
235: 1.920e+00
236: 2.065e+00
237: 2.255e+00
238: 1.612e+00
239: 1.897e+00
240: 1.507e+00
241: 1.329e+00
242: 1.489e+00
243: 1.299e+00
244: 1.907e+00
245: 6.668e-01
246: 1.495e+00
247: 2.153e+00
248: 2.492e+00
249: 1.874e+00
250: 1.490e+00
251: 9.677e-01
252: 1.327e+00
253: 1.239e+00
254: 1.554e+00
255: 1.998e+00
256: 1.105e+00
257: 8.984e-01
258: 1.623e-01
259: 1.172e+00
260: 1.880e+00
261: -6.534e-02
262: 1.012e-01
263: 2.013e+00
264: 1.348e+00
265: 1.873e+00
266: 2.944e+00
267: 2.375e+00
268: 8.789e-01
269: 1.295e+00
270: 8.125e-01
271: 5.131e-01
272: 1.203e+00
273: 1.721e+00
274: 2.358e+00
275: 2.111e+00
276: 1.950e-01
277: 1.625e+00
278: -1.599e-02
279: 3.807e-01
280: 1.277e+00
281: 1.449e+00
282: 9.996e-01
283: 1.324e+00
284: 1.236e+00
285: 1.326e+00
286: 1.346e+00
287: 1.744e-01
288: 1.022e+00
289: 1.011e+00
290: 1.908e+00
291: 2.085e+00
292: 1.838e+00
293: 1.700e+00
294: 7.311e-01
295: 1.917e+00
296: 4.880e-01
297: 1.024e+00
298: 2.089e+00
299: 1.932e+00
300: 2.032e+00
301: 1.648e+00
302: 1.146e+00
303: 1.749e+00
304: 1.366e+00
305: 1.232e+00
306: 9.849e-01
307: 2.630e+00
308: 1.889e+00
309: 2.434e+00
310: 1.513e+00
311: 1.026e+00
312: 1.260e+00
313: 9.348e-01
314: 1.931e+00
315: 2.380e+00
316: 1.755e+00
317: 9.119e-01
318: 1.337e+00
319: 1.681e+00
320: 2.189e+00
321: 2.419e+00
322: 1.878e+00
323: 1.860e-01
324: 1.171e+00
325: 1.339e+00
326: 1.085e+00
327: 1.116e+00
328: 5.805e-01
329: 8.586e-01
330: 1.231e+00
331: 1.180e+00
332: 1.326e+00
333: 1.255e+00
334: 1.124e+00
335: 2.023e+00
336: 2.266e+00
337: 1.692e+00
338: 1.319e+00
339: 6.263e-01
340: 1.673e+00
341: 1.093e+00
342: 1.447e+00
343: 1.354e+00
344: 1.670e+00
345: 2.319e+00
346: 1.973e+00
347: 1.480e+00
348: 5.408e-01
349: 1.148e+00
350: 1.959e+00
351: 1.595e+00
352: 9.712e-01
353: 9.012e-01
354: 1.743e+00
355: 1.259e-01
356: 1.819e+00
357: 1.599e+00
358: 1.225e+00
359: 1.249e+00
360: 1.654e+00
361: 1.432e+00
362: 1.524e+00
363: 1.691e+00
364: 1.686e+00
365: 1.611e+00
366: 2.430e+00
367: 2.177e+00
368: 1.522e+00
369: 1.702e+00
370: 8.232e-01
371: 1.343e+00
372: 1.999e+00
373: 1.723e+00
374: 2.676e+00
375: 1.775e+00
376: 1.260e+00
377: 1.168e+00
378: 1.476e+00
379: 5.790e-01
380: 1.501e+00
381: 1.115e+00
382: 1.385e+00
383: 7.041e-01
384: 1.303e+00
385: 1.340e+00
386: 1.986e+00
387: 2.827e+00
388: 1.355e+00
389: 1.920e+00
390: 9.654e-01
391: 1.127e+00
392: 1.583e+00
393: 1.284e+00
394: 2.080e+00
395: 1.706e+00
396: 1.877e+00
397: 1.461e+00
398: 1.096e+00
399: 1.620e+00
400: 9.614e-01
401: 6.636e-01
402: 2.210e+00
403: 2.686e+00
404: 2.337e+00
405: 1.626e+00
406: 1.741e+00
407: 7.237e-01
408: 7.253e-03
409: 6.633e-01
410: 1.823e+00
411: 1.754e+00
412: 1.772e+00
413: 1.756e+00
414: 1.776e+00
415: 9.342e-01
416: 1.002e+00
417: 1.224e+00
418: 1.618e+00
419: 2.199e+00
420: 1.612e+00
421: 1.020e+00
422: 7.483e-01
423: 8.010e-01
424: 2.382e+00
425: 9.546e-01
426: 1.692e+00
427: 1.821e+00
428: 2.020e+00
429: 6.061e-01
430: 8.770e-01
431: 1.716e+00
432: 2.369e+00
433: 1.564e+00
434: 7.239e-01
435: 8.732e-01
436: 1.649e+00
437: 1.439e+00
438: 8.544e-01
439: 4.580e-01
440: 1.976e+00
441: 2.315e+00
442: 2.009e+00
443: 2.136e+00
444: 2.326e+00
445: 3.086e-01
446: 1.390e+00
447: 1.057e+00
448: 2.756e+00
449: 2.679e+00
450: 9.896e-01
451: 1.447e+00
452: 9.530e-01
453: 9.609e-01
454: 1.767e+00
455: 1.077e+00
456: 1.515e+00
457: 1.331e+00
458: 1.103e+00
459: 1.236e+00
460: 4.954e-01
461: 1.710e+00
462: 1.200e+00
463: 1.400e+00
464: 1.732e+00
465: 1.370e+00
466: 1.755e+00
467: 1.299e+00
468: 1.400e+00
469: 8.364e-01
470: 8.614e-01
471: 2.472e+00
472: 2.208e+00
473: 2.101e+00
474: 1.087e+00
475: 1.786e+00
476: 1.981e+00
477: 2.450e+00
478: 1.453e+00
479: 1.502e+00
480: 8.210e-01
481: 1.465e+00
482: 9.571e-01
483: 9.898e-01
484: 2.096e-01
485: 1.319e+00
486: 1.678e+00
487: 1.973e+00
488: 1.733e+00
489: 6.529e-01
490: 1.105e+00
491: 1.106e+00
492: 4.394e-01
493: 1.321e+00
494: 7.455e-01
495: 9.230e-01
496: 1.808e+00
497: 1.947e+00
498: 2.266e+00
499: 1.453e+00
500: 1.196e+00
501: 2.027e+00
502: 2.333e+00
503: 1.018e+00
504: -4.458e-03
505: 1.308e+00
506: 9.668e-01
507: 1.288e+00
508: 1.096e+00
509: 1.017e+00
510: 1.459e+00
511: 1.317e+00
512: 1.576e+00
513: 1.626e+00
514: 1.231e+00
515: 2.074e+00
516: 9.439e-01
517: 9.822e-01
518: 7.590e-01
519: 1.706e+00
520: 2.524e+00
521: 1.782e+00
522: 1.403e+00
523: 1.246e+00
524: 1.184e+00
525: 1.721e+00
526: 1.067e+00
527: 1.192e+00
528: 1.084e+00
529: 1.586e+00
530: 2.285e+00
531: 1.014e+00
532: 1.646e+00
533: 2.001e+00
534: 2.287e+00
535: 2.117e+00
536: 6.375e-01
537: 1.057e+00
538: 1.750e+00
539: 1.441e+00
540: 1.639e+00
541: 1.132e+00
542: 1.263e+00
543: 2.203e+00
544: 9.794e-01
545: 6.270e-01
546: 1.183e+00
547: 1.363e+00
548: 1.310e+00
549: 1.305e+00
550: 1.665e+00
551: 1.973e+00
552: 2.314e+00
553: 1.663e+00
554: 6.579e-01
555: 1.278e+00
556: 8.703e-01
557: 8.690e-01
558: 1.315e+00
559: 8.134e-01
560: 1.279e+00
561: 1.700e+00
562: 1.129e+00
563: 1.658e+00
564: 1.412e+00
565: 9.810e-01
566: 9.162e-01
567: 2.022e+00
568: 1.715e+00
569: 1.629e+00
570: 9.137e-01
571: 8.098e-01
572: 1.051e+00
573: 1.191e+00
574: 1.711e+00
575: 2.693e+00
576: 2.073e+00
577: 1.861e+00
578: 2.069e+00
579: 1.465e+00
580: 7.166e-01
581: 1.355e+00
582: 1.499e+00
583: 1.189e+00
584: 2.205e-01
585: 1.507e+00
586: 1.337e+00
587: 1.521e+00
588: 7.776e-01
589: 1.618e+00
590: 1.289e+00
591: 1.124e+00
592: 9.038e-01
593: 1.530e+00
594: 1.651e+00
595: 1.951e+00
596: 1.220e+00
597: 1.593e+00
598: 2.525e+00
599: 1.650e+00
600: 1.648e+00
601: 1.497e+00
602: 8.726e-01
603: 1.508e+00
604: 1.517e+00
605: 7.909e-01
606: 1.296e+00
607: 8.487e-01
608: 9.039e-01
609: 1.586e+00
610: 1.263e+00
611: 1.440e+00
612: 1.698e+00
613: 1.463e+00
614: 1.293e+00
615: 1.112e+00
616: 1.031e+00
617: 6.704e-01
618: 1.518e+00
619: 1.361e+00
620: 1.378e+00
621: 1.166e+00
622: 9.436e-01
623: 4.125e-01
624: 1.296e+00
625: 8.717e-01
626: 1.474e+00
627: 9.053e-01
628: 1.534e+00
629: 8.738e-01
630: 1.651e+00
631: 1.960e+00
632: 1.260e+00
633: 1.198e+00
634: 1.056e+00
635: 1.586e+00
636: 6.923e-01
637: 1.508e+00
638: 1.926e+00
639: 1.378e+00
640: 8.457e-01
641: 1.606e+00
642: 1.768e+00
643: 1.719e+00
644: 1.269e+00
645: 9.830e-01
646: 1.389e+00
647: 8.032e-01
648: 1.180e+00
649: 1.775e+00
650: 1.298e+00
651: 1.455e+00
652: 1.551e+00
653: 7.626e-01
654: 6.619e-01
655: 1.050e+00
656: 9.769e-01
657: 8.592e-01
658: 1.647e+00
659: 2.643e+00
660: 1.366e+00
661: 1.711e+00
662: 1.462e+00
663: 1.648e+00
664: 2.137e+00
665: 9.538e-01
666: 1.203e+00
667: 1.570e+00
668: 1.037e+00
669: 9.051e-01
670: 1.355e+00
671: 2.765e+00
672: 1.976e+00
673: 1.000e+00
674: 1.062e+00
675: 9.356e-01
676: 1.471e+00
677: 9.009e-01
678: 2.030e+00
679: 1.920e+00
680: 1.221e+00
681: 1.606e+00
682: 1.902e+00
683: 8.967e-01
684: 1.132e+00
685: 9.917e-01
686: 2.200e+00
687: 1.893e+00
688: 3.024e-01
689: 1.202e+00
690: 5.933e-01
691: 1.674e+00
692: 1.532e+00
693: 1.586e+00
694: 1.303e+00
695: 1.792e+00
696: 2.149e+00
697: 1.851e+00
698: 1.484e+00
699: 1.410e+00
700: 1.545e+00
701: 1.533e+00
702: 2.811e+00
703: 2.471e+00
704: 9.630e-01
705: 1.299e+00
706: 1.106e+00
707: 4.650e-01
708: 1.372e+00
709: 1.798e+00
710: 2.971e+00
711: 1.971e+00
712: 1.323e+00
713: 1.472e+00
714: 3.556e-01
715: 1.144e+00
716: 1.560e+00
717: 1.560e+00
718: 1.021e+00
719: 1.394e+00
720: 8.151e-01
721: 1.553e+00
722: 1.259e+00
723: 1.467e+00
724: 1.573e+00
725: 1.756e+00
726: 1.069e+00
727: 8.173e-01
728: 6.477e-01
729: 1.333e+00
730: 1.408e+00
731: 1.425e+00
732: 1.413e+00
733: 2.376e+00
734: 1.409e+00
735: 1.006e+00
736: 1.214e+00
737: 8.208e-01
738: 1.553e+00
739: 9.585e-01
740: 1.758e+00
741: 2.312e+00
742: 1.801e+00
743: 1.749e+00
744: 1.370e+00
745: 1.304e+00
746: 1.717e+00
747: 1.870e+00
748: 1.183e+00
749: 1.504e+00
750: 1.418e+00
751: 1.333e+00
752: 1.744e+00
753: 1.765e+00
754: 1.640e+00
755: 1.012e+00
756: 1.249e+00
757: 1.488e+00
758: 1.338e+00
759: 1.470e+00
760: 8.517e-01
761: 1.051e+00
762: 1.527e+00
763: 1.566e+00
764: 1.589e+00
765: 1.568e+00
766: 1.850e+00
767: 1.309e+00
768: 1.150e+00
769: 1.688e+00
770: 2.677e+00
771: 2.225e+00
772: 1.789e+00
773: 1.041e+00
774: 1.572e+00
775: 1.510e+00
776: 1.673e+00
777: 2.591e-01
778: 1.571e+00
779: 1.324e+00
780: 1.396e+00
781: 1.390e+00
782: 1.942e+00
783: 1.138e+00
784: 9.050e-01
785: 1.568e+00
786: 1.732e+00
787: 2.177e+00
788: 1.576e+00
789: 1.330e+00
790: 1.407e+00
791: 4.436e-01
792: 1.079e+00
793: 1.536e+00
794: 1.625e+00
795: 1.697e+00
796: 1.442e+00
797: 1.976e+00
798: 1.231e+00
799: 1.247e+00
800: 1.370e+00
801: 6.984e-01
802: 1.937e+00
803: 2.787e+00
804: 2.042e+00
805: 2.313e+00
806: 1.961e+00
807: 2.367e+00
808: 1.238e-01
809: 1.836e+00
810: 1.280e+00
811: 1.284e+00
812: 1.595e+00
813: 1.801e+00
814: 1.775e+00
815: 1.972e+00
816: 7.054e-01
817: 9.443e-01
818: 1.396e+00
819: 1.993e+00
820: 1.302e+00
821: 1.215e+00
822: 9.999e-01
823: 7.122e-01
824: 1.231e+00
825: 8.419e-01
826: 1.388e+00
827: 2.129e+00
828: 1.049e+00
829: 1.451e+00
830: 2.165e+00
831: 2.760e+00
832: 1.872e+00
833: 2.434e+00
834: 1.946e+00
835: 1.110e+00
836: 1.439e+00
837: 1.590e+00
838: 1.905e+00
839: 1.759e+00
840: 2.235e+00
841: 2.016e+00
842: 1.830e+00
843: 2.556e+00
844: 2.536e+00
845: 2.474e+00
846: 2.825e+00
847: 2.274e+00
848: 2.231e+00
849: 1.337e+00
850: 1.682e+00
851: 9.647e-01
852: 1.860e+00
853: 1.015e+00
854: 1.964e+00
855: 1.621e+00
856: 1.956e+00
857: 2.258e+00
858: 1.534e+00
859: 1.872e+00
860: 1.695e+00
861: 1.145e+00
862: 1.672e+00
863: 1.183e+00
864: 1.425e+00
865: 1.754e+00
866: 1.255e+00
867: 2.018e+00
868: 2.028e+00
869: 1.106e+00
870: 1.081e+00
871: 1.604e+00
872: 1.888e+00
873: 1.994e+00
874: 1.291e+00
875: 1.542e+00
876: 1.002e+00
877: 9.248e-01
878: 1.703e+00
879: 2.221e+00
880: 1.934e+00
881: 1.612e+00
882: 1.458e+00
883: 1.213e+00
884: 1.304e+00
885: 1.832e+00
886: 1.753e+00
887: 1.153e+00
888: 1.932e+00
889: 1.857e+00
890: 1.563e+00
891: 1.736e+00
892: 1.271e+00
893: 1.495e+00
894: 1.379e+00
895: 2.098e+00
896: 2.156e+00
897: 1.110e+00
898: 1.816e+00
899: 2.106e+00
900: 1.636e+00
901: 1.603e+00
902: 1.605e+00
903: 1.356e+00
904: 9.247e-01
905: 1.514e+00
906: 1.847e+00
907: 1.713e+00
908: 1.051e+00
909: 1.638e+00
910: 1.851e+00
911: 1.546e+00
912: 1.039e+00
913: 1.720e+00
914: 2.409e+00
915: 1.418e+00
916: 1.739e+00
917: 1.239e+00
918: 1.395e+00
919: 1.845e+00
920: 1.785e+00
921: 1.188e+00
922: 1.040e+00
923: 1.702e+00
924: 1.840e+00
925: 1.800e+00
926: 1.628e+00
927: 1.213e+00
928: 1.063e+00
929: 8.790e-01
930: 1.398e+00
931: 1.399e+00
932: 1.458e+00
933: 1.673e+00
934: 1.497e+00
935: 1.519e+00
936: 2.055e+00
937: 1.578e+00
938: 1.957e+00
939: 1.884e+00
940: 2.134e+00
941: 1.374e+00
942: 1.488e+00
943: 2.083e+00
944: 1.924e+00
945: 2.183e+00
946: 1.074e+00
947: 1.747e+00
948: 1.380e+00
949: 1.561e+00
950: 1.437e+00
951: 1.459e+00
952: 1.310e+00
953: 1.495e+00
954: 1.497e+00
955: 1.971e+00
956: 1.505e+00
957: 1.534e+00
958: 1.697e+00
959: 1.655e+00
960: 8.452e-01
961: 1.425e+00
962: 1.425e+00
963: 1.473e+00
964: 2.128e+00
965: 8.557e-01
966: 1.338e+00
967: 1.305e+00
968: 1.482e+00
969: 1.181e+00
970: 9.676e-01
971: 1.609e+00
972: 1.381e+00
973: 1.894e+00
974: 1.280e+00
975: 2.235e+00
976: 1.685e+00
977: 1.665e+00
978: 1.700e+00
979: 1.363e+00
980: 1.865e+00
981: 1.563e+00
982: 7.091e-01
983: 9.805e-01
984: 1.558e+00
985: 7.374e-01
986: 1.886e+00
987: 1.243e+00
988: 1.403e+00
989: 1.498e+00
990: 1.239e+00
991: 1.646e+00
992: 1.263e+00
993: 1.276e+00
994: 1.305e+00
995: 1.440e+00
996: 1.360e+00
997: 1.077e+00
998: 1.767e+00
999: 1.268e+00
1000: 1.408e+00
1001: 1.268e+00
1002: 1.634e+00
1003: 3.639e-01
1004: 1.765e+00
1005: 1.092e+00
1006: 7.050e-01
1007: 1.062e+00
1008: 2.202e+00
1009: 1.821e+00
1010: 1.338e+00
1011: 1.200e+00
1012: 1.295e+00
1013: 1.310e+00
1014: 2.073e+00
1015: 8.547e-01
1016: 1.673e+00
1017: 9.453e-01
1018: 1.881e+00
1019: 1.379e+00
1020: 1.250e+00
1021: 1.283e+00
1022: 1.820e+00
1023: 2.615e+00
1024: 1.404e+00
1025: 1.383e+00
1026: 1.287e+00
1027: 1.758e+00
1028: 1.743e+00
1029: 1.122e+00
1030: 1.931e+00
1031: 1.427e+00
1032: 1.964e+00
1033: 1.862e+00
1034: 1.577e+00
1035: 1.358e+00
1036: 9.620e-01
1037: 1.079e+00
1038: 9.718e-01
1039: 1.654e+00
1040: 1.445e+00
1041: 2.001e+00
1042: 1.321e+00
1043: 1.006e+00
1044: 6.183e-01
1045: 9.957e-01
1046: 1.923e+00
1047: 1.903e+00
1048: 1.206e+00
1049: 9.167e-01
1050: 9.396e-01
1051: 1.168e+00
1052: 1.114e+00
1053: 1.396e+00
1054: 1.351e+00
1055: 7.660e-01
1056: 1.750e+00
1057: 1.551e+00
1058: 1.199e+00
1059: 1.566e+00
1060: 1.577e+00
1061: 1.625e+00
1062: 1.462e+00
1063: 1.145e+00
1064: 1.772e+00
1065: 1.389e+00
1066: 1.337e+00
1067: 9.410e-01
1068: 1.253e+00
1069: 2.130e+00
1070: 6.826e-01
1071: 9.897e-01
1072: 1.762e+00
1073: 9.512e-01
1074: 1.225e+00
1075: 1.027e+00
1076: 1.454e+00
1077: 1.082e+00
1078: 1.156e+00
1079: 1.504e+00
1080: 1.575e+00
1081: 1.145e+00
1082: 1.167e+00
1083: 1.355e+00
1084: 1.757e+00
1085: 1.106e+00
1086: 9.291e-01
1087: 1.387e+00
1088: 1.716e+00
1089: 2.057e+00
1090: 1.648e+00
1091: 6.198e-01
1092: 1.351e+00
1093: 1.112e+00
1094: 1.595e+00
1095: 1.581e+00
1096: 1.525e+00
1097: 9.780e-01
1098: 1.433e+00
1099: 1.670e+00
1100: 1.439e+00
1101: 1.190e+00
1102: 1.304e+00
1103: 1.195e+00
1104: 1.631e+00
1105: 1.788e+00
1106: 1.457e+00
1107: 9.245e-01
1108: 8.544e-01
1109: 1.321e+00
1110: 1.871e+00
1111: 1.450e+00
1112: 1.602e+00
1113: 8.238e-01
1114: 1.483e+00
1115: 1.325e+00
1116: 1.516e+00
1117: 1.756e+00
1118: 1.817e+00
1119: 1.754e+00
1120: 1.489e+00
1121: 8.512e-01
1122: 2.508e+00
1123: 1.360e+00
1124: 1.245e+00
1125: 1.387e+00
1126: 1.858e+00
1127: 1.954e+00
1128: 1.459e+00
1129: 7.119e-01
1130: 1.119e+00
1131: 1.125e+00
1132: 2.082e+00
1133: 1.443e+00
1134: 1.507e+00
1135: 1.626e+00
1136: 1.064e+00
1137: 1.165e+00
1138: 1.487e+00
1139: 1.262e+00
1140: 1.493e+00
1141: 9.070e-01
1142: 7.103e-01
1143: 1.142e+00
1144: 1.774e+00
1145: 1.231e+00
1146: 1.346e+00
1147: 2.046e+00
1148: 2.294e+00
1149: 1.333e+00
1150: 1.267e+00
1151: 2.182e+00
1152: 2.192e+00
1153: 2.240e+00
1154: 2.341e+00
1155: 2.250e+00
1156: 1.913e+00
1157: 1.698e+00
1158: 1.308e+00
1159: 1.404e+00
1160: 1.129e+00
1161: 1.684e+00
1162: 1.237e+00
1163: 1.722e+00
1164: 1.338e+00
1165: 1.564e+00
1166: 1.769e+00
1167: 1.141e+00
1168: 1.400e+00
1169: 2.044e+00
1170: 1.352e+00
1171: 1.739e+00
1172: 1.717e+00
1173: 1.043e+00
1174: 1.422e+00
1175: 1.232e+00
1176: 1.166e+00
1177: 2.413e+00
1178: 5.842e-01
1179: 1.643e+00
1180: 1.931e+00
1181: 9.794e-01
1182: 2.110e+00
1183: 1.933e+00
1184: 1.473e+00
1185: 1.190e+00
1186: 1.285e+00
1187: 2.029e+00
1188: 2.117e+00
1189: 1.349e+00
1190: 1.601e+00
1191: 1.424e+00
1192: 1.556e+00
1193: 2.293e+00
1194: 2.319e+00
1195: 2.170e+00
1196: 1.971e+00
1197: 2.044e+00
1198: 2.194e+00
1199: 2.436e+00
1200: 2.263e+00
1201: 2.047e+00
1202: 1.212e+00
1203: 1.156e+00
1204: 2.361e+00
1205: 1.666e+00
1206: 1.388e+00
1207: 7.180e-01
1208: 1.139e+00
1209: 2.062e+00
1210: 2.241e+00
1211: 1.989e+00
1212: 2.009e+00
1213: 6.205e-01
1214: 1.317e+00
1215: 1.524e+00
1216: 1.548e+00
1217: 1.506e+00
1218: 2.062e+00
1219: 1.417e+00
1220: 2.267e+00
1221: 1.369e+00
1222: 7.558e-01
1223: 1.682e+00
1224: 1.566e+00
1225: 2.500e+00
1226: 2.205e+00
1227: 8.049e-01
1228: 1.398e+00
1229: 1.138e+00
1230: 1.578e+00
1231: 1.733e+00
1232: 1.665e+00
1233: 1.721e+00
1234: 2.124e+00
1235: 2.271e+00
1236: 2.003e+00
1237: 4.746e-01
1238: 2.055e+00
1239: 1.845e+00
1240: 8.364e-01
1241: 1.372e+00
1242: 2.039e+00
1243: 1.090e+00
1244: 1.494e+00
1245: 1.238e+00
1246: 1.928e+00
1247: 2.613e+00
1248: 1.743e+00
1249: 3.287e-01
1250: 1.233e+00
1251: 1.343e+00
1252: 1.546e+00
1253: 1.537e+00
1254: 1.360e+00
1255: 1.421e+00
1256: 2.690e+00
1257: 2.106e+00
1258: 1.973e+00
1259: 2.138e+00
1260: 1.869e+00
1261: 6.990e-01
1262: 1.265e+00
1263: 1.652e+00
1264: 1.940e+00
1265: 1.020e+00
1266: 1.337e+00
1267: 1.442e+00
1268: 1.760e+00
1269: 2.309e+00
1270: 1.525e+00
1271: 1.198e+00
1272: 1.868e+00
1273: 2.588e+00
1274: 1.886e+00
1275: 1.422e+00
1276: 2.153e+00
1277: 1.456e+00
1278: 9.227e-01
1279: 1.762e+00
1280: 1.785e+00
1281: 8.401e-01
1282: 1.599e+00
1283: 1.172e+00
1284: 1.675e+00
1285: 1.465e+00
1286: 1.383e+00
1287: 1.739e+00
1288: 1.368e+00
1289: 8.767e-01
1290: 8.099e-01
1291: 1.526e+00
1292: 1.983e+00
1293: 8.156e-01
1294: 2.150e+00
1295: 7.741e-01
1296: 1.784e+00
1297: 1.973e+00
1298: 1.876e+00
1299: 1.052e+00
1300: 1.722e+00
1301: 1.471e+00
1302: 2.325e+00
1303: 1.399e+00
1304: 1.252e+00
1305: 1.956e+00
1306: 2.067e+00
1307: 1.477e+00
1308: 1.399e+00
1309: 1.774e+00
1310: 2.292e+00
1311: 2.075e+00
1312: 1.016e+00
1313: 1.802e+00
1314: 1.694e+00
1315: 1.526e+00
1316: 1.773e+00
1317: 1.597e+00
1318: 1.867e+00
1319: 1.513e+00
1320: 1.026e+00
1321: 8.444e-01
1322: 1.574e+00
1323: 1.729e+00
1324: 1.106e+00
1325: 1.312e+00
1326: 1.893e+00
1327: 2.607e+00
1328: 2.141e+00
1329: 1.958e+00
1330: 1.989e+00
1331: 2.352e+00
1332: 1.277e+00
1333: 1.401e+00
1334: 1.482e+00
1335: 1.764e+00
1336: 1.678e+00
1337: 1.511e+00
1338: 1.806e+00
1339: 1.579e+00
1340: 1.473e+00
1341: 1.875e+00
1342: 1.544e+00
1343: 1.740e+00
1344: 1.188e+00
1345: 1.265e+00
1346: 1.377e+00
1347: 1.842e+00
1348: 8.966e-01
1349: 1.490e+00
1350: 1.991e+00
1351: 9.009e-01
1352: 1.516e+00
1353: 1.042e+00
1354: 1.850e+00
1355: 1.449e+00
1356: 1.434e+00
1357: 1.652e+00
1358: 1.794e+00
1359: 1.090e+00
1360: 1.814e+00
1361: 1.225e+00
1362: 1.084e+00
1363: 1.712e+00
1364: 1.903e+00
1365: 1.679e+00
1366: 2.002e+00
1367: 1.269e+00
1368: 8.698e-01
1369: 2.048e+00
1370: 2.191e+00
1371: 1.648e+00
1372: 1.820e+00
1373: 1.959e+00
1374: 1.698e+00
1375: 1.122e+00
1376: 1.451e+00
1377: 1.562e+00
1378: 1.571e+00
1379: 1.456e+00
1380: 8.038e-01
1381: 1.966e+00
1382: 1.265e+00
1383: 1.154e+00
1384: 1.635e+00
1385: 9.678e-01
1386: 1.620e+00
1387: 1.451e+00
1388: 2.166e+00
1389: 1.845e+00
1390: 1.561e+00
1391: 1.175e+00
1392: 1.022e+00
1393: 1.677e+00
1394: 1.137e+00
1395: 1.365e+00
1396: 1.834e+00
1397: 1.611e+00
1398: 1.548e+00
1399: 1.719e+00
1400: 1.205e+00
1401: 1.519e+00
1402: 1.616e+00
1403: 9.603e-01
1404: 1.199e+00
1405: 2.057e+00
1406: 1.046e+00
1407: 1.494e+00
1408: 7.813e-01
1409: 1.683e+00
1410: 1.713e+00
1411: 1.625e+00
1412: 2.060e+00
1413: 1.362e+00
1414: 6.545e-01
1415: 1.360e+00
1416: 1.572e+00
1417: 1.628e+00
1418: 3.750e-01
1419: 1.119e+00
1420: 1.851e+00
1421: 1.074e+00
1422: 1.303e+00
1423: 1.135e+00
1424: 1.467e+00
1425: 1.079e+00
1426: 1.272e+00
1427: 1.561e+00
1428: 1.235e+00
1429: 1.599e+00
1430: 2.237e+00
1431: 2.129e+00
1432: 1.409e+00
1433: 9.811e-01
1434: 9.411e-01
1435: 1.951e+00
1436: 1.800e+00
1437: 1.464e+00
1438: 1.397e+00
1439: 1.680e+00
1440: 1.839e+00
1441: 1.933e+00
1442: 1.462e+00
1443: 1.455e+00
1444: 1.175e+00
1445: 1.512e+00
1446: 1.764e+00
1447: 1.638e+00
1448: 1.051e+00
1449: 1.628e+00
1450: 1.266e+00
1451: 1.571e+00
1452: 1.270e+00
1453: 1.170e+00
1454: 1.818e+00
1455: 1.293e+00
1456: 1.252e+00
1457: 1.657e+00
1458: 9.004e-01
1459: 1.705e+00
1460: 1.933e+00
1461: 1.080e+00
1462: 1.530e+00
1463: 1.995e+00
1464: 1.728e+00
1465: 1.489e+00
1466: 1.488e+00
1467: 1.748e+00
1468: 2.124e+00
1469: 1.462e+00
1470: 1.282e+00
1471: 1.104e+00
1472: 1.165e+00
1473: 1.600e+00
1474: 1.303e+00
1475: 1.734e+00
1476: 1.745e+00
1477: 1.739e+00
1478: 1.346e+00
1479: 1.814e+00
1480: 1.605e+00
1481: 1.015e+00
1482: 9.712e-01
1483: 2.120e+00
1484: 1.356e+00
1485: 1.287e+00
1486: 1.139e+00
1487: 1.307e+00
1488: 1.740e+00
1489: 1.277e+00
1490: 1.102e+00
1491: 2.046e+00
1492: 1.036e+00
1493: 1.964e+00
1494: 1.151e+00
1495: 1.117e+00
1496: 1.492e+00
1497: 1.176e+00
1498: 1.791e+00
1499: 1.263e+00
1500: 1.300e+00
1501: 1.264e+00
1502: 1.041e+00
1503: 1.483e+00
1504: 7.453e-01
1505: 1.109e+00
1506: 2.038e+00
1507: 1.190e+00
1508: 1.344e+00
1509: 8.084e-01
1510: 1.196e+00
1511: 9.242e-01
1512: 1.352e+00
1513: 1.307e+00
1514: 1.448e+00
1515: 1.924e+00
1516: 1.641e+00
1517: 1.763e+00
1518: 1.477e+00
1519: 1.377e+00
1520: 1.057e+00
1521: 1.185e+00
1522: 2.051e+00
1523: 1.509e+00
1524: 1.828e+00
1525: 1.579e+00
1526: 1.254e+00
1527: 1.465e+00
1528: 8.005e-01
1529: 1.038e+00
1530: 1.422e+00
1531: 1.792e+00
1532: 1.582e+00
1533: 1.065e+00
1534: 1.695e+00
1535: 1.442e+00
1536: 1.397e+00
1537: 1.863e+00
1538: 2.220e+00
1539: 2.248e+00
1540: 2.541e+00
1541: 2.053e+00
1542: 1.982e+00
1543: 1.471e+00
1544: 1.594e+00
1545: 2.213e+00
1546: 2.004e+00
1547: 1.567e+00
1548: 1.466e+00
1549: 1.338e+00
1550: 1.020e+00
1551: 1.651e+00
1552: 1.596e+00
1553: 1.951e+00
1554: 1.624e+00
1555: 9.413e-01
1556: 1.781e+00
1557: 2.267e+00
1558: 1.769e+00
1559: 1.455e+00
1560: 1.502e+00
1561: 1.248e+00
1562: 1.453e+00
1563: 1.362e+00
1564: 1.406e+00
1565: 1.643e+00
1566: 5.416e-01
1567: 1.499e+00
1568: 1.588e+00
1569: 1.777e+00
1570: 1.740e+00
1571: 2.562e+00
1572: 1.611e+00
1573: 1.363e+00
1574: 1.604e+00
1575: 1.992e+00
1576: 2.224e+00
1577: 2.227e+00
1578: 2.060e+00
1579: 1.643e+00
1580: 1.421e+00
1581: 1.399e+00
1582: 1.788e+00
1583: 1.023e+00
1584: 1.761e+00
1585: 1.870e+00
1586: 1.986e+00
1587: 1.440e+00
1588: 2.011e+00
1589: 2.082e+00
1590: 1.727e+00
1591: 6.690e-01
1592: 1.786e+00
1593: 8.836e-01
1594: 1.656e+00
1595: 1.169e+00
1596: 1.447e+00
1597: 2.091e+00
1598: 1.537e+00
1599: 1.459e+00
1600: 2.035e+00
1601: 1.267e+00
1602: 1.226e+00
1603: 2.453e+00
1604: 2.206e+00
1605: 1.699e+00
1606: 5.770e-01
1607: 1.192e+00
1608: 1.405e+00
1609: 9.697e-01
1610: 1.367e+00
1611: 1.719e+00
1612: 1.361e+00
1613: 1.620e+00
1614: 2.021e+00
1615: 2.018e+00
1616: 1.976e+00
1617: 1.410e+00
1618: 1.490e+00
1619: 1.795e+00
1620: 1.802e+00
1621: 1.966e+00
1622: 1.992e+00
1623: 1.023e+00
1624: 1.727e+00
1625: 2.295e+00
1626: 1.942e+00
1627: 1.186e+00
1628: 1.790e+00
1629: 1.151e+00
1630: 2.177e+00
1631: 1.823e+00
1632: 1.224e+00
1633: 1.121e+00
1634: 1.261e+00
1635: 1.459e+00
1636: 1.045e+00
1637: 1.618e+00
1638: 2.694e+00
1639: 2.039e+00
1640: 1.433e+00
1641: 1.073e+00
1642: 1.590e+00
1643: 1.791e+00
1644: 1.296e+00
1645: 1.460e+00
1646: 1.679e+00
1647: 1.363e+00
1648: 1.655e+00
1649: 1.063e+00
1650: 1.630e+00
1651: 1.357e+00
1652: 1.674e+00
1653: 1.558e+00
1654: 1.993e+00
1655: 1.318e+00
1656: 1.800e+00
1657: 1.989e+00
1658: 1.647e+00
1659: 1.495e+00
1660: 1.517e+00
1661: 1.271e+00
1662: 1.884e+00
1663: 1.865e+00
1664: 1.176e+00
1665: 1.732e+00
1666: 1.678e+00
1667: 1.435e+00
1668: 1.695e+00
1669: 1.300e+00
1670: 9.608e-01
1671: 1.721e+00
1672: 1.534e+00
1673: 1.422e+00
1674: 1.503e+00
1675: 1.132e+00
1676: 2.291e+00
1677: 1.699e+00
1678: 1.913e+00
1679: 8.611e-01
1680: 1.325e+00
1681: 1.177e+00
1682: 1.597e+00
1683: 1.446e+00
1684: 1.767e+00
1685: 1.526e+00
1686: 1.469e+00
1687: 1.796e+00
1688: 1.105e+00
1689: 1.897e+00
1690: 1.821e+00
1691: 1.641e+00
1692: 1.624e+00
1693: 1.860e+00
1694: 1.506e+00
1695: 1.783e+00
1696: 1.607e+00
1697: 1.293e+00
1698: 1.638e+00
1699: 1.264e+00
1700: 1.717e+00
1701: 1.621e+00
1702: 1.549e+00
1703: 1.307e+00
1704: 1.268e+00
1705: 1.408e+00
1706: 1.882e+00
1707: 1.837e+00
1708: 1.003e+00
1709: 1.628e+00
1710: 1.578e+00
1711: 1.339e+00
1712: 1.520e+00
1713: 1.602e+00
1714: 1.205e+00
1715: 1.464e+00
1716: 1.705e+00
1717: 1.329e+00
1718: 1.690e+00
1719: 1.914e+00
1720: 1.471e+00
1721: 1.590e+00
1722: 1.393e+00
1723: 1.675e+00
1724: 1.271e+00
1725: 1.201e+00
1726: 1.505e+00
1727: 1.518e+00
1728: 1.542e+00
1729: 1.409e+00
1730: 1.819e+00
1731: 1.490e+00
1732: 1.529e+00
1733: 9.651e-01
1734: 1.378e+00
1735: 1.673e+00
1736: 1.437e+00
1737: 1.561e+00
1738: 1.781e+00
1739: 1.636e+00
1740: 1.461e+00
1741: 1.803e+00
1742: 1.403e+00
1743: 1.736e+00
1744: 2.213e+00
1745: 1.242e+00
1746: 1.269e+00
1747: 4.102e-01
1748: 1.292e+00
1749: 1.527e+00
1750: 1.360e+00
1751: 1.316e+00
1752: 1.661e+00
1753: 1.925e+00
1754: 1.982e+00
1755: 1.301e+00
1756: 1.446e+00
1757: 1.527e+00
1758: 1.469e+00
1759: 2.579e+00
1760: 1.940e+00
1761: 9.681e-01
1762: 1.580e+00
1763: 1.318e+00
1764: 2.061e+00
1765: 1.041e+00
1766: 1.735e+00
1767: 1.607e+00
1768: 1.491e+00
1769: 1.220e+00
1770: 1.533e+00
1771: 7.723e-01
1772: 1.594e+00
1773: 7.579e-01
1774: 1.755e+00
1775: 1.562e+00
1776: 1.959e+00
1777: 3.615e-01
1778: 1.394e+00
1779: 1.678e+00
1780: 1.945e+00
1781: 2.086e+00
1782: 1.934e+00
1783: 1.968e+00
1784: 1.185e+00
1785: 1.487e+00
1786: 1.450e+00
1787: 1.909e+00
1788: 1.476e+00
1789: 1.452e+00
1790: 1.988e+00
1791: 2.336e+00
1792: 1.541e+00
1793: 1.050e+00
1794: 1.316e+00
1795: 1.417e+00
1796: 1.528e+00
1797: 1.525e+00
1798: 1.488e+00
1799: 1.636e+00
1800: 1.370e+00
1801: 1.332e+00
1802: 1.253e+00
1803: 1.380e+00
1804: 9.611e-01
1805: 1.354e+00
1806: 1.102e+00
1807: 1.797e+00
1808: 2.146e+00
1809: 1.413e+00
1810: 1.858e+00
1811: 1.748e+00
1812: 1.504e+00
1813: 1.105e+00
1814: 1.110e+00
1815: 9.285e-01
1816: 2.441e+00
1817: 1.899e+00
1818: 1.677e+00
1819: 1.322e+00
1820: 1.820e+00
1821: 1.706e+00
1822: 1.389e+00
1823: 1.176e+00
1824: 1.707e+00
1825: 1.693e+00
1826: 1.185e+00
1827: 1.707e+00
1828: 1.109e+00
1829: 1.954e+00
1830: 2.083e+00
1831: 1.417e+00
1832: 1.644e+00
1833: 2.047e+00
1834: 1.025e+00
1835: 1.631e+00
1836: 1.518e+00
1837: 1.612e+00
1838: 1.910e+00
1839: 1.639e+00
1840: 2.226e+00
1841: 2.142e+00
1842: 1.824e+00
1843: 1.088e+00
1844: 1.561e+00
1845: 1.222e+00
1846: 1.980e+00
1847: 1.842e+00
1848: 2.111e+00
1849: 1.918e+00
1850: 1.242e+00
1851: 1.185e+00
1852: 1.262e+00
1853: 1.690e+00
1854: 1.746e+00
1855: 2.253e+00
1856: 1.576e+00
1857: 1.665e+00
1858: 1.168e+00
1859: 1.594e+00
1860: 1.090e+00
1861: 1.650e+00
1862: 1.455e+00
1863: 8.499e-01
1864: 1.141e+00
1865: 1.601e+00
1866: 1.320e+00
1867: 1.418e+00
1868: 1.579e+00
1869: 1.924e+00
1870: 1.866e+00
1871: 1.913e+00
1872: 3.920e-01
1873: 1.565e+00
1874: 1.632e+00
1875: 2.261e+00
1876: 2.390e+00
1877: 1.081e+00
1878: 1.539e+00
1879: 1.143e+00
1880: 1.710e+00
1881: 1.323e+00
1882: 1.690e+00
1883: 2.446e+00
1884: 1.936e+00
1885: 1.124e+00
1886: 1.821e+00
1887: 2.166e+00
1888: 1.705e+00
1889: 1.126e+00
1890: 1.260e+00
1891: 1.829e+00
1892: 1.989e+00
1893: 9.981e-01
1894: 1.663e+00
1895: 1.765e+00
1896: 9.884e-01
1897: 1.794e+00
1898: 1.270e+00
1899: 1.570e+00
1900: 1.506e+00
1901: 2.027e+00
1902: 1.655e+00
1903: 1.717e+00
1904: 1.460e+00
1905: 2.008e+00
1906: 1.734e+00
1907: 9.233e-01
1908: 2.014e+00
1909: 1.376e+00
1910: 1.842e+00
1911: 1.188e+00
1912: 2.024e+00
1913: 1.586e+00
1914: 1.225e+00
1915: 1.337e+00
1916: 1.672e+00
1917: 1.776e+00
1918: 1.922e+00
1919: 2.163e+00
1920: 2.019e+00
1921: 1.150e+00
1922: 2.053e+00
1923: 1.870e+00
1924: 1.466e+00
1925: 1.357e+00
1926: 1.631e+00
1927: 2.007e+00
1928: 1.127e+00
1929: 1.799e+00
1930: 1.645e+00
1931: 1.558e+00
1932: 1.525e+00
1933: 1.539e+00
1934: 1.813e+00
1935: 8.804e-01
1936: 1.504e+00
1937: 1.621e+00
1938: 1.218e+00
1939: 1.466e+00
1940: 1.353e+00
1941: 1.903e+00
1942: 1.717e+00
1943: 1.246e+00
1944: 1.119e+00
1945: 2.046e+00
1946: 1.545e+00
1947: 1.262e+00
1948: 1.512e+00
1949: 2.100e+00
1950: 2.442e+00
1951: 2.165e+00
1952: 1.483e+00
1953: 1.051e+00
1954: 1.795e+00
1955: 1.674e+00
1956: 2.048e+00
1957: 1.385e+00
1958: 1.558e+00
1959: 2.121e+00
1960: 1.608e+00
1961: 1.069e+00
1962: 1.115e+00
1963: 1.491e+00
1964: 1.373e+00
1965: 1.494e+00
1966: 2.405e+00
1967: 2.314e+00
1968: 1.856e+00
1969: 1.777e+00
1970: 1.548e+00
1971: 1.559e+00
1972: 9.117e-01
1973: 1.521e+00
1974: 1.556e+00
1975: 1.670e+00
1976: 2.269e+00
1977: 2.343e+00
1978: 2.105e+00
1979: 1.416e+00
1980: 1.290e+00
1981: 1.550e+00
1982: 1.890e+00
1983: 1.929e+00
1984: 1.672e+00
1985: 1.994e+00
1986: 1.799e+00
1987: 2.404e+00
1988: 1.416e+00
1989: 2.080e+00
1990: 1.914e+00
1991: 1.691e+00
1992: 1.678e+00
1993: 1.743e+00
1994: 1.486e+00
1995: 1.440e+00
1996: 2.187e+00
1997: 2.016e+00
1998: 1.461e+00
1999: 1.594e+00
2000: 1.502e+00
2001: 1.604e+00
2002: 1.664e+00
2003: 1.899e+00
2004: 1.583e+00
2005: 1.737e+00
2006: 2.107e+00
2007: 1.799e+00
2008: 1.253e+00
2009: 1.949e+00
2010: 1.395e+00
2011: 1.674e+00
2012: 1.117e+00
2013: 1.324e+00
2014: 1.858e+00
2015: 2.097e+00
2016: 2.499e+00
2017: 2.228e+00
2018: 1.409e+00
2019: 1.598e+00
2020: 1.872e+00
2021: 1.487e+00
2022: 1.047e+00
2023: 2.093e+00
2024: 1.010e+00
2025: 1.609e+00
2026: 1.683e+00
2027: 2.052e+00
2028: 1.906e+00
2029: 2.248e+00
2030: 2.042e+00
2031: 8.357e-01
2032: 1.235e+00
2033: 9.556e-01
2034: 1.745e+00
2035: 1.751e+00
2036: 1.556e+00
2037: 1.788e+00
2038: 1.967e+00
2039: 1.979e+00
2040: 1.788e+00
2041: 1.140e+00
2042: 1.582e+00
2043: 1.329e+00
2044: 1.736e+00
2045: 1.303e+00
2046: 1.587e+00
2047: 1.531e+00
2048: 1.394e+00
2049: 1.457e+00
2050: 1.315e+00
2051: 1.736e+00
2052: 1.311e+00
2053: 1.998e+00
2054: 1.109e+00
2055: 1.776e+00
2056: 1.810e+00
2057: 1.754e+00
2058: 1.723e+00
2059: 1.953e+00
2060: 1.532e+00
2061: 1.836e+00
2062: 2.015e+00
2063: 2.243e+00
2064: 1.871e+00
2065: 1.925e+00
2066: 1.588e+00
2067: 1.599e+00
2068: 1.377e+00
2069: 1.532e+00
2070: 1.701e+00
2071: 1.533e+00
2072: 2.214e+00
2073: 2.006e+00
2074: 1.539e+00
2075: 2.077e+00
2076: 1.789e+00
2077: 2.081e+00
2078: 1.611e+00
2079: 1.863e+00
2080: 1.690e+00
2081: 2.109e+00
2082: 1.998e+00
2083: 1.635e+00
2084: 2.128e+00
2085: 1.383e+00
2086: 1.387e+00
2087: 2.389e+00
2088: 1.325e+00
2089: 1.906e+00
2090: 2.014e+00
2091: 2.150e+00
2092: 1.154e+00
2093: 2.085e+00
2094: 1.513e+00
2095: 1.407e+00
2096: 1.652e+00
2097: 2.108e+00
2098: 1.520e+00
2099: 2.027e+00
2100: 7.219e-01
2101: 1.455e+00
2102: 2.163e+00
2103: 1.998e+00
2104: 2.135e+00
2105: 1.599e+00
2106: 1.617e+00
2107: 1.910e+00
2108: 9.482e-01
2109: 1.453e+00
2110: 1.362e+00
2111: 1.232e+00
2112: 1.769e+00
2113: 1.430e+00
2114: 9.995e-01
2115: 1.811e+00
2116: 1.306e+00
2117: 1.618e+00
2118: 1.469e+00
2119: 2.249e+00
2120: 2.781e+00
2121: 1.550e+00
2122: 1.562e+00
2123: 1.431e+00
2124: 1.924e+00
2125: 1.895e+00
2126: 1.534e+00
2127: 1.974e+00
2128: 1.293e+00
2129: 1.760e+00
2130: 1.672e+00
2131: 2.569e+00
2132: 1.938e+00
2133: 1.799e+00
2134: 1.538e+00
2135: 1.909e+00
2136: 2.061e+00
2137: 2.149e+00
2138: 1.491e+00
2139: 9.589e-01
2140: 1.278e+00
2141: 1.489e+00
2142: 1.456e+00
2143: 1.679e+00
2144: 1.692e+00
2145: 1.346e+00
2146: 1.417e+00
2147: 1.739e+00
2148: 1.704e+00
2149: 1.394e+00
2150: 1.445e+00
2151: 1.375e+00
2152: 1.092e+00
2153: 1.854e+00
2154: 1.490e+00
2155: 1.700e+00
2156: 1.501e+00
2157: 1.719e+00
2158: 6.842e-01
2159: 1.692e+00
2160: 1.386e+00
2161: 1.549e+00
2162: 1.076e+00
