1: 1.692e+00
2: 1.475e+00
3: 8.680e-01
4: 4.311e-01
5: 0.000e+00
6: 4.596e-01
7: 2.912e-01
8: 1.271e-01
9: 1.093e+00
10: 1.272e-01
11: 0.000e+00
12: 4.370e-01
13: 3.924e-01
14: 1.321e+00
15: 5.535e-01
16: 4.373e-01
17: 6.151e-01
18: 2.254e+00
19: 6.568e-01
20: 3.981e-01
21: 4.875e-01
22: 1.872e+00
23: 4.170e-01
24: 6.453e-01
25: 0.000e+00
26: 5.415e-01
27: 2.948e-01
28: 1.435e+00
29: 4.974e-01
30: 0.000e+00
31: 4.892e-01
32: 0.000e+00
33: 3.879e-01
34: 8.095e-01
35: 2.882e-01
36: 0.000e+00
37: 2.595e-01
38: 1.157e-01
39: 8.128e-01
40: 2.755e-03
41: 3.019e-01
42: 7.284e-04
43: 1.743e-02
44: 1.103e+00
45: 4.664e-01
46: 1.011e+00
47: 4.775e-01
48: 4.132e-01
49: 1.401e+00
50: 5.584e-01
51: 5.365e-01
52: 1.226e-01
53: 0.000e+00
54: 4.862e-01
55: 4.468e-01
56: 2.016e-01
57: 2.698e-01
58: 3.692e-01
59: 3.237e-01
60: 0.000e+00
61: 5.132e-01
62: 1.324e-01
63: 1.070e+00
64: 3.912e-03
65: 4.610e-01
66: 7.222e-01
67: 5.678e-02
68: 1.060e+00
69: 0.000e+00
70: 3.295e-02
71: 1.428e-01
72: 5.275e-01
73: 2.330e-01
74: 8.066e-01
75: 4.547e-01
76: 1.402e-01
77: 2.988e-02
78: 0.000e+00
79: 2.524e-01
80: 9.568e-02
81: 2.429e+00
82: 1.469e-02
83: 1.503e-01
84: 1.093e+00
85: 4.349e-01
86: 3.423e-03
87: 5.086e-01
88: 1.343e-01
89: 4.662e-01
90: 0.000e+00
91: 3.126e-01
92: 4.787e-01
93: 1.059e+00
94: 0.000e+00
95: 0.000e+00
96: 9.434e-01
97: 1.909e-01
98: 0.000e+00
99: 9.775e-02
100: 0.000e+00
101: 1.418e-03
102: 0.000e+00
103: 0.000e+00
104: 6.286e-01
105: 2.964e-01
106: 2.256e-01
107: 5.341e-07
108: 0.000e+00
109: 5.877e-02
110: 6.867e-02
111: 0.000e+00
112: 6.589e-02
113: 4.568e-02
114: 0.000e+00
115: 4.349e-01
116: 4.802e-02
117: 2.506e-01
118: 1.893e-03
119: 8.917e-04
120: 0.000e+00
121: 4.246e-03
122: 0.000e+00
123: 1.940e-03
124: 1.911e-01
125: 2.530e-01
126: 7.333e-03
127: 0.000e+00
128: 0.000e+00
129: 0.000e+00
130: 2.310e-01
131: 4.448e-01
132: 5.163e-02
133: 3.975e-01
134: 3.528e-02
135: 4.344e-01
136: 5.676e-01
137: 8.915e-02
138: 0.000e+00
139: 0.000e+00
140: 0.000e+00
141: 0.000e+00
142: 4.177e-02
143: 0.000e+00
144: 3.030e-02
145: 0.000e+00
146: 2.330e-02
147: 4.393e-01
148: 2.099e-01
149: 0.000e+00
150: 0.000e+00
151: 3.648e-01
152: 1.410e-01
153: 2.817e-01
154: 9.029e-02
155: 0.000e+00
156: 9.314e-04
157: 6.845e-03
158: 2.388e-01
159: 9.176e-02
160: 0.000e+00
161: 6.918e-01
162: 1.481e-01
163: 7.419e-01
164: 2.530e-03
165: 4.262e-01
166: 2.794e-01
167: 6.675e-02
168: 3.863e-01
169: 0.000e+00
170: 0.000e+00
171: 8.011e-01
172: 9.205e-02
173: 0.000e+00
174: 1.210e-01
175: 3.524e-01
176: 0.000e+00
177: 9.099e-02
178: 9.051e-02
179: 0.000e+00
180: 9.715e-01
181: 9.383e-01
182: 6.104e-02
183: 3.662e-01
184: 3.341e-01
185: 8.705e-02
186: 5.180e-01
187: 0.000e+00
188: 1.712e-01
189: 3.378e-03
190: 4.751e-01
191: 0.000e+00
192: 5.214e-01
193: 3.740e-02
194: 4.850e-01
195: 1.559e-02
196: 0.000e+00
197: 0.000e+00
198: 2.207e-01
199: 0.000e+00
200: 3.453e-03
201: 0.000e+00
202: 1.220e-01
203: 8.212e-02
204: 3.641e-01
205: 2.272e-01
206: 2.205e-01
207: 0.000e+00
208: 4.402e-02
209: 4.934e-02
210: 0.000e+00
211: 4.028e-02
212: 3.602e-04
213: 1.240e-02
214: 0.000e+00
215: 8.382e-03
216: 0.000e+00
217: 0.000e+00
218: 2.532e-01
219: 0.000e+00
220: 2.164e-02
221: 4.619e-02
222: 0.000e+00
223: 0.000e+00
224: 4.816e-03
225: 9.639e-02
226: 0.000e+00
227: 5.591e-03
228: 1.936e-01
229: 3.735e-01
230: 0.000e+00
231: 6.284e-02
232: 0.000e+00
233: 0.000e+00
234: 9.410e-02
235: 0.000e+00
236: 3.598e-01
237: 3.018e-01
238: 9.777e-03
239: 5.929e-02
240: 6.771e-04
241: 5.536e-02
242: 1.993e-02
243: 1.327e-02
244: 0.000e+00
245: 0.000e+00
246: 2.870e-04
247: 1.187e-01
248: 0.000e+00
249: 7.103e-01
250: 3.901e-02
251: 0.000e+00
252: 4.380e-03
253: 0.000e+00
254: 0.000e+00
255: 4.558e-01
256: 3.581e-01
257: 3.011e-02
258: 9.416e-03
259: 4.641e-01
260: 4.556e-03
261: 4.950e-01
262: 2.237e-01
263: 8.385e-02
264: 8.833e-02
265: 0.000e+00
266: 2.195e-01
267: 2.053e-02
268: 0.000e+00
269: 3.066e-01
270: 3.255e-02
271: 1.428e-01
272: 1.867e-01
273: 8.671e-03
274: 0.000e+00
275: 6.971e-01
276: 2.161e-01
277: 2.967e-01
278: 1.356e-02
279: 1.730e-03
280: 3.507e-01
281: 3.167e-01
282: 4.228e-02
283: 8.891e-03
284: 5.825e-01
285: 4.501e-01
286: 3.673e-02
287: 0.000e+00
288: 1.603e-02
289: 2.199e-01
290: 2.003e-01
291: 2.105e-04
292: 2.074e-02
293: 0.000e+00
294: 0.000e+00
295: 3.169e-01
296: 9.846e-01
297: 1.100e-03
298: 5.139e-02
299: 0.000e+00
300: 2.804e-02
301: 1.912e-02
302: 4.266e-02
303: 1.662e-02
304: 6.028e-01
305: 1.855e-01
306: 0.000e+00
307: 2.261e-02
308: 0.000e+00
309: 2.564e-02
310: 6.876e-02
311: 0.000e+00
312: 0.000e+00
313: 5.280e-02
314: 5.925e-01
315: 5.506e-02
316: 4.373e-02
317: 3.255e-03
318: 2.312e-02
319: 0.000e+00
320: 1.075e-01
321: 0.000e+00
322: 0.000e+00
323: 1.459e-02
324: 6.172e-04
325: 0.000e+00
326: 1.000e-01
327: 0.000e+00
328: 9.291e-03
329: 0.000e+00
330: 0.000e+00
331: 1.529e-02
332: 1.486e-02
333: 1.736e-02
334: 4.413e-03
335: 2.874e-01
336: 6.209e-01
337: 4.773e-02
338: 7.955e-02
339: 6.323e-03
340: 1.008e-01
341: 1.757e-02
342: 8.523e-03
343: 3.925e-02
344: 8.357e-02
345: 8.044e-02
346: 0.000e+00
347: 5.367e-02
348: 0.000e+00
349: 0.000e+00
350: 0.000e+00
351: 2.725e-02
352: 8.276e-03
353: 1.101e-01
354: 6.397e-03
355: 0.000e+00
356: 1.143e-02
357: 1.674e-01
358: 5.178e-03
359: 6.360e-02
360: 0.000e+00
361: 1.065e-01
362: 1.266e-02
363: 5.344e-02
364: 5.395e-02
365: 0.000e+00
366: 5.208e-02
367: 0.000e+00
368: 4.294e-02
369: 3.027e-02
370: 4.733e-02
371: 4.987e-02
372: 7.412e-03
373: 5.793e-02
374: 1.156e-02
375: 1.167e-01
376: 1.009e-01
377: 4.389e-02
378: 9.854e-02
379: 0.000e+00
380: 6.530e-02
381: 3.559e-04
382: 1.368e-02
383: 0.000e+00
384: 1.095e-01
385: 6.506e-03
386: 0.000e+00
387: 0.000e+00
388: 9.347e-03
389: 0.000e+00
390: 1.066e-02
391: 2.355e-02
392: 0.000e+00
393: 2.512e-02
394: 4.642e-02
395: 0.000e+00
396: 2.255e-02
397: 1.716e-02
398: 1.285e-02
399: 4.130e-03
400: 2.630e-02
401: 6.915e-02
402: 1.558e-03
403: 3.453e-02
404: 0.000e+00
405: 0.000e+00
406: 0.000e+00
407: 1.105e-04
408: 9.879e-04
409: 0.000e+00
410: 2.826e-01
411: 4.444e-02
412: 1.475e-01
413: 1.431e-03
414: 5.190e-03
415: 0.000e+00
416: 0.000e+00
417: 0.000e+00
418: 2.017e-02
419: 0.000e+00
420: 1.090e-01
421: 1.466e-03
422: 3.065e-02
423: 0.000e+00
424: 6.023e-03
425: 9.924e-03
426: 0.000e+00
427: 4.813e-02
428: 1.945e-02
429: 0.000e+00
430: 1.193e-02
431: 1.111e-01
432: 0.000e+00
433: 8.138e-02
434: 5.223e-02
435: 8.051e-04
436: 3.316e-02
437: 3.035e-02
438: 1.977e-02
439: 5.799e-02
440: 1.303e-02
441: 0.000e+00
442: 4.653e-02
443: 1.715e-03
444: 0.000e+00
445: 3.496e-02
446: 3.943e-02
447: 1.197e-01
448: 1.767e-02
449: 1.342e-02
450: 0.000e+00
451: 0.000e+00
452: 2.094e-02
453: 0.000e+00
454: 1.139e-02
455: 5.785e-02
456: 2.448e-01
457: 1.284e-01
458: 2.822e-02
459: 3.522e-02
460: 0.000e+00
461: 4.748e-01
462: 9.115e-02
463: 2.023e-01
464: 2.981e-02
465: 5.428e-02
466: 0.000e+00
467: 2.789e-03
468: 7.084e-03
469: 3.332e-01
470: 1.899e-03
471: 4.756e-03
472: 2.316e-02
473: 4.837e-02
474: 1.422e-02
475: 5.534e-03
476: 3.731e-03
477: 3.880e-03
478: 2.176e-02
479: 7.446e-02
480: 0.000e+00
481: 4.407e-02
482: 0.000e+00
483: 4.131e-02
484: 3.372e-03
485: 8.197e-03
486: 7.636e-02
487: 7.581e-02
488: 0.000e+00
489: 3.392e-02
490: 8.996e-02
491: 7.266e-03
492: 0.000e+00
493: 0.000e+00
494: 3.017e-02
495: 0.000e+00
496: 0.000e+00
497: 5.326e-02
498: 5.563e-03
499: 2.239e-02
500: 1.382e-01
501: 5.093e-02
502: 0.000e+00
503: 0.000e+00
504: 0.000e+00
505: 2.097e-02
506: 5.393e-02
507: 1.901e-02
508: 3.913e-02
509: 1.908e-02
510: 0.000e+00
511: 0.000e+00
512: 8.425e-02
513: 0.000e+00
514: 2.821e-01
515: 0.000e+00
516: 9.965e-02
517: 1.432e-02
518: 2.680e-02
519: 2.110e-01
520: 0.000e+00
521: 6.039e-03
522: 0.000e+00
523: 0.000e+00
524: 2.923e-01
525: 0.000e+00
526: 5.416e-02
527: 0.000e+00
528: 0.000e+00
529: 0.000e+00
530: 0.000e+00
531: 2.153e-02
532: 7.149e-02
533: 2.354e-01
534: 0.000e+00
535: 7.973e-02
536: 4.224e-02
537: 0.000e+00
538: 1.009e-01
539: 0.000e+00
540: 0.000e+00
541: 0.000e+00
542: 4.167e-02
543: 3.133e-03
544: 8.787e-02
545: 0.000e+00
546: 9.506e-03
547: 1.816e-02
548: 1.546e-01
549: 5.940e-02
550: 4.044e-02
551: 0.000e+00
552: 5.569e-02
553: 4.778e-02
554: 0.000e+00
555: 7.348e-02
556: 1.355e-01
557: 0.000e+00
558: 0.000e+00
559: 1.558e-01
560: 6.745e-02
561: 6.722e-02
562: 2.563e-02
563: 0.000e+00
564: 0.000e+00
565: 8.500e-04
566: 3.644e-03
567: 2.294e-02
568: 6.574e-02
569: 1.464e-02
570: 2.715e-02
571: 1.736e-03
572: 1.954e-02
573: 0.000e+00
574: 0.000e+00
575: 8.614e-03
576: 2.674e-02
577: 0.000e+00
578: 3.783e-02
579: 3.253e-03
580: 3.717e-02
581: 2.369e-02
582: 5.794e-02
583: 3.520e-02
584: 8.466e-02
585: 2.357e-02
586: 8.333e-03
587: 1.778e-01
588: 1.758e-02
589: 4.519e-04
590: 8.445e-03
591: 5.891e-03
592: 0.000e+00
593: 5.423e-02
594: 3.499e-02
595: 2.028e-02
596: 0.000e+00
597: 1.376e-03
598: 3.114e-02
599: 8.170e-02
600: 6.688e-02
601: 1.955e-02
602: 1.207e-01
603: 6.866e-02
604: 0.000e+00
605: 6.316e-02
606: 6.915e-03
607: 0.000e+00
608: 5.477e-02
609: 0.000e+00
610: 1.818e-03
611: 4.137e-03
612: 0.000e+00
613: 2.188e-02
614: 7.385e-02
615: 4.994e-02
616: 0.000e+00
617: 2.422e-02
618: 2.075e-02
619: 1.238e-01
620: 0.000e+00
621: 5.468e-03
622: 0.000e+00
623: 8.461e-02
624: 4.119e-02
625: 0.000e+00
626: 0.000e+00
627: 1.747e-02
628: 6.221e-02
629: 4.065e-02
630: 4.717e-02
631: 1.285e-02
632: 1.126e-02
633: 2.203e-02
634: 1.154e-01
635: 0.000e+00
636: 8.097e-03
637: 0.000e+00
638: 1.953e-02
639: 0.000e+00
640: 2.274e-02
641: 1.219e-02
642: 3.320e-02
643: 2.792e-02
644: 1.641e-01
645: 0.000e+00
646: 2.737e-02
647: 4.431e-02
648: 0.000e+00
649: 1.043e-02
650: 7.069e-02
651: 8.757e-03
652: 4.641e-02
653: 3.946e-02
654: 5.477e-02
655: 1.498e-01
656: 2.409e-01
657: 0.000e+00
658: 1.316e-02
659: 0.000e+00
660: 2.017e-01
661: 2.887e-01
662: 2.931e-01
663: 2.592e-02
664: 0.000e+00
665: 6.857e-03
666: 0.000e+00
667: 2.652e-03
668: 1.766e-02
669: 0.000e+00
670: 9.773e-03
671: 8.559e-02
672: 0.000e+00
673: 3.232e-02
674: 0.000e+00
675: 0.000e+00
676: 4.301e-02
677: 0.000e+00
678: 6.065e-02
679: 2.848e-02
680: 1.636e-02
681: 6.938e-02
682: 6.408e-02
683: 6.022e-02
684: 4.075e-03
685: 0.000e+00
686: 0.000e+00
687: 4.533e-02
688: 1.291e-02
689: 1.145e-02
690: 1.249e-01
691: 0.000e+00
692: 3.006e-02
693: 8.046e-02
694: 1.504e-02
695: 4.920e-02
696: 4.642e-02
697: 0.000e+00
698: 5.889e-02
699: 0.000e+00
700: 7.030e-02
701: 3.349e-02
702: 3.514e-02
703: 0.000e+00
704: 2.623e-02
705: 1.675e-02
706: 0.000e+00
707: 6.143e-03
708: 5.946e-02
709: 1.135e-02
710: 1.599e-02
711: 8.127e-02
712: 3.483e-02
713: 8.687e-04
714: 4.744e-02
715: 3.083e-02
716: 3.639e-01
717: 2.720e-01
718: 3.174e-03
719: 4.209e-03
720: 6.988e-02
721: 3.970e-02
722: 1.493e-02
723: 3.517e-02
724: 0.000e+00
725: 1.903e-01
726: 3.209e-03
727: 0.000e+00
728: 1.166e-02
729: 0.000e+00
730: 0.000e+00
731: 4.956e-02
732: 0.000e+00
733: 3.788e-04
734: 1.327e-01
735: 3.357e-03
736: 5.703e-03
737: 0.000e+00
738: 1.145e-01
739: 2.428e-02
740: 1.656e-03
741: 9.228e-03
742: 0.000e+00
743: 1.048e-01
744: 7.736e-02
745: 2.376e-02
746: 0.000e+00
747: 5.979e-03
748: 1.473e-02
749: 7.747e-02
750: 6.445e-04
751: 0.000e+00
752: 0.000e+00
753: 8.854e-03
754: 3.648e-04
755: 5.068e-03
756: 9.290e-02
757: 3.723e-01
758: 2.368e-01
759: 5.160e-02
760: 3.300e-02
761: 0.000e+00
762: 2.367e-02
763: 5.065e-01
764: 1.804e-02
765: 2.718e-01
766: 3.026e-02
767: 2.119e-02
768: 0.000e+00
769: 5.237e-03
770: 2.530e-02
771: 0.000e+00
772: 0.000e+00
773: 1.034e-01
774: 0.000e+00
775: 3.697e-02
776: 2.762e-02
777: 1.504e-02
778: 1.776e-02
779: 0.000e+00
780: 0.000e+00
781: 0.000e+00
782: 4.397e-02
783: 8.347e-03
784: 0.000e+00
785: 0.000e+00
786: 3.582e-02
787: 2.466e-03
788: 0.000e+00
789: 6.629e-03
790: 0.000e+00
791: 0.000e+00
792: 1.126e-01
793: 4.532e-02
794: 0.000e+00
795: 1.619e-02
796: 2.199e-03
797: 1.109e-01
798: 3.743e-02
799: 2.728e-01
800: 1.450e-02
801: 6.692e-02
802: 9.734e-02
803: 0.000e+00
804: 5.606e-02
805: 2.819e-03
806: 0.000e+00
807: 1.307e-01
808: 4.895e-01
809: 3.071e-02
810: 0.000e+00
811: 4.107e-03
812: 0.000e+00
813: 1.053e-01
814: 1.643e-01
815: 1.403e-01
816: 2.917e-03
817: 0.000e+00
818: 2.765e-03
819: 0.000e+00
820: 0.000e+00
821: 5.450e-02
822: 1.026e-01
823: 2.793e-02
824: 2.941e-03
825: 7.587e-03
826: 3.696e-01
827: 2.415e-02
828: 2.179e-03
829: 1.966e-02
830: 2.496e-02
831: 2.466e-02
832: 0.000e+00
833: 2.111e-01
834: 2.879e-02
835: 1.639e-01
836: 9.558e-02
837: 4.661e-02
838: 2.986e-02
839: 0.000e+00
840: 0.000e+00
841: 5.717e-02
842: 7.824e-03
843: 0.000e+00
844: 3.609e-02
845: 9.699e-02
846: 0.000e+00
847: 0.000e+00
848: 0.000e+00
849: 3.515e-03
850: 1.548e-01
851: 1.271e-01
852: 0.000e+00
853: 0.000e+00
854: 0.000e+00
855: 0.000e+00
856: 6.436e-02
857: 2.502e-02
858: 2.075e-02
859: 0.000e+00
860: 1.172e-01
861: 7.778e-01
862: 4.362e-02
863: 0.000e+00
864: 0.000e+00
865: 1.087e-02
866: 0.000e+00
867: 1.341e-02
868: 0.000e+00
869: 0.000e+00
870: 0.000e+00
871: 8.507e-02
872: 9.033e-02
873: 1.222e-01
874: 0.000e+00
875: 1.527e-01
876: 4.007e-01
877: 7.840e-04
878: 9.228e-02
879: 1.099e-03
880: 1.335e-01
881: 9.987e-02
882: 0.000e+00
883: 8.218e-02
884: 2.541e-02
885: 0.000e+00
886: 0.000e+00
887: 1.202e-01
888: 1.527e-03
889: 4.116e-02
890: 0.000e+00
891: 5.030e-02
892: 0.000e+00
893: 7.903e-04
894: 0.000e+00
895: 0.000e+00
896: 0.000e+00
897: 5.647e-02
898: 1.864e-01
899: 0.000e+00
900: 0.000e+00
901: 1.360e-01
902: 5.878e-02
903: 0.000e+00
904: 1.940e-02
905: 1.601e-01
906: 0.000e+00
907: 0.000e+00
908: 9.603e-03
909: 0.000e+00
910: 3.129e-02
911: 7.844e-02
912: 5.819e-03
913: 2.994e-02
914: 1.315e-03
915: 5.076e-02
916: 1.469e-03
917: 0.000e+00
918: 4.846e-02
919: 5.351e-02
920: 1.429e-01
921: 2.637e-01
922: 4.209e-02
923: 1.917e-01
924: 0.000e+00
925: 1.704e-01
926: 3.727e-02
927: 2.421e-01
928: 6.457e-02
929: 0.000e+00
930: 0.000e+00
931: 0.000e+00
932: 2.670e-02
933: 0.000e+00
934: 1.001e-01
935: 6.905e-02
936: 5.475e-03
937: 1.924e-03
938: 2.426e-02
939: 5.633e-02
940: 6.345e-03
941: 6.220e-03
942: 0.000e+00
943: 0.000e+00
944: 0.000e+00
945: 1.951e-03
946: 2.537e-02
947: 1.045e-02
948: 0.000e+00
949: 4.931e-03
950: 2.926e-02
951: 5.315e-02
952: 5.900e-03
953: 1.076e-03
954: 0.000e+00
955: 2.517e-02
956: 0.000e+00
957: 8.622e-02
958: 0.000e+00
959: 3.984e-03
960: 1.044e-02
961: 0.000e+00
962: 1.243e-02
963: 2.262e-02
964: 2.657e-02
965: 9.360e-02
966: 6.574e-04
967: 8.019e-02
968: 1.282e-01
969: 1.040e-02
970: 4.269e-03
971: 0.000e+00
972: 0.000e+00
973: 1.182e-02
974: 3.678e-03
975: 1.285e-01
976: 0.000e+00
977: 5.800e-02
978: 9.989e-02
979: 2.301e-01
980: 8.155e-03
981: 3.081e-03
982: 8.699e-02
983: 1.413e-01
984: 0.000e+00
985: 1.967e-02
986: 3.547e-02
987: 3.009e-02
988: 9.740e-02
989: 3.648e-02
990: 2.645e-03
991: 0.000e+00
992: 2.201e-01
993: 3.047e-01
994: 2.471e-02
995: 6.233e-03
996: 1.631e-01
997: 6.052e-02
998: 6.064e-04
999: 0.000e+00
1000: 3.605e-02
1001: 0.000e+00
1002: 3.620e-02
1003: 0.000e+00
1004: 6.267e-02
1005: 0.000e+00
1006: 9.402e-03
1007: 7.116e-02
1008: 2.879e-02
1009: 8.707e-02
1010: 1.349e-01
1011: 1.269e-02
1012: 0.000e+00
1013: 2.692e-02
1014: 1.056e-02
1015: 0.000e+00
1016: 1.147e-01
1017: 0.000e+00
1018: 0.000e+00
1019: 0.000e+00
1020: 0.000e+00
1021: 0.000e+00
1022: 1.067e-02
1023: 8.330e-03
1024: 0.000e+00
1025: 2.033e-02
1026: 9.229e-04
1027: 9.803e-03
1028: 1.483e-01
1029: 1.340e-01
1030: 1.589e-01
1031: 2.249e-02
1032: 1.312e-02
1033: 5.935e-03
1034: 1.178e-01
1035: 0.000e+00
1036: 1.293e-02
1037: 6.315e-02
1038: 0.000e+00
1039: 1.361e-02
1040: 9.968e-02
1041: 0.000e+00
1042: 0.000e+00
1043: 1.765e-01
1044: 7.699e-04
1045: 2.781e-02
1046: 3.023e-03
1047: 4.689e-02
1048: 2.422e-02
1049: 2.971e-02
1050: 0.000e+00
1051: 8.592e-03
1052: 5.844e-02
1053: 1.737e-01
1054: 8.404e-03
1055: 1.621e-02
1056: 1.040e-01
1057: 0.000e+00
1058: 0.000e+00
1059: 0.000e+00
1060: 0.000e+00
1061: 9.434e-03
1062: 8.969e-02
1063: 0.000e+00
1064: 0.000e+00
1065: 0.000e+00
1066: 0.000e+00
1067: 1.238e-02
1068: 0.000e+00
1069: 7.184e-03
1070: 0.000e+00
1071: 9.856e-02
1072: 4.936e-01
1073: 0.000e+00
1074: 1.789e-02
1075: 4.808e-03
1076: 3.903e-02
1077: 7.956e-03
1078: 1.098e-01
1079: 0.000e+00
1080: 1.163e-01
1081: 5.945e-02
1082: 3.089e-03
1083: 1.926e-01
1084: 7.583e-03
1085: 0.000e+00
1086: 0.000e+00
1087: 8.841e-04
1088: 0.000e+00
1089: 2.827e-02
1090: 0.000e+00
1091: 1.232e-01
1092: 5.944e-01
1093: 1.166e-01
1094: 2.282e-02
1095: 0.000e+00
1096: 4.759e-02
1097: 8.423e-05
1098: 3.903e-02
1099: 0.000e+00
1100: 0.000e+00
1101: 6.383e-02
1102: 5.525e-02
1103: 1.925e-03
1104: 7.926e-02
1105: 3.008e-03
1106: 0.000e+00
1107: 1.948e-02
1108: 4.728e-04
1109: 2.617e-02
1110: 0.000e+00
1111: 0.000e+00
1112: 6.298e-03
1113: 2.512e-02
1114: 1.305e-02
1115: 1.960e-02
1116: 8.493e-03
1117: 4.631e-02
1118: 7.797e-02
1119: 4.195e-02
1120: 7.609e-02
1121: 0.000e+00
1122: 0.000e+00
1123: 0.000e+00
1124: 2.944e-02
1125: 4.565e-02
1126: 4.341e-03
1127: 8.291e-03
1128: 2.490e-03
1129: 0.000e+00
1130: 6.460e-02
1131: 4.501e-01
1132: 3.137e-02
1133: 1.843e-01
1134: 5.901e-02
1135: 0.000e+00
1136: 0.000e+00
1137: 6.061e-02
1138: 3.437e-02
1139: 5.380e-02
1140: 7.233e-02
1141: 1.116e-01
1142: 4.134e-02
1143: 0.000e+00
1144: 1.177e-03
1145: 0.000e+00
1146: 1.933e-02
1147: 0.000e+00
1148: 1.109e-02
1149: 2.442e-01
1150: 2.529e-01
1151: 0.000e+00
1152: 2.286e-02
1153: 2.254e-03
1154: 2.236e-03
1155: 0.000e+00
1156: 3.947e-02
1157: 2.000e-02
1158: 0.000e+00
1159: 0.000e+00
1160: 0.000e+00
1161: 2.266e-03
1162: 2.680e-01
1163: 1.295e-02
1164: 0.000e+00
1165: 3.805e-02
1166: 1.543e-01
1167: 4.798e-02
1168: 4.067e-02
1169: 0.000e+00
1170: 0.000e+00
1171: 2.972e-04
1172: 1.097e-02
1173: 8.696e-02
1174: 0.000e+00
1175: 0.000e+00
1176: 6.327e-02
1177: 8.286e-01
1178: 6.216e-01
1179: 9.538e-02
1180: 9.977e-02
1181: 0.000e+00
1182: 1.336e-01
1183: 1.623e-01
1184: 0.000e+00
1185: 1.726e-03
1186: 4.265e-01
1187: 0.000e+00
1188: 0.000e+00
1189: 0.000e+00
1190: 6.187e-03
1191: 4.433e-02
1192: 7.494e-03
1193: 0.000e+00
1194: 0.000e+00
1195: 0.000e+00
1196: 0.000e+00
1197: 0.000e+00
1198: 0.000e+00
1199: 8.906e-03
1200: 9.006e-04
1201: 6.421e-02
1202: 1.489e-01
1203: 0.000e+00
1204: 0.000e+00
1205: 2.863e-01
1206: 2.610e-01
1207: 9.748e-02
1208: 0.000e+00
1209: 0.000e+00
1210: 2.826e-02
1211: 4.358e-03
1212: 0.000e+00
1213: 1.216e-02
1214: 4.978e-02
1215: 6.063e-02
1216: 0.000e+00
1217: 0.000e+00
1218: 1.872e-02
1219: 5.627e-03
1220: 0.000e+00
1221: 3.439e-02
1222: 0.000e+00
1223: 0.000e+00
1224: 4.065e-04
1225: 1.543e-03
1226: 5.690e-02
1227: 3.221e-02
1228: 5.476e-02
1229: 5.178e-02
1230: 9.609e-02
1231: 6.045e-02
1232: 0.000e+00
1233: 6.372e-02
1234: 0.000e+00
1235: 1.948e-02
1236: 9.702e-04
1237: 5.243e-02
1238: 1.133e-01
1239: 8.965e-02
1240: 3.767e-02
1241: 1.360e-02
1242: 1.114e-01
1243: 0.000e+00
1244: 7.725e-02
1245: 0.000e+00
1246: 0.000e+00
1247: 6.664e-02
1248: 4.170e-02
1249: 0.000e+00
1250: 0.000e+00
1251: 2.713e-02
1252: 0.000e+00
1253: 4.855e-03
1254: 3.968e-02
1255: 0.000e+00
1256: 1.354e-01
1257: 1.209e-03
1258: 5.642e-02
1259: 5.592e-02
1260: 0.000e+00
1261: 7.109e-02
1262: 1.118e-02
1263: 0.000e+00
1264: 4.653e-02
1265: 0.000e+00
1266: 8.363e-02
1267: 6.032e-02
1268: 2.231e-02
1269: 3.884e-02
1270: 4.958e-01
1271: 3.051e-02
1272: 0.000e+00
1273: 6.095e-02
1274: 7.913e-03
1275: 6.434e-02
1276: 3.927e-01
1277: 1.616e-01
1278: 0.000e+00
1279: 0.000e+00
1280: 1.133e-01
1281: 0.000e+00
1282: 0.000e+00
1283: 4.022e-03
1284: 4.674e-03
1285: 0.000e+00
1286: 1.348e-02
1287: 5.024e-02
1288: 1.777e-03
1289: 6.729e-02
1290: 2.055e-01
1291: 0.000e+00
1292: 4.623e-02
1293: 1.900e-02
1294: 5.628e-03
1295: 4.124e-02
1296: 9.580e-03
1297: 4.470e-02
1298: 3.033e-02
1299: 2.399e-02
1300: 5.101e-02
1301: 4.317e-01
1302: 1.412e-02
1303: 3.343e-01
1304: 1.617e-01
1305: 1.076e-02
1306: 4.059e-02
1307: 5.012e-02
1308: 3.196e-01
1309: 5.271e-01
1310: 6.970e-02
1311: 1.218e-01
1312: 0.000e+00
1313: 7.126e-02
1314: 0.000e+00
1315: 0.000e+00
1316: 0.000e+00
1317: 2.572e-02
1318: 6.962e-02
1319: 5.392e-02
1320: 1.856e-01
1321: 5.144e-02
1322: 2.151e-02
1323: 0.000e+00
1324: 5.217e-02
1325: 0.000e+00
1326: 6.037e-02
1327: 4.677e-02
1328: 9.848e-02
1329: 0.000e+00
1330: 1.242e-02
1331: 0.000e+00
1332: 4.944e-02
1333: 5.040e-03
1334: 0.000e+00
1335: 5.067e-02
1336: 0.000e+00
1337: 8.537e-03
1338: 0.000e+00
1339: 1.332e-02
1340: 1.880e-02
1341: 0.000e+00
1342: 1.650e-02
1343: 4.096e-02
1344: 1.217e-01
1345: 1.790e-03
1346: 0.000e+00
1347: 7.461e-02
1348: 3.406e-01
1349: 0.000e+00
1350: 0.000e+00
1351: 4.927e-02
1352: 0.000e+00
1353: 0.000e+00
1354: 3.546e-02
1355: 8.478e-04
1356: 4.304e-03
1357: 7.127e-03
1358: 8.761e-02
1359: 1.543e-02
1360: 0.000e+00
1361: 1.216e-02
1362: 2.623e-01
1363: 5.924e-04
1364: 3.314e-02
1365: 1.711e-02
1366: 0.000e+00
1367: 5.586e-02
1368: 7.736e-02
1369: 0.000e+00
1370: 3.731e-02
1371: 1.485e-01
1372: 0.000e+00
1373: 1.752e-02
1374: 0.000e+00
1375: 0.000e+00
1376: 2.642e-02
1377: 1.311e-01
1378: 0.000e+00
1379: 7.858e-02
1380: 0.000e+00
1381: 0.000e+00
1382: 7.438e-03
1383: 0.000e+00
1384: 5.093e-03
1385: 9.267e-02
1386: 3.998e-02
1387: 3.446e-01
1388: 4.145e-01
1389: 3.228e-03
1390: 3.369e-02
1391: 1.224e-01
1392: 1.118e-02
1393: 0.000e+00
1394: 2.836e-02
1395: 8.371e-03
1396: 1.218e-02
1397: 4.235e-01
1398: 0.000e+00
1399: 3.988e-03
1400: 2.782e-01
1401: 1.592e-01
1402: 0.000e+00
1403: 0.000e+00
1404: 0.000e+00
1405: 0.000e+00
1406: 3.007e-02
1407: 2.371e-02
1408: 4.643e-02
1409: 4.177e-02
1410: 2.195e-02
1411: 1.705e-02
1412: 0.000e+00
1413: 0.000e+00
1414: 0.000e+00
1415: 0.000e+00
1416: 1.013e-01
1417: 2.065e-02
1418: 0.000e+00
1419: 2.919e-02
1420: 0.000e+00
1421: 0.000e+00
1422: 5.254e-03
1423: 7.199e-02
1424: 2.666e-02
1425: 5.749e-02
1426: 0.000e+00
1427: 4.467e-02
1428: 1.620e-01
1429: 9.509e-01
1430: 4.371e-02
1431: 6.283e-02
1432: 4.331e-02
1433: 1.445e-03
1434: 7.331e-02
1435: 0.000e+00
1436: 0.000e+00
1437: 1.152e-01
1438: 4.097e-02
1439: 6.383e-03
1440: 3.696e-02
1441: 0.000e+00
1442: 9.853e-03
1443: 0.000e+00
1444: 2.368e-01
1445: 9.280e-03
1446: 5.416e-03
1447: 0.000e+00
1448: 2.729e-02
1449: 5.850e-02
1450: 0.000e+00
1451: 8.614e-02
1452: 0.000e+00
1453: 1.117e-02
1454: 1.192e-03
1455: 5.742e-03
1456: 5.212e-02
1457: 8.576e-02
1458: 0.000e+00
1459: 3.100e-03
1460: 5.000e-03
1461: 2.485e-02
1462: 4.707e-02
1463: 1.914e-01
1464: 2.143e-01
1465: 0.000e+00
1466: 4.359e-03
1467: 1.348e-02
1468: 0.000e+00
1469: 0.000e+00
1470: 4.774e-02
1471: 0.000e+00
1472: 0.000e+00
1473: 1.604e-01
1474: 3.511e-02
1475: 9.979e-02
1476: 4.187e-02
1477: 4.997e-02
1478: 5.600e-03
1479: 9.910e-03
1480: 4.729e-02
1481: 8.843e-02
1482: 2.646e-02
1483: 3.138e-02
1484: 5.599e-02
1485: 0.000e+00
1486: 1.749e-02
1487: 1.455e-02
1488: 2.516e-02
1489: 3.636e-02
1490: 0.000e+00
1491: 8.434e-04
1492: 7.708e-03
1493: 4.836e-03
1494: 1.373e-02
1495: 2.638e-01
1496: 1.467e-03
1497: 3.019e-02
1498: 1.758e-02
1499: 0.000e+00
1500: 0.000e+00
1501: 5.039e-03
1502: 9.147e-03
1503: 0.000e+00
1504: 3.897e-03
1505: 0.000e+00
1506: 7.368e-02
1507: 2.374e-02
1508: 1.788e-01
1509: 2.950e-03
1510: 0.000e+00
1511: 4.252e-03
1512: 1.732e-01
1513: 1.575e-02
1514: 0.000e+00
1515: 1.384e-01
1516: 9.168e-02
1517: 0.000e+00
1518: 0.000e+00
1519: 4.677e-02
1520: 0.000e+00
1521: 5.480e-03
1522: 4.156e-03
1523: 0.000e+00
1524: 2.183e-03
1525: 0.000e+00
1526: 0.000e+00
1527: 4.104e-02
1528: 1.036e-02
1529: 0.000e+00
1530: 0.000e+00
1531: 0.000e+00
1532: 0.000e+00
1533: 0.000e+00
1534: 0.000e+00
1535: 0.000e+00
1536: 7.930e-02
1537: 1.752e-02
1538: 6.793e-02
1539: 2.546e-03
1540: 0.000e+00
1541: 2.285e-03
1542: 4.108e-02
1543: 1.095e-02
1544: 4.631e-02
1545: 3.840e-02
1546: 2.024e-01
1547: 7.631e-02
1548: 0.000e+00
1549: 1.555e-03
1550: 0.000e+00
1551: 4.963e-02
1552: 4.738e-02
1553: 0.000e+00
1554: 2.075e-03
1555: 1.228e-01
1556: 1.230e-01
1557: 8.968e-03
1558: 1.315e-01
1559: 0.000e+00
1560: 3.337e-02
1561: 0.000e+00
1562: 9.589e-02
1563: 3.176e-02
1564: 4.337e-01
1565: 0.000e+00
1566: 3.624e-02
1567: 3.432e-02
1568: 9.759e-02
1569: 3.944e-03
1570: 5.256e-02
1571: 3.674e-02
1572: 3.821e-02
1573: 4.092e-02
1574: 6.069e-02
1575: 3.273e-01
1576: 2.017e-01
1577: 9.852e-02
1578: 1.954e-03
1579: 9.978e-03
1580: 1.777e-02
1581: 3.024e-03
1582: 2.644e-02
1583: 1.408e-02
1584: 8.571e-02
1585: 0.000e+00
1586: 6.967e-02
1587: 0.000e+00
1588: 1.870e-02
1589: 0.000e+00
1590: 0.000e+00
1591: 2.395e-02
1592: 1.330e-02
1593: 1.967e-01
1594: 0.000e+00
1595: 1.159e-01
1596: 9.063e-02
1597: 4.638e-05
1598: 1.958e-02
1599: 1.434e-01
1600: 7.889e-04
1601: 1.203e-01
1602: 8.357e-04
1603: 6.510e-03
1604: 0.000e+00
1605: 2.168e-02
1606: 0.000e+00
1607: 0.000e+00
1608: 0.000e+00
1609: 0.000e+00
1610: 2.443e-02
1611: 1.696e-02
1612: 9.901e-02
1613: 9.545e-03
1614: 0.000e+00
1615: 0.000e+00
1616: 1.485e-02
1617: 8.549e-03
1618: 2.425e-02
1619: 5.569e-02
1620: 7.066e-03
1621: 1.744e-01
1622: 0.000e+00
1623: 7.456e-02
1624: 0.000e+00
1625: 0.000e+00
1626: 0.000e+00
1627: 1.425e-02
1628: 2.819e-02
1629: 3.242e-01
1630: 9.470e-02
1631: 1.796e-01
1632: 1.042e-01
1633: 9.057e-02
1634: 0.000e+00
1635: 9.512e-03
1636: 0.000e+00
1637: 1.205e-01
1638: 0.000e+00
1639: 3.070e-01
1640: 0.000e+00
1641: 2.657e-03
1642: 2.285e-02
1643: 1.279e-03
1644: 3.841e-02
1645: 1.321e-01
1646: 0.000e+00
1647: 0.000e+00
1648: 1.424e-02
1649: 9.363e-02
1650: 3.186e-02
1651: 6.240e-02
1652: 3.526e-02
1653: 0.000e+00
1654: 6.243e-02
1655: 1.341e-03
1656: 7.872e-02
1657: 1.163e-01
1658: 0.000e+00
1659: 2.816e-02
1660: 1.332e-01
1661: 5.668e-03
1662: 3.302e-02
1663: 2.051e-01
1664: 3.070e-02
1665: 8.433e-03
1666: 1.404e-01
1667: 1.100e-01
1668: 3.171e-03
1669: 2.926e-02
1670: 0.000e+00
1671: 8.501e-03
1672: 6.773e-02
1673: 0.000e+00
1674: 2.136e-02
1675: 0.000e+00
1676: 6.174e-02
1677: 1.586e-02
1678: 3.369e-02
1679: 4.604e-04
1680: 0.000e+00
1681: 2.820e-03
1682: 0.000e+00
1683: 8.927e-03
1684: 5.130e-02
1685: 5.962e-03
1686: 0.000e+00
1687: 0.000e+00
1688: 1.499e-02
1689: 8.003e-03
1690: 8.241e-02
1691: 1.570e-01
1692: 2.693e-01
1693: 1.341e-02
1694: 0.000e+00
1695: 0.000e+00
1696: 0.000e+00
1697: 0.000e+00
1698: 0.000e+00
1699: 7.374e-03
1700: 0.000e+00
1701: 2.034e-03
1702: 0.000e+00
1703: 0.000e+00
1704: 1.301e-02
1705: 2.507e-01
1706: 0.000e+00
1707: 0.000e+00
1708: 8.461e-03
1709: 1.543e-02
1710: 5.678e-03
1711: 2.292e-02
1712: 5.152e-02
1713: 1.706e-01
1714: 0.000e+00
1715: 3.428e-01
1716: 0.000e+00
1717: 1.091e-01
1718: 4.959e-03
1719: 3.935e-02
1720: 1.717e-01
1721: 9.541e-02
1722: 9.773e-03
1723: 3.283e-02
1724: 3.966e-02
1725: 0.000e+00
1726: 2.752e-02
1727: 1.834e-01
1728: 4.453e-04
1729: 0.000e+00
1730: 6.976e-04
1731: 3.881e-04
1732: 6.510e-02
1733: 5.512e-02
1734: 1.039e-01
1735: 3.444e-02
1736: 0.000e+00
1737: 1.614e-01
1738: 4.234e-03
1739: 0.000e+00
1740: 8.930e-02
1741: 1.131e-02
1742: 1.358e-01
1743: 4.438e-02
1744: 2.092e-03
1745: 1.072e-02
1746: 1.659e-01
1747: 7.845e-02
1748: 1.359e-01
1749: 0.000e+00
1750: 3.168e-02
1751: 2.991e-02
1752: 0.000e+00
1753: 0.000e+00
1754: 0.000e+00
1755: 3.287e-02
1756: 0.000e+00
1757: 1.215e-01
1758: 0.000e+00
1759: 2.467e-04
1760: 0.000e+00
1761: 3.929e-01
1762: 1.634e-01
1763: 0.000e+00
1764: 0.000e+00
1765: 1.648e-02
1766: 7.277e-03
1767: 4.620e-02
1768: 0.000e+00
1769: 7.802e-03
1770: 1.952e-02
1771: 0.000e+00
1772: 0.000e+00
1773: 0.000e+00
1774: 0.000e+00
1775: 1.967e-02
1776: 0.000e+00
1777: 0.000e+00
1778: 1.333e-03
1779: 0.000e+00
1780: 0.000e+00
1781: 0.000e+00
1782: 0.000e+00
1783: 0.000e+00
1784: 5.094e-02
1785: 0.000e+00
1786: 0.000e+00
1787: 0.000e+00
1788: 0.000e+00
1789: 0.000e+00
1790: 2.017e-01
1791: 6.134e-02
1792: 0.000e+00
1793: 3.297e-02
1794: 0.000e+00
1795: 0.000e+00
1796: 0.000e+00
1797: 2.199e-01
1798: 0.000e+00
1799: 0.000e+00
1800: 2.701e-04
1801: 0.000e+00
1802: 0.000e+00
1803: 0.000e+00
1804: 4.175e-02
1805: 0.000e+00
1806: 0.000e+00
1807: 0.000e+00
1808: 0.000e+00
1809: 1.894e-01
1810: 3.603e-02
1811: 0.000e+00
1812: 6.759e-02
1813: 0.000e+00
1814: 0.000e+00
1815: 0.000e+00
1816: 3.367e-01
1817: 8.463e-03
1818: 0.000e+00
1819: 0.000e+00
1820: 0.000e+00
1821: 0.000e+00
1822: 0.000e+00
1823: 0.000e+00
1824: 0.000e+00
1825: 0.000e+00
1826: 0.000e+00
1827: 3.312e-01
1828: 0.000e+00
1829: 2.557e-04
1830: 0.000e+00
1831: 0.000e+00
1832: 1.293e-03
1833: 0.000e+00
1834: 0.000e+00
1835: 0.000e+00
1836: 0.000e+00
1837: 6.019e-05
1838: 2.488e-02
1839: 1.302e-01
1840: 0.000e+00
1841: 4.166e-02
1842: 0.000e+00
1843: 6.681e-03
1844: 0.000e+00
1845: 0.000e+00
1846: 5.103e-03
1847: 0.000e+00
1848: 0.000e+00
1849: 0.000e+00
1850: 1.996e-02
1851: 0.000e+00
1852: 6.506e-03
1853: 1.352e-02
1854: 5.327e-02
1855: 0.000e+00
1856: 1.935e-02
1857: 0.000e+00
1858: 0.000e+00
1859: 0.000e+00
1860: 0.000e+00
1861: 5.846e-02
1862: 7.210e-03
1863: 1.049e+00
1864: 7.874e-03
1865: 1.221e-02
1866: 0.000e+00
1867: 0.000e+00
1868: 8.827e-04
1869: 0.000e+00
1870: 0.000e+00
1871: 1.442e-02
1872: 0.000e+00
1873: 1.565e-02
1874: 4.642e-02
1875: 8.464e-02
1876: 0.000e+00
1877: 0.000e+00
1878: 5.081e-01
1879: 0.000e+00
1880: 6.487e-02
1881: 1.601e-01
1882: 0.000e+00
1883: 0.000e+00
1884: 0.000e+00
1885: 1.296e-03
1886: 1.008e-02
1887: 0.000e+00
1888: 0.000e+00
1889: 0.000e+00
1890: 3.040e-02
1891: 0.000e+00
1892: 0.000e+00
1893: 8.283e-03
1894: 2.023e-03
1895: 0.000e+00
1896: 0.000e+00
1897: 2.197e-02
1898: 2.071e-02
1899: 0.000e+00
1900: 0.000e+00
1901: 0.000e+00
1902: 2.009e-02
1903: 0.000e+00
1904: 0.000e+00
1905: 0.000e+00
1906: 5.380e-03
1907: 0.000e+00
1908: 0.000e+00
1909: 0.000e+00
1910: 1.592e-02
1911: 0.000e+00
1912: 1.029e-02
1913: 0.000e+00
1914: 0.000e+00
1915: 2.626e-02
1916: 0.000e+00
1917: 0.000e+00
1918: 6.001e-03
1919: 0.000e+00
1920: 0.000e+00
1921: 8.944e-04
1922: 1.126e-02
1923: 0.000e+00
1924: 0.000e+00
1925: 3.276e-02
1926: 1.278e-02
1927: 8.648e-03
1928: 0.000e+00
1929: 5.817e-02
1930: 1.448e-01
1931: 1.611e-02
1932: 6.193e-02
1933: 3.209e-02
1934: 3.578e-02
1935: 0.000e+00
1936: 8.300e-02
1937: 0.000e+00
1938: 1.909e-02
1939: 3.407e-02
1940: 0.000e+00
1941: 7.805e-02
1942: 0.000e+00
1943: 0.000e+00
1944: 0.000e+00
1945: 0.000e+00
1946: 0.000e+00
1947: 0.000e+00
1948: 0.000e+00
1949: 2.403e-02
1950: 0.000e+00
1951: 0.000e+00
1952: 2.631e-01
1953: 0.000e+00
1954: 1.854e-02
1955: 2.217e-03
1956: 0.000e+00
1957: 4.180e-03
1958: 0.000e+00
1959: 0.000e+00
1960: 3.841e-02
1961: 2.089e-01
1962: 0.000e+00
1963: 0.000e+00
1964: 0.000e+00
1965: 1.333e-02
1966: 0.000e+00
1967: 4.937e-02
1968: 0.000e+00
1969: 2.328e-02
1970: 0.000e+00
1971: 8.210e-02
1972: 6.385e-02
1973: 3.104e-01
1974: 0.000e+00
1975: 2.119e-01
1976: 2.766e-01
1977: 2.632e-01
1978: 1.675e-01
1979: 0.000e+00
1980: 0.000e+00
1981: 3.449e-02
1982: 0.000e+00
1983: 1.508e-02
1984: 2.092e-02
1985: 0.000e+00
1986: 0.000e+00
1987: 1.846e-02
1988: 0.000e+00
1989: 5.047e-02
1990: 6.886e-02
1991: 0.000e+00
1992: 8.082e-03
1993: 1.329e-03
1994: 0.000e+00
1995: 0.000e+00
1996: 0.000e+00
1997: 0.000e+00
1998: 0.000e+00
1999: 1.425e-02
2000: 2.506e-02
2001: 5.972e-02
2002: 3.253e-05
2003: 2.792e-01
2004: 0.000e+00
2005: 2.414e-02
2006: 2.212e-01
2007: 3.000e-01
2008: 1.631e-02
2009: 0.000e+00
2010: 3.544e-02
2011: 0.000e+00
2012: 2.189e-02
2013: 6.224e-02
2014: 2.451e-02
2015: 0.000e+00
2016: 1.602e-02
2017: 0.000e+00
2018: 1.626e-02
2019: 1.002e-02
2020: 0.000e+00
2021: 6.340e-03
2022: 1.198e-03
2023: 0.000e+00
2024: 1.375e-02
2025: 6.990e-02
2026: 1.408e-03
2027: 3.690e-02
2028: 9.989e-03
2029: 2.761e-01
2030: 2.086e-03
2031: 8.636e-02
2032: 2.128e-03
2033: 9.188e-04
2034: 0.000e+00
2035: 3.261e-02
2036: 5.268e-02
2037: 8.474e-02
2038: 2.621e-01
2039: 4.365e-02
2040: 4.125e-02
2041: 5.119e-02
2042: 0.000e+00
2043: 1.085e-02
2044: 0.000e+00
2045: 5.384e-04
2046: 0.000e+00
2047: 6.363e-03
2048: 3.686e-03
2049: 0.000e+00
2050: 2.122e-03
2051: 1.108e-01
2052: 2.557e-01
2053: 1.060e-01
2054: 3.857e-02
2055: 1.678e-02
2056: 5.215e-02
2057: 0.000e+00
2058: 2.162e-02
2059: 5.881e-03
2060: 7.966e-03
2061: 3.100e-03
2062: 2.093e-02
2063: 4.946e-02
2064: 0.000e+00
2065: 0.000e+00
2066: 4.874e-02
2067: 0.000e+00
2068: 0.000e+00
2069: 0.000e+00
2070: 6.108e-02
2071: 1.742e-04
2072: 2.589e-02
2073: 0.000e+00
2074: 4.324e-03
2075: 3.449e-02
2076: 1.893e-03
2077: 1.389e-02
2078: 5.948e-02
2079: 3.259e-03
2080: 0.000e+00
2081: 1.846e-03
2082: 2.530e-02
2083: 0.000e+00
2084: 6.837e-03
2085: 0.000e+00
2086: 0.000e+00
2087: 0.000e+00
2088: 2.610e-02
2089: 8.034e-03
2090: 9.573e-02
2091: 0.000e+00
2092: 1.724e-02
2093: 0.000e+00
2094: 1.022e-02
2095: 1.309e-01
2096: 7.856e-02
2097: 7.076e-03
2098: 3.089e-02
2099: 0.000e+00
2100: 0.000e+00
2101: 0.000e+00
2102: 0.000e+00
2103: 0.000e+00
2104: 0.000e+00
2105: 3.097e-02
2106: 8.059e-03
2107: 0.000e+00
2108: 0.000e+00
2109: 7.264e-02
2110: 0.000e+00
2111: 4.440e-02
2112: 1.687e-02
2113: 8.522e-02
2114: 0.000e+00
2115: 3.292e-02
2116: 1.203e-01
2117: 0.000e+00
2118: 0.000e+00
2119: 0.000e+00
2120: 5.123e-01
2121: 1.541e-02
2122: 1.119e-02
2123: 0.000e+00
2124: 5.072e-02
2125: 0.000e+00
2126: 0.000e+00
2127: 2.484e-02
2128: 0.000e+00
2129: 3.074e-04
2130: 0.000e+00
2131: 0.000e+00
2132: 0.000e+00
2133: 0.000e+00
2134: 6.119e-03
2135: 0.000e+00
2136: 0.000e+00
2137: 3.847e-02
2138: 0.000e+00
2139: 0.000e+00
2140: 0.000e+00
2141: 1.559e-01
2142: 9.321e-02
2143: 1.013e-02
2144: 2.908e-02
2145: 0.000e+00
2146: 0.000e+00
2147: 1.327e-02
2148: 8.420e-02
2149: 2.376e-02
2150: 0.000e+00
2151: 0.000e+00
2152: 0.000e+00
2153: 1.747e-03
2154: 2.175e-01
2155: 2.472e-02
2156: 5.140e-02
2157: 7.567e-02
2158: 1.395e-02
2159: 0.000e+00
2160: 0.000e+00
2161: 8.068e-03
2162: 3.132e-02
2163: 0.000e+00
2164: 0.000e+00
2165: 0.000e+00
2166: 0.000e+00
2167: 0.000e+00
2168: 6.107e-03
2169: 2.757e-02
2170: 0.000e+00
2171: 0.000e+00
2172: 0.000e+00
2173: 1.414e-02
2174: 0.000e+00
2175: 0.000e+00
2176: 1.210e-02
2177: 0.000e+00
2178: 0.000e+00
2179: 2.086e-01
2180: 0.000e+00
2181: 0.000e+00
2182: 6.084e-03
2183: 0.000e+00
2184: 0.000e+00
2185: 6.361e-03
2186: 0.000e+00
2187: 1.735e-01
2188: 1.049e-02
2189: 1.928e-03
2190: 0.000e+00
2191: 0.000e+00
2192: 2.076e-03
2193: 1.356e-01
2194: 1.927e-02
2195: 1.095e-03
2196: 1.587e-02
2197: 0.000e+00
2198: 0.000e+00
2199: 0.000e+00
2200: 0.000e+00
2201: 1.846e-02
2202: 1.372e-01
2203: 0.000e+00
2204: 3.049e-02
2205: 0.000e+00
2206: 4.503e-02
2207: 2.450e-02
2208: 0.000e+00
2209: 1.548e-01
2210: 2.139e-02
2211: 0.000e+00
2212: 3.861e-03
2213: 0.000e+00
2214: 4.300e-03
2215: 2.564e-01
2216: 4.281e-02
2217: 7.599e-04
2218: 2.945e-02
2219: 0.000e+00
2220: 0.000e+00
2221: 0.000e+00
2222: 3.747e-01
2223: 0.000e+00
2224: 1.308e-02
2225: 3.901e-02
2226: 0.000e+00
2227: 4.125e-02
2228: 0.000e+00
2229: 7.462e-03
2230: 1.174e-03
2231: 0.000e+00
2232: 1.034e-01
2233: 8.154e-02
2234: 0.000e+00
2235: 0.000e+00
2236: 2.809e-03
2237: 0.000e+00
2238: 8.174e-02
2239: 0.000e+00
2240: 0.000e+00
2241: 5.153e-03
2242: 0.000e+00
2243: 0.000e+00
2244: 0.000e+00
2245: 0.000e+00
2246: 3.006e-02
2247: 0.000e+00
2248: 5.129e-03
2249: 0.000e+00
2250: 8.028e-02
2251: 0.000e+00
2252: 1.184e-02
2253: 0.000e+00
2254: 1.769e-02
2255: 0.000e+00
2256: 0.000e+00
2257: 3.483e-03
2258: 1.555e-02
2259: 0.000e+00
2260: 0.000e+00
2261: 0.000e+00
2262: 5.777e-02
2263: 4.022e-02
2264: 0.000e+00
2265: 3.594e-02
2266: 2.002e-01
2267: 6.365e-02
2268: 1.064e-01
2269: 0.000e+00
2270: 0.000e+00
2271: 0.000e+00
2272: 1.455e-02
2273: 3.908e-02
2274: 9.021e-02
2275: 0.000e+00
2276: 0.000e+00
2277: 7.528e-03
2278: 2.772e-02
2279: 0.000e+00
2280: 0.000e+00
2281: 0.000e+00
2282: 0.000e+00
2283: 0.000e+00
2284: 0.000e+00
2285: 0.000e+00
2286: 0.000e+00
2287: 0.000e+00
2288: 8.591e-03
2289: 6.940e-02
2290: 7.635e-02
2291: 0.000e+00
2292: 5.152e-02
2293: 0.000e+00
2294: 2.680e-02
2295: 0.000e+00
2296: 0.000e+00
2297: 3.605e-03
2298: 1.008e-01
2299: 0.000e+00
2300: 9.916e-03
2301: 0.000e+00
2302: 7.056e-03
2303: 2.544e-01
2304: 4.769e-02
2305: 4.209e-03
2306: 9.744e-02
2307: 2.830e-02
2308: 5.947e-03
2309: 6.484e-02
2310: 6.614e-02
2311: 0.000e+00
2312: 3.279e-03
2313: 0.000e+00
2314: 0.000e+00
2315: 2.574e-02
2316: 0.000e+00
2317: 1.404e-01
2318: 4.692e-02
2319: 0.000e+00
2320: 1.398e-02
2321: 0.000e+00
2322: 3.656e-03
2323: 8.447e-02
2324: 0.000e+00
2325: 5.558e-03
2326: 6.236e-02
2327: 1.673e-01
2328: 3.694e-02
2329: 2.475e-02
2330: 6.154e-04
2331: 0.000e+00
2332: 5.735e-02
2333: 5.943e-01
2334: 2.064e-01
2335: 0.000e+00
2336: 2.349e-02
2337: 0.000e+00
2338: 1.172e-02
2339: 1.147e-01
2340: 0.000e+00
2341: 0.000e+00
2342: 0.000e+00
2343: 8.608e-03
2344: 3.505e-02
2345: 0.000e+00
2346: 7.142e-03
2347: 9.874e-02
2348: 4.152e-02
2349: 0.000e+00
2350: 0.000e+00
2351: 0.000e+00
2352: 0.000e+00
2353: 1.899e-01
2354: 1.978e-02
2355: 3.523e-02
2356: 5.899e-03
2357: 0.000e+00
2358: 0.000e+00
2359: 0.000e+00
2360: 0.000e+00
2361: 0.000e+00
2362: 1.266e-01
2363: 0.000e+00
2364: 0.000e+00
2365: 0.000e+00
2366: 0.000e+00
2367: 8.435e-02
2368: 0.000e+00
2369: 0.000e+00
2370: 0.000e+00
2371: 5.103e-03
2372: 0.000e+00
2373: 1.993e-02
2374: 0.000e+00
2375: 0.000e+00
2376: 0.000e+00
2377: 0.000e+00
2378: 0.000e+00
2379: 2.128e-03
2380: 1.388e-01
2381: 0.000e+00
2382: 2.115e-02
2383: 6.795e-03
2384: 1.537e-02
2385: 5.329e-03
2386: 1.658e-01
2387: 2.342e-02
2388: 3.791e-03
2389: 1.806e-02
2390: 2.605e-01
2391: 0.000e+00
2392: 2.866e-02
2393: 5.982e-02
2394: 4.279e-02
2395: 0.000e+00
2396: 0.000e+00
2397: 3.162e-02
2398: 2.779e-03
