1: 1.650e+00
2: 1.740e+00
3: 1.725e+00
4: 2.056e+00
5: 2.179e+00
6: 1.694e+00
7: 1.915e+00
8: 1.873e+00
9: 1.434e+00
10: 1.985e+00
11: 2.022e+00
12: 1.750e+00
13: 1.607e+00
14: 1.214e+00
15: 1.483e+00
16: 1.633e+00
17: 1.404e+00
18: 1.350e+00
19: 1.370e+00
20: 1.451e+00
21: 1.555e+00
22: 1.253e+00
23: 1.577e+00
24: 1.238e+00
25: 2.381e+00
26: 1.433e+00
27: 1.561e+00
28: 1.030e+00
29: 1.341e+00
30: 2.027e+00
31: 1.335e+00
32: 2.551e+00
33: 1.374e+00
34: 1.233e+00
35: 1.095e+00
36: 1.260e+00
37: 1.436e+00
38: 1.412e+00
39: 1.118e+00
40: 1.391e+00
41: 1.498e+00
42: 1.735e+00
43: 1.642e+00
44: 1.040e+00
45: 1.349e+00
46: 1.142e+00
47: 1.409e+00
48: 1.473e+00
49: 1.053e+00
50: 1.392e+00
51: 1.454e+00
52: 1.666e+00
53: 1.764e+00
54: 1.495e+00
55: 1.535e+00
56: 1.771e+00
57: 1.472e+00
58: 1.644e+00
59: 1.589e+00
60: 1.892e+00
61: 1.393e+00
62: 1.594e+00
63: 1.052e+00
64: 1.625e+00
65: 1.401e+00
66: 1.155e+00
67: 1.508e+00
68: 1.125e+00
69: 1.584e+00
70: 1.640e+00
71: 1.486e+00
72: 1.299e+00
73: 1.518e+00
74: 1.056e+00
75: 1.263e+00
76: 1.391e+00
77: 1.635e+00
78: 1.793e+00
79: 1.461e+00
80: 1.495e+00
81: 1.129e+00
82: 1.670e+00
83: 1.355e+00
84: 1.116e+00
85: 1.414e+00
86: 1.915e+00
87: 1.191e+00
88: 1.515e+00
89: 1.191e+00
90: 1.915e+00
91: 1.434e+00
92: 1.159e+00
93: 1.057e+00
94: 1.869e+00
95: 1.846e+00
96: 1.144e+00
97: 1.038e+00
98: 1.447e+00
99: 1.429e+00
100: 1.466e+00
101: 1.265e+00
102: 1.510e+00
103: 1.303e+00
104: 1.218e+00
105: 1.041e+00
106: 1.191e+00
107: 1.634e+00
108: 2.279e+00
109: 1.758e+00
110: 1.371e+00
111: 1.284e+00
112: 1.634e+00
113: 1.111e+00
114: 1.285e+00
115: 1.024e+00
116: 1.345e+00
117: 1.113e+00
118: 1.003e+00
119: 1.042e+00
120: 1.210e+00
121: 1.049e+00
122: 1.519e+00
123: 1.007e+00
124: 1.092e+00
125: 1.113e+00
126: 1.246e+00
127: 9.888e-01
128: 1.141e+00
129: 1.721e+00
130: 1.071e+00
131: 1.165e+00
132: 1.322e+00
133: 1.033e+00
134: 1.507e+00
135: 1.216e+00
136: 1.107e+00
137: 1.323e+00
138: 9.925e-01
139: 1.001e+00
140: 1.588e+00
141: 1.272e+00
142: 1.198e+00
143: 1.724e+00
144: 1.457e+00
145: 1.616e+00
146: 1.301e+00
147: 1.301e+00
148: 1.369e+00
149: 1.476e+00
150: 1.520e+00
151: 1.050e+00
152: 1.090e+00
153: 1.123e+00
154: 9.905e-01
155: 1.585e+00
156: 1.393e+00
157: 1.444e+00
158: 9.616e-01
159: 1.044e+00
160: 1.134e+00
161: 1.198e+00
162: 1.465e+00
163: 1.071e+00
164: 1.600e+00
165: 1.134e+00
166: 1.136e+00
167: 1.144e+00
168: 1.004e+00
169: 1.084e+00
170: 1.090e+00
171: 1.028e+00
172: 9.998e-01
173: 1.780e+00
174: 1.365e+00
175: 1.445e+00
176: 1.578e+00
177: 1.037e+00
178: 1.041e+00
179: 1.360e+00
180: 1.043e+00
181: 9.992e-01
182: 1.165e+00
183: 1.047e+00
184: 1.177e+00
185: 1.441e+00
186: 1.176e+00
187: 3.207e+00
188: 1.534e+00
189: 1.618e+00
190: 1.090e+00
191: 1.329e+00
192: 1.247e+00
193: 1.438e+00
194: 1.073e+00
195: 1.021e+00
196: 1.049e+00
197: 1.620e+00
198: 1.210e+00
199: 1.564e+00
200: 1.285e+00
201: 1.215e+00
202: 1.115e+00
203: 1.059e+00
204: 1.079e+00
205: 1.001e+00
206: 9.950e-01
207: 1.292e+00
208: 1.116e+00
209: 1.390e+00
210: 1.365e+00
211: 1.305e+00
212: 1.313e+00
213: 1.075e+00
214: 1.382e+00
215: 1.034e+00
216: 1.129e+00
217: 1.478e+00
218: 1.110e+00
219: 1.362e+00
220: 1.282e+00
221: 1.168e+00
222: 1.331e+00
223: 1.299e+00
224: 1.238e+00
225: 1.114e+00
226: 1.292e+00
227: 1.342e+00
228: 1.067e+00
229: 9.564e-01
230: 1.399e+00
231: 1.262e+00
232: 1.699e+00
233: 1.356e+00
234: 1.107e+00
235: 1.294e+00
236: 1.109e+00
237: 1.034e+00
238: 1.384e+00
239: 1.143e+00
240: 1.245e+00
241: 1.127e+00
242: 1.485e+00
243: 1.005e+00
244: 1.367e+00
245: 1.379e+00
246: 1.273e+00
247: 1.002e+00
248: 1.303e+00
249: 1.024e+00
250: 1.316e+00
251: 1.868e+00
252: 1.045e+00
253: 1.240e+00
254: 1.149e+00
255: 9.981e-01
256: 9.277e-01
257: 9.769e-01
258: 1.688e+00
259: 1.116e+00
260: 1.574e+00
261: 1.024e+00
262: 1.108e+00
263: 1.089e+00
264: 1.221e+00
265: 1.505e+00
266: 1.245e+00
267: 1.227e+00
268: 1.335e+00
269: 1.022e+00
270: 1.087e+00
271: 9.959e-01
272: 1.083e+00
273: 1.107e+00
274: 1.451e+00
275: 1.025e+00
276: 1.061e+00
277: 1.100e+00
278: 1.703e+00
279: 1.612e+00
280: 9.826e-01
281: 9.572e-01
282: 1.015e+00
283: 1.391e+00
284: 9.871e-01
285: 8.639e-01
286: 1.119e+00
287: 1.430e+00
288: 1.125e+00
289: 9.277e-01
290: 1.011e+00
291: 1.541e+00
292: 1.331e+00
293: 1.532e+00
294: 1.559e+00
295: 1.137e+00
296: 9.130e-01
297: 1.369e+00
298: 1.129e+00
299: 1.055e+00
300: 1.047e+00
301: 1.058e+00
302: 9.402e-01
303: 9.885e-01
304: 8.227e-01
305: 1.029e+00
306: 1.682e+00
307: 1.124e+00
308: 1.159e+00
309: 9.130e-01
310: 1.415e+00
311: 1.472e+00
312: 1.184e+00
313: 1.075e+00
314: 8.518e-01
315: 9.704e-01
316: 9.070e-01
317: 1.025e+00
318: 1.090e+00
319: 1.197e+00
320: 8.051e-01
321: 1.035e+00
322: 1.484e+00
323: 1.107e+00
324: 1.154e+00
325: 1.291e+00
326: 9.843e-01
327: 1.162e+00
328: 1.080e+00
329: 1.126e+00
330: 8.944e-01
331: 1.262e+00
332: 1.289e+00
333: 1.210e+00
334: 1.589e+00
335: 1.120e+00
336: 8.800e-01
337: 8.962e-01
338: 1.021e+00
339: 9.347e-01
340: 6.578e-01
341: 1.002e+00
342: 1.521e+00
343: 8.208e-01
344: 1.104e+00
345: 7.732e-01
346: 1.970e+00
347: 1.064e+00
348: 1.600e+00
349: 1.426e+00
350: 1.106e+00
351: 1.264e+00
352: 8.485e-01
353: 9.126e-01
354: 1.126e+00
355: 1.082e+00
356: 1.155e+00
357: 9.606e-01
358: 1.144e+00
359: 9.998e-01
360: 1.195e+00
361: 9.408e-01
362: 9.965e-01
363: 9.392e-01
364: 6.795e-01
365: 1.148e+00
366: 1.177e+00
367: 1.422e+00
368: 1.120e+00
369: 8.841e-01
370: 1.360e+00
371: 9.938e-01
372: 1.320e+00
373: 1.221e+00
374: 8.855e-01
375: 7.512e-01
376: 9.400e-01
377: 9.435e-01
378: 8.484e-01
379: 1.017e+00
380: 8.788e-01
381: 1.213e+00
382: 7.742e-01
383: 1.230e+00
384: 7.526e-01
385: 1.203e+00
386: 1.272e+00
387: 9.836e-01
388: 1.237e+00
389: 1.294e+00
390: 8.819e-01
391: 9.168e-01
392: 8.699e-01
393: 6.830e-01
394: 8.619e-01
395: 7.446e-01
396: 1.036e+00
397: 6.257e-01
398: 1.274e+00
399: 1.171e+00
400: 1.292e+00
401: 1.160e+00
402: 1.060e+00
403: 8.922e-01
404: 1.078e+00
405: 9.152e-01
406: 1.099e+00
407: 9.237e-01
408: 9.623e-01
409: 1.231e+00
410: 9.572e-01
411: 8.369e-01
412: 9.402e-01
413: 9.219e-01
414: 1.097e+00
415: 9.252e-01
416: 1.305e+00
417: 1.224e+00
418: 1.059e+00
419: 8.884e-01
420: 8.054e-01
421: 9.189e-01
422: 7.583e-01
423: 1.132e+00
424: 9.081e-01
425: 7.685e-01
426: 8.406e-01
427: 1.332e+00
428: 8.560e-01
429: 8.601e-01
430: 7.964e-01
431: 6.807e-01
432: 9.128e-01
433: 8.553e-01
434: 1.046e+00
435: 1.056e+00
436: 1.116e+00
437: 1.241e+00
438: 9.841e-01
439: 6.359e-01
440: 8.118e-01
441: 7.504e-01
442: 1.210e+00
443: 1.505e+00
444: 1.633e+00
445: 1.189e+00
446: 5.585e-01
447: 9.206e-01
448: 9.526e-01
449: 9.146e-01
450: 1.667e+00
451: 1.521e+00
452: 7.778e-01
453: 9.098e-01
454: 1.219e+00
455: 8.144e-01
456: 1.062e+00
457: 7.827e-01
458: 8.585e-01
459: 8.165e-01
460: 1.717e+00
461: 8.067e-01
462: 8.186e-01
463: 8.160e-01
464: 9.515e-01
465: 1.279e+00
466: 9.746e-01
467: 9.175e-01
468: 8.305e-01
469: 8.263e-01
470: 1.073e+00
471: 1.235e+00
472: 8.985e-01
473: 1.081e+00
474: 9.557e-01
475: 6.251e-01
476: 9.258e-01
477: 8.244e-01
478: 7.529e-01
479: 9.889e-01
480: 7.208e-01
481: 7.407e-01
482: 1.668e+00
483: 7.457e-01
484: 9.746e-01
485: 8.121e-01
486: 9.503e-01
487: 1.115e+00
488: 9.343e-01
489: 9.048e-01
490: 7.215e-01
491: 9.859e-01
492: 8.341e-01
493: 8.307e-01
494: 1.022e+00
495: 8.181e-01
496: 1.193e+00
497: 6.289e-01
498: 1.006e+00
499: 7.201e-01
500: 8.386e-01
501: 7.736e-01
502: 1.012e+00
503: 1.521e+00
504: 1.236e+00
505: 7.111e-01
506: 6.667e-01
507: 7.239e-01
508: 8.098e-01
509: 6.606e-01
510: 8.544e-01
511: 6.839e-01
512: 9.934e-01
513: 1.012e+00
514: 8.051e-01
515: 1.156e+00
516: 7.039e-01
517: 9.295e-01
518: 1.363e+00
519: 4.962e-01
520: 7.233e-01
521: 1.069e+00
522: 8.301e-01
523: 8.673e-01
524: 4.963e-01
525: 1.289e+00
526: 7.645e-01
527: 7.903e-01
528: 9.400e-01
529: 1.028e+00
530: 4.489e-01
531: 7.762e-01
532: 6.879e-01
533: 8.684e-01
534: 1.056e+00
535: 6.779e-01
536: 1.078e+00
537: 9.567e-01
538: 7.192e-01
539: 1.199e+00
540: 1.127e+00
541: 8.068e-01
542: 1.014e+00
543: 1.350e+00
544: 8.858e-01
545: 9.129e-01
546: 8.758e-01
547: 9.106e-01
548: 8.697e-01
549: 1.090e+00
550: 8.022e-01
551: 8.196e-01
552: 1.090e+00
553: 7.090e-01
554: 1.584e+00
555: 1.030e+00
556: 1.009e+00
557: 9.140e-01
558: 1.041e+00
559: 8.899e-01
560: 9.849e-01
561: 7.706e-01
562: 8.661e-01
563: 5.607e-01
564: 1.193e+00
565: 8.320e-01
566: 1.045e+00
567: 6.500e-01
568: 9.776e-01
569: 9.099e-01
570: 9.199e-01
571: 7.507e-01
572: 8.855e-01
573: 8.871e-01
574: 9.752e-01
575: 1.006e+00
576: 8.489e-01
577: 1.380e+00
578: 7.316e-01
579: 1.212e+00
580: 8.266e-01
581: 8.153e-01
582: 7.367e-01
583: 1.228e+00
584: 5.527e-01
585: 8.192e-01
586: 1.078e+00
587: 1.011e+00
588: 7.140e-01
589: 6.342e-01
590: 7.151e-01
591: 8.208e-01
592: 1.005e+00
593: 8.574e-01
594: 8.213e-01
595: 8.572e-01
596: 1.418e+00
597: 8.246e-01
598: 8.686e-01
599: 1.025e+00
600: 1.246e+00
601: 7.259e-01
602: 7.986e-01
603: 1.110e+00
604: 9.830e-01
605: 5.937e-01
606: 8.638e-01
607: 1.512e+00
608: 6.560e-01
609: 7.420e-01
610: 7.902e-01
611: 9.069e-01
612: 8.598e-01
613: 6.242e-01
614: 1.028e+00
615: 1.043e+00
616: 1.029e+00
617: 7.256e-01
618: 1.348e+00
619: 6.861e-01
620: 1.249e+00
621: 7.633e-01
622: 7.374e-01
623: 1.150e+00
624: 6.177e-01
625: 8.457e-01
626: 7.445e-01
627: 7.787e-01
628: 6.361e-01
629: 1.198e+00
630: 1.035e+00
631: 8.001e-01
632: 1.056e+00
633: 7.110e-01
634: 7.433e-01
635: 9.033e-01
636: 8.579e-01
637: 1.464e+00
638: 6.306e-01
639: 8.644e-01
640: 1.224e+00
641: 1.037e+00
642: 8.097e-01
643: 7.628e-01
644: 6.532e-01
645: 1.570e+00
646: 7.626e-01
647: 7.770e-01
648: 1.294e+00
649: 9.120e-01
650: 1.023e+00
651: 8.152e-01
652: 7.343e-01
653: 8.935e-01
654: 8.342e-01
655: 7.316e-01
656: 7.771e-01
657: 1.437e+00
658: 8.375e-01
659: 8.820e-01
660: 9.629e-01
661: 9.740e-01
662: 7.091e-01
663: 7.984e-01
664: 1.383e+00
665: 9.084e-01
666: 9.312e-01
667: 9.233e-01
668: 8.554e-01
669: 1.009e+00
670: 1.169e+00
671: 9.596e-01
672: 7.866e-01
673: 9.468e-01
674: 1.259e+00
675: 9.670e-01
676: 7.583e-01
677: 1.906e+00
678: 1.070e+00
679: 1.181e+00
680: 9.409e-01
681: 6.284e-01
682: 1.100e+00
683: 8.472e-01
684: 9.188e-01
685: 1.033e+00
686: 1.118e+00
687: 9.693e-01
688: 1.006e+00
689: 7.065e-01
690: 7.923e-01
691: 9.854e-01
692: 1.219e+00
693: 1.121e+00
694: 7.347e-01
695: 5.573e-01
696: 8.004e-01
697: 8.314e-01
698: 7.020e-01
699: 8.389e-01
700: 9.345e-01
701: 9.685e-01
702: 1.196e+00
703: 5.847e-01
704: 8.320e-01
705: 1.086e+00
706: 1.232e+00
707: 7.877e-01
708: 1.078e+00
709: 1.046e+00
710: 8.264e-01
711: 7.204e-01
712: 8.949e-01
713: 1.251e+00
714: 6.391e-01
715: 9.481e-01
716: 5.174e-01
717: 5.819e-01
718: 1.120e+00
719: 1.002e+00
720: 1.147e+00
721: 3.946e-01
722: 1.102e+00
723: 9.549e-01
724: 1.335e+00
725: 9.492e-01
726: 9.126e-01
727: 1.384e+00
728: 9.200e-01
729: 6.294e-01
730: 1.350e+00
731: 8.651e-01
732: 1.660e+00
733: 8.393e-01
734: 6.941e-01
735: 8.067e-01
736: 1.106e+00
737: 8.802e-01
738: 8.130e-01
739: 1.128e+00
740: 8.704e-01
741: 9.768e-01
742: 8.892e-01
743: 8.091e-01
744: 8.039e-01
745: 1.629e+00
746: 1.384e+00
747: 5.149e-01
748: 9.466e-01
749: 9.463e-01
750: 1.052e+00
751: 9.204e-01
752: 1.120e+00
753: 9.545e-01
754: 1.081e+00
755: 9.698e-01
756: 1.118e+00
757: 1.034e+00
758: 8.859e-01
759: 9.174e-01
760: 1.064e+00
761: 9.330e-01
762: 7.491e-01
763: 7.254e-01
764: 9.486e-01
765: 9.545e-01
766: 9.607e-01
767: 1.069e+00
768: 1.071e+00
769: 1.307e+00
770: 6.196e-01
771: 9.372e-01
772: 6.819e-01
773: 6.883e-01
774: 5.802e-01
775: 9.921e-01
776: 7.696e-01
777: 9.685e-01
778: 6.993e-01
779: 8.173e-01
780: 9.998e-01
781: 8.410e-01
782: 6.237e-01
783: 9.005e-01
784: 7.881e-01
785: 8.764e-01
786: 7.229e-01
787: 8.660e-01
788: 1.737e+00
789: 7.897e-01
790: 1.239e+00
791: 7.569e-01
792: 6.782e-01
793: 7.125e-01
794: 1.141e+00
795: 7.463e-01
796: 1.021e+00
797: 7.841e-01
798: 6.128e-01
799: 7.089e-01
800: 7.510e-01
801: 8.763e-01
802: 7.330e-01
803: 8.416e-01
804: 8.350e-01
805: 1.062e+00
806: 1.203e+00
807: 5.900e-01
808: 8.956e-01
809: 7.502e-01
810: 1.391e+00
811: 8.062e-01
812: 8.708e-01
813: 6.522e-01
814: 4.358e-01
815: 6.594e-01
816: 9.433e-01
817: 1.139e+00
818: 8.454e-01
819: 1.306e+00
820: 6.863e-01
821: 7.281e-01
822: 7.599e-01
823: 1.091e+00
824: 7.605e-01
825: 7.783e-01
826: 8.625e-01
827: 6.260e-01
828: 1.367e+00
829: 7.604e-01
830: 1.166e+00
831: 5.868e-01
832: 8.098e-01
833: 8.653e-01
834: 6.246e-01
835: 5.665e-01
836: 7.810e-01
837: 7.060e-01
838: 8.773e-01
839: 1.094e+00
840: 9.219e-01
841: 8.669e-01
842: 6.847e-01
843: 7.506e-01
844: 1.002e+00
845: 9.039e-01
846: 6.950e-01
847: 6.999e-01
848: 1.504e+00
849: 8.575e-01
850: 8.528e-01
851: 8.262e-01
852: 1.587e+00
853: 9.598e-01
854: 1.203e+00
855: 5.490e-01
856: 6.805e-01
857: 5.557e-01
858: 9.747e-01
859: 1.052e+00
860: 5.749e-01
861: 8.345e-01
862: 7.164e-01
863: 8.009e-01
864: 1.613e+00
865: 1.100e+00
866: 8.196e-01
867: 7.629e-01
868: 8.042e-01
869: 3.099e-01
870: 9.270e-01
871: 7.106e-01
872: 7.113e-01
873: 6.228e-01
874: 1.284e+00
875: 6.970e-01
876: 7.252e-01
877: 5.655e-01
878: 6.301e-01
879: 1.587e+00
880: 8.196e-01
881: 1.010e+00
882: 1.125e+00
883: 7.353e-01
884: 7.949e-01
885: 7.844e-01
886: 1.144e+00
887: 7.918e-01
888: 8.985e-01
889: 8.218e-01
890: 1.365e+00
891: 8.319e-01
892: 1.257e+00
893: 7.805e-01
894: 8.745e-01
895: 9.833e-01
896: 8.097e-01
897: 6.016e-01
898: 7.084e-01
899: 1.125e+00
900: 8.225e-01
901: 5.427e-01
902: 7.046e-01
903: 9.838e-01
904: 4.130e-01
905: 5.814e-01
906: 9.550e-01
907: 9.823e-01
908: 6.827e-01
909: 7.320e-01
910: 7.848e-01
911: 6.899e-01
912: 1.088e+00
913: 7.844e-01
914: 8.100e-01
915: 5.887e-01
916: 8.758e-01
917: 7.260e-01
918: 8.797e-01
919: 7.163e-01
920: 6.645e-01
921: 6.039e-01
922: 1.001e+00
923: 7.379e-01
924: 4.163e-01
925: 7.791e-01
926: 6.853e-01
927: 8.044e-01
928: 6.608e-01
929: 9.476e-01
930: 7.522e-01
931: 7.518e-01
932: 8.221e-01
933: 1.103e+00
934: 4.435e-01
935: 4.973e-01
936: 6.280e-01
937: 9.864e-01
938: 8.642e-01
939: 8.376e-01
940: 9.495e-01
941: 6.332e-01
942: 1.348e+00
943: 7.635e-01
944: 9.056e-01
945: 7.923e-01
946: 7.653e-01
947: 8.890e-01
948: 6.612e-01
949: 9.117e-01
950: 5.211e-01
951: 1.070e+00
952: 7.999e-01
953: 5.732e-01
954: 1.141e+00
955: 8.993e-01
956: 9.247e-01
957: 6.713e-01
958: 1.020e+00
959: 9.238e-01
960: 6.861e-01
961: 1.023e+00
962: 1.015e+00
963: 7.312e-01
964: 1.019e+00
965: 6.686e-01
966: 1.099e+00
967: 6.451e-01
968: 5.670e-01
969: 6.964e-01
970: 8.101e-01
971: 6.622e-01
972: 9.969e-01
973: 9.518e-01
974: 8.853e-01
975: 7.854e-01
976: 6.499e-01
977: 6.876e-01
978: 5.390e-01
979: 8.108e-01
980: 6.580e-01
981: 6.217e-01
982: 5.622e-01
983: 1.220e+00
984: 7.315e-01
985: 1.013e+00
986: 1.039e+00
987: 1.135e+00
988: 7.890e-01
989: 1.167e+00
990: 6.860e-01
991: 1.060e+00
992: 7.932e-01
993: 8.281e-01
994: 7.570e-01
995: 6.549e-01
996: 5.069e-01
997: 7.540e-01
998: 7.886e-01
999: 7.661e-01
1000: 7.910e-01
1001: 1.572e+00
1002: 7.611e-01
1003: 7.137e-01
1004: 5.482e-01
1005: 9.569e-01
1006: 7.214e-01
1007: 1.253e+00
1008: 1.122e+00
1009: 8.128e-01
1010: 9.313e-01
1011: 8.046e-01
1012: 8.892e-01
1013: 6.474e-01
1014: 9.499e-01
1015: 8.839e-01
1016: 7.071e-01
1017: 8.122e-01
1018: 7.794e-01
1019: 5.989e-01
1020: 7.600e-01
1021: 1.032e+00
1022: 6.495e-01
1023: 1.030e+00
1024: 1.101e+00
1025: 1.132e+00
1026: 7.840e-01
1027: 7.531e-01
1028: 1.134e+00
1029: 7.531e-01
1030: 7.524e-01
1031: 6.774e-01
1032: 1.091e+00
1033: 9.038e-01
1034: 9.350e-01
1035: 1.192e+00
1036: 6.528e-01
1037: 1.382e+00
1038: 7.651e-01
1039: 8.017e-01
1040: 9.881e-01
1041: 1.242e+00
1042: 5.640e-01
1043: 7.220e-01
1044: 6.402e-01
1045: 6.253e-01
1046: 7.547e-01
1047: 8.168e-01
1048: 8.483e-01
1049: 8.858e-01
1050: 1.749e+00
1051: 1.184e+00
1052: 7.410e-01
1053: 6.113e-01
1054: 7.262e-01
1055: 1.153e+00
1056: 9.339e-01
1057: 8.833e-01
1058: 4.580e-01
1059: 7.860e-01
1060: 8.950e-01
1061: 6.376e-01
1062: 8.073e-01
1063: 7.607e-01
1064: 7.616e-01
1065: 1.035e+00
1066: 8.881e-01
1067: 9.156e-01
1068: 1.055e+00
1069: 8.540e-01
1070: 9.607e-01
1071: 7.762e-01
1072: 5.065e-01
1073: 9.961e-01
1074: 5.569e-01
1075: 5.644e-01
1076: 8.140e-01
1077: 7.098e-01
1078: 7.096e-01
1079: 7.338e-01
1080: 6.481e-01
1081: 5.616e-01
1082: 9.715e-01
1083: 7.190e-01
1084: 6.367e-01
1085: 6.787e-01
1086: 8.299e-01
1087: 8.752e-01
1088: 1.041e+00
1089: 7.896e-01
1090: 8.873e-01
1091: 6.786e-01
1092: 4.568e-01
1093: 7.749e-01
1094: 1.106e+00
1095: 7.059e-01
1096: 9.388e-01
1097: 6.850e-01
1098: 9.994e-01
1099: 7.117e-01
1100: 4.545e-01
1101: 3.511e-01
1102: 7.927e-01
1103: 6.626e-01
1104: 7.047e-01
1105: 6.008e-01
1106: 9.318e-01
1107: 7.725e-01
1108: 5.197e-01
1109: 4.526e-01
1110: 1.318e+00
1111: 6.706e-01
1112: 8.579e-01
1113: 6.651e-01
1114: 1.118e+00
1115: 9.360e-01
1116: 7.327e-01
1117: 8.071e-01
1118: 1.057e+00
1119: 7.357e-01
1120: 5.721e-01
1121: 9.455e-01
1122: 7.304e-01
1123: 1.345e+00
1124: 9.993e-01
1125: 7.244e-01
1126: 9.083e-01
1127: 9.291e-01
1128: 7.650e-01
1129: 1.116e+00
1130: 5.017e-01
1131: 8.576e-01
1132: 5.917e-01
1133: 7.312e-01
1134: 6.546e-01
1135: 1.176e+00
1136: 5.561e-01
1137: 7.069e-01
1138: 6.987e-01
1139: 1.016e+00
1140: 6.912e-01
1141: 6.438e-01
1142: 7.081e-01
1143: 1.684e+00
1144: 9.203e-01
1145: 9.899e-01
1146: 7.258e-01
1147: 1.170e+00
1148: 6.245e-01
1149: 1.202e+00
1150: 7.727e-01
1151: 6.877e-01
1152: 5.759e-01
1153: 8.155e-01
1154: 9.390e-01
1155: 6.718e-01
1156: 6.369e-01
1157: 7.532e-01
1158: 3.239e-01
1159: 9.578e-01
1160: 9.094e-01
1161: 5.155e-01
1162: 6.621e-01
1163: 8.828e-01
1164: 1.144e+00
1165: 4.377e-01
1166: 8.600e-01
1167: 4.708e-01
1168: 6.702e-01
1169: 7.634e-01
1170: 6.517e-01
1171: 1.043e+00
1172: 7.147e-01
1173: 8.109e-01
1174: 7.580e-01
1175: 5.279e-01
1176: 6.095e-01
1177: 6.243e-01
1178: 4.297e-01
1179: 7.823e-01
1180: 6.932e-01
1181: 9.846e-01
1182: 6.748e-01
1183: 5.284e-01
1184: 7.603e-01
1185: 8.214e-01
1186: 5.520e-01
1187: 1.104e+00
1188: 6.803e-01
1189: 7.504e-01
1190: 7.646e-01
1191: 7.832e-01
1192: 6.466e-01
1193: 6.611e-01
1194: 7.713e-01
1195: 5.855e-01
1196: 8.613e-01
1197: 7.527e-01
1198: 9.965e-01
1199: 8.471e-01
1200: 5.969e-01
1201: 6.238e-01
1202: 5.962e-01
1203: 7.891e-01
1204: 1.004e+00
1205: 8.866e-01
1206: 5.599e-01
1207: 7.665e-01
1208: 6.941e-01
1209: 6.393e-01
1210: 8.804e-01
1211: 7.375e-01
1212: 6.472e-01
1213: 6.789e-01
1214: 6.178e-01
1215: 5.852e-01
1216: 8.337e-01
1217: 4.962e-01
1218: 6.613e-01
1219: 5.424e-01
1220: 7.877e-01
1221: 6.169e-01
1222: 7.194e-01
1223: 6.702e-01
1224: 5.612e-01
1225: 9.028e-01
1226: 8.671e-01
1227: 8.744e-01
1228: 6.773e-01
1229: 4.076e-01
1230: 5.275e-01
1231: 8.970e-01
1232: 5.601e-01
1233: 4.396e-01
1234: 7.476e-01
1235: 1.069e+00
1236: 7.148e-01
1237: 6.320e-01
1238: 6.358e-01
1239: 7.568e-01
1240: 5.719e-01
1241: 7.716e-01
1242: 6.357e-01
1243: 9.538e-01
1244: 4.259e-01
1245: 7.079e-01
1246: 9.994e-01
1247: 5.945e-01
1248: 8.622e-01
1249: 8.655e-01
1250: 8.227e-01
1251: 7.885e-01
1252: 1.074e+00
1253: 4.970e-01
1254: 4.697e-01
1255: 5.621e-01
1256: 4.980e-01
1257: 8.075e-01
1258: 7.970e-01
1259: 6.581e-01
1260: 7.140e-01
1261: 7.542e-01
1262: 4.990e-01
1263: 5.939e-01
1264: 5.856e-01
1265: 5.828e-01
1266: 7.027e-01
1267: 8.425e-01
1268: 6.154e-01
1269: 1.045e+00
1270: 4.838e-01
1271: 5.724e-01
1272: 4.491e-01
1273: 7.871e-01
1274: 5.967e-01
1275: 5.910e-01
1276: 4.886e-01
1277: 5.870e-01
1278: 6.738e-01
1279: 1.245e+00
1280: 7.260e-01
1281: 9.031e-01
1282: 8.864e-01
1283: 5.908e-01
1284: 8.712e-01
1285: 8.831e-01
1286: 5.417e-01
1287: 5.978e-01
1288: 9.469e-01
1289: 7.228e-01
1290: 8.014e-01
1291: 6.057e-01
1292: 5.735e-01
1293: 3.865e-01
1294: 9.485e-01
1295: 6.056e-01
1296: 1.527e+00
1297: 6.028e-01
1298: 7.091e-01
1299: 6.368e-01
1300: 6.171e-01
1301: 7.741e-01
1302: 4.971e-01
1303: 5.784e-01
1304: 7.936e-01
1305: 7.526e-01
1306: 4.398e-01
1307: 6.696e-01
1308: 5.574e-01
1309: 6.283e-01
1310: 4.904e-01
1311: 6.885e-01
1312: 1.162e+00
1313: 8.608e-01
1314: 1.010e+00
1315: 5.386e-01
1316: 7.239e-01
1317: 8.034e-01
1318: 4.213e-01
1319: 6.348e-01
1320: 3.768e-01
1321: 9.841e-01
1322: 7.916e-01
1323: 7.302e-01
1324: 5.789e-01
1325: 1.249e+00
1326: 8.301e-01
1327: 5.624e-01
1328: 4.648e-01
1329: 8.958e-01
1330: 1.055e+00
1331: 7.619e-01
1332: 5.754e-01
1333: 1.240e+00
1334: 7.270e-01
1335: 8.537e-01
1336: 9.698e-01
1337: 9.185e-01
1338: 7.265e-01
1339: 8.436e-01
1340: 6.646e-01
1341: 7.985e-01
1342: 8.845e-01
1343: 8.808e-01
1344: 5.648e-01
1345: 8.637e-01
1346: 8.935e-01
1347: 8.118e-01
1348: 5.936e-01
1349: 8.854e-01
1350: 6.396e-01
1351: 7.436e-01
1352: 6.294e-01
1353: 9.965e-01
1354: 1.060e+00
1355: 5.846e-01
1356: 8.179e-01
1357: 6.358e-01
1358: 7.040e-01
1359: 7.623e-01
1360: 1.603e+00
1361: 8.495e-01
1362: 6.443e-01
1363: 6.947e-01
1364: 8.359e-01
1365: 8.814e-01
1366: 1.311e+00
1367: 1.722e+00
1368: 4.085e-01
1369: 4.609e-01
1370: 4.557e-01
1371: 4.386e-01
1372: 8.250e-01
1373: 7.768e-01
1374: 7.430e-01
1375: 9.723e-01
1376: 6.841e-01
1377: 8.020e-01
1378: 7.508e-01
1379: 6.598e-01
1380: 4.568e-01
1381: 7.898e-01
1382: 7.993e-01
1383: 7.897e-01
1384: 6.313e-01
1385: 4.938e-01
1386: 4.917e-01
1387: 7.933e-01
1388: 4.302e-01
1389: 8.673e-01
1390: 5.098e-01
1391: 5.984e-01
1392: 9.128e-01
1393: 7.068e-01
1394: 6.695e-01
1395: 1.230e+00
1396: 8.465e-01
1397: 5.588e-01
1398: 6.933e-01
1399: 5.233e-01
1400: 7.115e-01
1401: 9.828e-01
1402: 5.559e-01
1403: 1.115e+00
1404: 6.047e-01
1405: 8.239e-01
1406: 1.117e+00
1407: 8.803e-01
1408: 5.277e-01
1409: 6.925e-01
1410: 6.597e-01
1411: 7.947e-01
1412: 9.366e-01
1413: 8.209e-01
1414: 6.030e-01
1415: 4.321e-01
1416: 5.147e-01
1417: 8.358e-01
1418: 5.352e-01
1419: 5.058e-01
1420: 7.458e-01
1421: 7.158e-01
1422: 8.069e-01
1423: 5.577e-01
1424: 1.026e+00
1425: 6.812e-01
1426: 6.063e-01
1427: 5.318e-01
1428: 7.250e-01
1429: 6.072e-01
1430: 7.917e-01
1431: 8.658e-01
1432: 7.096e-01
1433: 4.927e-01
1434: 6.235e-01
1435: 7.976e-01
1436: 9.178e-01
1437: 3.740e-01
1438: 3.391e-01
1439: 6.436e-01
1440: 3.229e-01
1441: 8.099e-01
1442: 4.338e-01
1443: 6.805e-01
1444: 6.521e-01
1445: 7.367e-01
1446: 6.886e-01
1447: 4.408e-01
1448: 4.559e-01
1449: 5.899e-01
1450: 5.768e-01
1451: 4.403e-01
1452: 3.984e-01
1453: 6.383e-01
1454: 4.422e-01
1455: 8.296e-01
1456: 5.151e-01
1457: 5.462e-01
1458: 9.394e-01
1459: 5.704e-01
1460: 6.753e-01
1461: 6.242e-01
1462: 6.404e-01
1463: 5.612e-01
1464: 5.930e-01
1465: 1.163e+00
1466: 5.994e-01
1467: 6.694e-01
1468: 1.009e+00
1469: 8.767e-01
1470: 7.067e-01
1471: 4.771e-01
1472: 6.725e-01
1473: 8.664e-01
1474: 6.060e-01
1475: 7.907e-01
1476: 7.729e-01
1477: 9.003e-01
1478: 9.220e-01
1479: 1.055e+00
1480: 8.500e-01
1481: 4.810e-01
1482: 6.430e-01
1483: 4.609e-01
1484: 7.332e-01
1485: 1.233e+00
1486: 8.755e-01
1487: 6.187e-01
1488: 4.914e-01
1489: 7.116e-01
1490: 6.155e-01
1491: 5.620e-01
1492: 5.534e-01
1493: 4.154e-01
1494: 6.123e-01
1495: 4.024e-01
1496: 9.006e-01
1497: 5.964e-01
1498: 8.218e-01
1499: 4.754e-01
1500: 4.731e-01
1501: 5.310e-01
1502: 4.740e-01
1503: 5.932e-01
1504: 7.074e-01
1505: 8.213e-01
1506: 6.145e-01
1507: 6.248e-01
1508: 8.277e-01
1509: 6.939e-01
1510: 6.753e-01
1511: 7.071e-01
1512: 4.101e-01
1513: 8.848e-01
1514: 5.092e-01
1515: 4.856e-01
1516: 9.358e-01
1517: 8.240e-01
1518: 9.543e-01
1519: 8.368e-01
1520: 8.172e-01
1521: 7.120e-01
1522: 9.651e-01
1523: 5.811e-01
1524: 9.033e-01
1525: 1.446e+00
1526: 7.036e-01
1527: 6.215e-01
1528: 5.636e-01
1529: 5.558e-01
1530: 5.110e-01
1531: 8.162e-01
1532: 5.217e-01
1533: 6.169e-01
1534: 6.704e-01
1535: 4.675e-01
1536: 8.279e-01
1537: 5.430e-01
1538: 5.941e-01
1539: 4.126e-01
1540: 7.890e-01
1541: 5.575e-01
1542: 5.653e-01
1543: 9.856e-01
1544: 4.534e-01
1545: 7.108e-01
1546: 4.910e-01
1547: 5.284e-01
1548: 1.573e+00
1549: 7.322e-01
1550: 7.214e-01
1551: 7.451e-01
1552: 5.999e-01
1553: 6.926e-01
1554: 1.155e+00
1555: 3.800e-01
1556: 7.249e-01
1557: 7.151e-01
1558: 5.965e-01
1559: 6.273e-01
1560: 8.761e-01
1561: 7.524e-01
1562: 7.688e-01
1563: 5.054e-01
1564: 5.052e-01
1565: 4.142e-01
1566: 5.327e-01
1567: 6.570e-01
1568: 7.866e-01
1569: 8.018e-01
1570: 7.846e-01
1571: 8.482e-01
1572: 7.890e-01
1573: 8.836e-01
1574: 7.164e-01
1575: 6.494e-01
1576: 4.964e-01
1577: 6.316e-01
1578: 6.320e-01
1579: 7.130e-01
1580: 1.235e+00
1581: 7.978e-01
1582: 8.544e-01
1583: 5.720e-01
1584: 5.056e-01
1585: 5.197e-01
1586: 5.326e-01
1587: 8.046e-01
1588: 6.126e-01
1589: 1.281e+00
1590: 4.227e-01
1591: 6.299e-01
1592: 8.460e-01
1593: 6.574e-01
1594: 5.746e-01
1595: 6.709e-01
1596: 4.607e-01
1597: 6.084e-01
1598: 8.456e-01
1599: 6.602e-01
1600: 7.169e-01
1601: 6.444e-01
1602: 5.431e-01
1603: 6.787e-01
1604: 8.369e-01
1605: 5.955e-01
1606: 3.052e-01
1607: 7.311e-01
1608: 6.372e-01
1609: 7.236e-01
1610: 3.472e-01
1611: 6.375e-01
1612: 3.727e-01
1613: 6.361e-01
1614: 7.922e-01
1615: 7.044e-01
1616: 4.165e-01
1617: 7.127e-01
1618: 7.227e-01
1619: 6.962e-01
1620: 5.789e-01
1621: 3.752e-01
1622: 1.598e+00
1623: 7.590e-01
1624: 6.897e-01
1625: 5.231e-01
1626: 1.063e+00
1627: 7.441e-01
1628: 5.149e-01
1629: 4.682e-01
1630: 4.421e-01
1631: 6.208e-01
1632: 4.957e-01
1633: 5.360e-01
1634: 3.127e-01
1635: 1.091e+00
1636: 4.644e-01
1637: 6.598e-01
1638: 8.318e-01
1639: 7.529e-01
1640: 8.160e-01
1641: 6.920e-01
1642: 6.539e-01
1643: 5.500e-01
1644: 6.248e-01
1645: 4.922e-01
1646: 5.561e-01
1647: 5.792e-01
1648: 6.657e-01
1649: 4.640e-01
1650: 6.900e-01
1651: 6.441e-01
1652: 8.938e-01
1653: 4.926e-01
1654: 7.084e-01
1655: 3.501e-01
1656: 9.548e-01
1657: 7.835e-01
1658: 9.858e-01
1659: 4.291e-01
1660: 3.873e-01
1661: 7.884e-01
1662: 8.335e-01
1663: 5.376e-01
1664: 8.810e-01
1665: 8.727e-01
1666: 6.668e-01
1667: 5.910e-01
1668: 4.725e-01
1669: 5.067e-01
1670: 5.255e-01
1671: 7.577e-01
1672: 6.667e-01
1673: 6.590e-01
1674: 8.580e-01
1675: 8.076e-01
1676: 7.479e-01
1677: 4.985e-01
1678: 5.360e-01
1679: 7.232e-01
1680: 8.207e-01
1681: 6.393e-01
1682: 7.675e-01
1683: 4.345e-01
1684: 4.485e-01
1685: 4.651e-01
1686: 3.386e-01
1687: 5.921e-01
1688: 6.012e-01
1689: 6.227e-01
1690: 2.938e-01
1691: 5.050e-01
1692: 4.706e-01
1693: 5.269e-01
1694: 5.026e-01
1695: 5.781e-01
1696: 7.048e-01
1697: 1.069e+00
1698: 6.227e-01
1699: 5.901e-01
1700: 5.295e-01
1701: 5.044e-01
1702: 7.103e-01
1703: 6.336e-01
1704: 3.977e-01
1705: 3.467e-01
1706: 5.518e-01
1707: 7.920e-01
1708: 5.202e-01
1709: 7.356e-01
1710: 7.445e-01
1711: 1.032e+00
1712: 5.518e-01
1713: 6.651e-01
1714: 5.429e-01
1715: 8.133e-01
1716: 8.683e-01
1717: 8.515e-01
1718: 6.162e-01
1719: 6.423e-01
1720: 7.213e-01
1721: 5.296e-01
1722: 7.422e-01
1723: 7.648e-01
1724: 8.707e-01
1725: 1.612e+00
1726: 6.604e-01
1727: 4.231e-01
1728: 7.662e-01
1729: 1.813e+00
1730: 7.769e-01
1731: 7.681e-01
1732: 9.835e-01
1733: 7.830e-01
1734: 5.761e-01
1735: 6.262e-01
1736: 8.714e-01
1737: 8.628e-01
1738: 6.745e-01
1739: 5.512e-01
1740: 4.968e-01
1741: 6.128e-01
1742: 7.502e-01
1743: 5.934e-01
1744: 3.389e-01
1745: 5.215e-01
1746: 2.171e-01
1747: 3.792e-01
1748: 7.572e-01
1749: 5.258e-01
1750: 3.673e-01
1751: 7.477e-01
1752: 8.965e-01
1753: 8.123e-01
1754: 7.552e-01
1755: 6.979e-01
1756: 6.298e-01
1757: 6.659e-01
1758: 8.899e-01
1759: 6.905e-01
1760: 8.840e-01
1761: 6.506e-01
1762: 4.905e-01
1763: 7.691e-01
1764: 6.922e-01
1765: 8.303e-01
1766: 6.558e-01
1767: 5.364e-01
1768: 6.490e-01
1769: 6.819e-01
1770: 5.971e-01
1771: 5.773e-01
1772: 4.813e-01
1773: 5.987e-01
1774: 4.425e-01
1775: 4.126e-01
1776: 7.634e-01
1777: 4.020e-01
1778: 2.139e-01
1779: 3.206e-01
1780: 3.570e-01
1781: 6.312e-01
1782: 6.777e-01
1783: 5.209e-01
1784: 1.297e-01
1785: 6.992e-01
1786: 6.766e-01
1787: 4.323e-01
1788: 6.267e-01
1789: 6.992e-01
1790: 4.864e-01
1791: 4.143e-01
1792: 1.167e+00
1793: 4.356e-01
1794: 6.963e-01
1795: 6.485e-01
1796: 2.675e-01
1797: 4.226e-01
1798: 4.796e-01
1799: 8.721e-01
1800: 3.951e-01
1801: 2.855e-01
1802: 7.099e-01
1803: 3.800e-01
1804: 5.082e-01
1805: 4.823e-01
1806: 6.019e-01
1807: 4.132e-01
1808: 6.351e-01
1809: 5.717e-01
1810: 5.654e-01
1811: 4.294e-01
1812: 4.628e-01
1813: 4.119e-01
1814: 4.705e-01
1815: 5.059e-01
1816: 4.400e-01
1817: 4.886e-01
1818: 3.643e-01
1819: 7.166e-01
1820: 5.113e-01
1821: 4.411e-01
1822: 5.922e-01
1823: 6.396e-01
1824: 6.532e-01
1825: 5.470e-01
1826: 6.452e-01
1827: 6.740e-01
1828: 5.535e-01
1829: 3.455e-01
1830: 5.738e-01
1831: 5.598e-01
1832: 4.367e-01
1833: 4.323e-01
1834: 4.157e-01
1835: 3.493e-01
1836: 4.861e-01
1837: 2.782e-01
1838: 4.587e-01
1839: 4.580e-01
1840: 7.241e-01
1841: 4.448e-01
1842: 1.106e+00
1843: 3.518e-01
1844: 6.042e-01
1845: 7.321e-01
1846: 7.254e-01
1847: 7.038e-01
1848: 6.351e-01
1849: 5.067e-01
1850: 4.856e-01
1851: 5.435e-01
1852: 6.055e-01
1853: 5.138e-01
1854: 4.103e-01
1855: 6.986e-01
1856: 3.515e-01
1857: 5.149e-01
1858: 5.630e-01
1859: 4.647e-01
1860: 6.701e-01
1861: 6.835e-01
1862: 4.832e-01
1863: 3.942e-01
1864: 5.412e-01
1865: 5.074e-01
1866: 8.963e-01
1867: 4.145e-01
1868: 7.479e-01
1869: 5.022e-01
1870: 9.296e-01
1871: 3.426e-01
1872: 6.367e-01
1873: 6.235e-01
1874: 4.084e-01
1875: 7.495e-01
1876: 1.461e+00
1877: 5.700e-01
1878: 5.254e-01
1879: 6.869e-01
1880: 3.326e-01
1881: 6.310e-01
1882: 4.186e-01
1883: 4.553e-01
1884: 5.097e-01
1885: 4.258e-01
1886: 4.799e-01
1887: 2.913e-01
1888: 4.797e-01
1889: 6.335e-01
1890: 4.780e-01
1891: 3.707e-01
1892: 7.195e-01
1893: 8.046e-01
1894: 5.026e-01
1895: 6.687e-01
1896: 4.742e-01
1897: 4.443e-01
1898: 5.165e-01
1899: 8.891e-01
1900: 3.683e-01
1901: 5.464e-01
1902: 5.188e-01
1903: 5.889e-01
1904: 3.584e-01
1905: 5.214e-01
1906: 6.666e-01
1907: 3.386e-01
1908: 5.040e-01
1909: 5.669e-01
1910: 2.629e-01
1911: 3.688e-01
1912: 2.060e-01
1913: 5.169e-01
1914: 4.656e-01
1915: 4.084e-01
1916: 3.017e-01
1917: 6.756e-01
1918: 2.132e-01
1919: 5.634e-01
1920: 3.286e-01
1921: 7.385e-01
1922: 2.923e-01
1923: 7.136e-01
1924: 4.158e-01
1925: 5.448e-01
1926: 5.130e-01
1927: 6.322e-01
1928: 7.537e-01
1929: 5.088e-01
1930: 6.899e-01
1931: 7.663e-01
1932: 5.531e-01
1933: 2.086e-01
1934: 5.722e-01
1935: 7.030e-01
1936: 6.081e-01
1937: 5.552e-01
1938: 4.152e-01
1939: 4.463e-01
1940: 3.548e-01
1941: 4.454e-01
1942: 5.420e-01
1943: 6.640e-01
1944: 4.412e-01
1945: 5.649e-01
1946: 5.525e-01
1947: 6.663e-01
1948: 7.421e-01
1949: 4.611e-01
1950: 3.880e-01
1951: 4.232e-01
1952: 3.382e-01
1953: 4.041e-01
1954: 6.021e-01
1955: 4.927e-01
1956: 3.032e-01
1957: 5.072e-01
1958: 6.363e-01
1959: 4.154e-01
1960: 3.390e-01
1961: 5.384e-01
1962: 7.494e-01
1963: 4.952e-01
1964: 4.273e-01
1965: 5.872e-01
1966: 5.496e-01
1967: 6.980e-01
1968: 1.543e+00
1969: 4.543e-01
1970: 6.722e-01
1971: 5.594e-01
1972: 5.749e-01
1973: 4.576e-01
1974: 7.524e-01
1975: 3.641e-01
1976: 1.170e+00
1977: 3.216e-01
1978: 2.916e-01
1979: 1.043e+00
1980: 4.630e-01
1981: 4.084e-01
1982: 4.336e-01
1983: 6.209e-01
1984: 2.275e-01
1985: 4.585e-01
1986: 6.957e-01
1987: 2.921e-01
1988: 7.089e-01
1989: 3.319e-01
1990: 5.064e-01
1991: 8.449e-01
1992: 4.007e-01
1993: 3.783e-01
1994: 4.195e-01
1995: 4.843e-01
1996: 6.054e-01
1997: 4.842e-01
1998: 3.659e-01
1999: 6.453e-01
2000: 6.482e-01
2001: 3.703e-01
2002: 6.833e-01
2003: 4.179e-01
2004: 3.840e-01
2005: 2.347e-01
2006: 4.809e-01
2007: 5.658e-01
2008: 6.824e-01
2009: 4.128e-01
2010: 5.742e-01
2011: 1.684e+00
2012: 6.184e-01
2013: 4.170e-01
2014: 3.988e-01
2015: 8.379e-01
2016: 4.206e-01
2017: 1.496e+00
2018: 4.919e-01
2019: 6.381e-01
2020: 3.140e-01
2021: 3.704e-01
2022: 4.270e-01
2023: 5.453e-01
2024: 4.005e-01
2025: 2.177e-01
2026: 4.599e-01
2027: 3.102e-01
2028: 7.587e-01
2029: 1.731e-01
2030: 5.531e-01
2031: 4.899e-01
2032: 5.775e-01
2033: 6.613e-01
2034: 2.590e-01
2035: 3.045e-01
2036: 3.793e-01
2037: 5.586e-01
2038: 7.219e-01
2039: 7.354e-01
2040: 6.291e-01
2041: 5.258e-01
2042: 9.679e-01
2043: 5.050e-01
2044: 4.611e-01
2045: 5.500e-01
2046: 4.923e-01
2047: 4.314e-01
2048: 5.487e-01
2049: 5.990e-01
2050: 5.789e-01
2051: 2.630e-01
2052: 4.141e-01
2053: 1.030e+00
2054: 3.810e-01
2055: 5.312e-01
2056: 4.723e-01
2057: 6.333e-01
2058: 2.624e-01
2059: 8.249e-01
2060: 4.081e-01
2061: 5.332e-01
2062: 3.895e-01
2063: 4.054e-01
2064: 6.817e-01
2065: 4.679e-01
2066: 5.082e-01
2067: 6.836e-01
2068: 5.609e-01
2069: 4.008e-01
2070: 3.765e-01
2071: 3.942e-01
2072: 3.003e-01
2073: 1.010e+00
2074: 5.287e-01
2075: 8.633e-01
2076: 7.039e-01
2077: 4.085e-01
2078: 6.644e-01
2079: 5.560e-01
2080: 4.809e-01
2081: 3.235e-01
2082: 4.052e-01
2083: 4.809e-01
2084: 4.879e-01
2085: 4.950e-01
2086: 5.569e-01
2087: 6.379e-01
2088: 3.911e-01
2089: 7.601e-01
2090: 5.239e-01
2091: 4.897e-01
2092: 4.899e-01
2093: 8.762e-01
2094: 4.594e-01
2095: 3.557e-01
2096: 4.198e-01
2097: 4.438e-01
2098: 4.171e-01
2099: 8.827e-01
2100: 5.534e-01
2101: 4.621e-01
2102: 7.584e-01
2103: 9.677e-01
2104: 9.805e-01
2105: 5.340e-01
2106: 3.257e-01
2107: 6.329e-01
2108: 3.845e-01
2109: 5.053e-01
2110: 2.702e-01
2111: 3.883e-01
2112: 3.083e-01
2113: 3.942e-01
2114: 5.919e-01
2115: 2.851e-01
2116: 4.464e-01
2117: 3.759e-01
2118: 4.346e-01
2119: 4.012e-01
2120: 3.999e-01
2121: 3.065e-01
2122: 6.277e-01
2123: 5.892e-01
2124: 2.646e-01
2125: 9.995e-01
2126: 4.450e-01
2127: 4.530e-01
2128: 5.042e-01
2129: 4.875e-01
2130: 5.966e-01
2131: 3.431e-01
2132: 5.329e-01
2133: 4.162e-01
2134: 4.685e-01
2135: 2.188e-01
2136: 3.130e-01
2137: 5.354e-01
2138: 3.343e-01
2139: 4.695e-01
2140: 6.046e-01
2141: 1.362e-01
2142: 7.897e-01
2143: 6.452e-01
2144: 5.699e-01
2145: 5.120e-01
2146: 4.337e-01
2147: 5.506e-01
2148: 3.914e-01
2149: 4.613e-01
2150: 5.319e-01
2151: 3.654e-01
2152: 7.728e-01
2153: 2.509e-01
2154: 4.109e-01
2155: 5.997e-01
2156: 6.755e-01
2157: 4.455e-01
2158: 5.265e-01
2159: 3.443e-01
2160: 2.874e-01
2161: 3.808e-01
2162: 2.334e-01
2163: 1.152e+00
2164: 3.238e-01
2165: 4.093e-01
2166: 2.933e-01
2167: 3.314e-01
2168: 2.678e-01
2169: 3.223e-01
2170: 2.971e-01
2171: 7.393e-01
2172: 5.426e-01
2173: 4.454e-01
2174: 7.899e-01
2175: 3.857e-01
2176: 2.525e-01
2177: 2.398e-01
2178: 2.398e-01
2179: 1.331e-01
2180: 3.460e-01
2181: 1.899e-01
2182: 4.897e-01
2183: 3.446e-01
2184: 3.103e-01
2185: 1.887e-01
2186: 3.908e-01
2187: 5.127e-01
2188: 3.932e-01
2189: 3.882e-01
2190: 2.941e-01
2191: 8.364e-01
2192: 6.454e-01
2193: 4.426e-01
2194: 6.575e-01
2195: 6.760e-01
2196: 3.737e-01
2197: 1.058e+00
2198: 4.531e-01
2199: 6.343e-01
2200: 3.155e-01
2201: 5.356e-01
2202: 4.686e-01
2203: 3.649e-01
2204: 4.668e-01
2205: 8.553e-01
2206: 4.123e-01
2207: 2.294e-01
2208: 4.190e-01
2209: 2.959e-01
2210: 4.150e-01
2211: 6.681e-01
2212: 2.714e-01
2213: 9.318e-02
2214: 2.934e-01
2215: 6.487e-01
2216: 5.407e-01
2217: 4.759e-01
2218: 4.214e-01
2219: 6.623e-01
2220: 5.446e-01
2221: 5.649e-01
2222: 2.116e-01
2223: 3.735e-01
2224: 5.119e-01
2225: 4.893e-01
2226: 5.075e-01
2227: 2.578e-01
2228: 2.285e-01
2229: 2.885e-01
2230: 3.834e-01
2231: 6.801e-01
2232: 2.132e-01
2233: 2.156e-01
2234: 4.379e-01
2235: 1.099e-01
2236: 2.891e-01
2237: 3.658e-01
2238: 3.561e-01
2239: 3.000e-01
2240: 4.817e-01
2241: 3.600e-01
2242: 2.053e-01
2243: 1.374e-01
2244: 2.846e-01
2245: 7.711e-01
2246: 4.385e-01
2247: 4.213e-01
2248: 2.842e-01
2249: 7.215e-01
2250: 3.929e-01
2251: 5.850e-01
2252: 4.096e-01
2253: 9.287e-01
2254: 2.910e-01
2255: 7.928e-01
2256: 6.158e-01
2257: 6.699e-01
2258: 2.347e-01
2259: 5.247e-01
2260: 3.133e-01
2261: 8.653e-01
2262: 4.076e-01
2263: 4.965e-01
2264: 3.688e-01
2265: 4.416e-01
2266: 3.316e-01
2267: 3.523e-01
2268: 3.942e-01
2269: 5.913e-01
2270: 1.529e-01
2271: 3.988e-01
2272: 4.948e-01
2273: 3.743e-01
2274: 2.822e-01
2275: 2.680e-01
2276: 2.657e-01
2277: 2.097e-01
2278: 3.851e-01
2279: 6.118e-01
2280: 3.115e-01
2281: 1.153e+00
2282: 4.348e-01
2283: 4.481e-01
2284: 2.804e-01
2285: 9.596e-01
2286: 2.082e-01
2287: 1.205e-01
2288: 3.842e-01
2289: 3.402e-01
2290: 3.715e-01
2291: 1.251e+00
2292: 4.524e-01
2293: 5.033e-01
2294: 2.366e-01
2295: 2.778e-01
2296: 1.054e+00
2297: 7.902e-01
2298: 4.612e-01
2299: 1.049e+00
2300: 7.700e-01
2301: 2.954e-01
2302: 3.807e-01
2303: 3.435e-01
2304: 3.705e-01
2305: 6.737e-01
2306: 4.018e-01
2307: 2.000e-01
2308: 3.408e-01
2309: 7.150e-01
2310: 8.707e-01
2311: 4.171e-01
2312: 6.910e-01
2313: 4.842e-01
2314: 3.587e-01
2315: 6.720e-01
2316: 8.307e-01
2317: 4.155e-01
2318: 1.816e-01
2319: 1.750e-01
2320: 6.966e-01
2321: 2.583e-01
2322: 4.558e-01
2323: 2.830e-01
2324: 5.222e-01
2325: 5.362e-01
2326: 1.509e-01
2327: 3.972e-01
2328: 2.019e-01
2329: 2.910e-01
2330: 2.675e-01
2331: 3.752e-01
2332: 1.088e-01
2333: 4.462e-01
2334: 1.585e-01
2335: 5.603e-01
2336: 1.897e-01
2337: 7.789e-01
2338: 3.897e-01
2339: 3.111e-01
2340: 1.883e-01
2341: 4.617e-01
2342: 3.666e-01
2343: 3.360e-01
2344: 3.844e-01
2345: 7.198e-01
2346: 5.540e-01
2347: 2.319e-01
2348: 4.291e-01
2349: 2.584e-01
2350: 3.599e-01
2351: 2.409e-01
2352: 3.262e-01
2353: 2.095e-01
2354: 2.974e-01
2355: 2.752e-01
2356: 2.270e-01
2357: 5.018e-01
2358: 2.219e-01
2359: 3.815e-01
2360: 2.036e-01
2361: 1.987e-01
2362: 3.010e-01
2363: 5.910e-01
2364: 4.596e-01
2365: 3.712e-01
2366: 9.212e-01
2367: 1.591e-01
2368: 2.325e-01
2369: 3.218e-01
2370: 3.146e-01
2371: 2.362e-01
2372: 4.614e-01
2373: 2.521e-01
2374: 5.621e-01
2375: 5.356e-01
2376: 4.097e-01
2377: 3.346e-01
2378: 5.980e-01
2379: 2.086e-01
2380: 3.973e-01
2381: 9.585e-01
2382: 2.440e-01
2383: 5.646e-01
2384: 2.915e-01
2385: 3.711e-01
2386: 2.662e-01
2387: 4.286e-01
2388: 3.233e-01
2389: 3.527e-01
2390: 1.987e-01
2391: 2.581e-01
2392: 5.678e-01
2393: 2.547e-01
2394: 3.486e-01
2395: 3.757e-01
2396: 1.190e+00
2397: 5.620e-01
2398: 4.773e-01
