1: 1.555e-01
2: 1.293e-01
3: 1.521e-01
4: 1.512e-01
5: 7.687e-02
6: 9.654e-02
7: 1.363e-01
8: 1.580e-01
9: 1.232e-01
10: 1.374e-01
11: 7.851e-02
12: 9.201e-02
13: 1.067e-01
14: 9.004e-02
15: 9.568e-02
16: 9.909e-02
17: 1.431e-01
18: 8.471e-02
19: 8.820e-02
20: 1.107e-01
21: 1.276e-01
22: 8.167e-02
23: 1.062e-01
24: 1.437e-01
25: 8.825e-02
26: 1.014e-01
27: 1.259e-01
28: 9.737e-02
29: 1.118e-01
30: 8.160e-02
31: 1.180e-01
32: 8.150e-02
33: 1.373e-01
34: 1.450e-01
35: 2.218e-01
36: 1.334e-01
37: 1.218e-01
38: 1.476e-01
39: 1.141e-01
40: 1.134e-01
41: 1.263e-01
42: 7.302e-02
43: 1.325e-01
44: 1.214e-01
45: 1.205e-01
46: 8.830e-02
47: 1.129e-01
48: 1.164e-01
49: 8.928e-02
50: 8.889e-02
51: 9.569e-02
52: 1.219e-01
53: 9.167e-02
54: 8.571e-02
55: 9.398e-02
56: 1.050e-01
57: 1.436e-01
58: 1.012e-01
59: 1.137e-01
60: 8.071e-02
61: 9.938e-02
62: 1.300e-01
63: 1.187e-01
64: 9.173e-02
65: 1.162e-01
66: 1.027e-01
67: 1.325e-01
68: 1.480e-01
69: 7.866e-02
70: 1.152e-01
71: 1.379e-01
72: 1.124e-01
73: 1.215e-01
74: 2.022e-01
75: 1.190e-01
76: 1.551e-01
77: 9.101e-02
78: 7.896e-02
79: 1.151e-01
80: 1.486e-01
81: 9.359e-02
82: 9.152e-02
83: 1.547e-01
84: 9.662e-02
85: 1.125e-01
86: 8.384e-02
87: 1.134e-01
88: 1.595e-01
89: 1.570e-01
90: 8.922e-02
91: 1.241e-01
92: 1.520e-01
93: 1.508e-01
94: 9.074e-02
95: 1.008e-01
96: 1.325e-01
97: 2.390e-01
98: 1.799e-01
99: 1.356e-01
100: 1.334e-01
101: 1.702e-01
102: 1.864e-01
103: 1.760e-01
104: 1.498e-01
105: 1.818e-01
106: 1.844e-01
107: 1.283e-01
108: 1.385e-01
109: 1.248e-01
110: 1.531e-01
111: 1.842e-01
112: 1.389e-01
113: 1.812e-01
114: 1.535e-01
115: 1.567e-01
116: 1.567e-01
117: 1.758e-01
118: 1.924e-01
119: 1.931e-01
120: 1.847e-01
121: 1.810e-01
122: 1.621e-01
123: 1.842e-01
124: 1.535e-01
125: 1.696e-01
126: 1.472e-01
127: 1.922e-01
128: 1.804e-01
129: 1.603e-01
130: 1.781e-01
131: 1.667e-01
132: 1.505e-01
133: 1.972e-01
134: 1.212e-01
135: 1.702e-01
136: 1.467e-01
137: 1.433e-01
138: 2.048e-01
139: 2.028e-01
140: 1.184e-01
141: 1.868e-01
142: 1.718e-01
143: 1.032e-01
144: 1.398e-01
145: 1.240e-01
146: 1.512e-01
147: 1.183e-01
148: 1.312e-01
149: 1.030e-01
150: 9.372e-02
151: 1.566e-01
152: 1.837e-01
153: 1.644e-01
154: 1.974e-01
155: 1.270e-01
156: 8.655e-02
157: 9.525e-02
158: 1.874e-01
159: 2.148e-01
160: 1.839e-01
161: 1.064e-01
162: 1.016e-01
163: 2.115e-01
164: 9.131e-02
165: 1.492e-01
166: 1.525e-01
167: 1.572e-01
168: 2.216e-01
169: 2.051e-01
170: 1.540e-01
171: 1.562e-01
172: 1.943e-01
173: 1.524e-01
174: 1.308e-01
175: 1.508e-01
176: 2.164e-01
177: 2.153e-01
178: 1.915e-01
179: 1.376e-01
180: 1.662e-01
181: 1.258e-01
182: 1.792e-01
183: 1.829e-01
184: 1.554e-01
185: 8.813e-02
186: 1.371e-01
187: 1.066e-01
188: 1.313e-01
189: 1.104e-01
190: 1.647e-01
191: 9.948e-02
192: 9.304e-02
193: 1.302e-01
194: 1.959e-01
195: 1.890e-01
196: 1.862e-01
197: 1.079e-01
198: 1.945e-01
199: 1.646e-01
200: 1.720e-01
201: 1.706e-01
202: 1.955e-01
203: 2.290e-01
204: 1.920e-01
205: 1.917e-01
206: 2.028e-01
207: 2.048e-01
208: 1.970e-01
209: 1.581e-01
210: 1.564e-01
211: 1.784e-01
212: 1.622e-01
213: 1.950e-01
214: 1.586e-01
215: 1.997e-01
216: 2.152e-01
217: 1.602e-01
218: 2.052e-01
219: 1.580e-01
220: 1.846e-01
221: 1.936e-01
222: 1.798e-01
223: 1.798e-01
224: 1.738e-01
225: 1.998e-01
226: 1.710e-01
227: 1.433e-01
228: 2.448e-01
229: 2.115e-01
230: 1.956e-01
231: 1.820e-01
232: 1.261e-01
233: 1.354e-01
234: 1.969e-01
235: 1.867e-01
236: 1.788e-01
237: 1.895e-01
238: 1.507e-01
239: 1.985e-01
240: 2.050e-01
241: 2.139e-01
242: 1.885e-01
243: 2.008e-01
244: 1.770e-01
245: 2.249e-01
246: 1.783e-01
247: 2.236e-01
248: 1.335e-01
249: 1.700e-01
250: 1.522e-01
251: 1.514e-01
252: 1.558e-01
253: 1.621e-01
254: 1.716e-01
255: 1.672e-01
256: 1.809e-01
257: 1.975e-01
258: 1.418e-01
259: 1.702e-01
260: 1.293e-01
261: 1.643e-01
262: 1.858e-01
263: 1.842e-01
264: 1.440e-01
265: 1.604e-01
266: 1.781e-01
267: 1.792e-01
268: 1.474e-01
269: 1.838e-01
270: 1.744e-01
271: 1.933e-01
272: 1.880e-01
273: 1.836e-01
274: 1.499e-01
275: 1.592e-01
276: 1.772e-01
277: 1.603e-01
278: 1.355e-01
279: 1.547e-01
280: 1.719e-01
281: 1.727e-01
282: 1.791e-01
283: 1.351e-01
284: 1.637e-01
285: 1.887e-01
286: 1.637e-01
287: 1.778e-01
288: 1.682e-01
289: 1.734e-01
290: 1.764e-01
291: 1.654e-01
292: 1.539e-01
293: 1.362e-01
294: 1.138e-01
295: 1.739e-01
296: 1.732e-01
297: 1.524e-01
298: 1.307e-01
299: 2.092e-01
300: 1.942e-01
301: 1.985e-01
302: 1.971e-01
303: 1.971e-01
304: 1.855e-01
305: 1.883e-01
306: 1.750e-01
307: 1.732e-01
308: 1.717e-01
309: 1.996e-01
310: 1.796e-01
311: 1.613e-01
312: 1.695e-01
313: 1.820e-01
314: 1.924e-01
315: 1.960e-01
316: 1.866e-01
317: 1.979e-01
318: 1.765e-01
319: 2.086e-01
320: 2.142e-01
321: 1.760e-01
322: 1.769e-01
323: 1.805e-01
324: 1.684e-01
325: 1.412e-01
326: 2.030e-01
327: 1.991e-01
328: 1.817e-01
329: 1.567e-01
330: 2.048e-01
331: 1.922e-01
332: 1.708e-01
333: 1.933e-01
334: 1.483e-01
335: 2.021e-01
336: 1.822e-01
337: 1.949e-01
338: 1.805e-01
339: 2.009e-01
340: 2.137e-01
341: 1.836e-01
342: 1.469e-01
343: 1.981e-01
344: 1.989e-01
345: 2.313e-01
346: 1.341e-01
347: 2.041e-01
348: 1.831e-01
349: 1.848e-01
350: 2.016e-01
351: 1.718e-01
352: 2.049e-01
353: 2.253e-01
354: 1.721e-01
355: 2.048e-01
356: 1.906e-01
357: 2.058e-01
358: 2.158e-01
359: 2.291e-01
360: 1.886e-01
361: 2.250e-01
362: 2.137e-01
363: 2.182e-01
364: 2.184e-01
365: 2.176e-01
366: 1.909e-01
367: 1.839e-01
368: 1.636e-01
369: 2.004e-01
370: 1.942e-01
371: 2.013e-01
372: 1.999e-01
373: 2.228e-01
374: 2.192e-01
375: 2.156e-01
376: 2.078e-01
377: 2.035e-01
378: 2.374e-01
379: 2.228e-01
380: 1.948e-01
381: 1.872e-01
382: 2.133e-01
383: 1.867e-01
384: 2.011e-01
385: 1.753e-01
386: 1.898e-01
387: 2.410e-01
388: 1.968e-01
389: 1.965e-01
390: 2.188e-01
391: 2.119e-01
392: 2.354e-01
393: 2.255e-01
394: 2.147e-01
395: 2.252e-01
396: 2.163e-01
397: 2.373e-01
398: 1.821e-01
399: 1.903e-01
400: 1.552e-01
401: 1.510e-01
402: 1.653e-01
403: 1.927e-01
404: 1.182e-01
405: 2.185e-01
406: 2.019e-01
407: 2.165e-01
408: 1.866e-01
409: 1.588e-01
410: 2.045e-01
411: 1.882e-01
412: 2.030e-01
413: 2.025e-01
414: 2.046e-01
415: 2.197e-01
416: 2.059e-01
417: 1.553e-01
418: 1.867e-01
419: 1.984e-01
420: 1.974e-01
421: 2.055e-01
422: 2.185e-01
423: 2.064e-01
424: 2.104e-01
425: 2.138e-01
426: 2.171e-01
427: 1.573e-01
428: 1.829e-01
429: 2.201e-01
430: 2.256e-01
431: 2.160e-01
432: 1.869e-01
433: 2.237e-01
434: 2.002e-01
435: 1.621e-01
436: 1.790e-01
437: 2.123e-01
438: 2.051e-01
439: 2.164e-01
440: 2.053e-01
441: 2.041e-01
442: 1.859e-01
443: 1.781e-01
444: 1.386e-01
445: 1.663e-01
446: 2.262e-01
447: 1.935e-01
448: 1.943e-01
449: 2.304e-01
450: 1.781e-01
451: 1.500e-01
452: 1.960e-01
453: 2.061e-01
454: 1.744e-01
455: 2.137e-01
456: 1.824e-01
457: 1.860e-01
458: 1.990e-01
459: 1.901e-01
460: 1.335e-01
461: 2.279e-01
462: 1.937e-01
463: 1.806e-01
464: 1.828e-01
465: 1.551e-01
466: 1.749e-01
467: 2.193e-01
468: 1.874e-01
469: 1.811e-01
470: 1.693e-01
471: 1.756e-01
472: 1.978e-01
473: 1.463e-01
474: 1.831e-01
475: 2.046e-01
476: 1.969e-01
477: 2.183e-01
478: 1.977e-01
479: 2.333e-01
480: 2.103e-01
481: 2.228e-01
482: 1.892e-01
483: 2.086e-01
484: 1.864e-01
485: 2.287e-01
486: 1.890e-01
487: 1.493e-01
488: 1.856e-01
489: 2.002e-01
490: 1.896e-01
491: 2.140e-01
492: 2.173e-01
493: 1.942e-01
494: 1.915e-01
495: 1.820e-01
496: 1.892e-01
497: 2.251e-01
498: 1.905e-01
499: 2.201e-01
500: 2.236e-01
501: 2.289e-01
502: 1.447e-01
503: 1.687e-01
504: 1.642e-01
505: 1.948e-01
506: 1.964e-01
507: 2.023e-01
508: 2.165e-01
509: 1.953e-01
510: 1.816e-01
511: 2.254e-01
512: 2.001e-01
513: 2.118e-01
514: 2.152e-01
515: 1.615e-01
516: 2.137e-01
517: 1.916e-01
518: 1.645e-01
519: 2.266e-01
520: 1.948e-01
521: 1.924e-01
522: 2.183e-01
523: 2.031e-01
524: 2.202e-01
525: 1.816e-01
526: 2.599e-01
527: 2.372e-01
528: 2.106e-01
529: 1.767e-01
530: 2.737e-01
531: 1.738e-01
532: 2.125e-01
533: 1.750e-01
534: 2.039e-01
535: 2.342e-01
536: 1.671e-01
537: 1.928e-01
538: 1.867e-01
539: 1.767e-01
540: 1.651e-01
541: 2.049e-01
542: 1.734e-01
543: 1.608e-01
544: 1.859e-01
545: 1.963e-01
546: 1.695e-01
547: 1.852e-01
548: 1.716e-01
549: 1.745e-01
550: 1.715e-01
551: 2.385e-01
552: 1.872e-01
553: 1.788e-01
554: 1.560e-01
555: 1.787e-01
556: 1.865e-01
557: 1.817e-01
558: 1.842e-01
559: 1.629e-01
560: 1.745e-01
561: 2.063e-01
562: 1.972e-01
563: 2.126e-01
564: 1.858e-01
565: 1.933e-01
566: 1.668e-01
567: 2.219e-01
568: 1.952e-01
569: 1.760e-01
570: 1.506e-01
571: 2.436e-01
572: 2.138e-01
573: 1.939e-01
574: 1.667e-01
575: 1.816e-01
576: 1.994e-01
577: 1.325e-01
578: 1.846e-01
579: 1.736e-01
580: 1.765e-01
581: 1.893e-01
582: 1.590e-01
583: 1.787e-01
584: 1.877e-01
585: 1.650e-01
586: 1.508e-01
587: 1.757e-01
588: 1.607e-01
589: 2.208e-01
590: 1.904e-01
591: 2.032e-01
592: 1.837e-01
593: 2.124e-01
594: 1.961e-01
595: 1.853e-01
596: 1.708e-01
597: 2.015e-01
598: 1.840e-01
599: 1.776e-01
600: 2.030e-01
601: 2.067e-01
602: 1.910e-01
603: 1.821e-01
604: 1.822e-01
605: 2.066e-01
606: 2.049e-01
607: 1.826e-01
608: 2.109e-01
609: 1.650e-01
610: 2.463e-01
611: 2.010e-01
612: 1.681e-01
613: 2.195e-01
614: 1.690e-01
615: 1.726e-01
616: 1.849e-01
617: 1.834e-01
618: 1.679e-01
619: 2.110e-01
620: 1.767e-01
621: 2.151e-01
622: 2.098e-01
623: 1.859e-01
624: 1.938e-01
625: 1.786e-01
626: 2.182e-01
627: 1.728e-01
628: 2.061e-01
629: 1.844e-01
630: 1.833e-01
631: 1.891e-01
632: 1.760e-01
633: 1.893e-01
634: 1.898e-01
635: 2.050e-01
636: 2.124e-01
637: 1.788e-01
638: 1.925e-01
639: 2.049e-01
640: 1.586e-01
641: 1.527e-01
642: 1.678e-01
643: 2.161e-01
644: 2.279e-01
645: 1.740e-01
646: 1.832e-01
647: 2.070e-01
648: 1.782e-01
649: 1.559e-01
650: 1.853e-01
651: 2.019e-01
652: 1.984e-01
653: 1.728e-01
654: 1.912e-01
655: 2.393e-01
656: 2.283e-01
657: 1.469e-01
658: 1.979e-01
659: 1.679e-01
660: 1.639e-01
661: 1.689e-01
662: 2.016e-01
663: 2.039e-01
664: 1.629e-01
665: 1.597e-01
666: 2.073e-01
667: 1.715e-01
668: 1.789e-01
669: 1.906e-01
670: 2.189e-01
671: 1.762e-01
672: 1.927e-01
673: 1.731e-01
674: 1.555e-01
675: 1.590e-01
676: 1.965e-01
677: 1.446e-01
678: 1.608e-01
679: 1.569e-01
680: 1.902e-01
681: 1.863e-01
682: 1.662e-01
683: 1.801e-01
684: 1.524e-01
685: 1.691e-01
686: 1.944e-01
687: 1.822e-01
688: 1.767e-01
689: 1.732e-01
690: 1.888e-01
691: 2.086e-01
692: 1.713e-01
693: 1.716e-01
694: 1.717e-01
695: 1.976e-01
696: 1.711e-01
697: 1.857e-01
698: 2.181e-01
699: 1.839e-01
700: 1.857e-01
701: 1.690e-01
702: 1.631e-01
703: 1.868e-01
704: 1.640e-01
705: 1.793e-01
706: 1.335e-01
707: 1.743e-01
708: 1.602e-01
709: 1.477e-01
710: 1.874e-01
711: 1.922e-01
712: 1.626e-01
713: 1.481e-01
714: 1.723e-01
715: 1.867e-01
716: 1.800e-01
717: 2.048e-01
718: 1.699e-01
719: 1.797e-01
720: 1.528e-01
721: 2.011e-01
722: 1.732e-01
723: 1.798e-01
724: 1.697e-01
725: 1.932e-01
726: 1.810e-01
727: 1.761e-01
728: 1.813e-01
729: 1.817e-01
730: 1.462e-01
731: 1.867e-01
732: 1.587e-01
733: 1.597e-01
734: 1.653e-01
735: 1.997e-01
736: 1.750e-01
737: 2.019e-01
738: 1.867e-01
739: 1.467e-01
740: 1.842e-01
741: 1.822e-01
742: 1.685e-01
743: 1.760e-01
744: 1.845e-01
745: 1.635e-01
746: 1.712e-01
747: 1.895e-01
748: 1.520e-01
749: 1.758e-01
750: 1.598e-01
751: 1.816e-01
752: 1.793e-01
753: 1.613e-01
754: 1.678e-01
755: 1.336e-01
756: 1.601e-01
757: 1.602e-01
758: 1.700e-01
759: 1.646e-01
760: 1.503e-01
761: 1.797e-01
762: 1.869e-01
763: 1.846e-01
764: 1.676e-01
765: 1.778e-01
766: 1.794e-01
767: 1.745e-01
768: 1.581e-01
769: 1.291e-01
770: 1.858e-01
771: 1.755e-01
772: 1.837e-01
773: 1.884e-01
774: 1.724e-01
775: 1.614e-01
776: 1.719e-01
777: 1.839e-01
778: 1.751e-01
779: 1.855e-01
780: 2.026e-01
781: 1.838e-01
782: 1.878e-01
783: 2.112e-01
784: 1.709e-01
785: 1.934e-01
786: 1.766e-01
787: 1.748e-01
788: 1.544e-01
789: 1.637e-01
790: 1.624e-01
791: 1.740e-01
792: 1.957e-01
793: 1.872e-01
794: 1.667e-01
795: 1.845e-01
796: 1.476e-01
797: 1.713e-01
798: 1.944e-01
799: 1.681e-01
800: 1.724e-01
801: 1.652e-01
802: 1.772e-01
803: 1.759e-01
804: 1.634e-01
805: 1.547e-01
806: 1.794e-01
807: 1.698e-01
808: 1.664e-01
809: 1.788e-01
810: 1.462e-01
811: 1.550e-01
812: 1.862e-01
813: 1.949e-01
814: 2.058e-01
815: 1.866e-01
816: 1.766e-01
817: 1.455e-01
818: 1.573e-01
819: 1.700e-01
820: 1.663e-01
821: 1.960e-01
822: 1.879e-01
823: 1.616e-01
824: 1.994e-01
825: 1.912e-01
826: 1.672e-01
827: 1.854e-01
828: 1.385e-01
829: 1.624e-01
830: 1.361e-01
831: 1.856e-01
832: 1.893e-01
833: 1.878e-01
834: 1.713e-01
835: 1.927e-01
836: 1.862e-01
837: 1.911e-01
838: 1.923e-01
839: 1.559e-01
840: 1.428e-01
841: 1.720e-01
842: 1.598e-01
843: 1.856e-01
844: 1.658e-01
845: 1.625e-01
846: 1.913e-01
847: 1.914e-01
848: 1.732e-01
849: 1.876e-01
850: 1.946e-01
851: 1.935e-01
852: 1.874e-01
853: 1.736e-01
854: 1.240e-01
855: 1.975e-01
856: 2.056e-01
857: 1.848e-01
858: 1.739e-01
859: 1.865e-01
860: 1.873e-01
861: 1.685e-01
862: 1.790e-01
863: 1.804e-01
864: 1.471e-01
865: 1.477e-01
866: 1.672e-01
867: 1.674e-01
868: 1.693e-01
869: 1.933e-01
870: 1.740e-01
871: 1.814e-01
872: 1.703e-01
873: 1.887e-01
874: 1.666e-01
875: 1.836e-01
876: 1.889e-01
877: 1.619e-01
878: 1.835e-01
879: 1.366e-01
880: 1.652e-01
881: 1.586e-01
882: 1.655e-01
883: 1.595e-01
884: 1.988e-01
885: 1.564e-01
886: 1.588e-01
887: 1.918e-01
888: 1.758e-01
889: 1.604e-01
890: 1.613e-01
891: 1.806e-01
892: 1.449e-01
893: 1.970e-01
894: 1.766e-01
895: 1.594e-01
896: 1.639e-01
897: 1.737e-01
898: 1.688e-01
899: 1.377e-01
900: 1.866e-01
901: 1.753e-01
902: 1.914e-01
903: 1.595e-01
904: 2.131e-01
905: 1.855e-01
906: 1.691e-01
907: 1.484e-01
908: 1.702e-01
909: 1.776e-01
910: 1.784e-01
911: 1.758e-01
912: 1.723e-01
913: 1.950e-01
914: 1.756e-01
915: 1.859e-01
916: 1.921e-01
917: 1.914e-01
918: 1.708e-01
919: 1.832e-01
920: 1.996e-01
921: 1.773e-01
922: 1.387e-01
923: 1.713e-01
924: 1.720e-01
925: 1.731e-01
926: 1.691e-01
927: 1.610e-01
928: 1.732e-01
929: 1.720e-01
930: 1.761e-01
931: 1.677e-01
932: 1.719e-01
933: 1.610e-01
934: 1.804e-01
935: 1.705e-01
936: 1.710e-01
937: 1.461e-01
938: 1.645e-01
939: 1.725e-01
940: 1.821e-01
941: 1.849e-01
942: 1.608e-01
943: 1.605e-01
944: 1.607e-01
945: 1.761e-01
946: 1.768e-01
947: 1.378e-01
948: 1.773e-01
949: 1.706e-01
950: 1.711e-01
951: 1.727e-01
952: 1.701e-01
953: 1.755e-01
954: 1.546e-01
955: 1.581e-01
956: 1.450e-01
957: 1.646e-01
958: 1.522e-01
959: 1.618e-01
960: 1.715e-01
961: 1.681e-01
962: 1.482e-01
963: 1.613e-01
964: 1.529e-01
965: 1.706e-01
966: 1.277e-01
967: 1.691e-01
968: 1.681e-01
969: 1.818e-01
970: 1.267e-01
971: 1.861e-01
972: 1.763e-01
973: 1.779e-01
974: 1.711e-01
975: 1.609e-01
976: 1.766e-01
977: 1.784e-01
978: 1.896e-01
979: 1.606e-01
980: 1.704e-01
981: 1.635e-01
982: 1.594e-01
983: 1.465e-01
984: 1.602e-01
985: 1.526e-01
986: 1.433e-01
987: 1.362e-01
988: 1.613e-01
989: 1.690e-01
990: 1.578e-01
991: 1.602e-01
992: 1.570e-01
993: 1.685e-01
994: 1.632e-01
995: 1.688e-01
996: 1.705e-01
997: 1.575e-01
998: 1.609e-01
999: 1.815e-01
1000: 1.730e-01
1001: 1.277e-01
1002: 1.490e-01
1003: 1.764e-01
1004: 1.716e-01
1005: 1.575e-01
1006: 1.648e-01
1007: 1.459e-01
1008: 1.429e-01
1009: 1.544e-01
1010: 1.636e-01
1011: 1.471e-01
1012: 1.490e-01
1013: 1.634e-01
1014: 1.746e-01
1015: 1.900e-01
1016: 1.627e-01
1017: 1.697e-01
1018: 1.846e-01
1019: 1.622e-01
1020: 1.650e-01
1021: 1.773e-01
1022: 1.923e-01
1023: 1.612e-01
1024: 1.493e-01
1025: 1.328e-01
1026: 1.598e-01
1027: 1.649e-01
1028: 1.424e-01
1029: 1.609e-01
1030: 1.773e-01
1031: 1.673e-01
1032: 1.655e-01
1033: 1.631e-01
1034: 1.653e-01
1035: 1.195e-01
1036: 1.742e-01
1037: 1.386e-01
1038: 1.874e-01
1039: 1.862e-01
1040: 1.691e-01
1041: 1.519e-01
1042: 1.834e-01
1043: 1.719e-01
1044: 1.705e-01
1045: 1.745e-01
1046: 1.702e-01
1047: 1.570e-01
1048: 1.546e-01
1049: 1.597e-01
1050: 1.380e-01
1051: 1.405e-01
1052: 1.641e-01
1053: 1.883e-01
1054: 1.572e-01
1055: 1.237e-01
1056: 1.576e-01
1057: 1.627e-01
1058: 1.851e-01
1059: 1.701e-01
1060: 1.708e-01
1061: 1.672e-01
1062: 1.732e-01
1063: 1.880e-01
1064: 1.646e-01
1065: 1.792e-01
1066: 1.544e-01
1067: 1.601e-01
1068: 1.623e-01
1069: 1.546e-01
1070: 1.572e-01
1071: 1.537e-01
1072: 1.661e-01
1073: 1.638e-01
1074: 1.681e-01
1075: 1.732e-01
1076: 1.575e-01
1077: 1.520e-01
1078: 1.669e-01
1079: 1.691e-01
1080: 1.625e-01
1081: 1.728e-01
1082: 1.536e-01
1083: 1.837e-01
1084: 1.769e-01
1085: 1.566e-01
1086: 1.746e-01
1087: 1.686e-01
1088: 1.625e-01
1089: 1.611e-01
1090: 1.648e-01
1091: 1.709e-01
1092: 1.525e-01
1093: 1.528e-01
1094: 1.403e-01
1095: 1.538e-01
1096: 1.472e-01
1097: 1.625e-01
1098: 1.248e-01
1099: 1.779e-01
1100: 1.668e-01
1101: 1.835e-01
1102: 1.680e-01
1103: 1.638e-01
1104: 1.849e-01
1105: 1.929e-01
1106: 1.745e-01
1107: 1.599e-01
1108: 1.529e-01
1109: 1.854e-01
1110: 1.502e-01
1111: 1.809e-01
1112: 1.633e-01
1113: 1.679e-01
1114: 1.439e-01
1115: 1.450e-01
1116: 1.624e-01
1117: 1.674e-01
1118: 1.491e-01
1119: 1.424e-01
1120: 1.752e-01
1121: 1.503e-01
1122: 1.825e-01
1123: 1.533e-01
1124: 1.553e-01
1125: 1.633e-01
1126: 1.613e-01
1127: 1.669e-01
1128: 1.622e-01
1129: 1.647e-01
1130: 1.847e-01
1131: 1.558e-01
1132: 1.792e-01
1133: 1.664e-01
1134: 1.768e-01
1135: 1.471e-01
1136: 1.754e-01
1137: 1.678e-01
1138: 1.532e-01
1139: 1.510e-01
1140: 1.532e-01
1141: 1.698e-01
1142: 1.676e-01
1143: 1.417e-01
1144: 1.440e-01
1145: 1.569e-01
1146: 1.519e-01
1147: 1.436e-01
1148: 1.636e-01
1149: 1.612e-01
1150: 1.517e-01
1151: 1.712e-01
1152: 1.742e-01
1153: 1.511e-01
1154: 1.465e-01
1155: 1.732e-01
1156: 1.766e-01
1157: 1.737e-01
1158: 1.787e-01
1159: 1.506e-01
1160: 1.591e-01
1161: 1.703e-01
1162: 1.776e-01
1163: 1.553e-01
1164: 1.503e-01
1165: 1.747e-01
1166: 1.736e-01
1167: 1.914e-01
1168: 1.732e-01
1169: 1.679e-01
1170: 1.790e-01
1171: 1.576e-01
1172: 1.577e-01
1173: 1.600e-01
1174: 1.609e-01
1175: 1.693e-01
1176: 1.879e-01
1177: 1.656e-01
1178: 1.682e-01
1179: 1.695e-01
1180: 1.705e-01
1181: 1.551e-01
1182: 1.724e-01
1183: 1.712e-01
1184: 1.792e-01
1185: 1.663e-01
1186: 1.746e-01
1187: 1.604e-01
1188: 1.864e-01
1189: 1.691e-01
1190: 1.503e-01
1191: 1.484e-01
1192: 1.654e-01
1193: 1.711e-01
1194: 1.734e-01
1195: 1.699e-01
1196: 1.520e-01
1197: 1.764e-01
1198: 1.735e-01
1199: 1.770e-01
1200: 1.722e-01
1201: 1.714e-01
1202: 1.718e-01
1203: 1.571e-01
1204: 1.621e-01
1205: 1.717e-01
1206: 1.748e-01
1207: 1.647e-01
1208: 1.699e-01
1209: 1.523e-01
1210: 1.886e-01
1211: 1.552e-01
1212: 1.596e-01
1213: 1.661e-01
1214: 1.721e-01
1215: 1.801e-01
1216: 1.700e-01
1217: 1.736e-01
1218: 1.736e-01
1219: 1.728e-01
1220: 1.772e-01
1221: 1.828e-01
1222: 1.674e-01
1223: 1.722e-01
1224: 1.794e-01
1225: 1.810e-01
1226: 1.671e-01
1227: 1.667e-01
1228: 1.631e-01
1229: 1.792e-01
1230: 1.707e-01
1231: 1.539e-01
1232: 1.529e-01
1233: 1.791e-01
1234: 1.715e-01
1235: 1.356e-01
1236: 1.722e-01
1237: 1.823e-01
1238: 1.671e-01
1239: 1.678e-01
1240: 1.876e-01
1241: 1.476e-01
1242: 1.874e-01
1243: 1.596e-01
1244: 1.767e-01
1245: 1.884e-01
1246: 1.617e-01
1247: 1.680e-01
1248: 1.618e-01
1249: 1.407e-01
1250: 1.536e-01
1251: 1.588e-01
1252: 1.258e-01
1253: 2.001e-01
1254: 1.866e-01
1255: 1.780e-01
1256: 1.754e-01
1257: 1.693e-01
1258: 1.690e-01
1259: 1.674e-01
1260: 1.748e-01
1261: 1.541e-01
1262: 1.590e-01
1263: 1.799e-01
1264: 1.742e-01
1265: 1.614e-01
1266: 1.555e-01
1267: 1.583e-01
1268: 1.813e-01
1269: 1.443e-01
1270: 1.670e-01
1271: 1.706e-01
1272: 1.663e-01
1273: 1.758e-01
1274: 1.563e-01
1275: 1.663e-01
1276: 1.604e-01
1277: 1.674e-01
1278: 1.648e-01
1279: 1.417e-01
1280: 1.625e-01
1281: 1.459e-01
1282: 1.569e-01
1283: 1.900e-01
1284: 1.639e-01
1285: 1.635e-01
1286: 1.627e-01
1287: 1.714e-01
1288: 1.465e-01
1289: 1.573e-01
1290: 1.493e-01
1291: 1.794e-01
1292: 1.730e-01
1293: 1.801e-01
1294: 1.683e-01
1295: 1.656e-01
1296: 1.306e-01
1297: 1.758e-01
1298: 1.387e-01
1299: 1.619e-01
1300: 1.566e-01
1301: 1.666e-01
1302: 1.759e-01
1303: 1.699e-01
1304: 1.537e-01
1305: 1.736e-01
1306: 1.715e-01
1307: 1.686e-01
1308: 1.570e-01
1309: 1.609e-01
1310: 1.668e-01
1311: 1.560e-01
1312: 1.503e-01
1313: 1.609e-01
1314: 1.627e-01
1315: 1.857e-01
1316: 1.786e-01
1317: 1.562e-01
1318: 1.647e-01
1319: 1.742e-01
1320: 1.800e-01
1321: 1.511e-01
1322: 1.579e-01
1323: 1.525e-01
1324: 1.561e-01
1325: 1.384e-01
1326: 1.607e-01
1327: 1.731e-01
1328: 1.690e-01
1329: 1.554e-01
1330: 1.469e-01
1331: 1.425e-01
1332: 1.626e-01
1333: 1.534e-01
1334: 1.734e-01
1335: 1.630e-01
1336: 1.518e-01
1337: 1.570e-01
1338: 1.634e-01
1339: 1.603e-01
1340: 1.563e-01
1341: 1.500e-01
1342: 1.532e-01
1343: 1.458e-01
1344: 1.825e-01
1345: 1.731e-01
1346: 1.566e-01
1347: 1.728e-01
1348: 1.644e-01
1349: 1.738e-01
1350: 1.699e-01
1351: 1.664e-01
1352: 1.753e-01
1353: 1.626e-01
1354: 1.425e-01
1355: 1.724e-01
1356: 1.593e-01
1357: 1.744e-01
1358: 1.855e-01
1359: 1.560e-01
1360: 1.036e-01
1361: 1.565e-01
1362: 1.592e-01
1363: 1.578e-01
1364: 1.586e-01
1365: 1.487e-01
1366: 1.544e-01
1367: 1.278e-01
1368: 1.656e-01
1369: 1.717e-01
1370: 1.709e-01
1371: 1.616e-01
1372: 1.595e-01
1373: 1.524e-01
1374: 1.560e-01
1375: 1.516e-01
1376: 1.574e-01
1377: 1.694e-01
1378: 1.698e-01
1379: 1.598e-01
1380: 1.684e-01
1381: 1.673e-01
1382: 1.634e-01
1383: 1.573e-01
1384: 1.591e-01
1385: 1.586e-01
1386: 1.615e-01
1387: 1.676e-01
1388: 1.633e-01
1389: 1.611e-01
1390: 1.739e-01
1391: 1.735e-01
1392: 1.523e-01
1393: 1.702e-01
1394: 1.717e-01
1395: 1.484e-01
1396: 1.550e-01
1397: 1.810e-01
1398: 1.583e-01
1399: 1.651e-01
1400: 1.726e-01
1401: 1.602e-01
1402: 1.582e-01
1403: 1.279e-01
1404: 1.762e-01
1405: 1.627e-01
1406: 1.553e-01
1407: 1.629e-01
1408: 1.714e-01
1409: 1.761e-01
1410: 1.563e-01
1411: 1.513e-01
1412: 1.607e-01
1413: 1.652e-01
1414: 1.590e-01
1415: 1.689e-01
1416: 1.836e-01
1417: 1.524e-01
1418: 1.716e-01
1419: 1.854e-01
1420: 1.538e-01
1421: 1.672e-01
1422: 1.617e-01
1423: 1.597e-01
1424: 1.566e-01
1425: 1.744e-01
1426: 1.683e-01
1427: 1.620e-01
1428: 1.766e-01
1429: 1.545e-01
1430: 1.511e-01
1431: 1.605e-01
1432: 1.801e-01
1433: 1.712e-01
1434: 1.755e-01
1435: 1.451e-01
1436: 1.651e-01
1437: 1.739e-01
1438: 1.756e-01
1439: 1.803e-01
1440: 1.782e-01
1441: 1.710e-01
1442: 1.708e-01
1443: 1.645e-01
1444: 1.624e-01
1445: 1.642e-01
1446: 1.461e-01
1447: 1.833e-01
1448: 1.939e-01
1449: 1.922e-01
1450: 1.709e-01
1451: 1.800e-01
1452: 1.726e-01
1453: 1.486e-01
1454: 1.793e-01
1455: 1.623e-01
1456: 1.590e-01
1457: 1.751e-01
1458: 1.731e-01
1459: 1.767e-01
1460: 1.703e-01
1461: 1.629e-01
1462: 1.692e-01
1463: 1.813e-01
1464: 1.583e-01
1465: 1.543e-01
1466: 1.606e-01
1467: 1.735e-01
1468: 1.546e-01
1469: 1.601e-01
1470: 1.402e-01
1471: 1.692e-01
1472: 1.621e-01
1473: 1.754e-01
1474: 1.695e-01
1475: 1.621e-01
1476: 1.516e-01
1477: 1.578e-01
1478: 1.450e-01
1479: 1.231e-01
1480: 1.526e-01
1481: 1.875e-01
1482: 1.670e-01
1483: 1.832e-01
1484: 1.805e-01
1485: 1.196e-01
1486: 1.601e-01
1487: 1.858e-01
1488: 1.727e-01
1489: 1.716e-01
1490: 1.606e-01
1491: 1.627e-01
1492: 1.783e-01
1493: 1.726e-01
1494: 1.746e-01
1495: 2.019e-01
1496: 1.476e-01
1497: 1.670e-01
1498: 1.482e-01
1499: 1.634e-01
1500: 1.359e-01
1501: 1.566e-01
1502: 1.702e-01
1503: 1.611e-01
1504: 1.689e-01
1505: 1.663e-01
1506: 1.702e-01
1507: 1.675e-01
1508: 1.668e-01
1509: 1.724e-01
1510: 1.664e-01
1511: 1.681e-01
1512: 1.690e-01
1513: 1.711e-01
1514: 1.696e-01
1515: 1.814e-01
1516: 1.623e-01
1517: 1.699e-01
1518: 1.582e-01
1519: 1.690e-01
1520: 1.696e-01
1521: 1.537e-01
1522: 1.452e-01
1523: 1.642e-01
1524: 1.541e-01
1525: 1.523e-01
1526: 1.652e-01
1527: 1.759e-01
1528: 1.634e-01
1529: 1.651e-01
1530: 1.973e-01
1531: 1.651e-01
1532: 1.677e-01
1533: 1.549e-01
1534: 1.841e-01
1535: 1.840e-01
1536: 1.697e-01
1537: 1.721e-01
1538: 1.619e-01
1539: 1.706e-01
1540: 1.692e-01
1541: 1.553e-01
1542: 1.829e-01
1543: 1.526e-01
1544: 1.747e-01
1545: 1.648e-01
1546: 1.693e-01
1547: 1.774e-01
1548: 1.474e-01
1549: 1.468e-01
1550: 1.660e-01
1551: 1.581e-01
1552: 1.644e-01
1553: 1.771e-01
1554: 1.377e-01
1555: 1.712e-01
1556: 1.607e-01
1557: 1.529e-01
1558: 1.621e-01
1559: 1.595e-01
1560: 1.441e-01
1561: 1.466e-01
1562: 1.676e-01
1563: 1.781e-01
1564: 1.885e-01
1565: 1.730e-01
1566: 1.776e-01
1567: 1.574e-01
1568: 1.578e-01
1569: 1.562e-01
1570: 1.584e-01
1571: 1.728e-01
1572: 1.583e-01
1573: 1.497e-01
1574: 1.618e-01
1575: 1.753e-01
1576: 1.720e-01
1577: 1.660e-01
1578: 1.569e-01
1579: 1.522e-01
1580: 1.258e-01
1581: 1.572e-01
1582: 1.477e-01
1583: 1.598e-01
1584: 1.628e-01
1585: 1.654e-01
1586: 1.542e-01
1587: 1.717e-01
1588: 1.687e-01
1589: 1.454e-01
1590: 1.569e-01
1591: 1.555e-01
1592: 1.493e-01
1593: 1.622e-01
1594: 1.625e-01
1595: 1.653e-01
1596: 1.694e-01
1597: 1.474e-01
1598: 1.678e-01
1599: 1.577e-01
1600: 1.546e-01
1601: 1.712e-01
1602: 1.659e-01
1603: 1.541e-01
1604: 1.719e-01
1605: 1.689e-01
1606: 1.790e-01
1607: 1.729e-01
1608: 1.755e-01
1609: 1.846e-01
1610: 1.830e-01
1611: 1.710e-01
1612: 1.734e-01
1613: 1.781e-01
1614: 1.680e-01
1615: 1.713e-01
1616: 1.760e-01
1617: 1.648e-01
1618: 1.571e-01
1619: 1.665e-01
1620: 1.643e-01
1621: 1.766e-01
1622: 1.464e-01
1623: 1.501e-01
1624: 1.436e-01
1625: 1.722e-01
1626: 1.701e-01
1627: 1.631e-01
1628: 1.641e-01
1629: 1.752e-01
1630: 1.676e-01
1631: 1.562e-01
1632: 1.582e-01
1633: 1.589e-01
1634: 1.692e-01
1635: 1.491e-01
1636: 1.685e-01
1637: 1.645e-01
1638: 1.615e-01
1639: 1.561e-01
1640: 1.498e-01
1641: 1.670e-01
1642: 1.697e-01
1643: 1.702e-01
1644: 1.634e-01
1645: 1.736e-01
1646: 1.755e-01
1647: 1.649e-01
1648: 1.684e-01
1649: 1.718e-01
1650: 1.711e-01
1651: 1.619e-01
1652: 1.471e-01
1653: 1.546e-01
1654: 1.606e-01
1655: 1.820e-01
1656: 1.668e-01
1657: 1.543e-01
1658: 1.497e-01
1659: 1.594e-01
1660: 1.675e-01
1661: 1.361e-01
1662: 1.486e-01
1663: 1.548e-01
1664: 1.452e-01
1665: 1.488e-01
1666: 1.629e-01
1667: 1.742e-01
1668: 1.648e-01
1669: 1.711e-01
1670: 1.576e-01
1671: 1.529e-01
1672: 1.631e-01
1673: 1.474e-01
1674: 1.705e-01
1675: 1.561e-01
1676: 1.619e-01
1677: 1.754e-01
1678: 1.614e-01
1679: 1.634e-01
1680: 1.624e-01
1681: 1.687e-01
1682: 1.553e-01
1683: 1.860e-01
1684: 1.830e-01
1685: 1.771e-01
1686: 1.867e-01
1687: 1.638e-01
1688: 1.682e-01
1689: 1.755e-01
1690: 1.902e-01
1691: 1.742e-01
1692: 1.837e-01
1693: 1.695e-01
1694: 1.784e-01
1695: 1.655e-01
1696: 1.524e-01
1697: 1.398e-01
1698: 1.652e-01
1699: 1.680e-01
1700: 1.607e-01
1701: 1.782e-01
1702: 1.574e-01
1703: 1.654e-01
1704: 1.827e-01
1705: 1.751e-01
1706: 1.721e-01
1707: 1.576e-01
1708: 1.908e-01
1709: 1.711e-01
1710: 1.667e-01
1711: 1.554e-01
1712: 1.576e-01
1713: 1.666e-01
1714: 1.642e-01
1715: 1.512e-01
1716: 1.477e-01
1717: 1.513e-01
1718: 1.553e-01
1719: 1.632e-01
1720: 1.519e-01
1721: 1.659e-01
1722: 1.631e-01
1723: 1.609e-01
1724: 1.540e-01
1725: 1.309e-01
1726: 1.527e-01
1727: 1.662e-01
1728: 1.542e-01
1729: 1.261e-01
1730: 1.454e-01
1731: 1.429e-01
1732: 1.631e-01
1733: 1.513e-01
1734: 1.630e-01
1735: 1.528e-01
1736: 1.504e-01
1737: 1.442e-01
1738: 1.671e-01
1739: 1.583e-01
1740: 1.645e-01
1741: 1.602e-01
1742: 1.563e-01
1743: 1.553e-01
1744: 1.672e-01
1745: 1.511e-01
1746: 1.792e-01
1747: 1.696e-01
1748: 1.521e-01
1749: 1.697e-01
1750: 1.708e-01
1751: 1.709e-01
1752: 1.657e-01
1753: 1.647e-01
1754: 1.494e-01
1755: 1.604e-01
1756: 1.640e-01
1757: 1.706e-01
1758: 1.457e-01
1759: 1.577e-01
1760: 1.497e-01
1761: 1.607e-01
1762: 1.673e-01
1763: 1.613e-01
1764: 1.599e-01
1765: 1.561e-01
1766: 1.759e-01
1767: 1.903e-01
1768: 1.714e-01
1769: 1.649e-01
1770: 1.802e-01
1771: 1.739e-01
1772: 1.732e-01
1773: 1.869e-01
1774: 1.689e-01
1775: 1.740e-01
1776: 1.602e-01
1777: 1.751e-01
1778: 1.835e-01
1779: 1.720e-01
1780: 2.093e-01
1781: 1.861e-01
1782: 1.647e-01
1783: 1.921e-01
1784: 1.916e-01
1785: 1.767e-01
1786: 1.999e-01
1787: 1.851e-01
1788: 1.889e-01
1789: 1.860e-01
1790: 1.854e-01
1791: 1.796e-01
1792: 1.107e-01
1793: 1.778e-01
1794: 1.628e-01
1795: 1.627e-01
1796: 1.783e-01
1797: 1.807e-01
1798: 1.453e-01
1799: 1.748e-01
1800: 1.755e-01
1801: 1.923e-01
1802: 1.689e-01
1803: 1.839e-01
1804: 1.888e-01
1805: 1.835e-01
1806: 1.691e-01
1807: 1.818e-01
1808: 1.729e-01
1809: 1.800e-01
1810: 1.701e-01
1811: 1.671e-01
1812: 1.809e-01
1813: 1.604e-01
1814: 1.917e-01
1815: 1.732e-01
1816: 1.838e-01
1817: 1.833e-01
1818: 1.851e-01
1819: 1.821e-01
1820: 1.599e-01
1821: 1.952e-01
1822: 1.760e-01
1823: 1.711e-01
1824: 1.674e-01
1825: 1.795e-01
1826: 1.696e-01
1827: 1.588e-01
1828: 1.799e-01
1829: 1.752e-01
1830: 1.587e-01
1831: 1.705e-01
1832: 1.745e-01
1833: 1.947e-01
1834: 1.688e-01
1835: 1.813e-01
1836: 1.711e-01
1837: 1.691e-01
1838: 1.666e-01
1839: 1.756e-01
1840: 1.661e-01
1841: 1.670e-01
1842: 1.632e-01
1843: 1.741e-01
1844: 1.782e-01
1845: 1.632e-01
1846: 1.571e-01
1847: 1.617e-01
1848: 1.756e-01
1849: 1.579e-01
1850: 1.656e-01
1851: 1.514e-01
1852: 1.547e-01
1853: 1.717e-01
1854: 1.779e-01
1855: 1.569e-01
1856: 1.800e-01
1857: 1.815e-01
1858: 1.774e-01
1859: 1.713e-01
1860: 1.520e-01
1861: 1.878e-01
1862: 1.741e-01
1863: 1.633e-01
1864: 1.789e-01
1865: 1.787e-01
1866: 1.611e-01
1867: 1.685e-01
1868: 1.505e-01
1869: 1.637e-01
1870: 1.482e-01
1871: 1.869e-01
1872: 1.617e-01
1873: 1.707e-01
1874: 1.675e-01
1875: 1.624e-01
1876: 1.339e-01
1877: 1.689e-01
1878: 1.672e-01
1879: 1.648e-01
1880: 1.785e-01
1881: 1.689e-01
1882: 1.464e-01
1883: 1.800e-01
1884: 1.866e-01
1885: 1.808e-01
1886: 1.743e-01
1887: 1.802e-01
1888: 1.702e-01
1889: 1.778e-01
1890: 1.750e-01
1891: 1.876e-01
1892: 1.404e-01
1893: 1.930e-01
1894: 1.847e-01
1895: 1.702e-01
1896: 1.806e-01
1897: 1.697e-01
1898: 1.758e-01
1899: 1.775e-01
1900: 1.746e-01
1901: 1.842e-01
1902: 1.570e-01
1903: 1.690e-01
1904: 1.670e-01
1905: 1.729e-01
1906: 1.569e-01
1907: 1.574e-01
1908: 1.696e-01
1909: 1.782e-01
1910: 1.880e-01
1911: 1.778e-01
1912: 1.851e-01
1913: 1.861e-01
1914: 1.878e-01
1915: 1.878e-01
1916: 1.753e-01
1917: 1.792e-01
1918: 2.034e-01
1919: 1.821e-01
1920: 1.961e-01
1921: 1.777e-01
1922: 1.791e-01
1923: 1.800e-01
1924: 1.744e-01
1925: 1.694e-01
1926: 1.531e-01
1927: 1.657e-01
1928: 1.628e-01
1929: 1.753e-01
1930: 1.587e-01
1931: 1.734e-01
1932: 1.936e-01
1933: 1.838e-01
1934: 1.951e-01
1935: 1.751e-01
1936: 1.892e-01
1937: 1.916e-01
1938: 1.872e-01
1939: 1.804e-01
1940: 1.828e-01
1941: 1.713e-01
1942: 1.848e-01
1943: 1.706e-01
1944: 1.626e-01
1945: 1.648e-01
1946: 1.565e-01
1947: 1.706e-01
1948: 1.592e-01
1949: 1.591e-01
1950: 1.682e-01
1951: 1.807e-01
1952: 1.853e-01
1953: 1.699e-01
1954: 1.801e-01
1955: 1.662e-01
1956: 2.007e-01
1957: 1.802e-01
1958: 1.755e-01
1959: 1.568e-01
1960: 1.673e-01
1961: 1.743e-01
1962: 1.675e-01
1963: 1.698e-01
1964: 1.687e-01
1965: 1.693e-01
1966: 1.646e-01
1967: 1.785e-01
1968: 1.154e-01
1969: 1.562e-01
1970: 1.656e-01
1971: 1.658e-01
1972: 1.664e-01
1973: 1.704e-01
1974: 1.662e-01
1975: 1.602e-01
1976: 1.156e-01
1977: 1.723e-01
1978: 1.855e-01
1979: 1.645e-01
1980: 1.827e-01
1981: 1.716e-01
1982: 1.789e-01
1983: 1.578e-01
1984: 1.707e-01
1985: 1.755e-01
1986: 1.692e-01
1987: 1.947e-01
1988: 1.560e-01
1989: 1.767e-01
1990: 1.837e-01
1991: 1.614e-01
1992: 1.800e-01
1993: 1.625e-01
1994: 1.635e-01
1995: 1.649e-01
1996: 1.614e-01
1997: 1.652e-01
1998: 1.579e-01
1999: 1.607e-01
2000: 1.586e-01
2001: 1.732e-01
2002: 1.505e-01
2003: 1.682e-01
2004: 1.856e-01
2005: 1.761e-01
2006: 1.835e-01
2007: 1.657e-01
2008: 1.526e-01
2009: 1.742e-01
2010: 1.634e-01
2011: 1.212e-01
2012: 1.516e-01
2013: 1.697e-01
2014: 1.653e-01
2015: 1.541e-01
2016: 1.673e-01
2017: 1.434e-01
2018: 1.550e-01
2019: 1.302e-01
2020: 1.715e-01
2021: 1.596e-01
2022: 1.612e-01
2023: 1.687e-01
2024: 1.800e-01
2025: 1.962e-01
2026: 1.804e-01
2027: 1.680e-01
2028: 1.611e-01
2029: 1.741e-01
2030: 1.541e-01
2031: 1.777e-01
2032: 1.680e-01
2033: 1.568e-01
2034: 1.637e-01
2035: 1.653e-01
2036: 1.662e-01
2037: 1.617e-01
2038: 1.515e-01
2039: 1.503e-01
2040: 1.616e-01
2041: 1.777e-01
2042: 1.515e-01
2043: 1.575e-01
2044: 1.967e-01
2045: 1.770e-01
2046: 1.536e-01
2047: 1.595e-01
2048: 1.695e-01
2049: 1.626e-01
2050: 1.724e-01
2051: 1.809e-01
2052: 1.814e-01
2053: 1.372e-01
2054: 1.839e-01
2055: 1.606e-01
2056: 1.585e-01
2057: 1.731e-01
2058: 1.877e-01
2059: 1.429e-01
2060: 1.630e-01
2061: 1.760e-01
2062: 1.622e-01
2063: 1.809e-01
2064: 1.511e-01
2065: 1.903e-01
2066: 1.554e-01
2067: 1.535e-01
2068: 1.684e-01
2069: 1.823e-01
2070: 1.779e-01
2071: 1.780e-01
2072: 1.699e-01
2073: 1.721e-01
2074: 1.582e-01
2075: 1.586e-01
2076: 1.652e-01
2077: 1.673e-01
2078: 1.625e-01
2079: 1.500e-01
2080: 1.611e-01
2081: 1.665e-01
2082: 1.626e-01
2083: 1.631e-01
2084: 1.675e-01
2085: 1.620e-01
2086: 1.707e-01
2087: 1.516e-01
2088: 1.784e-01
2089: 1.594e-01
2090: 1.637e-01
2091: 1.571e-01
2092: 1.772e-01
2093: 1.730e-01
2094: 1.804e-01
2095: 1.786e-01
2096: 1.778e-01
2097: 1.890e-01
2098: 1.696e-01
2099: 1.474e-01
2100: 1.535e-01
2101: 1.728e-01
2102: 1.512e-01
2103: 1.256e-01
2104: 1.595e-01
2105: 1.852e-01
2106: 1.776e-01
2107: 1.656e-01
2108: 1.643e-01
2109: 1.600e-01
2110: 1.739e-01
2111: 1.742e-01
2112: 1.766e-01
2113: 1.727e-01
2114: 1.733e-01
2115: 1.712e-01
2116: 1.669e-01
2117: 1.807e-01
2118: 1.813e-01
2119: 1.647e-01
2120: 1.739e-01
2121: 1.709e-01
2122: 1.696e-01
2123: 1.608e-01
2124: 1.864e-01
2125: 1.621e-01
2126: 1.709e-01
2127: 1.725e-01
2128: 1.393e-01
2129: 1.741e-01
2130: 1.684e-01
2131: 1.725e-01
2132: 1.888e-01
2133: 1.674e-01
2134: 1.935e-01
2135: 1.731e-01
2136: 1.791e-01
2137: 1.744e-01
2138: 1.903e-01
2139: 1.711e-01
2140: 1.687e-01
2141: 2.003e-01
2142: 1.519e-01
2143: 1.568e-01
2144: 1.558e-01
2145: 1.693e-01
2146: 1.583e-01
2147: 1.500e-01
2148: 1.817e-01
2149: 1.516e-01
2150: 1.945e-01
2151: 1.548e-01
2152: 1.468e-01
2153: 1.619e-01
2154: 1.734e-01
2155: 1.625e-01
2156: 1.623e-01
2157: 1.794e-01
2158: 1.367e-01
2159: 1.875e-01
2160: 1.873e-01
2161: 1.714e-01
2162: 1.773e-01
2163: 1.589e-01
2164: 1.717e-01
2165: 1.645e-01
2166: 1.931e-01
2167: 1.775e-01
2168: 1.763e-01
2169: 1.707e-01
2170: 1.874e-01
2171: 1.589e-01
2172: 1.514e-01
2173: 1.718e-01
2174: 1.596e-01
2175: 1.622e-01
2176: 1.886e-01
2177: 1.738e-01
2178: 1.748e-01
2179: 1.982e-01
2180: 1.662e-01
2181: 1.674e-01
2182: 1.634e-01
2183: 1.833e-01
2184: 1.741e-01
2185: 2.094e-01
2186: 1.831e-01
2187: 1.911e-01
2188: 1.714e-01
2189: 1.762e-01
2190: 1.698e-01
2191: 1.598e-01
2192: 1.609e-01
2193: 1.498e-01
2194: 1.692e-01
2195: 1.591e-01
2196: 1.832e-01
2197: 1.620e-01
2198: 1.610e-01
2199: 1.436e-01
2200: 1.714e-01
2201: 1.610e-01
2202: 1.741e-01
2203: 1.581e-01
2204: 1.655e-01
2205: 1.467e-01
2206: 1.696e-01
2207: 1.606e-01
2208: 1.694e-01
2209: 1.658e-01
2210: 1.547e-01
2211: 1.620e-01
2212: 1.628e-01
2213: 1.812e-01
2214: 1.715e-01
2215: 1.680e-01
2216: 1.569e-01
2217: 1.626e-01
2218: 1.632e-01
2219: 1.649e-01
2220: 1.749e-01
2221: 1.599e-01
2222: 1.619e-01
2223: 1.755e-01
2224: 1.701e-01
2225: 1.762e-01
2226: 1.518e-01
2227: 1.717e-01
2228: 1.870e-01
2229: 1.755e-01
2230: 1.515e-01
2231: 1.760e-01
2232: 1.853e-01
2233: 1.975e-01
2234: 1.472e-01
2235: 1.837e-01
2236: 1.711e-01
2237: 1.829e-01
2238: 2.082e-01
2239: 1.707e-01
2240: 1.939e-01
2241: 1.837e-01
2242: 2.171e-01
2243: 2.011e-01
2244: 1.908e-01
2245: 1.569e-01
2246: 1.646e-01
2247: 1.705e-01
2248: 1.696e-01
2249: 1.601e-01
2250: 1.751e-01
2251: 1.705e-01
2252: 1.633e-01
2253: 1.528e-01
2254: 1.702e-01
2255: 1.768e-01
2256: 1.568e-01
2257: 1.714e-01
2258: 1.830e-01
2259: 1.663e-01
2260: 1.813e-01
2261: 1.514e-01
2262: 1.729e-01
2263: 1.738e-01
2264: 1.743e-01
2265: 1.767e-01
2266: 1.752e-01
2267: 1.655e-01
2268: 1.715e-01
2269: 1.716e-01
2270: 1.930e-01
2271: 1.647e-01
2272: 1.659e-01
2273: 1.620e-01
2274: 1.774e-01
2275: 1.761e-01
2276: 1.725e-01
2277: 1.934e-01
2278: 1.677e-01
2279: 1.883e-01
2280: 1.788e-01
2281: 1.760e-01
2282: 1.816e-01
2283: 1.802e-01
2284: 1.771e-01
2285: 1.470e-01
2286: 1.904e-01
2287: 1.836e-01
2288: 1.834e-01
2289: 1.924e-01
2290: 1.714e-01
2291: 1.698e-01
2292: 1.708e-01
2293: 1.642e-01
2294: 1.808e-01
2295: 1.668e-01
2296: 1.497e-01
2297: 1.527e-01
2298: 1.787e-01
2299: 1.464e-01
2300: 1.798e-01
2301: 1.765e-01
2302: 1.807e-01
2303: 1.765e-01
2304: 1.717e-01
2305: 1.675e-01
2306: 1.620e-01
2307: 1.838e-01
2308: 1.704e-01
2309: 1.725e-01
2310: 1.639e-01
2311: 1.883e-01
2312: 1.631e-01
2313: 1.790e-01
2314: 1.763e-01
2315: 1.533e-01
2316: 1.324e-01
2317: 1.706e-01
2318: 1.892e-01
2319: 1.768e-01
2320: 1.532e-01
2321: 1.747e-01
2322: 1.641e-01
2323: 1.810e-01
2324: 1.600e-01
2325: 1.713e-01
2326: 1.804e-01
2327: 1.719e-01
2328: 1.750e-01
2329: 1.681e-01
2330: 1.790e-01
2331: 1.583e-01
2332: 1.794e-01
2333: 1.672e-01
2334: 1.747e-01
2335: 1.804e-01
2336: 1.860e-01
2337: 1.508e-01
2338: 1.936e-01
2339: 1.866e-01
2340: 1.840e-01
2341: 1.707e-01
2342: 1.785e-01
2343: 1.636e-01
2344: 1.761e-01
2345: 1.874e-01
2346: 1.611e-01
2347: 1.809e-01
2348: 1.710e-01
2349: 1.962e-01
2350: 1.813e-01
2351: 1.749e-01
2352: 1.759e-01
2353: 1.873e-01
2354: 1.828e-01
2355: 1.819e-01
2356: 1.848e-01
2357: 1.420e-01
2358: 1.841e-01
2359: 1.865e-01
2360: 1.842e-01
2361: 1.745e-01
2362: 1.811e-01
2363: 1.764e-01
2364: 1.886e-01
2365: 1.931e-01
2366: 1.792e-01
2367: 1.974e-01
2368: 1.768e-01
2369: 1.863e-01
2370: 1.914e-01
2371: 2.007e-01
2372: 1.793e-01
2373: 1.791e-01
2374: 1.777e-01
2375: 1.762e-01
2376: 1.836e-01
2377: 1.798e-01
2378: 1.612e-01
2379: 1.687e-01
2380: 1.867e-01
2381: 1.692e-01
2382: 1.762e-01
2383: 1.683e-01
2384: 1.801e-01
2385: 1.629e-01
2386: 1.819e-01
2387: 1.699e-01
2388: 1.646e-01
2389: 1.612e-01
2390: 1.837e-01
2391: 1.894e-01
2392: 1.538e-01
2393: 1.747e-01
2394: 1.692e-01
2395: 1.909e-01
2396: 1.645e-01
2397: 1.722e-01
2398: 1.657e-01
