1: 3.278e+00
2: 5.368e-01
3: 3.822e-01
4: 1.527e+00
5: 8.345e-01
6: 7.345e-01
7: 7.982e-01
8: 8.968e-01
9: 3.076e+00
10: 9.841e-01
11: 1.076e+00
12: 1.265e+00
13: 6.552e-01
14: 5.432e-01
15: 6.986e-01
16: 6.578e-01
17: 6.091e-01
18: 7.654e-01
19: 1.084e+00
20: 8.000e-01
21: 9.690e-01
22: 7.662e-01
23: 1.009e+00
24: 9.469e-01
25: 6.572e-01
26: 6.308e-01
27: 1.222e+00
28: 8.328e-01
29: 4.472e-01
30: 8.000e-01
31: 8.824e-01
32: 7.535e-01
33: 7.829e-01
34: 8.253e-01
35: 7.725e-01
36: 8.377e-01
37: 1.241e+00
38: 8.130e-01
39: 7.643e-01
40: 7.944e-01
41: 1.075e+00
42: 8.057e-01
43: 6.552e-01
44: 9.202e-01
45: 9.252e-01
46: 8.648e-01
47: 9.082e-01
48: 1.045e+00
49: 8.630e-01
50: 8.683e-01
51: 8.155e-01
52: 9.097e-01
53: 6.700e-01
54: 6.384e-01
55: 1.185e+00
56: 1.164e+00
57: 7.234e-01
58: 9.179e-01
59: 6.762e-01
60: 5.515e-01
61: 5.318e-01
62: 7.626e-01
63: 8.121e-01
64: 8.323e-01
65: 7.315e-01
66: 6.845e-01
67: 8.019e-01
68: 9.759e-01
69: 8.123e-01
70: 7.337e-01
71: 9.166e-01
72: 5.800e-01
73: 1.095e+00
74: 6.434e-01
75: 5.732e-01
76: 6.925e-01
77: 7.721e-01
78: 1.002e+00
79: 7.671e-01
80: 9.134e-01
81: 7.527e-01
82: 8.543e-01
83: 7.104e-01
84: 7.185e-01
85: 9.178e-01
86: 9.320e-01
87: 6.077e-01
88: 6.556e-01
89: 7.573e-01
90: 8.485e-01
91: 1.013e+00
92: 9.173e-01
93: 5.795e-01
94: 7.705e-01
95: 8.352e-01
96: 8.300e-01
97: 3.882e-01
98: 8.377e-01
99: 5.737e-01
100: 6.996e-01
101: 6.678e-01
102: 8.715e-01
103: 8.695e-01
104: 7.317e-01
105: 9.401e-01
106: 7.297e-01
107: 1.043e+00
108: 8.293e-01
109: 6.861e-01
110: 7.197e-01
111: 8.996e-01
112: 8.596e-01
113: 6.118e-01
114: 8.413e-01
115: 8.725e-01
116: 9.420e-01
117: 7.243e-01
118: 7.403e-01
119: 9.264e-01
120: 1.084e+00
121: 1.122e+00
122: 8.130e-01
123: 8.598e-01
124: 5.861e-01
125: 7.706e-01
126: 3.988e-01
127: 8.218e-01
128: 8.481e-01
129: 8.484e-01
130: 6.927e-01
131: 8.359e-01
132: 8.643e-01
133: 7.404e-01
134: 5.584e-01
135: 7.048e-01
136: 8.676e-01
137: 5.107e-01
138: 9.770e-01
139: 7.896e-01
140: 7.143e-01
141: 7.706e-01
142: 8.609e-01
143: 7.194e-01
144: 6.869e-01
145: 6.937e-01
146: 8.009e-01
147: 7.756e-01
148: 9.243e-01
149: 9.455e-01
150: 8.837e-01
151: 6.238e-01
152: 7.432e-01
153: 9.398e-01
154: 7.892e-01
155: 8.749e-01
156: 6.174e-01
157: 9.343e-01
158: 9.388e-01
159: 8.712e-01
160: 9.390e-01
161: 6.593e-01
162: 6.920e-01
163: 6.534e-01
164: 7.933e-01
165: 9.072e-01
166: 9.679e-01
167: 7.132e-01
168: 7.655e-01
169: 8.068e-01
170: 9.773e-01
171: 1.005e+00
172: 8.816e-01
173: 8.439e-01
174: 7.243e-01
175: 8.480e-01
176: 9.082e-01
177: 8.214e-01
178: 9.005e-01
179: 6.145e-01
180: 7.708e-01
181: 9.258e-01
182: 7.524e-01
183: 1.035e+00
184: 8.552e-01
185: 9.475e-01
186: 7.536e-01
187: 4.030e-01
188: 6.868e-01
189: 8.872e-01
190: 8.003e-01
191: 6.238e-01
192: 8.505e-01
193: 9.700e-01
194: 7.962e-01
195: 7.664e-01
196: 1.004e+00
197: 7.820e-01
198: 8.039e-01
199: 8.797e-01
200: 8.938e-01
201: 1.001e+00
202: 8.571e-01
203: 9.908e-01
204: 8.606e-01
205: 6.493e-01
206: 8.242e-01
207: 9.373e-01
208: 9.726e-01
209: 9.429e-01
210: 8.475e-01
211: 7.406e-01
212: 7.605e-01
213: 7.659e-01
214: 6.598e-01
215: 7.649e-01
216: 8.849e-01
217: 9.897e-01
218: 1.010e+00
219: 6.425e-01
220: 3.459e-01
221: 9.384e-01
222: 6.469e-01
223: 8.654e-01
224: 8.480e-01
225: 4.719e-01
226: 6.417e-01
227: 7.529e-01
228: 8.522e-01
229: 9.813e-01
230: 7.420e-01
231: 7.095e-01
232: 7.452e-01
233: 7.567e-01
234: 8.597e-01
235: 1.006e+00
236: 8.994e-01
237: 8.406e-01
238: 9.014e-01
239: 8.366e-01
240: 6.965e-01
241: 8.688e-01
242: 8.926e-01
243: 7.276e-01
244: 8.096e-01
245: 4.631e-01
246: 8.499e-01
247: 8.356e-01
248: 9.501e-01
249: 9.669e-01
250: 7.141e-01
251: 6.469e-01
252: 9.425e-01
253: 6.414e-01
254: 6.960e-01
255: 5.460e-01
256: 8.080e-01
257: 9.973e-01
258: 7.085e-01
259: 6.662e-01
260: 6.178e-01
261: 8.351e-01
262: 8.895e-01
263: 7.036e-01
264: 6.032e-01
265: 8.551e-01
266: 7.119e-01
267: 6.082e-01
268: 5.058e-01
269: 8.157e-01
270: 9.345e-01
271: 6.155e-01
272: 9.383e-01
273: 7.621e-01
274: 8.345e-01
275: 7.002e-01
276: 1.104e+00
277: 9.588e-01
278: 9.261e-01
279: 8.460e-01
280: 9.722e-01
281: 7.849e-01
282: 7.752e-01
283: 9.881e-01
284: 9.063e-01
285: 9.969e-01
286: 1.006e+00
287: 7.497e-01
288: 8.125e-01
289: 7.285e-01
290: 7.859e-01
291: 9.468e-01
292: 8.642e-01
293: 1.025e+00
294: 6.952e-01
295: 7.584e-01
296: 9.225e-01
297: 7.390e-01
298: 7.328e-01
299: 7.262e-01
300: 7.640e-01
301: 9.948e-01
302: 8.524e-01
303: 8.200e-01
304: 5.726e-01
305: 1.099e+00
306: 5.883e-01
307: 9.173e-01
308: 8.319e-01
309: 9.972e-01
310: 9.588e-01
311: 8.341e-01
312: 8.297e-01
313: 1.070e+00
314: 8.609e-01
315: 8.636e-01
316: 5.858e-01
317: 1.004e+00
318: 9.401e-01
319: 5.656e-01
320: 1.112e+00
321: 8.663e-01
322: 9.477e-01
323: 8.614e-01
324: 5.587e-01
325: 7.324e-01
326: 6.754e-01
327: 8.149e-01
328: 7.437e-01
329: 9.810e-01
330: 6.968e-01
331: 6.777e-01
332: 6.739e-01
333: 7.278e-01
334: 9.561e-01
335: 9.790e-01
336: 7.501e-01
337: 6.572e-01
338: 8.692e-01
339: 8.911e-01
340: 6.650e-01
341: 5.713e-01
342: 8.193e-01
343: 9.153e-01
344: 6.896e-01
345: 1.125e+00
346: 8.168e-01
347: 6.398e-01
348: 6.778e-01
349: 5.903e-01
350: 9.802e-01
351: 7.412e-01
352: 7.155e-01
353: 8.548e-01
354: 7.955e-01
355: 8.777e-01
356: 7.542e-01
357: 4.805e-01
358: 1.035e+00
359: 9.838e-01
360: 8.666e-01
361: 9.788e-01
362: 9.356e-01
363: 7.208e-01
364: 9.939e-01
365: 6.722e-01
366: 7.810e-01
367: 1.154e+00
368: 6.697e-01
369: 9.944e-01
370: 8.345e-01
371: 8.266e-01
372: 7.814e-01
373: 1.181e+00
374: 6.353e-01
375: 7.210e-01
376: 7.161e-01
377: 7.916e-01
378: 7.929e-01
379: 4.675e-01
380: 6.688e-01
381: 1.053e+00
382: 7.271e-01
383: 8.251e-01
384: 9.096e-01
385: 6.924e-01
386: 6.369e-01
387: 1.029e+00
388: 1.007e+00
389: 7.003e-01
390: 7.428e-01
391: 7.209e-01
392: 8.150e-01
393: 6.724e-01
394: 4.886e-01
395: 7.592e-01
396: 6.088e-01
397: 8.583e-01
398: 7.416e-01
399: 8.683e-01
400: 7.330e-01
401: 9.114e-01
402: 7.750e-01
403: 6.631e-01
404: 9.311e-01
405: 5.959e-01
406: 8.216e-01
407: 7.620e-01
408: 7.550e-01
409: 9.984e-01
410: 9.452e-01
411: 1.146e+00
412: 8.801e-01
413: 7.207e-01
414: 7.116e-01
415: 5.992e-01
416: 7.911e-01
417: 7.200e-01
418: 9.547e-01
419: 7.599e-01
420: 5.960e-01
421: 9.728e-01
422: 7.454e-01
423: 8.800e-01
424: 7.771e-01
425: 5.128e-01
426: 8.521e-01
427: 9.063e-01
428: 6.602e-01
429: 7.752e-01
430: 6.793e-01
431: 8.641e-01
432: 7.703e-01
433: 7.009e-01
434: 8.970e-01
435: 7.371e-01
436: 5.121e-01
437: 8.241e-01
438: 9.095e-01
439: 7.539e-01
440: 7.161e-01
441: 6.518e-01
442: 8.618e-01
443: 6.710e-01
444: 7.732e-01
445: 7.346e-01
446: 7.055e-01
447: 8.777e-01
448: 8.851e-01
449: 8.003e-01
450: 7.743e-01
451: 8.079e-01
452: 5.552e-01
453: 7.831e-01
454: 5.682e-01
455: 7.772e-01
456: 8.896e-01
457: 7.186e-01
458: 8.430e-01
459: 6.811e-01
460: 5.096e-01
461: 8.609e-01
462: 7.927e-01
463: 7.438e-01
464: 9.126e-01
465: 8.114e-01
466: 9.811e-01
467: 8.833e-01
468: 8.942e-01
469: 9.951e-01
470: 1.026e+00
471: 8.243e-01
472: 7.974e-01
473: 9.976e-01
474: 7.139e-01
475: 7.610e-01
476: 8.855e-01
477: 7.571e-01
478: 6.526e-01
479: 8.104e-01
480: 7.522e-01
481: 8.174e-01
482: 7.897e-01
483: 8.074e-01
484: 1.151e+00
485: 8.373e-01
486: 8.792e-01
487: 6.974e-01
488: 9.579e-01
489: 9.615e-01
490: 7.788e-01
491: 7.092e-01
492: 1.122e+00
493: 8.260e-01
494: 7.033e-01
495: 7.290e-01
496: 6.476e-01
497: 9.042e-01
498: 9.604e-01
499: 1.018e+00
500: 6.931e-01
501: 9.526e-01
502: 9.840e-01
503: 7.828e-01
504: 7.619e-01
505: 7.288e-01
506: 9.895e-01
507: 7.208e-01
508: 1.291e+00
509: 1.128e+00
510: 5.527e-01
511: 9.103e-01
512: 7.183e-01
513: 8.543e-01
514: 9.463e-01
515: 1.022e+00
516: 7.528e-01
517: 8.286e-01
518: 8.471e-01
519: 8.840e-01
520: 6.291e-01
521: 9.038e-01
522: 9.013e-01
523: 7.785e-01
524: 8.597e-01
525: 6.371e-01
526: 8.814e-01
527: 7.235e-01
528: 7.095e-01
529: 6.608e-01
530: 7.302e-01
531: 6.999e-01
532: 3.194e-01
533: 7.442e-01
534: 7.300e-01
535: 7.642e-01
536: 7.284e-01
537: 9.047e-01
538: 8.610e-01
539: 7.545e-01
540: 7.994e-01
541: 9.430e-01
542: 7.658e-01
543: 1.002e+00
544: 8.293e-01
545: 5.509e-01
546: 8.755e-01
547: 8.140e-01
548: 8.149e-01
549: 7.623e-01
550: 9.527e-01
551: 1.038e+00
552: 7.776e-01
553: 7.251e-01
554: 9.617e-01
555: 7.867e-01
556: 7.566e-01
557: 6.903e-01
558: 7.571e-01
559: 8.033e-01
560: 8.611e-01
561: 8.594e-01
562: 8.319e-01
563: 7.724e-01
564: 7.706e-01
565: 8.581e-01
566: 9.260e-01
567: 7.054e-01
568: 7.973e-01
569: 8.047e-01
570: 9.648e-01
571: 8.457e-01
572: 8.067e-01
573: 7.877e-01
574: 7.880e-01
575: 7.247e-01
576: 1.030e+00
577: 5.532e-01
578: 1.004e+00
579: 8.863e-01
580: 7.837e-01
581: 5.931e-01
582: 8.072e-01
583: 9.745e-01
584: 6.937e-01
585: 7.664e-01
586: 9.260e-01
587: 5.998e-01
588: 5.572e-01
589: 7.407e-01
590: 9.289e-01
591: 9.174e-01
592: 7.209e-01
593: 6.487e-01
594: 8.760e-01
595: 6.522e-01
596: 6.259e-01
597: 9.035e-01
598: 8.007e-01
599: 7.212e-01
600: 8.559e-01
601: 5.445e-01
602: 6.811e-01
603: 7.741e-01
604: 8.189e-01
605: 1.113e+00
606: 9.216e-01
607: 8.768e-01
608: 8.025e-01
609: 1.164e+00
610: 5.141e-01
611: 7.968e-01
612: 8.519e-01
613: 9.158e-01
614: 5.449e-01
615: 1.092e+00
616: 7.173e-01
617: 6.904e-01
618: 8.418e-01
619: 7.183e-01
620: 1.055e+00
621: 6.954e-01
622: 5.592e-01
623: 9.819e-01
624: 7.449e-01
625: 7.731e-01
626: 7.399e-01
627: 5.451e-01
628: 4.270e-01
629: 9.657e-01
630: 7.899e-01
631: 7.247e-01
632: 7.641e-01
633: 9.246e-01
634: 8.370e-01
635: 6.681e-01
636: 8.131e-01
637: 8.129e-01
638: 7.501e-01
639: 7.537e-01
640: 7.215e-01
641: 9.981e-01
642: 7.965e-01
643: 1.011e+00
644: 4.696e-01
645: 8.543e-01
646: 1.140e+00
647: 6.536e-01
648: 8.299e-01
649: 9.194e-01
650: 7.696e-01
651: 1.006e+00
652: 5.988e-01
653: 7.806e-01
654: 8.713e-01
655: 8.440e-01
656: 8.541e-01
657: 6.897e-01
658: 7.416e-01
659: 6.804e-01
660: 6.687e-01
661: 1.002e+00
662: 7.299e-01
663: 7.912e-01
664: 1.007e+00
665: 9.618e-01
666: 1.108e+00
667: 5.921e-01
668: 8.071e-01
669: 8.908e-01
670: 6.088e-01
671: 7.116e-01
672: 1.012e+00
673: 8.309e-01
674: 7.796e-01
675: 9.260e-01
676: 9.056e-01
677: 9.294e-01
678: 7.466e-01
679: 8.375e-01
680: 6.684e-01
681: 8.370e-01
682: 1.050e+00
683: 7.186e-01
684: 8.201e-01
685: 9.231e-01
686: 7.615e-01
687: 6.141e-01
688: 8.487e-01
689: 7.570e-01
690: 6.979e-01
691: 9.838e-01
692: 5.661e-01
693: 6.779e-01
694: 6.514e-01
695: 6.821e-01
696: 7.215e-01
697: 7.288e-01
698: 5.998e-01
699: 8.782e-01
700: 1.123e+00
701: 5.945e-01
702: 7.200e-01
703: 1.060e+00
704: 1.016e+00
705: 7.850e-01
706: 9.162e-01
707: 9.081e-01
708: 7.981e-01
709: 7.882e-01
710: 1.050e+00
711: 8.126e-01
712: 7.585e-01
713: 5.926e-01
714: 9.468e-01
715: 7.868e-01
716: 8.452e-01
717: 5.119e-01
718: 9.253e-01
719: 9.010e-01
720: 9.694e-01
721: 6.761e-01
722: 8.068e-01
723: 8.868e-01
724: 8.158e-01
725: 9.139e-01
726: 1.011e+00
727: 8.978e-01
728: 7.372e-01
729: 6.317e-01
730: 6.929e-01
731: 8.463e-01
732: 7.109e-01
733: 8.007e-01
734: 8.521e-01
735: 9.755e-01
736: 7.630e-01
737: 9.056e-01
738: 6.681e-01
739: 8.505e-01
740: 9.985e-01
741: 5.934e-01
742: 7.791e-01
743: 7.206e-01
744: 9.486e-01
745: 4.957e-01
746: 9.184e-01
747: 7.316e-01
748: 1.039e+00
749: 6.695e-01
750: 6.117e-01
751: 6.475e-01
752: 8.774e-01
753: 1.078e+00
754: 9.849e-01
755: 8.666e-01
756: 9.587e-01
757: 6.700e-01
758: 6.367e-01
759: 8.712e-01
760: 1.050e+00
761: 6.991e-01
762: 7.346e-01
763: 8.837e-01
764: 6.559e-01
765: 9.889e-01
766: 8.789e-01
767: 9.427e-01
768: 5.819e-01
769: 5.391e-01
770: 8.420e-01
771: 8.443e-01
772: 6.591e-01
773: 8.399e-01
774: 7.501e-01
775: 8.900e-01
776: 8.006e-01
777: 9.147e-01
778: 1.088e+00
779: 7.354e-01
780: 6.751e-01
781: 7.637e-01
782: 8.000e-01
783: 6.882e-01
784: 8.146e-01
785: 6.046e-01
786: 6.744e-01
787: 5.752e-01
788: 1.007e+00
789: 7.426e-01
790: 6.304e-01
791: 1.148e+00
792: 9.041e-01
793: 7.599e-01
794: 7.145e-01
795: 8.137e-01
796: 8.012e-01
797: 9.412e-01
798: 8.970e-01
799: 7.900e-01
800: 7.966e-01
801: 8.721e-01
802: 8.890e-01
803: 7.308e-01
804: 6.327e-01
805: 8.361e-01
806: 7.944e-01
807: 8.530e-01
808: 7.237e-01
809: 5.123e-01
810: 7.899e-01
811: 7.531e-01
812: 1.000e+00
813: 7.001e-01
814: 6.745e-01
815: 9.053e-01
816: 6.870e-01
817: 7.126e-01
818: 5.859e-01
819: 8.445e-01
820: 7.106e-01
821: 7.849e-01
822: 6.050e-01
823: 1.004e+00
824: 6.837e-01
825: 7.930e-01
826: 9.685e-01
827: 9.216e-01
828: 8.460e-01
829: 6.909e-01
830: 5.651e-01
831: 8.960e-01
832: 8.471e-01
833: 8.154e-01
834: 9.378e-01
835: 6.076e-01
836: 7.876e-01
837: 8.744e-01
838: 1.003e+00
839: 8.197e-01
840: 9.132e-01
841: 6.470e-01
842: 9.389e-01
843: 7.761e-01
844: 9.821e-01
845: 8.007e-01
846: 6.040e-01
847: 5.111e-01
848: 9.566e-01
849: 6.818e-01
850: 6.704e-01
851: 6.723e-01
852: 6.010e-01
853: 1.071e+00
854: 7.618e-01
855: 7.499e-01
856: 4.425e-01
857: 7.537e-01
858: 6.698e-01
859: 9.041e-01
860: 7.825e-01
861: 7.947e-01
862: 8.695e-01
863: 7.884e-01
864: 1.044e+00
865: 8.053e-01
866: 7.029e-01
867: 8.057e-01
868: 6.284e-01
869: 5.599e-01
870: 8.069e-01
871: 9.334e-01
872: 7.632e-01
873: 8.448e-01
874: 9.584e-01
875: 7.832e-01
876: 6.410e-01
877: 8.673e-01
878: 8.477e-01
879: 9.196e-01
880: 7.109e-01
881: 7.734e-01
882: 7.954e-01
883: 8.582e-01
884: 8.863e-01
885: 7.634e-01
886: 7.866e-01
887: 5.589e-01
888: 7.673e-01
889: 9.540e-01
890: 7.581e-01
891: 8.252e-01
892: 9.166e-01
893: 8.044e-01
894: 8.091e-01
895: 9.333e-01
896: 7.714e-01
897: 6.497e-01
898: 8.772e-01
899: 6.760e-01
900: 8.122e-01
901: 7.962e-01
902: 9.128e-01
903: 8.113e-01
904: 1.038e+00
905: 7.010e-01
906: 8.074e-01
907: 5.211e-01
908: 5.520e-01
909: 8.729e-01
910: 9.572e-01
911: 5.215e-01
912: 1.009e+00
913: 9.500e-01
914: 8.253e-01
915: 5.506e-01
916: 9.724e-01
917: 7.909e-01
918: 1.073e+00
919: 8.965e-01
920: 9.912e-01
921: 6.401e-01
922: 7.532e-01
923: 6.756e-01
924: 9.144e-01
925: 6.544e-01
926: 6.711e-01
927: 7.690e-01
928: 6.358e-01
929: 7.699e-01
930: 7.531e-01
931: 8.176e-01
932: 6.469e-01
933: 6.830e-01
934: 6.736e-01
935: 6.358e-01
936: 8.388e-01
937: 7.223e-01
938: 7.259e-01
939: 7.895e-01
940: 7.374e-01
941: 9.629e-01
942: 7.967e-01
943: 8.314e-01
944: 4.676e-01
945: 7.649e-01
946: 7.188e-01
947: 8.868e-01
948: 7.650e-01
949: 7.672e-01
950: 7.694e-01
951: 7.012e-01
952: 9.485e-01
953: 7.890e-01
954: 8.751e-01
955: 8.353e-01
956: 7.838e-01
957: 7.648e-01
958: 6.276e-01
959: 8.070e-01
960: 7.176e-01
961: 9.226e-01
962: 6.732e-01
963: 8.899e-01
964: 7.432e-01
965: 6.394e-01
966: 6.840e-01
967: 8.704e-01
968: 7.642e-01
969: 7.179e-01
970: 7.292e-01
971: 7.101e-01
972: 8.730e-01
973: 8.136e-01
974: 5.886e-01
975: 8.387e-01
976: 8.065e-01
977: 8.066e-01
978: 6.010e-01
979: 8.768e-01
980: 6.823e-01
981: 9.749e-01
982: 6.900e-01
983: 7.038e-01
984: 7.569e-01
985: 4.991e-01
986: 8.233e-01
987: 7.674e-01
988: 8.872e-01
989: 6.738e-01
990: 1.055e+00
991: 9.056e-01
992: 7.877e-01
993: 8.148e-01
994: 6.802e-01
995: 8.809e-01
996: 9.727e-01
997: 6.880e-01
998: 7.441e-01
999: 6.320e-01
1000: 7.693e-01
1001: 8.256e-01
1002: 9.240e-01
1003: 9.786e-01
1004: 7.656e-01
1005: 8.344e-01
1006: 7.462e-01
1007: 7.445e-01
1008: 7.695e-01
1009: 6.318e-01
1010: 6.822e-01
1011: 8.166e-01
1012: 9.548e-01
1013: 7.505e-01
1014: 7.875e-01
1015: 6.799e-01
1016: 8.493e-01
1017: 9.511e-01
1018: 7.597e-01
1019: 7.885e-01
1020: 7.571e-01
1021: 8.393e-01
1022: 9.343e-01
1023: 6.951e-01
1024: 7.342e-01
1025: 5.900e-01
1026: 7.152e-01
1027: 6.670e-01
1028: 6.947e-01
1029: 6.365e-01
1030: 8.172e-01
1031: 7.296e-01
1032: 8.201e-01
1033: 6.138e-01
1034: 8.672e-01
1035: 8.751e-01
1036: 9.207e-01
1037: 8.740e-01
1038: 4.490e-01
1039: 9.295e-01
1040: 9.116e-01
1041: 7.784e-01
1042: 6.449e-01
1043: 8.072e-01
1044: 9.550e-01
1045: 7.117e-01
1046: 7.243e-01
1047: 5.542e-01
1048: 8.371e-01
1049: 9.530e-01
1050: 5.570e-01
1051: 9.449e-01
1052: 8.470e-01
1053: 9.194e-01
1054: 9.332e-01
1055: 8.036e-01
1056: 8.341e-01
1057: 1.121e+00
1058: 6.309e-01
1059: 8.841e-01
1060: 7.287e-01
1061: 7.495e-01
1062: 9.294e-01
1063: 7.983e-01
1064: 8.396e-01
1065: 9.746e-01
1066: 7.339e-01
1067: 8.492e-01
1068: 7.556e-01
1069: 5.825e-01
1070: 6.579e-01
1071: 7.990e-01
1072: 8.816e-01
1073: 6.784e-01
1074: 7.527e-01
1075: 9.212e-01
1076: 6.181e-01
1077: 9.282e-01
1078: 1.021e+00
1079: 9.492e-01
1080: 7.023e-01
1081: 6.774e-01
1082: 5.589e-01
1083: 7.966e-01
1084: 1.051e+00
1085: 8.901e-01
1086: 7.678e-01
1087: 9.339e-01
1088: 8.036e-01
1089: 7.452e-01
1090: 7.641e-01
1091: 8.390e-01
1092: 5.279e-01
1093: 6.309e-01
1094: 6.778e-01
1095: 7.693e-01
1096: 8.700e-01
1097: 1.079e+00
1098: 6.023e-01
1099: 8.253e-01
1100: 8.916e-01
1101: 7.103e-01
1102: 9.004e-01
1103: 7.275e-01
1104: 7.725e-01
1105: 7.804e-01
1106: 8.068e-01
1107: 1.047e+00
1108: 8.960e-01
1109: 1.117e+00
1110: 5.123e-01
1111: 6.175e-01
1112: 9.678e-01
1113: 5.438e-01
1114: 6.865e-01
1115: 8.775e-01
1116: 7.582e-01
1117: 7.215e-01
1118: 8.015e-01
1119: 8.464e-01
1120: 1.144e+00
1121: 8.473e-01
1122: 8.587e-01
1123: 7.784e-01
1124: 5.665e-01
1125: 6.876e-01
1126: 8.175e-01
1127: 7.599e-01
1128: 7.105e-01
1129: 7.185e-01
1130: 8.959e-01
1131: 9.257e-01
1132: 8.352e-01
1133: 8.816e-01
1134: 7.233e-01
1135: 8.814e-01
1136: 8.890e-01
1137: 5.594e-01
1138: 7.631e-01
1139: 8.080e-01
1140: 6.386e-01
1141: 7.229e-01
1142: 8.393e-01
1143: 7.295e-01
1144: 8.291e-01
1145: 7.530e-01
1146: 7.486e-01
1147: 7.172e-01
1148: 6.601e-01
1149: 8.479e-01
1150: 9.427e-01
1151: 6.432e-01
1152: 6.728e-01
1153: 9.317e-01
1154: 7.384e-01
1155: 8.442e-01
1156: 7.105e-01
1157: 5.972e-01
1158: 7.097e-01
1159: 1.116e+00
1160: 5.403e-01
1161: 5.984e-01
1162: 5.897e-01
1163: 7.706e-01
1164: 1.023e+00
1165: 9.230e-01
1166: 5.864e-01
1167: 8.161e-01
1168: 6.067e-01
1169: 5.997e-01
1170: 8.522e-01
1171: 9.526e-01
1172: 7.994e-01
1173: 7.643e-01
1174: 6.280e-01
1175: 6.877e-01
1176: 6.792e-01
1177: 8.059e-01
1178: 5.618e-01
1179: 6.834e-01
1180: 6.957e-01
1181: 8.362e-01
1182: 6.421e-01
1183: 7.945e-01
1184: 6.156e-01
1185: 9.192e-01
1186: 5.393e-01
1187: 9.200e-01
1188: 8.845e-01
1189: 7.904e-01
1190: 7.721e-01
1191: 8.859e-01
1192: 8.780e-01
1193: 6.854e-01
1194: 8.167e-01
1195: 9.153e-01
1196: 6.877e-01
1197: 7.151e-01
1198: 9.912e-01
1199: 1.075e+00
1200: 9.551e-01
1201: 8.751e-01
1202: 7.546e-01
1203: 1.020e+00
1204: 8.797e-01
1205: 7.476e-01
1206: 8.459e-01
1207: 8.028e-01
1208: 6.767e-01
1209: 7.173e-01
1210: 7.644e-01
1211: 6.830e-01
1212: 6.917e-01
1213: 7.434e-01
1214: 6.907e-01
1215: 9.480e-01
1216: 5.700e-01
1217: 6.512e-01
1218: 1.040e+00
1219: 9.421e-01
1220: 8.895e-01
1221: 7.388e-01
1222: 5.135e-01
1223: 1.003e+00
1224: 6.722e-01
1225: 6.254e-01
1226: 8.518e-01
1227: 7.988e-01
1228: 9.160e-01
1229: 9.555e-01
1230: 9.572e-01
1231: 8.004e-01
1232: 9.292e-01
1233: 9.215e-01
1234: 9.036e-01
1235: 8.164e-01
1236: 7.148e-01
1237: 8.922e-01
1238: 9.235e-01
1239: 8.193e-01
1240: 9.393e-01
1241: 8.846e-01
1242: 9.528e-01
1243: 9.067e-01
1244: 6.031e-01
1245: 8.099e-01
1246: 6.892e-01
1247: 7.260e-01
1248: 8.953e-01
1249: 5.922e-01
1250: 8.825e-01
1251: 8.567e-01
1252: 1.081e+00
1253: 5.366e-01
1254: 6.479e-01
1255: 9.246e-01
1256: 4.624e-01
1257: 9.579e-01
1258: 7.846e-01
1259: 7.403e-01
1260: 7.091e-01
1261: 7.234e-01
1262: 9.285e-01
1263: 7.647e-01
1264: 6.188e-01
1265: 8.794e-01
1266: 7.194e-01
1267: 6.251e-01
1268: 7.592e-01
1269: 9.327e-01
1270: 1.051e+00
1271: 5.261e-01
1272: 8.086e-01
1273: 1.140e+00
1274: 8.678e-01
1275: 7.309e-01
1276: 7.214e-01
1277: 6.850e-01
1278: 6.713e-01
1279: 7.981e-01
1280: 7.654e-01
1281: 7.955e-01
1282: 8.925e-01
1283: 6.439e-01
1284: 6.809e-01
1285: 8.834e-01
1286: 4.829e-01
1287: 7.294e-01
1288: 7.574e-01
1289: 1.201e+00
1290: 7.786e-01
1291: 6.396e-01
1292: 9.386e-01
1293: 7.719e-01
1294: 7.892e-01
1295: 8.846e-01
1296: 8.463e-01
1297: 7.731e-01
1298: 7.237e-01
1299: 7.192e-01
1300: 8.580e-01
1301: 8.008e-01
1302: 6.038e-01
1303: 7.644e-01
1304: 1.076e+00
1305: 5.960e-01
1306: 7.939e-01
1307: 9.710e-01
1308: 7.968e-01
1309: 8.320e-01
1310: 7.197e-01
1311: 9.529e-01
1312: 7.014e-01
1313: 8.422e-01
1314: 7.660e-01
1315: 9.194e-01
1316: 5.520e-01
1317: 6.881e-01
1318: 8.512e-01
1319: 8.508e-01
1320: 7.298e-01
1321: 5.186e-01
1322: 8.361e-01
1323: 8.296e-01
1324: 7.227e-01
1325: 9.069e-01
1326: 7.772e-01
1327: 7.568e-01
1328: 7.256e-01
1329: 6.766e-01
1330: 7.155e-01
1331: 6.926e-01
1332: 7.986e-01
1333: 7.492e-01
1334: 9.864e-01
1335: 7.425e-01
1336: 7.741e-01
1337: 1.018e+00
1338: 8.675e-01
1339: 9.129e-01
1340: 6.344e-01
1341: 5.657e-01
1342: 8.850e-01
1343: 6.196e-01
1344: 7.914e-01
1345: 6.769e-01
1346: 7.504e-01
1347: 1.049e+00
1348: 9.143e-01
1349: 7.879e-01
1350: 8.385e-01
1351: 7.619e-01
1352: 6.473e-01
1353: 8.062e-01
1354: 7.999e-01
1355: 7.265e-01
1356: 6.415e-01
1357: 5.126e-01
1358: 7.531e-01
1359: 8.436e-01
1360: 7.613e-01
1361: 7.280e-01
1362: 7.210e-01
1363: 8.423e-01
1364: 7.547e-01
1365: 7.544e-01
1366: 8.016e-01
1367: 6.635e-01
1368: 9.142e-01
1369: 8.359e-01
1370: 8.080e-01
1371: 7.715e-01
1372: 7.075e-01
1373: 8.009e-01
1374: 7.293e-01
1375: 9.617e-01
1376: 8.354e-01
1377: 7.571e-01
1378: 6.048e-01
1379: 5.957e-01
1380: 8.513e-01
1381: 9.111e-01
1382: 7.929e-01
1383: 9.638e-01
1384: 9.486e-01
1385: 6.400e-01
1386: 9.630e-01
1387: 7.183e-01
1388: 9.321e-01
1389: 7.222e-01
1390: 1.152e+00
1391: 9.197e-01
1392: 6.472e-01
1393: 8.528e-01
1394: 7.525e-01
1395: 6.643e-01
1396: 8.083e-01
1397: 7.194e-01
1398: 7.576e-01
1399: 4.151e-01
1400: 7.300e-01
1401: 7.175e-01
1402: 7.985e-01
1403: 5.945e-01
1404: 8.033e-01
1405: 1.091e+00
1406: 8.815e-01
1407: 9.144e-01
1408: 6.057e-01
1409: 7.571e-01
1410: 8.360e-01
1411: 1.002e+00
1412: 7.068e-01
1413: 7.499e-01
1414: 7.206e-01
1415: 9.643e-01
1416: 8.317e-01
1417: 6.820e-01
1418: 6.844e-01
1419: 1.186e+00
1420: 1.070e+00
1421: 1.033e+00
1422: 8.482e-01
1423: 8.071e-01
1424: 7.210e-01
1425: 4.420e-01
1426: 6.758e-01
1427: 7.935e-01
1428: 6.849e-01
1429: 5.616e-01
1430: 6.917e-01
1431: 8.084e-01
1432: 9.422e-01
1433: 8.030e-01
1434: 7.588e-01
1435: 8.699e-01
1436: 8.690e-01
1437: 6.693e-01
1438: 9.121e-01
1439: 1.088e+00
1440: 7.290e-01
1441: 8.721e-01
1442: 7.288e-01
1443: 8.000e-01
1444: 8.284e-01
1445: 8.019e-01
1446: 8.452e-01
1447: 7.670e-01
1448: 8.151e-01
1449: 7.988e-01
1450: 8.360e-01
1451: 4.807e-01
1452: 7.853e-01
1453: 5.556e-01
1454: 7.322e-01
1455: 8.131e-01
1456: 7.960e-01
1457: 8.775e-01
1458: 5.585e-01
1459: 9.338e-01
1460: 6.967e-01
1461: 1.043e+00
1462: 7.635e-01
1463: 8.043e-01
1464: 9.643e-01
1465: 7.220e-01
1466: 7.181e-01
1467: 9.092e-01
1468: 1.035e+00
1469: 8.368e-01
1470: 9.270e-01
1471: 7.441e-01
1472: 7.978e-01
1473: 9.933e-01
1474: 8.822e-01
1475: 7.616e-01
1476: 7.990e-01
1477: 7.218e-01
1478: 7.646e-01
1479: 5.571e-01
1480: 8.933e-01
1481: 7.513e-01
1482: 5.639e-01
1483: 7.677e-01
1484: 7.187e-01
1485: 6.378e-01
1486: 8.486e-01
1487: 8.820e-01
1488: 7.654e-01
1489: 8.796e-01
1490: 8.733e-01
1491: 9.265e-01
1492: 8.880e-01
1493: 7.289e-01
1494: 8.841e-01
1495: 7.120e-01
1496: 7.177e-01
1497: 7.624e-01
1498: 6.408e-01
1499: 7.213e-01
1500: 7.150e-01
1501: 8.424e-01
1502: 8.051e-01
1503: 6.062e-01
1504: 8.732e-01
1505: 7.611e-01
1506: 7.543e-01
1507: 8.083e-01
1508: 5.533e-01
1509: 6.027e-01
1510: 9.575e-01
1511: 7.420e-01
1512: 7.190e-01
1513: 9.475e-01
1514: 5.996e-01
1515: 6.393e-01
1516: 9.388e-01
1517: 7.384e-01
1518: 5.600e-01
1519: 8.228e-01
1520: 9.538e-01
1521: 9.341e-01
1522: 7.677e-01
1523: 9.194e-01
1524: 7.546e-01
1525: 5.588e-01
1526: 8.343e-01
1527: 8.378e-01
1528: 8.046e-01
1529: 8.364e-01
1530: 9.258e-01
1531: 1.083e+00
1532: 8.933e-01
1533: 9.712e-01
1534: 1.041e+00
1535: 7.201e-01
1536: 7.596e-01
1537: 7.888e-01
1538: 6.766e-01
1539: 8.475e-01
1540: 6.841e-01
1541: 7.734e-01
1542: 7.697e-01
1543: 7.258e-01
1544: 9.204e-01
1545: 6.809e-01
1546: 7.707e-01
1547: 8.891e-01
1548: 8.012e-01
1549: 5.170e-01
1550: 8.518e-01
1551: 8.323e-01
1552: 1.030e+00
1553: 8.434e-01
1554: 6.869e-01
1555: 8.823e-01
1556: 7.699e-01
1557: 7.694e-01
1558: 6.857e-01
1559: 6.822e-01
1560: 7.782e-01
1561: 1.047e+00
1562: 8.282e-01
1563: 7.325e-01
1564: 7.635e-01
1565: 1.015e+00
1566: 6.768e-01
1567: 9.242e-01
1568: 1.078e+00
1569: 7.241e-01
1570: 9.204e-01
1571: 8.432e-01
1572: 8.082e-01
1573: 5.762e-01
1574: 1.076e+00
1575: 5.636e-01
1576: 8.017e-01
1577: 9.981e-01
1578: 6.400e-01
1579: 6.386e-01
1580: 8.781e-01
1581: 8.918e-01
1582: 5.242e-01
1583: 8.437e-01
1584: 6.449e-01
1585: 9.218e-01
1586: 8.394e-01
1587: 7.647e-01
1588: 6.765e-01
1589: 9.647e-01
1590: 7.613e-01
1591: 8.421e-01
1592: 1.178e+00
1593: 8.296e-01
1594: 6.776e-01
1595: 9.643e-01
1596: 6.132e-01
1597: 7.911e-01
1598: 9.299e-01
1599: 7.622e-01
1600: 7.315e-01
1601: 5.995e-01
1602: 8.472e-01
1603: 8.433e-01
1604: 1.082e+00
1605: 8.202e-01
1606: 7.935e-01
1607: 7.280e-01
1608: 9.585e-01
1609: 5.218e-01
1610: 9.239e-01
1611: 8.770e-01
1612: 7.611e-01
1613: 6.713e-01
1614: 7.155e-01
1615: 7.559e-01
1616: 6.708e-01
1617: 8.079e-01
1618: 7.907e-01
1619: 6.409e-01
1620: 8.041e-01
1621: 9.642e-01
1622: 7.967e-01
1623: 9.128e-01
1624: 9.123e-01
1625: 8.422e-01
1626: 6.767e-01
1627: 8.510e-01
1628: 9.926e-01
1629: 9.746e-01
1630: 1.052e+00
1631: 7.718e-01
1632: 6.491e-01
1633: 7.573e-01
1634: 8.457e-01
1635: 9.709e-01
1636: 5.764e-01
1637: 9.137e-01
1638: 8.344e-01
1639: 1.018e+00
1640: 6.870e-01
1641: 8.350e-01
1642: 7.558e-01
1643: 8.699e-01
1644: 7.577e-01
1645: 8.483e-01
1646: 7.671e-01
1647: 8.386e-01
1648: 8.425e-01
1649: 8.390e-01
1650: 7.300e-01
1651: 7.621e-01
1652: 4.853e-01
1653: 9.743e-01
1654: 1.145e+00
1655: 8.454e-01
1656: 7.716e-01
1657: 8.463e-01
1658: 7.224e-01
1659: 7.100e-01
1660: 5.329e-01
1661: 9.268e-01
1662: 8.041e-01
1663: 6.826e-01
1664: 6.731e-01
1665: 8.826e-01
1666: 6.126e-01
1667: 6.604e-01
1668: 6.750e-01
1669: 8.884e-01
1670: 8.285e-01
1671: 6.349e-01
1672: 7.769e-01
1673: 6.430e-01
1674: 7.602e-01
1675: 6.430e-01
1676: 6.839e-01
1677: 8.010e-01
1678: 7.271e-01
1679: 6.813e-01
1680: 5.987e-01
1681: 5.553e-01
1682: 7.174e-01
1683: 1.013e+00
1684: 7.576e-01
1685: 8.038e-01
1686: 7.103e-01
1687: 8.041e-01
1688: 6.806e-01
1689: 8.474e-01
1690: 8.027e-01
1691: 6.801e-01
1692: 7.513e-01
1693: 8.105e-01
1694: 8.819e-01
1695: 9.511e-01
1696: 7.589e-01
1697: 8.370e-01
1698: 6.470e-01
1699: 7.527e-01
1700: 5.978e-01
1701: 7.708e-01
1702: 8.001e-01
1703: 6.803e-01
1704: 7.475e-01
1705: 6.451e-01
1706: 9.187e-01
1707: 7.230e-01
1708: 7.677e-01
1709: 7.575e-01
1710: 6.339e-01
1711: 9.720e-01
1712: 7.651e-01
1713: 8.779e-01
1714: 8.823e-01
1715: 6.457e-01
1716: 7.661e-01
1717: 6.947e-01
1718: 6.815e-01
1719: 7.688e-01
1720: 7.543e-01
1721: 5.974e-01
1722: 8.321e-01
1723: 9.451e-01
1724: 9.248e-01
1725: 8.074e-01
1726: 7.154e-01
1727: 8.436e-01
1728: 5.135e-01
1729: 8.741e-01
1730: 6.893e-01
1731: 4.837e-01
1732: 7.152e-01
1733: 8.309e-01
1734: 9.575e-01
1735: 1.034e+00
1736: 8.645e-01
1737: 5.594e-01
1738: 9.161e-01
1739: 8.781e-01
1740: 8.784e-01
1741: 7.638e-01
1742: 8.365e-01
1743: 8.385e-01
1744: 7.614e-01
1745: 7.589e-01
1746: 8.509e-01
1747: 8.532e-01
1748: 6.441e-01
1749: 6.965e-01
1750: 6.824e-01
1751: 9.283e-01
1752: 6.353e-01
1753: 8.736e-01
1754: 8.437e-01
1755: 6.742e-01
1756: 5.579e-01
1757: 7.223e-01
1758: 8.853e-01
1759: 9.301e-01
1760: 6.834e-01
1761: 8.109e-01
1762: 8.156e-01
1763: 8.492e-01
1764: 6.753e-01
1765: 7.659e-01
1766: 7.684e-01
1767: 9.128e-01
1768: 1.153e+00
1769: 1.067e+00
1770: 8.143e-01
1771: 8.824e-01
1772: 1.089e+00
1773: 6.927e-01
1774: 6.388e-01
1775: 8.667e-01
1776: 7.916e-01
1777: 7.134e-01
1778: 8.832e-01
1779: 7.122e-01
1780: 5.600e-01
1781: 7.744e-01
1782: 6.425e-01
1783: 6.858e-01
1784: 8.557e-01
1785: 6.410e-01
1786: 6.058e-01
1787: 6.392e-01
1788: 8.893e-01
1789: 7.310e-01
1790: 8.265e-01
1791: 8.033e-01
1792: 8.883e-01
1793: 6.004e-01
1794: 7.156e-01
1795: 6.373e-01
1796: 7.528e-01
1797: 7.986e-01
1798: 6.488e-01
1799: 1.012e+00
1800: 7.418e-01
1801: 9.103e-01
1802: 7.283e-01
1803: 9.129e-01
1804: 1.004e+00
1805: 7.347e-01
1806: 8.899e-01
1807: 7.722e-01
1808: 8.763e-01
1809: 8.109e-01
1810: 6.791e-01
1811: 6.193e-01
1812: 5.628e-01
1813: 8.327e-01
1814: 1.088e+00
1815: 9.481e-01
1816: 7.300e-01
1817: 6.008e-01
1818: 6.849e-01
1819: 6.720e-01
1820: 8.918e-01
1821: 6.518e-01
1822: 7.551e-01
1823: 6.077e-01
1824: 6.495e-01
1825: 7.768e-01
1826: 8.404e-01
1827: 9.111e-01
1828: 8.037e-01
1829: 1.065e+00
1830: 6.425e-01
1831: 7.908e-01
1832: 7.221e-01
1833: 7.716e-01
1834: 1.047e+00
1835: 6.051e-01
1836: 5.945e-01
1837: 8.721e-01
1838: 1.020e+00
1839: 8.841e-01
1840: 8.081e-01
1841: 1.235e+00
1842: 6.192e-01
1843: 7.775e-01
1844: 8.941e-01
1845: 8.250e-01
1846: 8.425e-01
1847: 7.020e-01
1848: 8.483e-01
1849: 8.897e-01
1850: 7.135e-01
1851: 7.813e-01
1852: 7.774e-01
1853: 8.010e-01
1854: 9.583e-01
1855: 9.306e-01
1856: 7.531e-01
1857: 6.270e-01
1858: 9.607e-01
1859: 3.999e-01
1860: 7.110e-01
1861: 1.144e+00
1862: 7.812e-01
1863: 7.227e-01
1864: 6.200e-01
1865: 8.697e-01
1866: 9.221e-01
1867: 5.489e-01
1868: 7.618e-01
1869: 5.441e-01
1870: 9.872e-01
1871: 9.995e-01
1872: 7.648e-01
1873: 9.599e-01
1874: 7.647e-01
1875: 8.808e-01
1876: 7.736e-01
1877: 5.906e-01
1878: 7.935e-01
1879: 8.202e-01
1880: 7.223e-01
1881: 5.579e-01
1882: 7.286e-01
1883: 6.006e-01
1884: 8.039e-01
1885: 8.039e-01
1886: 6.167e-01
1887: 8.405e-01
1888: 8.244e-01
1889: 7.945e-01
1890: 6.824e-01
1891: 6.627e-01
1892: 9.617e-01
1893: 7.438e-01
1894: 1.031e+00
1895: 5.718e-01
1896: 7.143e-01
1897: 9.160e-01
1898: 6.356e-01
1899: 6.248e-01
1900: 6.016e-01
1901: 8.207e-01
1902: 7.003e-01
1903: 9.759e-01
1904: 5.383e-01
1905: 6.017e-01
1906: 9.759e-01
1907: 8.353e-01
1908: 8.229e-01
1909: 6.973e-01
1910: 1.041e+00
1911: 9.278e-01
1912: 6.706e-01
1913: 7.096e-01
1914: 7.160e-01
1915: 4.695e-01
1916: 7.980e-01
1917: 8.552e-01
1918: 5.910e-01
1919: 6.007e-01
1920: 6.500e-01
1921: 8.312e-01
1922: 1.023e+00
1923: 6.501e-01
1924: 7.395e-01
1925: 7.753e-01
1926: 7.256e-01
1927: 9.319e-01
1928: 6.891e-01
1929: 6.624e-01
1930: 8.396e-01
1931: 9.788e-01
1932: 7.684e-01
1933: 5.602e-01
1934: 7.943e-01
1935: 9.366e-01
1936: 7.618e-01
1937: 6.314e-01
1938: 7.790e-01
1939: 9.052e-01
1940: 7.885e-01
1941: 8.659e-01
1942: 5.199e-01
1943: 7.527e-01
1944: 5.917e-01
1945: 6.268e-01
1946: 6.187e-01
1947: 4.302e-01
1948: 6.793e-01
1949: 8.591e-01
1950: 4.859e-01
1951: 4.142e-01
1952: 4.613e-01
1953: 4.289e-01
1954: 0.000e+00
1955: 0.000e+00
1956: 1.002e+00
1957: 8.595e-01
1958: 9.042e-01
1959: 9.455e-01
1960: 6.740e-01
1961: 6.340e-01
1962: 8.209e-01
1963: 9.498e-01
1964: 6.587e-01
1965: 7.935e-01
1966: 8.222e-01
1967: 5.558e-01
1968: 8.865e-01
1969: 8.642e-01
1970: 7.615e-01
1971: 8.202e-01
1972: 7.485e-01
1973: 8.153e-01
1974: 7.232e-01
1975: 9.913e-01
1976: 8.148e-01
1977: 8.887e-01
1978: 7.297e-01
1979: 7.621e-01
1980: 5.217e-01
1981: 6.868e-01
1982: 6.713e-01
1983: 8.193e-01
1984: 7.485e-01
1985: 9.461e-01
1986: 6.715e-01
1987: 8.165e-01
1988: 7.865e-01
1989: 7.945e-01
1990: 8.554e-01
1991: 7.371e-01
1992: 1.078e+00
1993: 5.850e-01
1994: 8.363e-01
1995: 8.170e-01
1996: 8.216e-01
1997: 7.441e-01
1998: 8.279e-01
1999: 9.915e-01
2000: 8.405e-01
2001: 7.628e-01
2002: 7.515e-01
2003: 8.967e-01
2004: 6.524e-01
2005: 4.676e-01
2006: 7.807e-01
2007: 6.046e-01
2008: 9.080e-01
2009: 6.690e-01
2010: 5.869e-01
2011: 9.801e-01
2012: 8.880e-01
2013: 4.852e-01
2014: 6.573e-01
2015: 5.156e-01
2016: 8.594e-01
2017: 7.805e-01
2018: 6.953e-01
2019: 1.114e+00
2020: 8.022e-01
2021: 9.439e-01
2022: 6.910e-01
2023: 7.223e-01
2024: 9.582e-01
2025: 8.977e-01
2026: 6.658e-01
2027: 7.149e-01
2028: 6.616e-01
2029: 8.885e-01
2030: 7.060e-01
2031: 7.172e-01
2032: 6.546e-01
2033: 5.997e-01
2034: 3.914e-01
2035: 0.000e+00
2036: 0.000e+00
2037: 0.000e+00
2038: 5.331e-03
2039: 7.462e-02
2040: 5.395e-02
2041: 2.003e-01
2042: 5.105e-01
2043: 6.274e-01
2044: 7.574e-01
2045: 1.035e+00
2046: 6.301e-02
2047: 6.221e-02
2048: 2.169e-01
2049: 2.381e-01
2050: 2.985e-01
2051: 3.224e-02
2052: 4.623e-02
2053: 3.425e-03
2054: 9.937e-03
2055: 8.671e-01
2056: 8.244e-02
2057: 5.671e-01
2058: 5.748e-01
2059: 8.508e-01
2060: 4.856e-01
2061: 7.557e-01
2062: 7.904e-01
2063: 4.078e-01
2064: 3.714e-01
2065: 3.649e-01
2066: 8.988e-01
2067: 1.087e+00
2068: 2.914e-01
2069: 1.232e-01
2070: 6.086e-02
2071: 3.526e-02
2072: 6.457e-01
2073: 2.433e-01
2074: 6.426e-01
2075: 2.204e-01
2076: 9.690e-02
2077: 3.959e-01
2078: 3.245e-01
2079: 6.245e-01
2080: 8.277e-01
2081: 8.023e-01
2082: 6.405e-01
2083: 4.200e-02
2084: 2.047e-01
2085: 3.664e-01
2086: 4.204e-01
2087: 4.078e-01
2088: 3.605e-01
2089: 3.128e-01
2090: 6.273e-01
2091: 5.079e-01
2092: 1.059e+00
2093: 1.157e+00
2094: 6.834e-01
2095: 4.849e-01
2096: 7.636e-01
2097: 7.031e-01
2098: 6.160e-01
2099: 3.466e-01
2100: 9.518e-01
2101: 1.222e+00
2102: 6.290e-01
2103: 7.825e-01
2104: 2.962e-01
2105: 3.802e-01
2106: 2.124e-01
2107: 5.754e-01
2108: 2.066e+00
2109: 8.099e-01
2110: 8.227e-01
2111: 2.769e+00
2112: 4.924e-01
2113: 1.917e-01
2114: 1.941e-01
2115: 1.266e-01
2116: 1.456e+00
2117: 2.404e-01
2118: 1.586e+00
2119: 2.086e-01
2120: 1.332e-01
2121: 7.133e-02
2122: 8.177e-02
2123: 0.000e+00
2124: 1.103e-01
2125: 1.895e-01
2126: 8.002e-01
2127: 2.120e-01
2128: 2.804e-01
2129: 1.465e-01
2130: 2.224e-02
2131: 4.778e-01
2132: 6.405e-01
2133: 4.232e-01
2134: 3.016e-01
2135: 2.008e-01
2136: 3.491e-02
2137: 4.487e-02
2138: 3.121e-01
2139: 6.908e-01
2140: 3.132e-01
2141: 4.888e-01
2142: 2.477e-01
2143: 2.947e-01
2144: 4.831e-01
2145: 6.743e-01
2146: 3.433e-01
2147: 9.666e-02
2148: 1.363e-01
2149: 1.639e-01
2150: 1.077e-01
2151: 9.190e-02
2152: 5.968e-01
2153: 7.275e-01
2154: 5.608e-02
2155: 1.280e-01
2156: 2.061e-01
2157: 1.176e-01
2158: 4.993e-01
2159: 9.755e-02
2160: 7.102e-01
2161: 5.989e-02
2162: 1.601e-01
2163: 2.583e-01
2164: 3.574e-01
2165: 1.415e+00
2166: 1.525e-01
2167: 2.410e-01
2168: 4.036e-01
2169: 8.273e-01
2170: 2.623e-01
2171: 4.463e-01
2172: 9.830e-01
2173: 4.285e-01
2174: 1.072e-01
2175: 1.100e+00
2176: 4.982e-01
