1: 0.000e+00
2: 6.109e-01
3: 1.562e+00
4: 6.826e-02
5: 3.737e-01
6: 0.000e+00
7: 4.776e-01
8: 4.606e-01
9: 0.000e+00
10: 4.304e-01
11: 5.169e-01
12: 3.465e-01
13: 9.467e-01
14: 8.653e-01
15: 6.682e-01
16: 7.524e-01
17: 7.998e-01
18: 8.828e-01
19: 4.839e-01
20: 5.323e-01
21: 5.087e-01
22: 4.948e-01
23: 3.281e-01
24: 2.722e-01
25: 5.613e-01
26: 6.103e-01
27: 4.146e-01
28: 4.149e-01
29: 8.768e-01
30: 6.292e-01
31: 5.941e-01
32: 4.730e-01
33: 8.384e-01
34: 5.244e-01
35: 5.604e-01
36: 8.535e-01
37: 5.264e-01
38: 5.078e-01
39: 3.811e-01
40: 5.260e-01
41: 6.480e-01
42: 5.924e-01
43: 7.601e-01
44: 6.910e-01
45: 4.568e-01
46: 5.700e-01
47: 5.066e-01
48: 4.871e-01
49: 5.348e-01
50: 6.996e-01
51: 4.332e-01
52: 4.179e-01
53: 5.007e-01
54: 6.539e-01
55: 3.639e-01
56: 6.204e-01
57: 4.373e-01
58: 6.351e-01
59: 6.040e-01
60: 5.881e-01
61: 9.199e-01
62: 4.364e-01
63: 6.353e-01
64: 4.561e-01
65: 9.253e-01
66: 7.759e-01
67: 5.400e-01
68: 4.761e-01
69: 5.258e-01
70: 2.995e-01
71: 8.669e-01
72: 5.316e-01
73: 5.586e-01
74: 6.249e-01
75: 7.021e-01
76: 5.559e-01
77: 4.889e-01
78: 7.736e-01
79: 5.966e-01
80: 4.697e-01
81: 4.073e-01
82: 4.257e-01
83: 4.108e-01
84: 4.413e-01
85: 7.915e-01
86: 4.180e-01
87: 7.133e-01
88: 4.403e-01
89: 4.028e-01
90: 5.995e-01
91: 3.840e-01
92: 5.879e-01
93: 4.407e-01
94: 4.696e-01
95: 2.709e-01
96: 4.116e-01
97: 6.654e-01
98: 4.385e-01
99: 6.263e-01
100: 8.275e-01
101: 4.329e-01
102: 5.668e-01
103: 3.835e-01
104: 5.520e-01
105: 4.155e-01
106: 6.720e-01
107: 5.903e-01
108: 3.737e-01
109: 5.475e-01
110: 4.805e-01
111: 4.728e-01
112: 6.107e-01
113: 3.023e-01
114: 4.424e-01
115: 5.467e-01
116: 4.446e-01
117: 3.446e-01
118: 6.258e-01
119: 6.201e-01
120: 5.054e-01
121: 3.491e-01
122: 6.979e-01
123: 4.345e-01
124: 5.142e-01
125: 6.324e-01
126: 4.763e-01
127: 7.083e-01
128: 4.052e-01
129: 4.697e-01
130: 4.236e-01
131: 4.662e-01
132: 6.510e-01
133: 5.330e-01
134: 4.650e-01
135: 3.093e-01
136: 5.226e-01
137: 3.127e-01
138: 4.649e-01
139: 6.027e-01
140: 4.308e-01
141: 4.713e-01
142: 6.289e-01
143: 7.093e-01
144: 6.095e-01
145: 5.190e-01
146: 5.439e-01
147: 6.384e-01
148: 3.939e-01
149: 3.148e-01
150: 6.551e-01
151: 2.869e-01
152: 3.951e-01
153: 4.190e-01
154: 3.825e-01
155: 4.850e-01
156: 5.330e-01
157: 6.771e-01
158: 2.763e-01
159: 4.584e-01
160: 3.176e-01
161: 4.168e-01
162: 4.683e-01
163: 9.065e-01
164: 4.980e-01
165: 7.054e-01
166: 3.066e-01
167: 5.346e-01
168: 5.982e-01
169: 5.770e-01
170: 4.024e-01
171: 6.188e-01
172: 4.346e-01
173: 3.647e-01
174: 5.745e-01
175: 3.900e-01
176: 6.888e-01
177: 4.348e-01
178: 4.767e-01
179: 8.153e-01
180: 7.162e-01
181: 3.891e-01
182: 5.099e-01
183: 6.112e-01
184: 4.877e-01
185: 4.765e-01
186: 5.181e-01
187: 5.620e-01
188: 3.285e-01
189: 6.370e-01
190: 3.937e-01
191: 6.830e-01
192: 9.117e-01
193: 5.389e-01
194: 6.898e-01
195: 3.899e-01
196: 7.887e-01
197: 7.104e-01
198: 5.154e-01
199: 4.114e-01
200: 4.622e-01
201: 4.888e-01
202: 5.834e-01
203: 5.123e-01
204: 4.920e-01
205: 4.065e-01
206: 4.849e-01
207: 4.420e-01
208: 4.919e-01
209: 6.392e-01
210: 4.621e-01
211: 4.026e-01
212: 1.250e-01
213: 5.574e-01
214: 7.264e-01
215: 3.115e-01
216: 4.263e-01
217: 4.948e-01
218: 4.964e-01
219: 3.126e-01
220: 6.782e-01
221: 4.025e-01
222: 3.688e-01
223: 4.442e-01
224: 3.840e-01
225: 3.990e-01
226: 4.323e-01
227: 4.435e-01
228: 2.510e-01
229: 6.798e-01
230: 5.612e-01
231: 5.884e-01
232: 6.982e-01
233: 5.507e-01
234: 4.426e-01
235: 5.598e-01
236: 5.760e-01
237: 5.620e-01
238: 5.698e-01
239: 5.295e-01
240: 4.763e-01
241: 2.970e-01
242: 5.588e-01
243: 4.215e-01
244: 3.159e-01
245: 4.356e-01
246: 6.232e-01
247: 4.620e-01
248: 6.062e-01
249: 3.191e-01
250: 2.356e-01
251: 6.490e-01
252: 4.688e-01
253: 3.922e-01
254: 5.382e-01
255: 7.835e-01
256: 4.717e-01
257: 8.225e-01
258: 4.611e-01
259: 4.389e-01
260: 6.007e-01
261: 5.091e-01
262: 3.214e-01
263: 5.821e-01
264: 8.101e-01
265: 2.952e-01
266: 5.906e-01
267: 3.387e-01
268: 7.219e-01
269: 4.174e-01
270: 5.784e-01
271: 6.188e-01
272: 4.786e-01
273: 5.617e-01
274: 7.206e-01
275: 6.982e-01
276: 5.092e-01
277: 4.023e-01
278: 5.692e-01
279: 4.260e-01
280: 6.031e-01
281: 6.903e-01
282: 3.819e-01
283: 4.283e-01
284: 5.286e-01
285: 5.487e-01
286: 4.680e-01
287: 5.390e-01
288: 6.171e-01
289: 7.445e-01
290: 6.101e-01
291: 4.620e-01
292: 6.048e-01
293: 3.992e-01
294: 4.873e-01
295: 7.339e-01
296: 7.168e-01
297: 5.171e-01
298: 6.473e-01
299: 4.942e-01
300: 5.323e-01
301: 7.739e-01
302: 5.503e-01
303: 2.926e-01
304: 5.578e-01
305: 5.637e-01
306: 5.679e-01
307: 2.759e-01
308: 3.525e-01
309: 5.830e-01
310: 4.145e-01
311: 4.592e-01
312: 4.033e-01
313: 5.256e-01
314: 7.709e-01
315: 4.532e-01
316: 4.351e-01
317: 7.863e-01
318: 7.523e-01
319: 3.234e-01
320: 4.757e-01
321: 4.837e-01
322: 3.056e-01
323: 4.865e-01
324: 5.684e-01
325: 3.928e-01
326: 5.132e-01
327: 4.095e-01
328: 5.681e-01
329: 6.077e-01
330: 4.960e-01
331: 5.725e-01
332: 5.734e-01
333: 3.624e-01
334: 5.894e-01
335: 4.786e-01
336: 6.790e-01
337: 7.454e-01
338: 5.455e-01
339: 5.729e-01
340: 5.926e-01
341: 4.452e-01
342: 5.366e-01
343: 3.896e-01
344: 5.219e-01
345: 4.498e-01
346: 4.438e-01
347: 4.469e-01
348: 5.179e-01
349: 5.999e-01
350: 6.887e-01
351: 5.631e-01
352: 5.502e-01
353: 2.962e-01
354: 3.319e-01
355: 5.447e-01
356: 8.456e-01
357: 4.080e-01
358: 3.643e-01
359: 7.278e-01
360: 3.688e-01
361: 4.421e-01
362: 3.212e-01
363: 5.761e-01
364: 6.698e-01
365: 6.536e-01
366: 5.341e-01
367: 5.578e-01
368: 3.075e-01
369: 2.979e-01
370: 3.144e-01
371: 5.431e-01
372: 2.895e-01
373: 4.339e-01
374: 5.902e-01
375: 6.489e-01
376: 2.353e-01
377: 4.430e-01
378: 4.663e-01
379: 5.360e-01
380: 4.367e-01
381: 5.007e-01
382: 6.926e-01
383: 7.170e-01
384: 5.898e-01
385: 5.265e-01
386: 5.406e-01
387: 4.749e-01
388: 5.455e-01
389: 4.793e-01
390: 7.237e-01
391: 4.516e-01
392: 6.762e-01
393: 5.902e-01
394: 3.626e-01
395: 5.822e-01
396: 5.288e-01
397: 2.943e-01
398: 5.151e-01
399: 6.154e-01
400: 3.672e-01
401: 5.799e-01
402: 6.927e-01
403: 3.721e-01
404: 6.160e-01
405: 4.233e-01
406: 3.862e-01
407: 2.198e-01
408: 7.759e-01
409: 5.893e-01
410: 3.925e-01
411: 3.984e-01
412: 5.440e-01
413: 6.842e-01
414: 6.438e-01
415: 5.533e-01
416: 5.383e-01
417: 4.111e-01
418: 4.355e-01
419: 4.474e-01
420: 3.947e-01
421: 4.761e-01
422: 5.511e-01
423: 3.347e-01
424: 5.384e-01
425: 5.847e-01
426: 5.073e-01
427: 4.681e-01
428: 6.532e-01
429: 5.401e-01
430: 4.691e-01
431: 5.255e-01
432: 6.027e-01
433: 6.157e-01
434: 8.366e-01
435: 6.371e-01
436: 3.875e-01
437: 6.036e-01
438: 4.734e-01
439: 4.761e-01
440: 8.440e-01
441: 4.842e-01
442: 7.568e-01
443: 6.280e-01
444: 6.479e-01
445: 4.475e-01
446: 3.963e-01
447: 5.097e-01
448: 4.822e-01
449: 4.521e-01
450: 3.241e-01
451: 5.667e-01
452: 9.413e-01
453: 6.328e-01
454: 5.591e-01
455: 6.158e-01
456: 2.545e-01
457: 6.113e-01
458: 2.988e-01
459: 5.121e-01
460: 4.386e-01
461: 7.285e-01
462: 5.069e-01
463: 5.713e-01
464: 5.404e-01
465: 3.221e-01
466: 6.266e-01
467: 4.400e-01
468: 4.391e-01
469: 7.304e-01
470: 8.429e-01
471: 8.360e-01
472: 3.370e-01
473: 3.300e-01
474: 5.095e-01
475: 6.937e-01
476: 3.224e-01
477: 4.974e-01
478: 5.100e-01
479: 3.695e-01
480: 4.213e-01
481: 6.570e-01
482: 5.593e-01
483: 3.856e-01
484: 5.945e-01
485: 4.335e-01
486: 4.855e-01
487: 5.276e-01
488: 6.234e-01
489: 4.510e-01
490: 5.656e-01
491: 6.280e-01
492: 2.028e-01
493: 2.805e-01
494: 5.954e-01
495: 6.388e-01
496: 3.640e-01
497: 5.200e-01
498: 6.670e-01
499: 4.774e-01
500: 5.599e-01
501: 4.380e-01
502: 5.315e-01
503: 5.174e-01
504: 5.262e-01
505: 6.795e-01
506: 7.111e-01
507: 3.929e-01
508: 6.101e-01
509: 5.390e-01
510: 5.110e-01
511: 5.797e-01
512: 5.766e-01
513: 4.531e-01
514: 4.768e-01
515: 4.344e-01
516: 4.557e-01
517: 6.083e-01
518: 4.542e-01
519: 5.435e-01
520: 3.953e-01
521: 5.547e-01
522: 4.779e-01
523: 4.454e-01
524: 5.672e-01
525: 2.364e-01
526: 5.810e-01
527: 4.809e-01
528: 5.468e-01
529: 6.067e-01
530: 5.843e-01
531: 6.332e-01
532: 6.472e-01
533: 6.895e-01
534: 6.084e-01
535: 3.783e-01
536: 4.037e-01
537: 9.297e-01
538: 6.469e-01
539: 4.585e-01
540: 4.484e-01
541: 7.129e-01
542: 4.059e-01
543: 4.982e-01
544: 5.812e-01
545: 3.915e-01
546: 4.331e-01
547: 6.349e-01
548: 6.768e-01
549: 6.125e-01
550: 4.164e-01
551: 3.538e-01
552: 5.948e-01
553: 4.016e-01
554: 4.268e-01
555: 6.836e-01
556: 4.317e-01
557: 5.577e-01
558: 4.608e-01
559: 5.277e-01
560: 4.755e-01
561: 6.809e-01
562: 5.147e-01
563: 7.559e-01
564: 4.384e-01
565: 4.425e-01
566: 4.057e-01
567: 3.538e-01
568: 4.143e-01
569: 4.878e-01
570: 5.597e-01
571: 5.300e-01
572: 4.962e-01
573: 5.890e-01
574: 4.412e-01
575: 4.049e-01
576: 6.703e-01
577: 4.733e-01
578: 5.284e-01
579: 5.095e-01
580: 3.559e-01
581: 2.645e-01
582: 4.802e-01
583: 9.779e-01
584: 5.618e-01
585: 6.011e-01
586: 6.030e-01
587: 4.879e-01
588: 4.168e-01
589: 5.542e-01
590: 7.206e-01
591: 4.502e-01
592: 4.257e-01
593: 3.610e-01
594: 3.148e-01
595: 4.041e-01
596: 6.028e-01
597: 4.727e-01
598: 2.085e-01
599: 5.731e-01
600: 4.963e-01
601: 4.342e-01
602: 4.914e-01
603: 6.436e-01
604: 6.852e-01
605: 4.353e-01
606: 3.648e-01
607: 4.311e-01
608: 4.436e-01
609: 4.907e-01
610: 5.085e-01
611: 6.135e-01
612: 2.409e-01
613: 6.291e-01
614: 4.330e-01
615: 6.157e-01
616: 4.627e-01
617: 3.032e-01
618: 3.326e-01
619: 3.746e-01
620: 5.622e-01
621: 5.156e-01
622: 4.101e-01
623: 5.541e-01
624: 5.965e-01
625: 3.992e-01
626: 7.676e-01
627: 4.422e-01
628: 6.945e-01
629: 7.401e-01
630: 3.518e-01
631: 6.450e-01
632: 4.544e-01
633: 3.243e-01
634: 5.786e-01
635: 3.537e-01
636: 4.152e-01
637: 7.566e-01
638: 4.361e-01
639: 4.922e-01
640: 4.902e-01
641: 4.542e-01
642: 7.784e-01
643: 3.620e-01
644: 5.936e-01
645: 3.276e-01
646: 5.559e-01
647: 3.993e-01
648: 2.362e-01
649: 3.726e-01
650: 3.620e-01
651: 2.851e-01
652: 6.654e-01
653: 3.217e-01
654: 3.848e-01
655: 5.662e-01
656: 4.047e-01
657: 4.909e-01
658: 7.192e-01
659: 4.928e-01
660: 5.051e-01
661: 6.170e-01
662: 6.387e-01
663: 5.891e-01
664: 4.894e-01
665: 5.298e-01
666: 6.170e-01
667: 5.073e-01
668: 6.499e-01
669: 4.941e-01
670: 4.839e-01
671: 3.092e-01
672: 4.446e-01
673: 5.492e-01
674: 6.731e-01
675: 4.723e-01
676: 4.468e-01
677: 4.812e-01
678: 5.564e-01
679: 2.180e-01
680: 6.839e-01
681: 6.275e-01
682: 6.045e-01
683: 4.714e-01
684: 4.796e-01
685: 5.256e-01
686: 3.279e-01
687: 3.204e-01
688: 2.936e-01
689: 3.356e-01
690: 6.732e-01
691: 5.527e-01
692: 4.600e-01
693: 6.896e-01
694: 4.775e-01
695: 3.235e-01
696: 5.740e-01
697: 4.456e-01
698: 6.175e-01
699: 4.691e-01
700: 4.908e-01
701: 4.600e-01
702: 6.510e-01
703: 4.919e-01
704: 5.521e-01
705: 4.350e-01
706: 5.342e-01
707: 5.084e-01
708: 4.631e-01
709: 6.760e-01
710: 4.471e-01
711: 6.424e-01
712: 3.364e-01
713: 4.204e-01
714: 4.328e-01
715: 3.996e-01
716: 4.864e-01
717: 4.779e-01
718: 6.016e-01
719: 4.357e-01
720: 5.635e-01
721: 5.489e-01
722: 3.643e-01
723: 5.490e-01
724: 5.218e-01
725: 4.998e-01
726: 5.293e-01
727: 5.145e-01
728: 3.970e-01
729: 6.710e-01
730: 4.840e-01
731: 2.811e-01
732: 4.300e-01
733: 4.118e-01
734: 6.787e-01
735: 5.354e-01
736: 2.879e-01
737: 5.154e-01
738: 3.599e-01
739: 6.868e-01
740: 5.290e-01
741: 7.079e-01
742: 5.236e-01
743: 4.854e-01
744: 4.660e-01
745: 7.664e-01
746: 6.896e-01
747: 5.338e-01
748: 6.097e-01
749: 5.513e-01
750: 7.665e-01
751: 4.394e-01
752: 3.561e-01
753: 4.476e-01
754: 5.151e-01
755: 4.810e-01
756: 5.269e-01
757: 5.906e-01
758: 5.031e-01
759: 6.144e-01
760: 4.014e-01
761: 6.476e-01
762: 3.670e-01
763: 4.476e-01
764: 6.763e-01
765: 5.802e-01
766: 4.965e-01
767: 5.572e-01
768: 5.311e-01
769: 6.356e-01
770: 7.516e-01
771: 6.878e-01
772: 4.392e-01
773: 4.451e-01
774: 5.104e-01
775: 7.330e-01
776: 2.964e-01
777: 5.374e-01
778: 5.993e-01
779: 4.370e-01
780: 3.816e-01
781: 4.806e-01
782: 5.348e-01
783: 7.321e-01
784: 3.596e-01
785: 4.007e-01
786: 6.310e-01
787: 5.549e-01
788: 4.826e-01
789: 6.503e-01
790: 6.654e-01
791: 4.616e-01
792: 3.155e-01
793: 4.077e-01
794: 6.244e-01
795: 3.628e-01
796: 6.020e-01
797: 3.238e-01
798: 7.516e-01
799: 5.881e-01
800: 3.377e-01
801: 7.132e-01
802: 3.617e-01
803: 4.483e-01
804: 5.458e-01
805: 8.174e-01
806: 3.788e-01
807: 3.178e-01
808: 6.133e-01
809: 4.717e-01
810: 5.832e-01
811: 5.002e-01
812: 6.238e-01
813: 5.229e-01
814: 4.673e-01
815: 6.657e-01
816: 4.405e-01
817: 4.194e-01
818: 6.436e-01
819: 6.525e-01
820: 2.902e-01
821: 3.571e-01
822: 6.038e-01
823: 4.871e-01
824: 6.947e-01
825: 5.926e-01
826: 2.828e-01
827: 4.405e-01
828: 4.459e-01
829: 6.154e-01
830: 5.214e-01
831: 8.215e-01
832: 4.418e-01
833: 4.464e-01
834: 4.391e-01
835: 6.134e-01
836: 5.493e-01
837: 3.751e-01
838: 3.700e-01
839: 5.163e-01
840: 5.344e-01
841: 3.674e-01
842: 6.749e-01
843: 5.607e-01
844: 5.672e-01
845: 7.447e-01
846: 5.633e-01
847: 3.908e-01
848: 4.943e-01
849: 4.473e-01
850: 4.778e-01
851: 8.585e-01
852: 6.840e-01
853: 6.978e-01
854: 6.487e-01
855: 7.551e-01
856: 4.884e-01
857: 3.746e-01
858: 5.905e-01
859: 5.507e-01
860: 4.366e-01
861: 6.894e-01
862: 5.013e-01
863: 6.329e-01
864: 4.802e-01
865: 5.282e-01
866: 4.730e-01
867: 4.841e-01
868: 5.149e-01
869: 4.554e-01
870: 3.997e-01
871: 5.790e-01
872: 4.008e-01
873: 4.890e-01
874: 3.303e-01
875: 3.178e-01
876: 4.562e-01
877: 4.777e-01
878: 5.605e-01
879: 6.063e-01
880: 4.633e-01
881: 5.572e-01
882: 4.973e-01
883: 3.588e-01
884: 5.709e-01
885: 6.433e-01
886: 3.893e-01
887: 4.098e-01
888: 4.520e-01
889: 5.411e-01
890: 4.974e-01
891: 4.720e-01
892: 6.856e-01
893: 7.208e-01
894: 3.213e-01
895: 6.554e-01
896: 6.367e-01
897: 6.802e-01
898: 5.350e-01
899: 3.800e-01
900: 6.357e-01
901: 7.256e-01
902: 4.235e-01
903: 4.783e-01
904: 4.908e-01
905: 5.138e-01
906: 6.398e-01
907: 5.673e-01
908: 5.519e-01
909: 6.515e-01
910: 5.677e-01
911: 6.121e-01
912: 4.386e-01
913: 4.981e-01
914: 6.733e-01
915: 7.575e-01
916: 6.811e-01
917: 5.008e-01
918: 4.193e-01
919: 5.960e-01
920: 4.425e-01
921: 4.111e-01
922: 5.815e-01
923: 3.929e-01
924: 5.752e-01
925: 4.468e-01
926: 5.858e-01
927: 3.716e-01
928: 4.110e-01
929: 5.234e-01
930: 3.793e-01
931: 4.442e-01
932: 5.588e-01
933: 2.861e-01
934: 5.352e-01
935: 5.398e-01
936: 4.957e-01
937: 6.074e-01
938: 3.260e-01
939: 4.249e-01
940: 5.163e-01
941: 3.629e-01
942: 6.278e-01
943: 5.440e-01
944: 5.131e-01
945: 5.603e-01
946: 4.103e-01
947: 2.888e-01
948: 3.724e-01
949: 4.020e-01
950: 3.593e-01
951: 4.356e-01
952: 5.477e-01
953: 6.738e-01
954: 5.375e-01
955: 4.991e-01
956: 3.147e-01
957: 5.201e-01
958: 6.298e-01
959: 4.929e-01
960: 4.495e-01
961: 3.744e-01
962: 8.105e-01
963: 4.013e-01
964: 5.533e-01
965: 6.140e-01
966: 3.664e-01
967: 3.784e-01
968: 4.545e-01
969: 5.729e-01
970: 3.283e-01
971: 3.018e-01
972: 4.570e-01
973: 4.368e-01
974: 3.918e-01
975: 4.553e-01
976: 5.178e-01
977: 6.520e-01
978: 6.092e-01
979: 5.818e-01
980: 2.988e-01
981: 4.034e-01
982: 4.099e-01
983: 5.586e-01
984: 4.912e-01
985: 4.409e-01
986: 3.586e-01
987: 2.870e-01
988: 5.610e-01
989: 6.205e-01
990: 5.200e-01
991: 3.443e-01
992: 3.959e-01
993: 4.422e-01
994: 5.740e-01
995: 3.368e-01
996: 5.240e-01
997: 2.438e-01
998: 6.336e-01
999: 4.719e-01
1000: 6.550e-01
1001: 3.960e-01
1002: 6.436e-01
1003: 4.064e-01
1004: 3.673e-01
1005: 4.953e-01
1006: 7.088e-01
1007: 6.376e-01
1008: 6.399e-01
1009: 6.594e-01
1010: 4.940e-01
1011: 3.292e-01
1012: 5.390e-01
1013: 4.349e-01
1014: 5.090e-01
1015: 6.061e-01
1016: 7.312e-01
1017: 4.720e-01
1018: 6.145e-01
1019: 5.459e-01
1020: 2.512e-01
1021: 5.331e-01
1022: 5.641e-01
1023: 6.357e-01
1024: 6.363e-01
1025: 5.887e-01
1026: 5.388e-01
1027: 4.756e-01
1028: 3.201e-01
1029: 5.359e-01
1030: 4.817e-01
1031: 6.852e-01
1032: 6.734e-01
1033: 5.582e-01
1034: 5.433e-01
1035: 5.067e-01
1036: 4.535e-01
1037: 8.097e-01
1038: 5.582e-01
1039: 4.129e-01
1040: 4.609e-01
1041: 3.572e-01
1042: 6.485e-01
1043: 4.105e-01
1044: 6.990e-01
1045: 5.564e-01
1046: 4.483e-01
1047: 6.665e-01
1048: 4.555e-01
1049: 4.577e-01
1050: 4.127e-01
1051: 3.552e-01
1052: 6.875e-01
1053: 6.144e-01
1054: 3.663e-01
1055: 4.895e-01
1056: 4.142e-01
1057: 5.251e-01
1058: 5.103e-01
1059: 4.089e-01
1060: 3.214e-01
1061: 5.466e-01
1062: 5.187e-01
1063: 4.929e-01
1064: 4.894e-01
1065: 5.544e-01
1066: 6.397e-01
1067: 4.421e-01
1068: 5.763e-01
1069: 5.146e-01
1070: 5.144e-01
1071: 4.922e-01
1072: 6.163e-01
1073: 5.643e-01
1074: 4.233e-01
1075: 6.871e-01
1076: 6.739e-01
1077: 4.021e-01
1078: 5.555e-01
1079: 7.015e-01
1080: 5.139e-01
1081: 5.707e-01
1082: 4.094e-01
1083: 4.579e-01
1084: 3.662e-01
1085: 3.982e-01
1086: 5.228e-01
1087: 2.479e-01
1088: 5.672e-01
1089: 4.742e-01
1090: 6.032e-01
1091: 4.436e-01
1092: 4.957e-01
1093: 7.092e-01
1094: 6.558e-01
1095: 5.671e-01
1096: 4.714e-01
1097: 3.681e-01
1098: 5.246e-01
1099: 5.942e-01
1100: 3.988e-01
1101: 3.858e-01
1102: 6.316e-01
1103: 3.280e-01
1104: 4.836e-01
1105: 3.170e-01
1106: 6.457e-01
1107: 6.116e-01
1108: 5.196e-01
1109: 3.288e-01
1110: 5.097e-01
1111: 5.714e-01
1112: 4.863e-01
1113: 4.385e-01
1114: 5.216e-01
1115: 4.073e-01
1116: 6.534e-01
1117: 6.593e-01
1118: 4.501e-01
1119: 4.446e-01
1120: 7.413e-01
1121: 5.699e-01
1122: 5.995e-01
1123: 5.168e-01
1124: 6.045e-01
1125: 4.484e-01
1126: 5.936e-01
1127: 5.251e-01
1128: 5.040e-01
1129: 4.512e-01
1130: 4.739e-01
1131: 5.192e-01
1132: 6.198e-01
1133: 4.247e-01
1134: 3.643e-01
1135: 5.662e-01
1136: 4.497e-01
1137: 6.042e-01
1138: 5.268e-01
1139: 3.989e-01
1140: 5.708e-01
1141: 4.136e-01
1142: 3.255e-01
1143: 5.302e-01
1144: 4.219e-01
1145: 3.772e-01
1146: 4.271e-01
1147: 4.868e-01
1148: 2.395e-01
1149: 4.879e-01
1150: 5.548e-01
1151: 4.122e-01
1152: 3.043e-01
1153: 5.584e-01
1154: 5.545e-01
1155: 6.828e-01
1156: 5.399e-01
1157: 5.701e-01
1158: 5.904e-01
1159: 5.781e-01
1160: 4.351e-01
1161: 5.705e-01
1162: 5.510e-01
1163: 4.860e-01
1164: 4.680e-01
1165: 6.414e-01
1166: 3.233e-01
1167: 6.342e-01
1168: 4.007e-01
1169: 3.694e-01
1170: 3.989e-01
1171: 5.406e-01
1172: 6.867e-01
1173: 5.272e-01
1174: 5.131e-01
1175: 4.395e-01
1176: 4.091e-01
1177: 3.256e-01
1178: 3.211e-01
1179: 5.663e-01
1180: 3.641e-01
1181: 4.156e-01
1182: 4.424e-01
1183: 5.813e-01
1184: 4.432e-01
1185: 4.895e-01
1186: 5.965e-01
1187: 5.637e-01
1188: 5.247e-01
1189: 7.026e-01
1190: 5.691e-01
1191: 4.497e-01
1192: 4.475e-01
1193: 4.475e-01
1194: 7.146e-01
1195: 5.681e-01
1196: 4.057e-01
1197: 7.046e-01
1198: 4.615e-01
1199: 6.131e-01
1200: 6.536e-01
1201: 4.543e-01
1202: 4.123e-01
1203: 4.330e-01
1204: 6.411e-01
1205: 4.700e-01
1206: 4.863e-01
1207: 6.417e-01
1208: 4.088e-01
1209: 4.547e-01
1210: 2.631e-01
1211: 5.368e-01
1212: 5.209e-01
1213: 3.944e-01
1214: 4.778e-01
1215: 6.315e-01
1216: 2.803e-01
1217: 5.672e-01
1218: 7.244e-01
1219: 5.506e-01
1220: 6.562e-01
1221: 5.142e-01
1222: 4.201e-01
1223: 4.982e-01
1224: 4.630e-01
1225: 5.137e-01
1226: 5.991e-01
1227: 4.901e-01
1228: 6.570e-01
1229: 5.703e-01
1230: 5.241e-01
1231: 4.132e-01
1232: 5.164e-01
1233: 6.459e-01
1234: 5.115e-01
1235: 4.761e-01
1236: 4.143e-01
1237: 4.416e-01
1238: 6.406e-01
1239: 3.966e-01
1240: 4.747e-01
1241: 6.072e-01
1242: 7.421e-01
1243: 5.832e-01
1244: 4.061e-01
1245: 5.573e-01
1246: 6.452e-01
1247: 5.703e-01
1248: 4.361e-01
1249: 6.600e-01
1250: 5.287e-01
1251: 3.553e-01
1252: 6.883e-01
1253: 5.188e-01
1254: 4.402e-01
1255: 4.872e-01
1256: 9.090e-01
1257: 3.678e-01
1258: 5.127e-01
1259: 5.948e-01
1260: 7.022e-01
1261: 2.824e-01
1262: 6.004e-01
1263: 4.877e-01
1264: 5.978e-01
1265: 5.256e-01
1266: 3.234e-01
1267: 5.135e-01
1268: 4.468e-01
1269: 4.886e-01
1270: 3.999e-01
1271: 5.228e-01
1272: 4.012e-01
1273: 5.519e-01
1274: 5.813e-01
1275: 4.064e-01
1276: 4.076e-01
1277: 8.147e-01
1278: 5.085e-01
1279: 5.310e-01
1280: 3.660e-01
1281: 8.498e-01
1282: 3.237e-01
1283: 4.010e-01
1284: 6.952e-01
1285: 5.295e-01
1286: 5.288e-01
1287: 6.782e-01
1288: 4.141e-01
1289: 4.855e-01
1290: 5.544e-01
1291: 3.652e-01
1292: 5.911e-01
1293: 9.186e-01
1294: 2.641e-01
1295: 6.872e-01
1296: 6.419e-01
1297: 3.581e-01
1298: 5.685e-01
1299: 5.716e-01
1300: 4.831e-01
1301: 4.903e-01
1302: 6.889e-01
1303: 5.295e-01
1304: 6.451e-01
1305: 6.144e-01
1306: 6.253e-01
1307: 4.373e-01
1308: 5.285e-01
1309: 4.549e-01
1310: 5.226e-01
1311: 7.000e-01
1312: 4.751e-01
1313: 4.418e-01
1314: 5.672e-01
1315: 3.665e-01
1316: 5.844e-01
1317: 4.118e-01
1318: 5.290e-01
1319: 5.614e-01
1320: 6.387e-01
1321: 4.462e-01
1322: 3.318e-01
1323: 4.621e-01
1324: 6.869e-01
1325: 5.467e-01
1326: 4.756e-01
1327: 4.134e-01
1328: 4.056e-01
1329: 8.511e-01
1330: 4.973e-01
1331: 3.270e-01
1332: 1.682e-01
1333: 5.815e-01
1334: 5.046e-01
1335: 5.176e-01
1336: 2.906e-01
1337: 5.130e-01
1338: 3.835e-01
1339: 7.009e-01
1340: 4.624e-01
1341: 5.724e-01
1342: 3.640e-01
1343: 5.546e-01
1344: 6.611e-01
1345: 2.947e-01
1346: 4.612e-01
1347: 4.376e-01
1348: 3.338e-01
1349: 4.694e-01
1350: 4.915e-01
1351: 4.821e-01
1352: 4.824e-01
1353: 6.039e-01
1354: 6.135e-01
1355: 3.225e-01
1356: 5.640e-01
1357: 5.072e-01
1358: 5.859e-01
1359: 4.430e-01
1360: 6.582e-01
1361: 4.484e-01
1362: 3.650e-01
1363: 5.245e-01
1364: 7.339e-01
1365: 8.241e-01
1366: 7.344e-01
1367: 4.421e-01
1368: 4.100e-01
1369: 3.814e-01
1370: 6.434e-01
1371: 2.812e-01
1372: 6.293e-01
1373: 4.847e-01
1374: 5.658e-01
1375: 3.289e-01
1376: 6.506e-01
1377: 6.072e-01
1378: 6.063e-01
1379: 4.139e-01
1380: 4.373e-01
1381: 4.548e-01
1382: 5.448e-01
1383: 5.635e-01
1384: 6.581e-01
1385: 5.765e-01
1386: 6.845e-01
1387: 6.848e-01
1388: 2.394e-01
1389: 7.367e-01
1390: 5.297e-01
1391: 4.966e-01
1392: 3.641e-01
1393: 4.430e-01
1394: 4.524e-01
1395: 3.941e-01
1396: 5.607e-01
1397: 7.271e-01
1398: 2.500e-01
1399: 3.749e-01
1400: 4.846e-01
1401: 5.261e-01
1402: 4.076e-01
1403: 6.612e-01
1404: 4.480e-01
1405: 4.059e-01
1406: 4.412e-01
1407: 3.746e-01
1408: 5.201e-01
1409: 4.107e-01
1410: 6.138e-01
1411: 5.278e-01
1412: 4.315e-01
1413: 5.392e-01
1414: 4.476e-01
1415: 6.802e-01
1416: 4.184e-01
1417: 4.540e-01
1418: 6.424e-01
1419: 3.544e-01
1420: 5.358e-01
1421: 4.136e-01
1422: 3.194e-01
1423: 4.844e-01
1424: 6.155e-01
1425: 3.661e-01
1426: 6.127e-01
1427: 6.139e-01
1428: 6.834e-01
1429: 4.507e-01
1430: 6.361e-01
1431: 3.652e-01
1432: 5.151e-01
1433: 4.060e-01
1434: 3.303e-01
1435: 4.239e-01
1436: 3.882e-01
1437: 3.522e-01
1438: 3.757e-01
1439: 5.997e-01
1440: 4.791e-01
1441: 4.593e-01
1442: 6.768e-01
1443: 7.649e-01
1444: 4.275e-01
1445: 3.646e-01
1446: 6.815e-01
1447: 6.090e-01
1448: 6.346e-01
1449: 6.044e-01
1450: 3.755e-01
1451: 3.726e-01
1452: 5.877e-01
1453: 4.164e-01
1454: 7.195e-01
1455: 4.398e-01
1456: 4.564e-01
1457: 2.498e-01
1458: 7.714e-01
1459: 5.942e-01
1460: 3.966e-01
1461: 3.273e-01
1462: 3.604e-01
1463: 5.277e-01
1464: 4.851e-01
1465: 6.839e-01
1466: 4.162e-01
1467: 4.658e-01
1468: 5.720e-01
1469: 4.091e-01
1470: 6.087e-01
1471: 8.657e-01
1472: 4.540e-01
1473: 4.492e-01
1474: 5.634e-01
1475: 5.659e-01
1476: 4.585e-01
1477: 5.644e-01
1478: 6.910e-01
1479: 4.963e-01
1480: 5.978e-01
1481: 3.818e-01
1482: 5.327e-01
1483: 5.722e-01
1484: 3.349e-01
1485: 7.397e-01
1486: 4.411e-01
1487: 4.912e-01
1488: 6.431e-01
1489: 6.497e-01
1490: 4.602e-01
1491: 5.581e-01
1492: 4.420e-01
1493: 6.394e-01
1494: 4.479e-01
1495: 4.654e-01
1496: 6.502e-01
1497: 4.135e-01
1498: 2.482e-01
1499: 5.282e-01
1500: 4.119e-01
1501: 4.888e-01
1502: 5.346e-01
1503: 5.603e-01
1504: 6.138e-01
1505: 4.521e-01
1506: 6.901e-01
1507: 6.403e-01
1508: 4.199e-01
1509: 4.492e-01
1510: 4.508e-01
1511: 3.556e-01
1512: 4.508e-01
1513: 4.660e-01
1514: 5.231e-01
1515: 4.070e-01
1516: 4.753e-01
1517: 5.950e-01
1518: 5.229e-01
1519: 2.375e-01
1520: 4.523e-01
1521: 4.853e-01
1522: 4.902e-01
1523: 6.017e-01
1524: 8.128e-01
1525: 4.450e-01
1526: 5.425e-01
1527: 5.732e-01
1528: 7.302e-01
1529: 5.323e-01
1530: 5.286e-01
1531: 4.479e-01
1532: 6.796e-01
1533: 5.255e-01
1534: 8.127e-01
1535: 6.534e-01
1536: 6.513e-01
1537: 4.323e-01
1538: 5.670e-01
1539: 6.100e-01
1540: 4.476e-01
1541: 5.178e-01
1542: 4.404e-01
1543: 4.912e-01
1544: 4.429e-01
1545: 4.092e-01
1546: 6.763e-01
1547: 5.601e-01
1548: 5.658e-01
1549: 3.710e-01
1550: 4.856e-01
1551: 4.939e-01
1552: 2.210e-01
1553: 2.821e-01
1554: 6.484e-01
1555: 4.485e-01
1556: 5.988e-01
1557: 6.087e-01
1558: 4.080e-01
1559: 3.641e-01
1560: 5.165e-01
1561: 4.791e-01
1562: 7.801e-01
1563: 4.778e-01
1564: 6.090e-01
1565: 3.586e-01
1566: 5.703e-01
1567: 6.139e-01
1568: 4.860e-01
1569: 4.470e-01
1570: 4.832e-01
1571: 4.497e-01
1572: 6.007e-01
1573: 4.366e-01
1574: 4.490e-01
1575: 4.598e-01
1576: 3.664e-01
1577: 3.719e-01
1578: 5.246e-01
1579: 5.330e-01
1580: 3.688e-01
1581: 4.783e-01
1582: 5.254e-01
1583: 6.105e-01
1584: 4.483e-01
1585: 3.252e-01
1586: 4.460e-01
1587: 5.283e-01
1588: 6.613e-01
1589: 3.611e-01
1590: 4.874e-01
1591: 5.204e-01
1592: 4.925e-01
1593: 5.805e-01
1594: 4.502e-01
1595: 6.487e-01
1596: 3.582e-01
1597: 2.611e-01
1598: 4.016e-01
1599: 2.410e-01
1600: 5.192e-01
1601: 4.101e-01
1602: 4.484e-01
1603: 5.227e-01
1604: 6.093e-01
1605: 3.972e-01
1606: 4.138e-01
1607: 6.398e-01
1608: 3.630e-01
1609: 5.327e-01
1610: 4.002e-01
1611: 6.506e-01
1612: 5.311e-01
1613: 4.965e-01
1614: 6.992e-01
1615: 6.122e-01
1616: 5.824e-01
1617: 4.891e-01
1618: 5.420e-01
1619: 4.932e-01
1620: 5.307e-01
1621: 4.803e-01
1622: 7.277e-01
1623: 4.899e-01
1624: 6.544e-01
1625: 4.026e-01
1626: 3.708e-01
1627: 4.083e-01
1628: 7.313e-01
1629: 3.649e-01
1630: 4.376e-01
1631: 4.795e-01
1632: 4.458e-01
1633: 5.355e-01
1634: 5.614e-01
1635: 4.845e-01
1636: 4.112e-01
1637: 5.319e-01
1638: 4.146e-01
1639: 5.159e-01
1640: 6.027e-01
1641: 6.144e-01
1642: 6.158e-01
1643: 6.188e-01
1644: 2.889e-01
1645: 5.170e-01
1646: 4.856e-01
1647: 6.110e-01
1648: 6.514e-01
1649: 5.778e-01
1650: 4.376e-01
1651: 4.498e-01
1652: 6.010e-01
1653: 6.074e-01
1654: 5.141e-01
1655: 1.648e-01
1656: 6.580e-01
1657: 3.222e-01
1658: 4.101e-01
1659: 7.432e-01
1660: 4.453e-01
1661: 4.474e-01
1662: 7.178e-01
1663: 6.040e-01
1664: 5.002e-01
1665: 6.831e-01
1666: 6.380e-01
1667: 3.601e-01
1668: 4.141e-01
1669: 3.687e-01
1670: 7.434e-01
1671: 4.962e-01
1672: 4.737e-01
1673: 3.665e-01
1674: 3.283e-01
1675: 5.650e-01
1676: 4.469e-01
1677: 3.827e-01
1678: 5.975e-01
1679: 7.676e-01
1680: 4.176e-01
1681: 4.579e-01
1682: 5.701e-01
1683: 3.205e-01
1684: 5.687e-01
1685: 3.655e-01
1686: 4.630e-01
1687: 6.931e-01
1688: 5.341e-01
1689: 5.630e-01
1690: 4.462e-01
1691: 5.649e-01
1692: 5.045e-01
1693: 3.203e-01
1694: 6.157e-01
1695: 2.960e-01
1696: 3.696e-01
1697: 4.919e-01
1698: 3.252e-01
1699: 3.847e-01
1700: 5.302e-01
1701: 4.075e-01
1702: 8.021e-01
1703: 3.258e-01
1704: 5.900e-01
1705: 4.092e-01
1706: 4.034e-01
1707: 6.038e-01
1708: 5.689e-01
1709: 6.056e-01
1710: 3.369e-01
1711: 2.844e-01
1712: 4.491e-01
1713: 5.709e-01
1714: 8.055e-01
1715: 5.646e-01
1716: 5.653e-01
1717: 5.952e-01
1718: 4.824e-01
1719: 5.640e-01
1720: 4.140e-01
1721: 3.721e-01
1722: 4.925e-01
1723: 5.039e-01
1724: 4.459e-01
1725: 6.058e-01
1726: 4.109e-01
1727: 2.858e-01
1728: 5.780e-01
1729: 5.363e-01
1730: 4.777e-01
1731: 3.617e-01
1732: 4.567e-01
1733: 7.748e-01
1734: 3.241e-01
1735: 5.008e-01
1736: 5.495e-01
1737: 6.849e-01
1738: 4.147e-01
1739: 4.106e-01
1740: 6.562e-01
1741: 4.435e-01
1742: 4.906e-01
1743: 6.517e-01
1744: 4.515e-01
1745: 4.822e-01
1746: 6.882e-01
1747: 2.386e-01
1748: 4.042e-01
1749: 2.769e-01
1750: 5.254e-01
1751: 3.982e-01
1752: 4.889e-01
1753: 5.024e-01
1754: 4.088e-01
1755: 3.741e-01
1756: 2.887e-01
1757: 4.415e-01
1758: 3.655e-01
1759: 4.834e-01
1760: 5.246e-01
1761: 1.990e-01
1762: 3.279e-01
1763: 1.199e-01
1764: 6.557e-01
1765: 2.834e-01
1766: 5.620e-01
1767: 3.761e-01
1768: 6.506e-01
1769: 5.021e-01
1770: 6.343e-01
1771: 8.051e-01
1772: 5.176e-01
1773: 5.169e-01
1774: 3.312e-01
1775: 3.841e-01
1776: 3.398e-01
1777: 6.166e-01
1778: 5.242e-01
1779: 6.571e-01
1780: 5.274e-01
1781: 3.963e-01
1782: 3.616e-01
1783: 4.464e-01
1784: 4.357e-01
1785: 8.006e-01
1786: 5.583e-01
1787: 5.248e-01
1788: 3.634e-01
1789: 6.758e-01
1790: 2.783e-01
1791: 4.834e-01
1792: 7.193e-01
1793: 5.235e-01
1794: 8.488e-01
1795: 3.693e-01
1796: 4.204e-01
1797: 4.479e-01
1798: 5.969e-01
1799: 3.237e-01
1800: 2.011e-01
1801: 5.373e-01
1802: 3.194e-01
1803: 5.772e-01
1804: 4.426e-01
1805: 3.973e-01
1806: 6.076e-01
1807: 5.556e-01
1808: 6.157e-01
1809: 5.161e-01
1810: 3.656e-01
1811: 5.529e-01
1812: 3.203e-01
1813: 6.606e-01
1814: 6.361e-01
1815: 4.260e-01
1816: 3.593e-01
1817: 3.237e-01
1818: 4.809e-01
1819: 4.175e-01
1820: 4.463e-01
1821: 2.205e-01
1822: 4.127e-01
1823: 5.209e-01
1824: 6.821e-01
1825: 4.765e-01
1826: 5.295e-01
1827: 4.136e-01
1828: 6.037e-01
1829: 5.035e-01
1830: 3.637e-01
1831: 5.797e-01
1832: 6.497e-01
1833: 5.964e-01
1834: 6.451e-01
1835: 3.762e-01
1836: 5.383e-01
1837: 3.780e-01
1838: 4.335e-01
1839: 8.034e-01
1840: 4.390e-01
1841: 3.489e-01
1842: 6.293e-01
1843: 3.995e-01
1844: 5.334e-01
1845: 5.106e-01
1846: 7.939e-01
1847: 7.542e-01
1848: 5.297e-01
1849: 5.162e-01
1850: 5.442e-01
1851: 4.693e-01
1852: 5.998e-01
1853: 5.659e-01
1854: 6.549e-01
1855: 4.958e-01
1856: 4.215e-01
1857: 3.988e-01
1858: 5.146e-01
1859: 5.219e-01
1860: 5.834e-01
1861: 4.137e-01
1862: 7.248e-01
1863: 5.267e-01
1864: 4.343e-01
1865: 4.633e-01
1866: 4.003e-01
1867: 4.031e-01
1868: 4.886e-01
1869: 5.508e-01
1870: 6.589e-01
1871: 6.087e-01
1872: 4.121e-01
1873: 4.814e-01
1874: 6.088e-01
1875: 5.311e-01
1876: 4.408e-01
1877: 6.605e-01
1878: 5.380e-01
1879: 4.813e-01
1880: 4.346e-01
1881: 5.073e-01
1882: 6.070e-01
1883: 5.306e-01
1884: 2.865e-01
1885: 4.368e-01
1886: 5.540e-01
1887: 3.615e-01
1888: 2.851e-01
1889: 4.131e-01
1890: 5.540e-01
1891: 3.784e-01
1892: 6.853e-01
1893: 6.954e-01
1894: 5.828e-01
1895: 5.004e-01
1896: 5.717e-01
1897: 7.357e-01
1898: 4.528e-01
1899: 5.004e-01
1900: 5.840e-01
1901: 4.673e-01
1902: 4.755e-01
1903: 4.449e-01
1904: 7.455e-01
1905: 4.807e-01
1906: 4.358e-01
1907: 4.717e-01
1908: 5.997e-01
1909: 6.215e-01
1910: 5.974e-01
1911: 6.370e-01
1912: 7.787e-01
1913: 4.594e-01
1914: 4.267e-01
1915: 7.480e-01
1916: 4.540e-01
1917: 6.717e-01
1918: 6.250e-01
1919: 5.240e-01
1920: 7.159e-01
1921: 3.794e-01
1922: 6.592e-01
1923: 5.170e-01
1924: 4.361e-01
1925: 3.211e-01
1926: 5.705e-01
1927: 3.186e-01
1928: 4.415e-01
1929: 4.407e-01
1930: 3.693e-01
1931: 3.158e-01
1932: 6.052e-01
1933: 3.217e-01
1934: 3.368e-01
1935: 5.155e-01
1936: 5.258e-01
1937: 3.391e-01
1938: 4.380e-01
1939: 7.348e-01
1940: 4.122e-01
1941: 4.878e-01
1942: 3.613e-01
1943: 4.418e-01
1944: 6.290e-01
1945: 3.145e-01
1946: 5.538e-01
1947: 5.097e-01
1948: 4.095e-01
1949: 6.816e-01
1950: 4.162e-01
1951: 4.953e-01
1952: 1.273e+00
1953: 4.687e-01
1954: 1.735e-01
1955: 4.151e+00
1956: 3.343e-01
1957: 3.919e-01
1958: 4.362e-01
1959: 5.797e-01
1960: 4.996e-01
1961: 6.206e-01
1962: 4.750e-01
1963: 6.928e-01
1964: 3.177e-01
1965: 5.872e-01
1966: 4.715e-01
1967: 7.656e-01
1968: 3.595e-01
1969: 5.814e-01
1970: 4.797e-01
1971: 4.388e-01
1972: 6.925e-01
1973: 3.631e-01
1974: 4.831e-01
1975: 5.286e-01
1976: 4.390e-01
1977: 6.727e-01
1978: 3.970e-01
1979: 4.798e-01
1980: 2.781e-01
1981: 3.154e-01
1982: 4.887e-01
1983: 3.938e-01
1984: 3.787e-01
1985: 5.686e-01
1986: 4.843e-01
1987: 4.357e-01
1988: 4.923e-01
1989: 3.615e-01
1990: 5.053e-01
1991: 4.288e-01
1992: 3.937e-01
1993: 5.285e-01
1994: 4.920e-01
1995: 3.129e-01
1996: 4.010e-01
1997: 6.770e-01
1998: 3.690e-01
1999: 2.438e-01
2000: 4.395e-01
2001: 5.141e-01
2002: 2.466e-01
2003: 3.844e-01
2004: 4.765e-01
2005: 6.297e-01
2006: 3.557e-01
2007: 5.156e-01
2008: 4.457e-01
2009: 4.262e-01
2010: 5.857e-01
2011: 6.984e-01
2012: 7.185e-01
2013: 5.638e-01
2014: 6.380e-01
2015: 3.754e-01
2016: 5.070e-01
2017: 4.679e-01
2018: 5.419e-01
2019: 4.249e-01
2020: 6.104e-01
2021: 4.439e-01
2022: 4.387e-01
2023: 4.354e-01
2024: 3.286e-01
2025: 5.996e-01
2026: 5.652e-01
2027: 6.896e-01
2028: 4.953e-01
2029: 6.646e-01
2030: 4.219e-01
2031: 5.200e-01
2032: 3.878e-01
2033: 4.479e-01
2034: 5.256e-01
2035: 6.913e-02
2036: 0.000e+00
2037: 1.079e-02
2038: 1.065e-01
2039: 2.680e-02
2040: 1.720e-01
2041: 3.515e-01
2042: 7.414e-01
2043: 5.540e-01
2044: 5.579e-01
2045: 4.532e-01
2046: 1.120e+00
2047: 8.902e-01
2048: 9.255e-01
2049: 7.629e-01
2050: 6.987e-01
2051: 1.431e+00
2052: 2.520e-01
2053: 1.188e-01
2054: 1.759e+00
2055: 8.781e-02
2056: 5.802e-02
2057: 1.606e-03
2058: 3.009e-01
2059: 4.958e-03
2060: 2.373e-01
2061: 1.700e-01
2062: 8.661e-02
2063: 1.990e-01
2064: 1.901e-01
2065: 4.656e-01
2066: 1.835e-02
2067: 0.000e+00
2068: 4.198e-01
2069: 2.399e-01
2070: 8.027e-01
2071: 4.025e-02
2072: 0.000e+00
2073: 2.188e-01
2074: 2.088e-01
2075: 5.250e-01
2076: 1.324e+00
2077: 2.223e-01
2078: 3.413e-01
2079: 3.537e-01
2080: 5.100e-02
2081: 1.542e-01
2082: 0.000e+00
2083: 2.621e-01
2084: 2.085e-01
2085: 4.886e-01
2086: 0.000e+00
2087: 5.894e-01
2088: 5.011e-01
2089: 5.688e-01
2090: 5.334e-01
2091: 3.117e-01
2092: 1.381e-01
2093: 6.168e-03
2094: 2.361e-01
2095: 1.439e-01
2096: 1.983e-01
2097: 1.373e-01
2098: 3.170e-01
2099: 3.277e-01
2100: 1.515e-01
2101: 9.381e-02
2102: 1.125e-01
2103: 1.795e-01
2104: 3.284e-02
2105: 4.805e-01
2106: 2.474e-01
2107: 1.160e-01
2108: 0.000e+00
2109: 3.875e-01
2110: 2.084e-01
2111: 0.000e+00
2112: 4.908e-01
2113: 9.483e-01
2114: 2.465e-01
2115: 1.572e-01
2116: 0.000e+00
2117: 1.259e-01
2118: 6.635e-04
2119: 4.832e-01
2120: 5.756e-01
2121: 8.242e-01
2122: 5.056e-01
2123: 4.539e-01
2124: 7.924e-02
2125: 4.817e-04
2126: 0.000e+00
2127: 0.000e+00
2128: 4.069e-02
2129: 2.596e-01
2130: 1.283e+00
2131: 2.305e-01
2132: 1.483e-01
2133: 4.501e-01
2134: 3.566e-01
2135: 1.205e-01
2136: 9.316e-02
2137: 2.561e-02
2138: 2.191e-02
2139: 8.345e-03
2140: 2.964e-01
2141: 2.276e-01
2142: 3.713e-01
2143: 2.944e-01
2144: 8.674e-02
2145: 1.528e-01
2146: 5.432e-01
2147: 4.373e-01
2148: 7.546e-01
2149: 6.447e-02
2150: 5.203e-02
2151: 8.738e-02
2152: 5.264e-02
2153: 3.663e-02
2154: 0.000e+00
2155: 1.345e-02
2156: 9.694e-02
2157: 2.263e-02
2158: 3.036e-02
2159: 2.292e-02
2160: 2.269e-01
2161: 7.130e-03
2162: 1.366e-02
2163: 6.851e-03
2164: 6.145e-02
2165: 6.098e-03
2166: 4.675e-02
2167: 5.506e-02
2168: 1.518e-01
2169: 1.993e-02
2170: 2.886e-02
2171: 1.083e-01
2172: 0.000e+00
2173: 0.000e+00
2174: 1.888e-01
2175: 1.181e-01
2176: 7.806e-02
