1: -6.098e-01
2: 1.642e+00
3: 4.770e-01
4: -1.620e-01
5: 1.163e+00
6: -2.779e+00
7: 2.673e-01
8: -5.989e-03
9: -2.454e-01
10: 6.570e-01
11: 3.696e-01
12: 6.329e-02
13: 7.179e-01
14: 5.894e-01
15: 8.559e-01
16: 7.611e-01
17: 6.523e-01
18: 4.870e-01
19: 1.864e-01
20: 4.146e-01
21: 2.752e-01
22: 9.005e-01
23: 4.053e-01
24: 3.189e-01
25: 6.803e-01
26: 7.903e-01
27: 3.733e-01
28: 7.231e-01
29: 5.089e-01
30: 6.186e-01
31: 6.581e-01
32: 7.456e-01
33: 4.533e-01
34: 4.983e-01
35: 4.068e-01
36: 2.269e-01
37: 2.572e-01
38: 5.117e-01
39: 4.819e-01
40: 4.544e-01
41: 3.885e-01
42: 7.160e-01
43: 5.316e-01
44: 2.048e-01
45: 3.653e-01
46: 5.343e-01
47: 3.577e-01
48: 3.832e-01
49: 2.808e-01
50: 2.305e-01
51: 3.387e-01
52: 3.516e-01
53: 3.399e-01
54: 3.971e-01
55: 3.031e-01
56: 3.537e-01
57: 4.091e-01
58: 5.677e-01
59: 2.583e-01
60: 5.320e-01
61: 8.043e-01
62: 7.138e-01
63: 5.036e-01
64: 5.260e-01
65: 1.870e-01
66: 3.817e-01
67: 3.160e-01
68: 3.136e-01
69: 4.934e-01
70: 4.781e-01
71: 2.216e-01
72: 7.229e-01
73: 4.701e-01
74: 6.088e-01
75: 5.328e-01
76: 2.947e-01
77: 6.005e-01
78: 1.355e-01
79: 4.940e-01
80: 5.941e-01
81: 5.885e-01
82: 5.874e-01
83: 6.479e-01
84: 7.049e-01
85: 3.546e-01
86: 4.788e-01
87: 1.706e-01
88: 7.844e-01
89: 5.997e-01
90: 4.725e-01
91: 4.597e-01
92: 2.387e-01
93: 4.891e-01
94: 6.616e-01
95: 6.605e-01
96: 7.592e-01
97: 5.535e-01
98: 4.292e-01
99: 5.666e-01
100: 3.423e-01
101: 4.439e-01
102: 5.351e-01
103: 7.264e-01
104: 6.119e-01
105: 5.199e-01
106: 4.825e-01
107: 5.274e-01
108: 5.449e-01
109: 6.405e-01
110: 6.888e-01
111: 4.018e-01
112: 5.084e-01
113: 7.435e-01
114: 7.247e-01
115: 3.312e-01
116: 4.950e-01
117: 8.033e-01
118: 4.786e-01
119: 2.326e-01
120: 4.055e-01
121: 5.386e-01
122: 2.531e-01
123: 5.201e-01
124: 5.295e-01
125: 5.136e-01
126: 5.913e-01
127: 4.282e-01
128: 5.447e-01
129: 5.142e-01
130: 7.482e-01
131: 5.760e-01
132: 4.768e-01
133: 5.072e-01
134: 6.042e-01
135: 5.756e-01
136: 3.701e-01
137: 8.967e-01
138: 4.138e-01
139: 4.633e-01
140: 7.319e-01
141: 4.259e-01
142: 5.119e-01
143: 4.331e-01
144: 5.335e-01
145: 4.349e-01
146: 3.567e-01
147: 2.847e-01
148: 5.725e-01
149: 5.521e-01
150: 3.046e-01
151: 8.946e-01
152: 5.320e-01
153: 6.971e-01
154: 7.022e-01
155: 5.018e-01
156: 4.434e-01
157: 2.738e-01
158: 6.691e-01
159: 4.253e-01
160: 5.420e-01
161: 7.510e-01
162: 6.726e-01
163: 2.434e-01
164: 4.170e-01
165: 1.710e-01
166: 6.086e-01
167: 4.870e-01
168: 5.306e-01
169: 4.081e-01
170: 5.347e-01
171: 4.908e-01
172: 4.633e-01
173: 5.979e-01
174: 5.578e-01
175: 4.869e-01
176: 3.254e-01
177: 5.114e-01
178: 5.594e-01
179: 3.174e-01
180: 4.031e-01
181: 5.508e-01
182: 6.099e-01
183: 2.996e-01
184: 5.115e-01
185: 5.186e-01
186: 5.597e-01
187: 4.478e-01
188: 8.229e-01
189: 3.329e-01
190: 5.150e-01
191: 4.418e-01
192: 1.153e-01
193: 5.540e-01
194: 2.340e-01
195: 5.232e-01
196: 1.462e-01
197: 3.606e-01
198: 5.312e-01
199: 5.235e-01
200: 6.628e-01
201: 5.440e-01
202: 5.270e-01
203: 4.227e-01
204: 5.151e-01
205: 7.324e-01
206: 5.773e-01
207: 5.314e-01
208: 4.329e-01
209: 3.981e-01
210: 5.523e-01
211: 6.630e-01
212: 8.699e-01
213: 4.662e-01
214: 3.917e-01
215: 5.909e-01
216: 5.841e-01
217: 3.994e-01
218: 4.345e-01
219: 6.047e-01
220: 4.694e-01
221: 6.931e-01
222: 6.151e-01
223: 5.389e-01
224: 7.305e-01
225: 7.511e-01
226: 5.791e-01
227: 5.881e-01
228: 7.399e-01
229: 2.915e-01
230: 5.605e-01
231: 5.247e-01
232: 3.805e-01
233: 5.268e-01
234: 6.609e-01
235: 3.637e-01
236: 4.165e-01
237: 4.480e-01
238: 5.265e-01
239: 5.675e-01
240: 4.282e-01
241: 8.013e-01
242: 5.570e-01
243: 9.084e-01
244: 5.509e-01
245: 3.997e-01
246: 2.091e-01
247: 6.507e-01
248: 3.547e-01
249: 5.837e-01
250: 8.774e-01
251: 4.988e-01
252: 5.513e-01
253: 4.991e-01
254: 5.992e-01
255: 3.558e-01
256: 6.414e-01
257: 2.629e-01
258: 4.631e-01
259: 4.815e-01
260: 5.174e-01
261: 4.761e-01
262: 6.137e-01
263: 5.277e-01
264: 1.311e-01
265: 7.288e-01
266: 4.419e-01
267: 7.930e-01
268: 2.390e-01
269: 5.501e-01
270: 3.387e-01
271: 4.978e-01
272: 5.407e-01
273: 4.292e-01
274: 3.414e-01
275: 2.398e-01
276: 4.311e-01
277: 5.963e-01
278: 4.136e-01
279: 4.771e-01
280: 3.666e-01
281: 3.557e-01
282: 7.206e-01
283: 6.456e-01
284: 5.482e-01
285: 3.656e-01
286: 4.479e-01
287: 4.652e-01
288: 4.642e-01
289: 2.596e-01
290: 4.747e-01
291: 4.692e-01
292: 4.177e-01
293: 5.476e-01
294: 4.554e-01
295: 2.697e-01
296: 2.547e-01
297: 4.097e-01
298: 3.700e-01
299: 4.874e-01
300: 5.518e-01
301: 2.502e-01
302: 5.355e-01
303: 8.046e-01
304: 3.758e-01
305: 4.899e-01
306: 4.178e-01
307: 6.571e-01
308: 7.061e-01
309: 3.292e-01
310: 5.731e-01
311: 6.050e-01
312: 6.370e-01
313: 4.498e-01
314: 1.818e-01
315: 6.261e-01
316: 6.674e-01
317: 2.720e-01
318: 3.125e-01
319: 7.258e-01
320: 4.770e-01
321: 6.077e-01
322: 7.722e-01
323: 5.873e-01
324: 4.197e-01
325: 7.015e-01
326: 5.438e-01
327: 6.241e-01
328: 5.137e-01
329: 4.519e-01
330: 5.047e-01
331: 4.591e-01
332: 5.170e-01
333: 6.590e-01
334: 4.578e-01
335: 4.469e-01
336: 3.572e-01
337: 3.346e-01
338: 5.247e-01
339: 4.086e-01
340: 3.475e-01
341: 5.602e-01
342: 4.929e-01
343: 5.263e-01
344: 5.162e-01
345: 5.256e-01
346: 5.866e-01
347: 6.101e-01
348: 5.439e-01
349: 4.636e-01
350: 3.724e-01
351: 4.321e-01
352: 4.722e-01
353: 7.284e-01
354: 6.661e-01
355: 4.943e-01
356: 2.181e-01
357: 6.054e-01
358: 6.206e-01
359: 2.753e-01
360: 6.247e-01
361: 5.304e-01
362: 6.447e-01
363: 4.662e-01
364: 3.292e-01
365: 4.307e-01
366: 5.409e-01
367: 4.124e-01
368: 8.014e-01
369: 6.737e-01
370: 6.189e-01
371: 5.138e-01
372: 7.968e-01
373: 5.107e-01
374: 3.533e-01
375: 3.809e-01
376: 7.003e-01
377: 6.096e-01
378: 5.668e-01
379: 5.602e-01
380: 5.249e-01
381: 4.546e-01
382: 3.255e-01
383: 3.492e-01
384: 4.720e-01
385: 4.448e-01
386: 4.739e-01
387: 5.559e-01
388: 4.038e-01
389: 4.803e-01
390: 3.485e-01
391: 5.913e-01
392: 3.128e-01
393: 4.288e-01
394: 6.413e-01
395: 4.395e-01
396: 5.108e-01
397: 7.146e-01
398: 4.274e-01
399: 3.547e-01
400: 6.724e-01
401: 4.662e-01
402: 3.741e-01
403: 6.736e-01
404: 4.011e-01
405: 6.438e-01
406: 6.267e-01
407: 8.033e-01
408: 2.302e-01
409: 3.512e-01
410: 5.455e-01
411: 5.595e-01
412: 4.937e-01
413: 2.822e-01
414: 4.234e-01
415: 4.688e-01
416: 4.806e-01
417: 6.328e-01
418: 5.128e-01
419: 5.455e-01
420: 6.586e-01
421: 4.471e-01
422: 5.214e-01
423: 7.009e-01
424: 5.330e-01
425: 4.821e-01
426: 5.598e-01
427: 5.549e-01
428: 4.210e-01
429: 5.301e-01
430: 4.743e-01
431: 5.372e-01
432: 3.946e-01
433: 4.635e-01
434: 1.412e-01
435: 4.135e-01
436: 7.061e-01
437: 4.595e-01
438: 5.875e-01
439: 5.580e-01
440: 1.296e-01
441: 5.281e-01
442: 2.351e-01
443: 4.463e-01
444: 3.695e-01
445: 5.606e-01
446: 6.857e-01
447: 4.340e-01
448: 5.309e-01
449: 5.615e-01
450: 6.889e-01
451: 4.210e-01
452: 5.740e-02
453: 3.109e-01
454: 4.120e-01
455: 4.476e-01
456: 7.612e-01
457: 4.253e-01
458: 6.978e-01
459: 4.599e-01
460: 6.507e-01
461: 3.280e-01
462: 5.585e-01
463: 4.951e-01
464: 4.825e-01
465: 6.612e-01
466: 3.834e-01
467: 5.158e-01
468: 4.951e-01
469: 2.920e-01
470: 2.071e-01
471: 1.308e-01
472: 6.674e-01
473: 6.931e-01
474: 5.645e-01
475: 3.143e-01
476: 6.347e-01
477: 5.100e-01
478: 4.922e-01
479: 6.096e-01
480: 6.505e-01
481: 4.031e-01
482: 5.044e-01
483: 5.453e-01
484: 3.584e-01
485: 5.313e-01
486: 5.263e-01
487: 5.421e-01
488: 4.113e-01
489: 5.757e-01
490: 5.060e-01
491: 3.479e-01
492: 7.566e-01
493: 7.268e-01
494: 4.704e-01
495: 3.069e-01
496: 6.247e-01
497: 5.348e-01
498: 3.837e-01
499: 4.960e-01
500: 4.136e-01
501: 5.279e-01
502: 4.587e-01
503: 4.930e-01
504: 4.486e-01
505: 2.721e-01
506: 3.177e-01
507: 6.049e-01
508: 3.988e-01
509: 4.513e-01
510: 4.448e-01
511: 4.786e-01
512: 4.591e-01
513: 5.337e-01
514: 4.964e-01
515: 5.315e-01
516: 5.820e-01
517: 4.526e-01
518: 5.688e-01
519: 3.984e-01
520: 6.082e-01
521: 4.992e-01
522: 5.433e-01
523: 5.608e-01
524: 4.861e-01
525: 7.415e-01
526: 4.288e-01
527: 5.081e-01
528: 5.184e-01
529: 4.606e-01
530: 3.805e-01
531: 3.345e-01
532: 3.922e-01
533: 3.706e-01
534: 3.906e-01
535: 6.459e-01
536: 5.818e-01
537: 1.239e-01
538: 4.055e-01
539: 5.691e-01
540: 5.729e-01
541: 2.410e-01
542: 5.653e-01
543: 5.029e-01
544: 4.520e-01
545: 6.876e-01
546: 5.233e-01
547: 3.273e-01
548: 2.756e-01
549: 4.001e-01
550: 6.168e-01
551: 5.967e-01
552: 3.898e-01
553: 5.792e-01
554: 5.890e-01
555: 3.711e-01
556: 5.506e-01
557: 4.121e-01
558: 5.738e-01
559: 4.926e-01
560: 4.971e-01
561: 3.279e-01
562: 4.530e-01
563: 2.233e-01
564: 5.586e-01
565: 6.128e-01
566: 5.584e-01
567: 6.148e-01
568: 6.116e-01
569: 5.132e-01
570: 3.726e-01
571: 4.761e-01
572: 4.865e-01
573: 4.668e-01
574: 6.189e-01
575: 5.971e-01
576: 3.726e-01
577: 5.993e-01
578: 4.683e-01
579: 4.677e-01
580: 6.083e-01
581: 8.185e-01
582: 4.854e-01
583: 4.931e-02
584: 4.755e-01
585: 3.571e-01
586: 3.913e-01
587: 5.189e-01
588: 6.592e-01
589: 4.108e-01
590: 2.535e-01
591: 5.785e-01
592: 6.087e-01
593: 6.297e-01
594: 6.493e-01
595: 6.118e-01
596: 3.931e-01
597: 5.481e-01
598: 8.071e-01
599: 4.222e-01
600: 5.231e-01
601: 5.428e-01
602: 5.146e-01
603: 3.552e-01
604: 3.650e-01
605: 5.410e-01
606: 6.244e-01
607: 5.473e-01
608: 5.232e-01
609: 4.867e-01
610: 5.637e-01
611: 4.106e-01
612: 7.323e-01
613: 3.990e-01
614: 5.122e-01
615: 3.696e-01
616: 5.872e-01
617: 7.395e-01
618: 6.989e-01
619: 6.574e-01
620: 4.263e-01
621: 4.447e-01
622: 6.296e-01
623: 3.977e-01
624: 3.706e-01
625: 5.682e-01
626: 2.899e-01
627: 6.287e-01
628: 3.761e-01
629: 2.485e-01
630: 7.088e-01
631: 3.505e-01
632: 5.484e-01
633: 6.699e-01
634: 4.340e-01
635: 5.958e-01
636: 6.127e-01
637: 2.338e-01
638: 5.451e-01
639: 5.237e-01
640: 5.115e-01
641: 5.645e-01
642: 2.559e-01
643: 6.108e-01
644: 4.758e-01
645: 6.817e-01
646: 3.888e-01
647: 5.680e-01
648: 7.182e-01
649: 6.475e-01
650: 6.438e-01
651: 7.022e-01
652: 3.241e-01
653: 7.402e-01
654: 6.689e-01
655: 4.008e-01
656: 5.864e-01
657: 5.317e-01
658: 3.134e-01
659: 5.131e-01
660: 5.596e-01
661: 3.830e-01
662: 3.214e-01
663: 4.392e-01
664: 4.980e-01
665: 4.594e-01
666: 4.002e-01
667: 5.584e-01
668: 3.469e-01
669: 4.919e-01
670: 4.913e-01
671: 7.578e-01
672: 5.299e-01
673: 4.104e-01
674: 2.818e-01
675: 4.959e-01
676: 5.576e-01
677: 4.978e-01
678: 4.982e-01
679: 8.296e-01
680: 3.726e-01
681: 3.340e-01
682: 3.736e-01
683: 4.978e-01
684: 5.718e-01
685: 4.757e-01
686: 6.812e-01
687: 6.923e-01
688: 7.178e-01
689: 7.242e-01
690: 3.085e-01
691: 4.026e-01
692: 5.675e-01
693: 3.449e-01
694: 4.902e-01
695: 6.501e-01
696: 4.401e-01
697: 5.437e-01
698: 4.221e-01
699: 4.894e-01
700: 4.854e-01
701: 6.096e-01
702: 3.648e-01
703: 4.906e-01
704: 4.868e-01
705: 6.189e-01
706: 4.892e-01
707: 5.400e-01
708: 5.640e-01
709: 3.722e-01
710: 5.234e-01
711: 3.676e-01
712: 7.025e-01
713: 6.452e-01
714: 5.376e-01
715: 6.075e-01
716: 4.941e-01
717: 5.885e-01
718: 3.625e-01
719: 5.170e-01
720: 4.181e-01
721: 4.337e-01
722: 6.512e-01
723: 4.301e-01
724: 4.624e-01
725: 5.156e-01
726: 4.784e-01
727: 4.330e-01
728: 6.056e-01
729: 3.847e-01
730: 5.175e-01
731: 6.893e-01
732: 6.263e-01
733: 5.871e-01
734: 2.817e-01
735: 4.863e-01
736: 7.234e-01
737: 5.281e-01
738: 6.280e-01
739: 3.131e-01
740: 4.887e-01
741: 3.342e-01
742: 4.549e-01
743: 5.119e-01
744: 5.758e-01
745: 2.393e-01
746: 3.176e-01
747: 4.631e-01
748: 3.973e-01
749: 4.464e-01
750: 2.553e-01
751: 5.223e-01
752: 6.261e-01
753: 5.262e-01
754: 5.244e-01
755: 5.106e-01
756: 4.441e-01
757: 4.652e-01
758: 5.556e-01
759: 4.069e-01
760: 5.925e-01
761: 4.017e-01
762: 6.337e-01
763: 5.252e-01
764: 2.904e-01
765: 4.566e-01
766: 5.101e-01
767: 4.345e-01
768: 4.913e-01
769: 3.354e-01
770: 2.914e-01
771: 3.182e-01
772: 5.432e-01
773: 5.667e-01
774: 5.402e-01
775: 2.663e-01
776: 7.382e-01
777: 5.058e-01
778: 3.647e-01
779: 5.412e-01
780: 6.364e-01
781: 5.017e-01
782: 5.013e-01
783: 2.737e-01
784: 6.416e-01
785: 5.866e-01
786: 3.481e-01
787: 3.999e-01
788: 4.915e-01
789: 3.971e-01
790: 3.444e-01
791: 5.686e-01
792: 6.351e-01
793: 6.136e-01
794: 4.096e-01
795: 6.198e-01
796: 4.048e-01
797: 6.716e-01
798: 2.200e-01
799: 4.602e-01
800: 6.920e-01
801: 3.292e-01
802: 6.252e-01
803: 5.813e-01
804: 5.096e-01
805: 2.203e-01
806: 6.760e-01
807: 6.317e-01
808: 4.038e-01
809: 5.208e-01
810: 4.629e-01
811: 5.440e-01
812: 3.913e-01
813: 4.962e-01
814: 5.974e-01
815: 3.410e-01
816: 5.543e-01
817: 5.988e-01
818: 4.089e-01
819: 3.345e-01
820: 7.107e-01
821: 6.101e-01
822: 3.931e-01
823: 4.751e-01
824: 3.007e-01
825: 4.337e-01
826: 6.830e-01
827: 5.197e-01
828: 5.341e-01
829: 3.907e-01
830: 4.657e-01
831: 1.919e-01
832: 5.422e-01
833: 5.759e-01
834: 5.276e-01
835: 3.929e-01
836: 4.085e-01
837: 6.739e-01
838: 6.388e-01
839: 5.009e-01
840: 5.061e-01
841: 6.262e-01
842: 2.935e-01
843: 4.315e-01
844: 4.379e-01
845: 2.931e-01
846: 4.496e-01
847: 6.741e-01
848: 5.203e-01
849: 5.586e-01
850: 5.744e-01
851: 1.908e-01
852: 3.384e-01
853: 3.355e-01
854: 3.600e-01
855: 2.887e-01
856: 5.418e-01
857: 6.757e-01
858: 4.569e-01
859: 4.194e-01
860: 5.879e-01
861: 3.209e-01
862: 5.135e-01
863: 3.932e-01
864: 4.938e-01
865: 4.583e-01
866: 5.160e-01
867: 5.323e-01
868: 5.369e-01
869: 5.824e-01
870: 6.060e-01
871: 4.132e-01
872: 5.804e-01
873: 5.268e-01
874: 6.659e-01
875: 6.659e-01
876: 5.638e-01
877: 5.044e-01
878: 4.218e-01
879: 3.964e-01
880: 5.550e-01
881: 4.330e-01
882: 5.228e-01
883: 6.137e-01
884: 4.156e-01
885: 3.398e-01
886: 6.584e-01
887: 6.332e-01
888: 5.712e-01
889: 4.860e-01
890: 5.251e-01
891: 5.447e-01
892: 3.198e-01
893: 2.782e-01
894: 6.654e-01
895: 3.407e-01
896: 3.391e-01
897: 3.201e-01
898: 4.846e-01
899: 6.789e-01
900: 3.225e-01
901: 3.032e-01
902: 6.192e-01
903: 4.827e-01
904: 4.916e-01
905: 4.732e-01
906: 3.400e-01
907: 4.510e-01
908: 5.041e-01
909: 3.566e-01
910: 4.306e-01
911: 3.998e-01
912: 5.125e-01
913: 5.231e-01
914: 3.165e-01
915: 2.927e-01
916: 3.180e-01
917: 5.429e-01
918: 6.082e-01
919: 3.670e-01
920: 5.682e-01
921: 6.124e-01
922: 4.636e-01
923: 5.896e-01
924: 4.600e-01
925: 5.638e-01
926: 4.611e-01
927: 6.346e-01
928: 6.124e-01
929: 4.696e-01
930: 6.692e-01
931: 5.749e-01
932: 4.009e-01
933: 7.138e-01
934: 5.114e-01
935: 5.100e-01
936: 5.193e-01
937: 4.070e-01
938: 6.827e-01
939: 6.217e-01
940: 4.538e-01
941: 6.261e-01
942: 3.446e-01
943: 4.832e-01
944: 4.636e-01
945: 4.187e-01
946: 6.189e-01
947: 7.179e-01
948: 6.442e-01
949: 5.877e-01
950: 6.042e-01
951: 5.516e-01
952: 4.890e-01
953: 3.689e-01
954: 5.017e-01
955: 5.420e-01
956: 6.635e-01
957: 4.734e-01
958: 4.179e-01
959: 5.195e-01
960: 5.752e-01
961: 6.306e-01
962: 1.788e-01
963: 5.799e-01
964: 4.135e-01
965: 4.123e-01
966: 6.478e-01
967: 6.455e-01
968: 5.574e-01
969: 4.388e-01
970: 6.623e-01
971: 7.006e-01
972: 5.646e-01
973: 5.324e-01
974: 6.632e-01
975: 5.542e-01
976: 4.591e-01
977: 3.450e-01
978: 4.032e-01
979: 4.428e-01
980: 7.407e-01
981: 5.881e-01
982: 5.967e-01
983: 4.846e-01
984: 5.241e-01
985: 5.656e-01
986: 6.863e-01
987: 7.224e-01
988: 4.341e-01
989: 4.240e-01
990: 4.557e-01
991: 6.934e-01
992: 5.862e-01
993: 5.567e-01
994: 4.379e-01
995: 6.846e-01
996: 4.735e-01
997: 7.720e-01
998: 4.066e-01
999: 5.788e-01
1000: 3.485e-01
1001: 5.707e-01
1002: 3.635e-01
1003: 5.825e-01
1004: 6.140e-01
1005: 5.211e-01
1006: 3.316e-01
1007: 4.021e-01
1008: 3.413e-01
1009: 3.854e-01
1010: 4.974e-01
1011: 7.156e-01
1012: 4.795e-01
1013: 5.485e-01
1014: 5.152e-01
1015: 4.042e-01
1016: 2.869e-01
1017: 4.973e-01
1018: 3.822e-01
1019: 4.927e-01
1020: 8.030e-01
1021: 4.914e-01
1022: 4.137e-01
1023: 3.440e-01
1024: 3.547e-01
1025: 4.583e-01
1026: 4.919e-01
1027: 5.727e-01
1028: 6.850e-01
1029: 4.984e-01
1030: 5.348e-01
1031: 3.219e-01
1032: 3.029e-01
1033: 4.322e-01
1034: 4.689e-01
1035: 5.107e-01
1036: 5.616e-01
1037: 2.184e-01
1038: 4.152e-01
1039: 5.861e-01
1040: 5.746e-01
1041: 6.098e-01
1042: 3.661e-01
1043: 6.151e-01
1044: 3.319e-01
1045: 4.876e-01
1046: 5.387e-01
1047: 3.343e-01
1048: 5.641e-01
1049: 5.754e-01
1050: 6.036e-01
1051: 6.886e-01
1052: 3.142e-01
1053: 3.860e-01
1054: 6.461e-01
1055: 5.278e-01
1056: 6.263e-01
1057: 4.622e-01
1058: 5.365e-01
1059: 6.034e-01
1060: 6.890e-01
1061: 4.945e-01
1062: 4.629e-01
1063: 5.377e-01
1064: 5.396e-01
1065: 4.210e-01
1066: 3.536e-01
1067: 5.639e-01
1068: 4.703e-01
1069: 4.945e-01
1070: 4.659e-01
1071: 5.012e-01
1072: 3.938e-01
1073: 4.389e-01
1074: 6.208e-01
1075: 3.181e-01
1076: 3.159e-01
1077: 5.847e-01
1078: 4.119e-01
1079: 3.288e-01
1080: 4.887e-01
1081: 4.589e-01
1082: 5.928e-01
1083: 5.625e-01
1084: 6.176e-01
1085: 5.624e-01
1086: 4.677e-01
1087: 7.369e-01
1088: 4.361e-01
1089: 4.993e-01
1090: 4.011e-01
1091: 5.415e-01
1092: 5.261e-01
1093: 3.321e-01
1094: 3.595e-01
1095: 4.331e-01
1096: 4.958e-01
1097: 6.225e-01
1098: 4.962e-01
1099: 4.403e-01
1100: 5.997e-01
1101: 6.621e-01
1102: 3.490e-01
1103: 6.822e-01
1104: 5.204e-01
1105: 6.559e-01
1106: 3.542e-01
1107: 3.778e-01
1108: 4.696e-01
1109: 6.766e-01
1110: 5.402e-01
1111: 4.433e-01
1112: 4.961e-01
1113: 5.588e-01
1114: 4.767e-01
1115: 5.829e-01
1116: 3.617e-01
1117: 3.626e-01
1118: 5.319e-01
1119: 5.501e-01
1120: 2.808e-01
1121: 4.231e-01
1122: 3.852e-01
1123: 4.602e-01
1124: 4.224e-01
1125: 5.490e-01
1126: 3.781e-01
1127: 4.874e-01
1128: 5.387e-01
1129: 5.905e-01
1130: 4.829e-01
1131: 4.412e-01
1132: 4.038e-01
1133: 5.959e-01
1134: 6.186e-01
1135: 4.502e-01
1136: 5.398e-01
1137: 4.090e-01
1138: 4.581e-01
1139: 5.649e-01
1140: 4.546e-01
1141: 5.939e-01
1142: 6.687e-01
1143: 4.693e-01
1144: 6.181e-01
1145: 6.655e-01
1146: 6.140e-01
1147: 5.411e-01
1148: 7.565e-01
1149: 5.269e-01
1150: 4.191e-01
1151: 6.133e-01
1152: 7.445e-01
1153: 4.253e-01
1154: 4.365e-01
1155: 3.089e-01
1156: 4.984e-01
1157: 4.587e-01
1158: 4.390e-01
1159: 4.314e-01
1160: 5.403e-01
1161: 4.620e-01
1162: 4.916e-01
1163: 5.315e-01
1164: 5.611e-01
1165: 3.543e-01
1166: 7.263e-01
1167: 3.468e-01
1168: 6.014e-01
1169: 6.633e-01
1170: 5.950e-01
1171: 4.890e-01
1172: 3.327e-01
1173: 4.809e-01
1174: 5.294e-01
1175: 5.572e-01
1176: 5.932e-01
1177: 6.514e-01
1178: 6.835e-01
1179: 4.495e-01
1180: 6.482e-01
1181: 6.224e-01
1182: 5.490e-01
1183: 4.427e-01
1184: 5.729e-01
1185: 5.278e-01
1186: 3.962e-01
1187: 4.106e-01
1188: 4.578e-01
1189: 3.296e-01
1190: 4.349e-01
1191: 5.323e-01
1192: 5.436e-01
1193: 5.444e-01
1194: 2.736e-01
1195: 4.133e-01
1196: 6.102e-01
1197: 3.312e-01
1198: 5.522e-01
1199: 3.712e-01
1200: 3.791e-01
1201: 5.640e-01
1202: 5.981e-01
1203: 5.398e-01
1204: 3.470e-01
1205: 5.684e-01
1206: 5.289e-01
1207: 3.523e-01
1208: 6.176e-01
1209: 5.673e-01
1210: 7.722e-01
1211: 4.804e-01
1212: 4.863e-01
1213: 5.822e-01
1214: 4.999e-01
1215: 3.965e-01
1216: 7.135e-01
1217: 4.479e-01
1218: 2.730e-01
1219: 4.783e-01
1220: 3.448e-01
1221: 4.617e-01
1222: 6.091e-01
1223: 4.947e-01
1224: 5.574e-01
1225: 4.677e-01
1226: 3.747e-01
1227: 5.326e-01
1228: 3.531e-01
1229: 4.431e-01
1230: 4.784e-01
1231: 6.116e-01
1232: 4.449e-01
1233: 3.509e-01
1234: 4.519e-01
1235: 4.958e-01
1236: 6.266e-01
1237: 5.608e-01
1238: 3.326e-01
1239: 6.168e-01
1240: 4.924e-01
1241: 3.815e-01
1242: 2.799e-01
1243: 4.459e-01
1244: 6.020e-01
1245: 4.192e-01
1246: 3.614e-01
1247: 4.398e-01
1248: 5.473e-01
1249: 3.794e-01
1250: 4.667e-01
1251: 6.189e-01
1252: 3.145e-01
1253: 4.834e-01
1254: 5.597e-01
1255: 4.923e-01
1256: 8.318e-02
1257: 6.480e-01
1258: 4.690e-01
1259: 3.823e-01
1260: 3.323e-01
1261: 6.983e-01
1262: 3.932e-01
1263: 5.004e-01
1264: 3.892e-01
1265: 4.866e-01
1266: 6.816e-01
1267: 4.649e-01
1268: 5.822e-01
1269: 5.036e-01
1270: 5.744e-01
1271: 4.803e-01
1272: 5.905e-01
1273: 4.314e-01
1274: 4.299e-01
1275: 5.952e-01
1276: 6.162e-01
1277: 2.100e-01
1278: 5.315e-01
1279: 4.851e-01
1280: 6.486e-01
1281: 1.821e-01
1282: 7.024e-01
1283: 6.039e-01
1284: 3.051e-01
1285: 4.763e-01
1286: 4.804e-01
1287: 2.957e-01
1288: 6.240e-01
1289: 5.021e-01
1290: 4.378e-01
1291: 6.597e-01
1292: 3.770e-01
1293: 6.774e-02
1294: 7.792e-01
1295: 3.218e-01
1296: 3.679e-01
1297: 6.133e-01
1298: 4.315e-01
1299: 4.498e-01
1300: 5.179e-01
1301: 5.100e-01
1302: 3.145e-01
1303: 4.589e-01
1304: 3.564e-01
1305: 4.254e-01
1306: 4.096e-01
1307: 5.255e-01
1308: 4.843e-01
1309: 5.765e-01
1310: 4.947e-01
1311: 3.083e-01
1312: 5.038e-01
1313: 5.363e-01
1314: 4.260e-01
1315: 6.409e-01
1316: 4.594e-01
1317: 5.900e-01
1318: 4.692e-01
1319: 4.299e-01
1320: 3.493e-01
1321: 6.010e-01
1322: 6.786e-01
1323: 5.560e-01
1324: 3.088e-01
1325: 4.849e-01
1326: 5.032e-01
1327: 5.933e-01
1328: 6.165e-01
1329: 1.753e-01
1330: 5.300e-01
1331: 6.789e-01
1332: 8.805e-01
1333: 4.517e-01
1334: 5.218e-01
1335: 4.988e-01
1336: 7.409e-01
1337: 5.182e-01
1338: 6.421e-01
1339: 3.293e-01
1340: 5.824e-01
1341: 4.292e-01
1342: 6.114e-01
1343: 4.098e-01
1344: 3.609e-01
1345: 7.538e-01
1346: 5.760e-01
1347: 5.764e-01
1348: 6.897e-01
1349: 5.496e-01
1350: 5.257e-01
1351: 5.298e-01
1352: 5.173e-01
1353: 3.897e-01
1354: 3.994e-01
1355: 6.751e-01
1356: 4.473e-01
1357: 5.399e-01
1358: 4.321e-01
1359: 5.310e-01
1360: 3.554e-01
1361: 5.544e-01
1362: 6.468e-01
1363: 4.892e-01
1364: 2.884e-01
1365: 2.088e-01
1366: 2.822e-01
1367: 5.804e-01
1368: 6.170e-01
1369: 6.420e-01
1370: 3.442e-01
1371: 7.153e-01
1372: 3.483e-01
1373: 5.181e-01
1374: 4.349e-01
1375: 6.956e-01
1376: 3.579e-01
1377: 3.872e-01
1378: 4.118e-01
1379: 5.993e-01
1380: 5.300e-01
1381: 5.473e-01
1382: 4.758e-01
1383: 4.373e-01
1384: 3.704e-01
1385: 4.481e-01
1386: 3.196e-01
1387: 3.316e-01
1388: 7.316e-01
1389: 2.681e-01
1390: 4.790e-01
1391: 5.112e-01
1392: 6.323e-01
1393: 5.559e-01
1394: 5.608e-01
1395: 6.060e-01
1396: 4.174e-01
1397: 2.951e-01
1398: 7.795e-01
1399: 6.605e-01
1400: 5.458e-01
1401: 4.921e-01
1402: 6.025e-01
1403: 3.754e-01
1404: 5.644e-01
1405: 5.728e-01
1406: 5.559e-01
1407: 6.574e-01
1408: 4.812e-01
1409: 6.011e-01
1410: 3.949e-01
1411: 4.660e-01
1412: 6.072e-01
1413: 4.945e-01
1414: 5.837e-01
1415: 3.250e-01
1416: 6.171e-01
1417: 5.477e-01
1418: 3.573e-01
1419: 6.113e-01
1420: 4.860e-01
1421: 5.936e-01
1422: 6.510e-01
1423: 5.043e-01
1424: 3.926e-01
1425: 6.279e-01
1426: 4.005e-01
1427: 3.976e-01
1428: 3.205e-01
1429: 5.647e-01
1430: 3.379e-01
1431: 6.258e-01
1432: 4.643e-01
1433: 5.966e-01
1434: 6.940e-01
1435: 6.010e-01
1436: 6.457e-01
1437: 6.915e-01
1438: 6.565e-01
1439: 3.928e-01
1440: 5.238e-01
1441: 5.743e-01
1442: 2.950e-01
1443: 2.654e-01
1444: 6.136e-01
1445: 6.334e-01
1446: 3.096e-01
1447: 3.973e-01
1448: 3.358e-01
1449: 4.131e-01
1450: 6.595e-01
1451: 6.611e-01
1452: 4.426e-01
1453: 6.268e-01
1454: 2.882e-01
1455: 5.467e-01
1456: 5.691e-01
1457: 7.815e-01
1458: 2.507e-01
1459: 3.960e-01
1460: 5.882e-01
1461: 6.638e-01
1462: 6.304e-01
1463: 4.666e-01
1464: 5.272e-01
1465: 3.091e-01
1466: 6.068e-01
1467: 5.643e-01
1468: 4.353e-01
1469: 5.917e-01
1470: 3.810e-01
1471: 1.112e-01
1472: 5.630e-01
1473: 5.687e-01
1474: 4.239e-01
1475: 4.479e-01
1476: 5.593e-01
1477: 4.333e-01
1478: 3.280e-01
1479: 5.449e-01
1480: 3.781e-01
1481: 6.560e-01
1482: 4.915e-01
1483: 4.402e-01
1484: 6.944e-01
1485: 2.708e-01
1486: 5.536e-01
1487: 5.092e-01
1488: 3.461e-01
1489: 3.642e-01
1490: 5.547e-01
1491: 4.094e-01
1492: 5.466e-01
1493: 3.596e-01
1494: 5.605e-01
1495: 5.699e-01
1496: 3.727e-01
1497: 6.088e-01
1498: 7.639e-01
1499: 4.882e-01
1500: 6.249e-01
1501: 5.228e-01
1502: 4.784e-01
1503: 4.561e-01
1504: 4.007e-01
1505: 5.506e-01
1506: 3.402e-01
1507: 3.597e-01
1508: 6.224e-01
1509: 5.702e-01
1510: 5.567e-01
1511: 6.233e-01
1512: 5.681e-01
1513: 5.610e-01
1514: 4.935e-01
1515: 5.956e-01
1516: 5.027e-01
1517: 3.866e-01
1518: 4.822e-01
1519: 7.522e-01
1520: 5.640e-01
1521: 5.114e-01
1522: 5.038e-01
1523: 4.063e-01
1524: 1.904e-01
1525: 5.962e-01
1526: 4.862e-01
1527: 4.441e-01
1528: 2.864e-01
1529: 4.927e-01
1530: 4.575e-01
1531: 5.644e-01
1532: 3.055e-01
1533: 4.639e-01
1534: 1.805e-01
1535: 3.510e-01
1536: 3.556e-01
1537: 5.487e-01
1538: 4.479e-01
1539: 3.848e-01
1540: 5.415e-01
1541: 4.618e-01
1542: 5.549e-01
1543: 5.242e-01
1544: 5.667e-01
1545: 6.028e-01
1546: 3.098e-01
1547: 4.306e-01
1548: 4.332e-01
1549: 6.764e-01
1550: 5.127e-01
1551: 5.370e-01
1552: 8.114e-01
1553: 7.129e-01
1554: 3.533e-01
1555: 5.451e-01
1556: 3.816e-01
1557: 3.957e-01
1558: 5.838e-01
1559: 6.323e-01
1560: 4.668e-01
1561: 4.878e-01
1562: 2.255e-01
1563: 5.067e-01
1564: 4.003e-01
1565: 6.177e-01
1566: 4.619e-01
1567: 3.948e-01
1568: 5.195e-01
1569: 5.422e-01
1570: 5.109e-01
1571: 5.540e-01
1572: 4.003e-01
1573: 5.495e-01
1574: 5.728e-01
1575: 5.645e-01
1576: 6.442e-01
1577: 6.361e-01
1578: 5.099e-01
1579: 4.935e-01
1580: 6.325e-01
1581: 4.987e-01
1582: 4.953e-01
1583: 3.900e-01
1584: 5.484e-01
1585: 6.682e-01
1586: 5.669e-01
1587: 4.880e-01
1588: 3.582e-01
1589: 6.148e-01
1590: 5.182e-01
1591: 4.733e-01
1592: 4.986e-01
1593: 4.479e-01
1594: 5.750e-01
1595: 3.395e-01
1596: 6.329e-01
1597: 7.775e-01
1598: 5.956e-01
1599: 7.362e-01
1600: 4.744e-01
1601: 5.952e-01
1602: 5.715e-01
1603: 4.848e-01
1604: 3.889e-01
1605: 5.897e-01
1606: 6.156e-01
1607: 3.466e-01
1608: 6.424e-01
1609: 4.632e-01
1610: 5.856e-01
1611: 3.740e-01
1612: 4.724e-01
1613: 5.243e-01
1614: 3.306e-01
1615: 4.162e-01
1616: 4.483e-01
1617: 5.052e-01
1618: 4.735e-01
1619: 5.263e-01
1620: 4.566e-01
1621: 4.990e-01
1622: 3.012e-01
1623: 5.063e-01
1624: 3.702e-01
1625: 5.885e-01
1626: 6.705e-01
1627: 5.865e-01
1628: 2.897e-01
1629: 6.298e-01
1630: 5.500e-01
1631: 5.242e-01
1632: 5.621e-01
1633: 4.844e-01
1634: 4.262e-01
1635: 5.065e-01
1636: 6.172e-01
1637: 4.933e-01
1638: 6.174e-01
1639: 4.572e-01
1640: 4.100e-01
1641: 4.069e-01
1642: 4.134e-01
1643: 3.984e-01
1644: 7.291e-01
1645: 4.534e-01
1646: 5.145e-01
1647: 3.983e-01
1648: 3.539e-01
1649: 4.233e-01
1650: 5.397e-01
1651: 5.496e-01
1652: 4.078e-01
1653: 3.911e-01
1654: 4.624e-01
1655: 8.204e-01
1656: 3.535e-01
1657: 6.611e-01
1658: 6.131e-01
1659: 2.852e-01
1660: 5.769e-01
1661: 5.388e-01
1662: 2.722e-01
1663: 3.985e-01
1664: 5.352e-01
1665: 3.090e-01
1666: 3.727e-01
1667: 6.700e-01
1668: 6.211e-01
1669: 6.535e-01
1670: 2.828e-01
1671: 5.385e-01
1672: 5.009e-01
1673: 6.416e-01
1674: 6.700e-01
1675: 4.346e-01
1676: 5.420e-01
1677: 6.420e-01
1678: 3.921e-01
1679: 2.406e-01
1680: 6.082e-01
1681: 5.805e-01
1682: 4.599e-01
1683: 6.918e-01
1684: 4.385e-01
1685: 6.607e-01
1686: 5.576e-01
1687: 3.039e-01
1688: 4.847e-01
1689: 4.369e-01
1690: 5.623e-01
1691: 4.350e-01
1692: 5.261e-01
1693: 6.731e-01
1694: 3.815e-01
1695: 7.366e-01
1696: 6.572e-01
1697: 5.112e-01
1698: 6.705e-01
1699: 6.425e-01
1700: 4.879e-01
1701: 5.936e-01
1702: 2.171e-01
1703: 6.972e-01
1704: 4.384e-01
1705: 5.882e-01
1706: 5.890e-01
1707: 4.108e-01
1708: 4.314e-01
1709: 4.015e-01
1710: 7.046e-01
1711: 7.341e-01
1712: 5.561e-01
1713: 4.394e-01
1714: 2.041e-01
1715: 4.331e-01
1716: 4.300e-01
1717: 3.826e-01
1718: 5.219e-01
1719: 4.396e-01
1720: 5.964e-01
1721: 6.688e-01
1722: 5.245e-01
1723: 5.198e-01
1724: 5.358e-01
1725: 4.068e-01
1726: 6.123e-01
1727: 6.941e-01
1728: 4.412e-01
1729: 4.899e-01
1730: 5.386e-01
1731: 6.376e-01
1732: 5.773e-01
1733: 2.490e-01
1734: 6.693e-01
1735: 5.105e-01
1736: 4.797e-01
1737: 3.090e-01
1738: 6.057e-01
1739: 6.091e-01
1740: 3.614e-01
1741: 5.776e-01
1742: 5.176e-01
1743: 3.429e-01
1744: 5.502e-01
1745: 5.175e-01
1746: 3.161e-01
1747: 7.639e-01
1748: 6.021e-01
1749: 7.000e-01
1750: 4.763e-01
1751: 5.706e-01
1752: 5.460e-01
1753: 5.258e-01
1754: 6.133e-01
1755: 6.669e-01
1756: 7.172e-01
1757: 5.617e-01
1758: 6.375e-01
1759: 5.103e-01
1760: 4.672e-01
1761: 7.957e-01
1762: 6.803e-01
1763: 8.627e-01
1764: 3.654e-01
1765: 7.038e-01
1766: 4.521e-01
1767: 6.471e-01
1768: 3.522e-01
1769: 5.249e-01
1770: 3.425e-01
1771: 1.979e-01
1772: 4.671e-01
1773: 4.833e-01
1774: 6.788e-01
1775: 6.471e-01
1776: 6.810e-01
1777: 4.014e-01
1778: 4.834e-01
1779: 3.571e-01
1780: 4.958e-01
1781: 5.818e-01
1782: 6.231e-01
1783: 5.484e-01
1784: 5.495e-01
1785: 1.883e-01
1786: 4.229e-01
1787: 4.948e-01
1788: 6.211e-01
1789: 3.137e-01
1790: 7.556e-01
1791: 5.035e-01
1792: 2.691e-01
1793: 4.950e-01
1794: 1.841e-01
1795: 6.436e-01
1796: 6.136e-01
1797: 5.741e-01
1798: 3.994e-01
1799: 6.645e-01
1800: 8.142e-01
1801: 4.861e-01
1802: 6.728e-01
1803: 4.463e-01
1804: 5.360e-01
1805: 5.950e-01
1806: 3.906e-01
1807: 4.181e-01
1808: 3.896e-01
1809: 4.632e-01
1810: 6.481e-01
1811: 4.358e-01
1812: 6.746e-01
1813: 3.679e-01
1814: 3.415e-01
1815: 6.012e-01
1816: 6.282e-01
1817: 6.891e-01
1818: 5.229e-01
1819: 6.193e-01
1820: 5.712e-01
1821: 8.239e-01
1822: 6.210e-01
1823: 4.800e-01
1824: 3.157e-01
1825: 5.069e-01
1826: 4.853e-01
1827: 6.137e-01
1828: 3.991e-01
1829: 5.169e-01
1830: 6.488e-01
1831: 4.484e-01
1832: 3.434e-01
1833: 3.807e-01
1834: 3.469e-01
1835: 6.623e-01
1836: 4.863e-01
1837: 6.606e-01
1838: 5.302e-01
1839: 1.720e-01
1840: 5.494e-01
1841: 3.734e-01
1842: 4.723e-01
1843: 7.370e-01
1844: 5.778e-01
1845: 4.227e-01
1846: 2.569e-01
1847: 3.045e-01
1848: 4.647e-01
1849: 4.437e-01
1850: 4.277e-01
1851: 4.961e-01
1852: 4.663e-01
1853: 4.372e-01
1854: 2.895e-01
1855: 4.392e-01
1856: 5.158e-01
1857: 6.749e-01
1858: 4.418e-01
1859: 5.238e-01
1860: 4.681e-01
1861: 6.173e-01
1862: 3.276e-01
1863: 4.887e-01
1864: 5.223e-01
1865: 5.783e-01
1866: 5.712e-01
1867: 6.602e-01
1868: 4.984e-01
1869: 4.336e-01
1870: 3.702e-01
1871: 3.742e-01
1872: 5.899e-01
1873: 5.152e-01
1874: 3.900e-01
1875: 4.699e-01
1876: 5.732e-01
1877: 3.793e-01
1878: 4.929e-01
1879: 5.263e-01
1880: 3.221e-01
1881: 4.565e-01
1882: 4.033e-01
1883: 4.800e-01
1884: 6.940e-01
1885: 5.153e-01
1886: 4.385e-01
1887: 6.722e-01
1888: 7.735e-01
1889: 6.253e-01
1890: 4.046e-01
1891: 8.169e-01
1892: 4.148e-01
1893: 4.726e-01
1894: 2.843e-01
1895: 3.683e-01
1896: 5.692e-01
1897: 3.385e-01
1898: 5.669e-01
1899: 5.046e-01
1900: 3.638e-01
1901: 6.021e-01
1902: 5.969e-01
1903: 5.292e-01
1904: 2.065e-01
1905: 5.154e-01
1906: 5.334e-01
1907: 4.836e-01
1908: 4.486e-01
1909: 4.473e-01
1910: 3.778e-01
1911: 3.284e-01
1912: 2.603e-01
1913: 5.893e-01
1914: 6.232e-01
1915: 3.097e-01
1916: 5.747e-01
1917: 3.573e-01
1918: 4.228e-01
1919: 4.698e-01
1920: 2.765e-01
1921: 6.531e-01
1922: 3.477e-01
1923: 5.048e-01
1924: 5.832e-01
1925: 6.577e-01
1926: 4.271e-01
1927: 6.742e-01
1928: 5.597e-01
1929: 6.171e-01
1930: 6.291e-01
1931: 6.698e-01
1932: 4.140e-01
1933: 6.904e-01
1934: 6.888e-01
1935: 4.647e-01
1936: 4.970e-01
1937: 7.039e-01
1938: 6.217e-01
1939: 2.928e-01
1940: 6.416e-01
1941: 5.262e-01
1942: 6.697e-01
1943: 5.873e-01
1944: 3.419e-01
1945: 6.069e-01
1946: 4.382e-01
1947: 1.071e+00
1948: 6.453e-01
1949: 6.877e-02
1950: 8.355e+00
1951: 7.738e-01
1952: 2.017e-01
1953: 1.411e+00
1954: 5.415e+00
1955: 3.595e-01
1956: 6.046e-01
1957: 5.593e-01
1958: 5.334e-01
1959: 4.542e-01
1960: 5.520e-01
1961: 4.475e-01
1962: 5.968e-01
1963: 3.227e-01
1964: 6.731e-01
1965: 4.511e-01
1966: 4.633e-01
1967: 2.710e-01
1968: 5.811e-01
1969: 4.660e-01
1970: 4.746e-01
1971: 5.577e-01
1972: 3.429e-01
1973: 7.153e-01
1974: 4.921e-01
1975: 4.730e-01
1976: 5.418e-01
1977: 2.905e-01
1978: 5.771e-01
1979: 5.140e-01
1980: 7.104e-01
1981: 6.457e-01
1982: 5.663e-01
1983: 6.667e-01
1984: 6.820e-01
1985: 4.517e-01
1986: 5.464e-01
1987: 6.239e-01
1988: 5.433e-01
1989: 5.870e-01
1990: 4.671e-01
1991: 5.202e-01
1992: 5.330e-01
1993: 5.270e-01
1994: 5.240e-01
1995: 6.148e-01
1996: 6.055e-01
1997: 4.011e-01
1998: 7.467e-01
1999: 6.933e-01
2000: 5.198e-01
2001: 4.383e-01
2002: 7.764e-01
2003: 6.979e-01
2004: 6.149e-01
2005: 4.552e-01
2006: 6.065e-01
2007: 4.821e-01
2008: 5.754e-01
2009: 6.455e-01
2010: 4.645e-01
2011: 3.003e-01
2012: 2.559e-01
2013: 4.450e-01
2014: 4.210e-01
2015: 6.770e-01
2016: 5.501e-01
2017: 5.715e-01
2018: 5.070e-01
2019: 6.331e-01
2020: 4.719e-01
2021: 5.219e-01
2022: 5.982e-01
2023: 6.618e-01
2024: 7.174e-01
2025: 4.730e-01
2026: 6.181e-01
2027: 4.101e-01
2028: 7.102e-01
2029: 5.821e-01
2030: 4.765e-01
2031: 3.854e-01
2032: 8.232e-01
2033: 9.743e-01
2034: 1.514e+00
2035: 3.434e+01
2036: 2.172e+00
2037: 2.860e+00
2038: 2.423e+00
2039: 2.329e+00
2040: 2.503e+00
2041: 1.624e+00
2042: 7.910e-01
2043: 8.530e-01
2044: 4.010e-01
2045: 5.689e-01
2046: 9.536e-01
2047: 6.095e-01
2048: 5.332e-01
2049: 7.306e-01
2050: 8.041e-01
2051: 2.011e+00
2052: 1.016e+00
2053: 1.533e+00
2054: 2.449e+00
2055: 1.319e+00
2056: 1.444e+00
2057: 1.281e+00
2058: 1.158e+00
2059: 4.090e-01
2060: 8.634e-01
2061: 5.870e-01
2062: 3.294e-01
2063: 2.500e+00
2064: 1.149e+00
2065: 1.055e+00
2066: 1.699e-01
2067: 8.246e-02
2068: 2.217e+00
2069: 2.649e+00
2070: 2.498e+00
2071: 2.972e+00
2072: 1.424e+00
2073: 1.639e+00
2074: 7.507e-01
2075: 2.569e+00
2076: 2.332e+00
2077: 9.009e-01
2078: 2.268e+00
2079: 9.229e-01
2080: 1.190e-01
2081: 2.019e-01
2082: -3.016e-01
2083: 4.000e+00
2084: 1.533e+00
2085: 1.311e+00
2086: 1.679e+00
2087: 1.858e+00
2088: 6.900e-01
2089: 9.207e-01
2090: 8.142e-01
2091: 4.005e-01
2092: 4.403e-01
2093: -4.242e-01
2094: 5.692e-01
2095: 1.032e+00
2096: 7.946e-01
2097: 1.453e-01
2098: 6.128e-01
2099: 6.311e-01
2100: 5.267e-01
2101: 4.634e-01
2102: -1.072e-02
2103: 3.512e-01
2104: 8.058e-01
2105: 1.000e+00
2106: 1.186e+00
2107: 1.185e+00
2108: -3.235e-02
2109: 2.761e-01
2110: 3.083e-01
2111: -2.521e-01
2112: 8.161e-01
2113: 1.697e+00
2114: 7.739e-01
2115: 1.120e+00
2116: -4.186e-01
2117: 1.197e+00
2118: 8.961e-01
2119: 1.686e+00
2120: 1.029e+00
2121: 2.210e+00
2122: 8.455e-01
2123: 1.815e+00
2124: 1.372e+00
2125: 1.049e+00
2126: 1.154e+00
2127: 1.511e+00
2128: 1.017e+00
2129: 1.527e+00
2130: 2.080e+00
2131: 6.859e-01
2132: 1.044e-01
2133: 6.580e-01
2134: 2.500e-01
2135: 1.752e+00
2136: 2.467e+00
2137: 1.579e+00
2138: 1.007e+00
2139: 6.104e-01
2140: 6.140e-01
2141: 4.423e-01
2142: 8.959e-01
2143: 1.318e+00
2144: 6.690e-01
2145: 7.164e-01
2146: 8.745e-01
2147: 1.730e+00
2148: 1.155e+00
2149: 1.252e+00
2150: 1.943e+00
2151: 1.412e+00
2152: 7.633e-01
2153: 3.248e-01
2154: 2.747e+00
2155: 1.643e+00
2156: 1.286e+00
2157: 1.395e+00
2158: 9.087e-01
2159: 1.530e+00
2160: 7.814e-01
2161: 2.469e+00
2162: 1.499e+00
2163: 1.440e+00
2164: 1.543e+00
2165: 8.961e-01
2166: 2.263e+00
2167: 1.315e+00
2168: 9.677e-01
2169: 1.198e+00
2170: 1.173e+00
2171: 1.432e+00
2172: 8.804e-01
2173: 1.226e+00
2174: 1.331e+00
2175: 2.407e-01
2176: 1.008e+00
