1: 2.539e+00
2: 1.892e+00
3: 9.403e-02
4: 1.210e-01
5: 1.455e+00
6: 3.546e-01
7: 1.270e-01
8: 1.166e+00
9: 2.990e-01
10: 1.626e-01
11: 5.128e-01
12: 6.159e-01
13: 5.849e-01
14: 1.550e+00
15: 6.582e-01
16: 5.862e-02
17: 1.324e-01
18: 4.909e-01
19: 3.958e-01
20: 1.374e-01
21: 7.986e-01
22: 7.785e-01
23: 4.695e+00
24: 2.544e-01
25: 2.590e-01
26: 8.484e-02
27: 0.000e+00
28: 3.970e-01
29: 3.433e-01
30: 7.478e-01
31: 1.064e-01
32: 6.551e-01
33: 9.500e-02
34: 3.454e-01
35: 4.728e-02
36: 3.993e-01
37: 3.509e-02
38: 2.066e-02
39: 3.108e-01
40: 1.812e-01
41: 7.240e-01
42: 9.018e-01
43: 4.465e-01
44: 1.462e-01
45: 3.956e-01
46: 5.793e-01
47: 9.234e-01
48: 1.885e-01
49: 1.196e-01
50: 5.170e-01
51: 8.715e-02
52: 2.420e-01
53: 1.256e+00
54: 6.203e-02
55: 2.837e-01
56: 9.484e-02
57: 7.360e-01
58: 1.206e+00
59: 7.424e-01
60: 1.341e+00
61: 9.534e-01
62: 2.697e-01
63: 3.722e-01
64: 3.893e-02
65: 3.390e-01
66: 2.255e-01
67: 1.203e-01
68: 3.329e-01
69: 1.078e+00
70: 2.674e-01
71: 2.314e-01
72: 2.489e-01
73: 0.000e+00
74: 5.199e-01
75: 2.419e-01
76: 5.761e-01
77: 7.463e-01
78: 2.755e-01
79: 4.972e-01
80: 4.854e-01
81: 2.354e-01
82: 8.586e-02
83: 3.861e-02
84: 1.294e-01
85: 1.227e-01
86: 2.447e-01
87: 1.887e-01
88: 4.600e-01
89: 4.628e-01
90: 2.032e+00
91: 3.173e-01
92: 6.159e-02
93: 2.415e-01
94: 8.227e-02
95: 2.781e-01
96: 6.820e-02
97: 1.332e-01
98: 4.557e-01
99: 1.284e+00
100: 4.135e-01
101: 7.502e-02
102: 2.404e-01
103: 9.584e-02
104: 5.336e-02
105: 1.081e-01
106: 5.955e-02
107: 6.210e-02
108: 7.929e-02
109: 7.954e-03
110: 1.329e+00
111: 6.105e-01
112: 5.329e-01
113: 4.268e-01
114: 1.057e+00
115: 2.995e-01
116: 4.380e-01
117: 2.341e-01
118: 1.892e-01
119: 1.690e-01
120: 2.547e-01
121: 1.341e+00
122: 2.298e-01
123: 1.581e-01
124: 0.000e+00
125: 1.591e-01
126: 4.330e-02
127: 7.999e-03
128: 3.112e-01
129: 3.053e-01
130: 2.031e-01
131: 1.046e-01
132: 1.567e-01
133: 1.004e+00
134: 1.880e-01
135: 2.373e-01
136: 5.207e-02
137: 2.412e-01
138: 2.007e-01
139: 1.176e-01
140: 5.135e-01
141: 2.122e-01
142: 8.850e-02
143: 1.952e-01
144: 7.137e-02
145: 2.082e-01
146: 1.374e-01
147: 1.867e-01
148: 7.732e-02
149: 6.788e-02
150: 2.272e-02
151: 5.010e-03
152: 4.478e-01
153: 2.813e-01
154: 1.466e-01
155: 9.612e-02
156: 9.661e-02
157: 2.483e-01
158: 6.139e-01
159: 5.090e-01
160: 1.768e-01
161: 5.213e-02
162: 4.151e-01
163: 8.904e-02
164: 9.614e-02
165: 2.106e-01
166: 9.008e-02
167: 3.927e-01
168: 6.208e-01
169: 2.336e-01
170: 3.012e-01
171: 1.268e-02
172: 9.855e-01
173: 6.883e-02
174: 7.160e-01
175: 1.220e-01
176: 4.864e-01
177: 2.204e-01
178: 2.107e-01
179: 1.472e+00
180: 8.893e-01
181: 5.864e-01
182: 4.790e-01
183: 4.961e-01
184: 1.832e-02
185: 9.677e-02
186: 1.430e-01
187: 6.064e-02
188: 2.046e-01
189: 2.740e-01
190: 4.505e-02
191: 3.903e-02
192: 3.511e-01
193: 9.400e-02
194: 2.302e-01
195: 5.710e-02
196: 3.403e-01
197: 5.626e-01
198: 5.531e-01
199: 3.929e-01
200: 4.099e-01
201: 4.388e-01
202: 3.788e-01
203: 6.709e-01
204: 2.585e-02
205: 1.597e-01
206: 1.583e-02
207: 8.425e-03
208: 5.788e-02
209: 5.904e-01
210: 2.854e-02
211: 8.552e-02
212: 1.474e-01
213: 2.547e-02
214: 2.767e-02
215: 1.934e-01
216: 2.078e-02
217: 0.000e+00
218: 1.568e-01
219: 3.815e-02
220: 4.624e-02
221: 2.461e-02
222: 2.613e-01
223: 5.173e-02
224: 2.412e-01
225: 2.780e-02
226: 0.000e+00
227: 3.042e-02
228: 3.944e-02
229: 1.520e-02
230: 3.276e-01
231: 3.079e-02
232: 8.619e-01
233: 1.343e-01
234: 2.031e-01
235: 2.222e-01
236: 1.417e+00
237: 3.781e-01
238: 1.245e-01
239: 3.144e-02
240: 2.228e-01
241: 2.115e-02
242: 1.689e-01
243: 1.147e-01
244: 2.033e-02
245: 4.932e-03
246: 6.756e-02
247: 2.128e-02
248: 6.389e-02
249: 4.299e-02
250: 1.900e-02
251: 2.334e-02
252: 3.406e-02
253: 2.986e-04
254: 9.218e-03
255: 3.434e-03
256: 4.645e-02
257: 1.107e-01
258: 2.339e-03
259: 0.000e+00
260: 2.506e-01
261: 4.444e-02
262: 1.378e-01
263: 1.918e-02
264: 1.345e-02
265: 7.037e-02
266: 6.395e-02
267: 1.678e-02
268: 0.000e+00
269: 9.859e-02
270: 1.187e-01
271: 2.364e-02
272: 0.000e+00
273: 2.797e-02
274: 4.112e-02
275: 1.169e-02
276: 3.567e-03
277: 9.527e-03
278: 3.282e-02
279: 2.572e-02
280: 5.023e-03
281: 1.955e-01
282: 6.547e-02
283: 1.047e-02
284: 5.272e-02
285: 8.757e-02
286: 2.614e-02
287: 7.484e-02
288: 4.539e-02
289: 5.411e-02
290: 0.000e+00
291: 2.243e-02
292: 2.293e-02
293: 8.568e-03
294: 1.979e-02
295: 5.261e-01
296: 3.328e-02
297: 2.421e-02
298: 2.497e-02
299: 8.900e-02
300: 1.196e-01
301: 4.307e-02
302: 8.822e-03
303: 2.773e-02
304: 9.155e-02
305: 9.216e-02
306: 3.349e-02
307: 1.923e-01
308: 5.564e-01
309: 1.542e-02
310: 1.715e-02
311: 9.664e-02
312: 1.270e-01
313: 4.274e-02
314: 5.638e-03
315: 1.771e-02
316: 3.740e-02
317: 4.076e-02
318: 2.993e-02
319: 1.064e-01
320: 2.728e-03
321: 2.580e-02
322: 4.052e-02
323: 1.207e-01
324: 4.151e-03
325: 3.318e-02
326: 2.428e-02
327: 3.824e-03
328: 2.942e-02
329: 1.588e-02
330: 0.000e+00
331: 5.034e-01
332: 5.170e-03
333: 0.000e+00
334: 8.896e-02
335: 2.323e-02
336: 4.632e-02
337: 2.700e-02
338: 3.078e-03
339: 5.570e-02
340: 0.000e+00
341: 7.218e-02
342: 8.223e-02
343: 2.408e-01
344: 1.886e-01
345: 1.013e-01
346: 5.347e-03
347: 1.431e-01
348: 5.494e-02
349: 0.000e+00
350: 8.110e-02
351: 3.060e-02
352: 2.879e-02
353: 3.429e-02
354: 1.824e-02
355: 1.516e-02
356: 1.080e-03
357: 4.499e-02
358: 5.970e-02
359: 1.514e-01
360: 9.427e-03
361: 5.416e-02
362: 4.015e-02
363: 1.092e-01
364: 5.408e-02
365: 8.214e-02
366: 1.787e-01
367: 1.013e-01
368: 6.434e-02
369: 6.237e-04
370: 0.000e+00
371: 9.919e-03
372: 6.314e-02
373: 1.053e-01
374: 1.180e-01
375: 1.946e-01
376: 7.331e-03
377: 6.209e-02
378: 3.857e-02
379: 1.015e-02
380: 2.204e-02
381: 7.578e-02
382: 2.767e-02
383: 0.000e+00
384: 8.333e-02
385: 1.597e-01
386: 3.846e-02
387: 3.960e-04
388: 0.000e+00
389: 1.352e-03
390: 7.860e-02
391: 1.010e-02
392: 1.847e-01
393: 1.889e-01
394: 7.871e-02
395: 1.115e-01
396: 1.086e-01
397: 2.516e-01
398: 6.277e-02
399: 3.024e-02
400: 1.648e-02
401: 2.076e-01
402: 2.171e-02
403: 1.580e-01
404: 1.078e-01
405: 2.337e-02
406: 1.110e-01
407: 1.977e-01
408: 1.864e-03
409: 3.058e-03
410: 1.961e-01
411: 3.787e-02
412: 2.856e-01
413: 3.294e-01
414: 4.397e-02
415: 1.746e-02
416: 1.103e-02
417: 3.740e-02
418: 0.000e+00
419: 4.381e-02
420: 4.798e-03
421: 6.029e-03
422: 3.900e-03
423: 2.369e-02
424: 1.057e-01
425: 6.255e-02
426: 4.875e-02
427: 9.690e-04
428: 4.843e-02
429: 0.000e+00
430: 0.000e+00
431: 1.644e-02
432: 9.678e-03
433: 8.921e-03
434: 1.716e-02
435: 3.076e-02
436: 3.162e-02
437: 5.144e-02
438: 0.000e+00
439: 0.000e+00
440: 3.705e-03
441: 1.378e-02
442: 1.043e-02
443: 5.915e-02
444: 1.526e-02
445: 2.432e-02
446: 1.972e-03
447: 2.562e-02
448: 5.188e-03
449: 2.412e-01
450: 1.254e-01
451: 1.514e-01
452: 3.770e-02
453: 2.665e-02
454: 2.673e-03
455: 2.195e-02
456: 1.888e-02
457: 0.000e+00
458: 3.124e-03
459: 1.374e-02
460: 2.250e-02
461: 1.712e-01
462: 1.962e-01
463: 1.040e-02
464: 1.346e-01
465: 3.003e-01
466: 1.168e-01
467: 0.000e+00
468: 1.924e-01
469: 7.992e-03
470: 2.029e-01
471: 4.920e-03
472: 2.675e-02
473: 4.658e-02
474: 9.231e-04
475: 0.000e+00
476: 0.000e+00
477: 1.297e-01
478: 7.516e-03
479: 1.694e-01
480: 3.475e-02
481: 4.917e-02
482: 1.226e-01
483: 8.405e-02
484: 1.772e-02
485: 8.490e-02
486: 3.469e-02
487: 5.071e-02
488: 5.905e-02
489: 1.533e-01
490: 4.295e-02
491: 5.261e-02
492: 1.863e-01
493: 4.342e-02
494: 2.020e-02
495: 4.315e-02
496: 0.000e+00
497: 1.286e-01
498: 1.204e-02
499: 1.158e-02
500: 1.721e-03
501: 1.841e-01
502: 3.280e-02
503: 7.043e-02
504: 4.635e-02
505: 1.523e-01
506: 2.052e-02
507: 1.017e-02
508: 1.947e-02
509: 1.512e-01
510: 1.820e-02
511: 9.626e-02
512: 7.490e-03
513: 5.025e-03
514: 2.649e-02
515: 7.975e-02
516: 1.085e-01
517: 3.949e-02
518: 6.197e-03
519: 1.788e-02
520: 2.067e-01
521: 1.394e-01
522: 0.000e+00
523: 7.017e-03
524: 9.121e-03
525: 7.647e-03
526: 9.098e-03
527: 5.369e-02
528: 7.547e-02
529: 1.440e-01
530: 4.264e-02
531: 2.344e-01
532: 1.636e-02
533: 6.631e-03
534: 4.004e-02
535: 1.472e-01
536: 8.827e-02
537: 3.836e-02
538: 3.220e-02
539: 1.261e-01
540: 3.600e-01
541: 3.329e-02
542: 9.299e-01
543: 1.246e-01
544: 4.554e-02
545: 5.267e-02
546: 0.000e+00
547: 0.000e+00
548: 2.923e-02
549: 3.184e-02
550: 1.502e-01
551: 1.607e-03
552: 4.361e-02
553: 9.450e-03
554: 5.426e-02
555: 4.663e-03
556: 2.989e-03
557: 3.495e-03
558: 6.983e-02
559: 3.200e-03
560: 3.292e-02
561: 4.784e-02
562: 5.092e-02
563: 0.000e+00
564: 1.167e-02
565: 0.000e+00
566: 0.000e+00
567: 0.000e+00
568: 7.451e-03
569: 5.949e-03
570: 3.162e-02
571: 0.000e+00
572: 0.000e+00
573: 1.259e-02
574: 4.096e-02
575: 1.797e-02
576: 8.547e-03
577: 1.280e-02
578: 0.000e+00
579: 0.000e+00
580: 0.000e+00
581: 2.646e-03
582: 2.237e-03
583: 1.950e-02
584: 6.260e-02
585: 5.143e-02
586: 1.650e-01
587: 1.368e-02
588: 9.941e-03
589: 3.526e-02
590: 2.525e-03
591: 7.621e-02
592: 1.731e-02
593: 1.382e-02
594: 1.283e-01
595: 9.070e-02
596: 0.000e+00
597: 5.226e-02
598: 1.762e-02
599: 0.000e+00
600: 1.766e-02
601: 2.627e-02
602: 1.134e-02
603: 1.542e-02
604: 6.706e-02
605: 2.023e-03
606: 3.206e-04
607: 1.307e-03
608: 8.282e-02
609: 1.201e-03
610: 5.077e-02
611: 9.256e-03
612: 5.254e-02
613: 4.677e-03
614: 2.073e-01
615: 4.193e-02
616: 8.669e-02
617: 1.517e-01
618: 1.435e-03
619: 0.000e+00
620: 1.692e-02
621: 5.983e-02
622: 0.000e+00
623: 5.447e-03
624: 3.109e-01
625: 0.000e+00
626: 5.722e-03
627: 6.174e-02
628: 0.000e+00
629: 1.113e-01
630: 7.087e-03
631: 5.791e-03
632: 1.147e-02
633: 0.000e+00
634: 0.000e+00
635: 1.024e-01
636: 1.454e-02
637: 0.000e+00
638: 1.292e-01
639: 0.000e+00
640: 1.071e-03
641: 7.503e-02
642: 7.781e-03
643: 0.000e+00
644: 0.000e+00
645: 7.515e-04
646: 1.103e-01
647: 1.420e-02
648: 8.900e-03
649: 6.172e-02
650: 8.568e-03
651: 0.000e+00
652: 2.910e-05
653: 0.000e+00
654: 2.196e-02
655: 5.389e-03
656: 4.322e-03
657: 0.000e+00
658: 0.000e+00
659: 9.266e-03
660: 1.499e-02
661: 5.538e-02
662: 5.519e-03
663: 2.022e-02
664: 0.000e+00
665: 2.276e-03
666: 0.000e+00
667: 0.000e+00
668: 0.000e+00
669: 3.987e-04
670: 0.000e+00
671: 5.343e-03
672: 4.248e-03
673: 1.272e-02
674: 0.000e+00
675: 0.000e+00
676: 0.000e+00
677: 0.000e+00
678: 5.506e-02
679: 1.030e-02
680: 2.729e-03
681: 7.005e-02
682: 1.827e-02
683: 5.463e-03
684: 0.000e+00
685: 0.000e+00
686: 1.510e-05
687: 0.000e+00
688: 6.405e-03
689: 4.978e-05
690: 4.588e-03
691: 1.155e-01
692: 0.000e+00
693: 1.099e-02
694: 5.389e-02
695: 4.677e-02
696: 2.236e-01
697: 1.200e-02
698: 0.000e+00
699: 0.000e+00
700: 0.000e+00
701: 1.368e-02
702: 7.148e-02
703: 0.000e+00
704: 1.394e-01
705: 1.174e-02
706: 3.334e-01
707: 1.343e-01
708: 3.442e-03
709: 1.070e-02
710: 1.974e-02
711: 1.568e-02
712: 5.328e-02
713: 4.233e-03
714: 0.000e+00
715: 2.611e-03
716: 0.000e+00
717: 1.277e-02
718: 3.478e-04
719: 0.000e+00
720: 6.217e-02
721: 3.638e-04
722: 1.855e-02
723: 0.000e+00
724: 0.000e+00
725: 1.335e-02
726: 0.000e+00
727: 7.062e-04
728: 1.661e-02
729: 2.121e-02
730: 2.687e-02
731: 6.789e-02
732: 5.709e-02
733: 0.000e+00
734: 0.000e+00
735: 3.412e-01
736: 6.822e-02
737: 1.634e-02
738: 4.972e-02
739: 3.166e-02
740: 8.090e-04
741: 1.093e-02
742: 0.000e+00
743: 2.865e-02
744: 9.538e-02
745: 5.945e-03
746: 2.835e-01
747: 6.753e-02
748: 6.581e-02
749: 2.294e-03
750: 2.288e-02
751: 0.000e+00
752: 2.717e-02
753: 0.000e+00
754: 1.905e-01
755: 8.421e-02
756: 1.662e-02
757: 0.000e+00
758: 1.719e-02
759: 0.000e+00
760: 1.563e-03
761: 8.269e-02
762: 8.104e-02
763: 3.796e-02
764: 5.117e-03
765: 1.870e-02
766: 0.000e+00
767: 6.650e-03
768: 1.973e-01
769: 0.000e+00
770: 1.789e-02
771: 0.000e+00
772: 3.683e-02
773: 3.416e-02
774: 4.108e-02
775: 0.000e+00
776: 0.000e+00
777: 0.000e+00
778: 2.982e-02
779: 1.174e-01
780: 4.329e-03
781: 2.573e-02
782: 1.120e-02
783: 1.232e-02
784: 4.805e-03
785: 2.234e-03
786: 9.295e-03
787: 8.172e-02
788: 1.431e-03
789: 1.327e-02
790: 6.107e-02
791: 3.847e-02
792: 2.503e-03
793: 6.590e-03
794: 0.000e+00
795: 4.111e-03
796: 0.000e+00
797: 3.540e-03
798: 1.051e-02
799: 0.000e+00
800: 2.141e-03
801: 7.076e-03
802: 0.000e+00
803: 2.176e-02
804: 1.408e-03
805: 6.754e-02
806: 2.886e-03
807: 1.040e-02
808: 1.724e-02
809: 0.000e+00
810: 0.000e+00
811: 0.000e+00
812: 1.284e-02
813: 1.120e-02
814: 2.794e-02
815: 1.425e-02
816: 6.741e-04
817: 6.457e-02
818: 4.829e-03
819: 4.855e-03
820: 0.000e+00
821: 8.284e-03
822: 0.000e+00
823: 1.162e-02
824: 7.297e-03
825: 0.000e+00
826: 4.862e-03
827: 3.273e-02
828: 3.192e-03
829: 5.939e-04
830: 2.061e-02
831: 1.701e-02
832: 1.602e-02
833: 5.028e-02
834: 0.000e+00
835: 3.296e-04
836: 6.902e-03
837: 7.473e-02
838: 0.000e+00
839: 1.489e-01
840: 3.913e-02
841: 0.000e+00
842: 3.869e-03
843: 4.826e-02
844: 5.501e-02
845: 8.135e-04
846: 5.704e-02
847: 0.000e+00
848: 0.000e+00
849: 1.879e-04
850: 1.829e-03
851: 5.792e-03
852: 6.027e-03
853: 2.373e-02
854: 1.440e-02
855: 6.610e-02
856: 0.000e+00
857: 2.835e-01
858: 3.061e-02
859: 7.923e-03
860: 0.000e+00
861: 1.570e-01
862: 5.851e-03
863: 1.113e-01
864: 3.994e-03
865: 1.138e-02
866: 7.178e-02
867: 1.058e-03
868: 2.448e-02
869: 1.357e-03
870: 1.056e-02
871: 0.000e+00
872: 0.000e+00
873: 8.847e-02
874: 2.153e-02
875: 1.407e-02
876: 3.459e-02
877: 1.763e-02
878: 0.000e+00
879: 4.095e-03
880: 2.284e-02
881: 1.552e-02
882: 0.000e+00
883: 0.000e+00
884: 1.053e-02
885: 3.312e-03
886: 1.470e-02
887: 2.639e-02
888: 1.939e-02
889: 7.208e-04
890: 1.654e-04
891: 3.542e-02
892: 2.013e-02
893: 0.000e+00
894: 5.933e-02
895: 2.093e-02
896: 1.159e-02
897: 1.640e-02
898: 5.018e-02
899: 4.496e-03
900: 2.898e-01
901: 6.715e-02
902: 5.086e-02
903: 0.000e+00
904: 4.466e-02
905: 0.000e+00
906: 2.354e-02
907: 3.571e-02
908: 1.153e-01
909: 0.000e+00
910: 3.463e-02
911: 7.310e-03
912: 3.797e-03
913: 5.521e-03
914: 0.000e+00
915: 1.937e-02
916: 8.981e-02
917: 7.679e-02
918: 0.000e+00
919: 0.000e+00
920: 2.218e-02
921: 2.052e-02
922: 6.281e-02
923: 1.030e-02
924: 0.000e+00
925: 5.275e-02
926: 0.000e+00
927: 3.479e-02
928: 9.020e-04
929: 1.111e-02
930: 0.000e+00
931: 1.360e-02
932: 4.048e-03
933: 2.042e-02
934: 1.854e-02
935: 0.000e+00
936: 5.923e-02
937: 8.749e-02
938: 0.000e+00
939: 0.000e+00
940: 1.001e-03
941: 2.338e-03
942: 7.245e-02
943: 1.322e-02
944: 6.856e-03
945: 1.271e-02
946: 9.722e-03
947: 0.000e+00
948: 7.940e-03
949: 9.230e-02
950: 1.378e-02
951: 2.911e-03
952: 1.521e-01
953: 7.573e-03
954: 7.454e-04
955: 9.704e-02
956: 2.204e-02
957: 4.058e-02
958: 0.000e+00
959: 2.826e-02
960: 7.285e-03
961: 7.139e-02
962: 3.227e-03
963: 1.526e-02
964: 6.493e-02
965: 1.631e-03
966: 3.312e-03
967: 9.665e-02
968: 2.114e-03
969: 1.266e-02
970: 3.034e-02
971: 1.039e-02
972: 2.940e-02
973: 3.159e-01
974: 3.994e-03
975: 5.608e-04
976: 0.000e+00
977: 2.155e-02
978: 1.189e-02
979: 2.998e-02
980: 0.000e+00
981: 4.737e-03
982: 1.529e-03
983: 0.000e+00
984: 0.000e+00
985: 1.529e-03
986: 6.304e-03
987: 9.395e-05
988: 0.000e+00
989: 6.881e-02
990: 3.246e-03
991: 1.866e-02
992: 0.000e+00
993: 0.000e+00
994: 2.042e-03
995: 2.285e-03
996: 1.229e-02
997: 1.146e-01
998: 7.377e-01
999: 1.172e-01
1000: 3.651e-02
1001: 5.211e-02
1002: 4.384e-02
1003: 1.559e-01
