1: 1.268e-02
2: 1.728e-01
3: 1.557e+00
4: 1.370e+00
5: 6.543e-01
6: 1.131e+00
7: 1.255e+00
8: 7.100e-01
9: 1.094e+00
10: 1.157e+00
11: 9.200e-01
12: 9.867e-01
13: 9.017e-01
14: 3.238e-01
15: 8.829e-01
16: 1.115e+00
17: 4.993e-01
18: 7.101e-01
19: 1.167e+00
20: 1.032e+00
21: 5.430e-01
22: 4.050e-01
23: 0.000e+00
24: 1.297e+00
25: 4.988e-01
26: 8.528e-01
27: 1.899e+00
28: 1.284e+00
29: 6.511e-01
30: 5.025e-01
31: 7.043e-01
32: 5.380e-01
33: 3.494e-01
34: 5.830e-01
35: 1.258e+00
36: 5.624e-01
37: 7.485e-01
38: 8.384e-01
39: 6.625e-01
40: 7.570e-01
41: 2.185e-01
42: 1.509e-01
43: 1.189e-01
44: 5.312e-01
45: 3.500e-01
46: 3.128e-01
47: 2.796e-01
48: 8.919e-01
49: 9.690e-01
50: 3.915e-01
51: 6.943e-01
52: 5.723e-01
53: 1.345e-01
54: 1.317e+00
55: 5.629e-01
56: 1.232e+00
57: 1.493e-01
58: 1.350e-01
59: 3.138e-01
60: 2.909e-01
61: 2.012e-01
62: 5.620e-01
63: 2.969e-01
64: 7.271e-01
65: 4.420e-01
66: 3.984e-01
67: 6.657e-01
68: 3.121e-01
69: 2.601e-01
70: 1.097e+00
71: 8.431e-01
72: 4.855e-01
73: 4.764e+00
74: 8.117e-01
75: 9.330e-01
76: 8.103e-01
77: 4.339e-01
78: 1.049e+00
79: 6.082e-01
80: 6.452e-01
81: 9.271e-01
82: 9.314e-01
83: 9.643e-01
84: 8.021e-01
85: 9.840e-01
86: 6.945e-01
87: 1.508e+00
88: 4.115e-01
89: 5.595e-01
90: 2.310e-01
91: 3.369e-01
92: 9.799e-01
93: 7.486e-01
94: 1.290e+00
95: 7.433e-01
96: 4.666e-01
97: 7.760e-01
98: 3.041e-01
99: 3.350e-01
100: 3.398e-01
101: 6.419e-01
102: 4.627e-01
103: 9.491e-01
104: 5.759e-01
105: 4.473e-01
106: 6.949e-01
107: 8.056e-01
108: 3.690e-01
109: 1.062e+00
110: 2.886e-01
111: 5.337e-01
112: 4.685e-01
113: 3.269e-01
114: 1.999e-01
115: 4.946e-01
116: 5.580e-01
117: 7.884e-01
118: 3.772e-01
119: 4.041e-01
120: 8.910e-02
121: 3.850e-02
122: 1.938e-01
123: 1.150e-01
124: 2.884e+00
125: 4.282e-01
126: 2.319e-01
127: 1.222e+00
128: 4.821e-01
129: 4.432e-01
130: 4.357e-01
131: 9.664e-01
132: 4.043e-01
133: 2.503e-01
134: 3.512e-01
135: 5.982e-01
136: 1.455e+00
137: 8.305e-01
138: 8.644e-01
139: 6.580e-01
140: 2.587e-01
141: 2.646e-01
142: 6.429e-01
143: 5.051e-01
144: 2.100e-01
145: 4.553e-01
146: 4.870e-01
147: 3.345e-01
148: 8.369e-01
149: 5.411e-01
150: 1.995e-01
151: 2.031e-01
152: 3.325e-01
153: 7.743e-01
154: 6.900e-01
155: 1.132e+00
156: 3.667e-01
157: 9.056e-01
158: 2.898e-01
159: 1.417e-01
160: 1.239e-01
161: 1.135e-01
162: 2.634e-01
163: 6.453e-01
164: 4.948e-01
165: 1.084e+00
166: 8.416e-01
167: 5.378e-01
168: 5.058e-01
169: 6.879e-01
170: 4.586e-01
171: 1.185e+00
172: 1.328e-01
173: 6.086e-01
174: 2.472e-01
175: 5.790e-01
176: 3.520e-01
177: 7.852e-01
178: 5.002e-01
179: 7.813e-02
180: 2.133e-01
181: 1.805e-01
182: 1.809e-01
183: 1.516e-01
184: 5.348e-01
185: 7.102e-01
186: 7.967e-01
187: 1.411e+00
188: 4.780e-01
189: 2.599e-01
190: 5.845e-01
191: 3.992e-01
192: 3.513e-01
193: 7.183e-02
194: 6.629e-01
195: 1.632e+00
196: 4.953e-01
197: 1.688e-01
198: 3.536e-01
199: 1.555e-01
200: 5.759e-02
201: 1.306e-01
202: 1.312e-01
203: 6.438e-02
204: 3.861e-01
205: 7.493e-01
206: 1.619e-01
207: 2.429e-01
208: 5.308e-01
209: 1.581e-01
210: 2.752e-01
211: 2.572e-01
212: 6.018e-03
213: 2.117e-01
214: 1.933e-01
215: 5.591e-01
216: 1.034e-01
217: 3.220e-01
218: 4.733e-01
219: 1.205e-01
220: 1.741e-01
221: 1.464e-01
222: 3.661e-01
223: 2.277e-01
224: 4.112e-01
225: 9.133e-02
226: 4.344e-01
227: 6.776e-02
228: 3.541e-01
229: 1.420e-01
230: 1.027e-01
231: 7.568e-01
232: 6.052e-02
233: 8.533e-02
234: 1.055e-01
235: 3.327e-04
236: 7.040e-02
237: 8.616e-02
238: 1.636e-01
239: 7.273e-01
240: 3.004e-01
241: 2.194e-01
242: 3.642e-01
243: 6.029e-02
244: 2.024e-01
245: 1.549e-01
246: 7.712e-02
247: 4.010e-01
248: 1.644e-01
249: 1.238e+00
250: 3.557e-01
251: 2.503e-01
252: 8.205e-02
253: 1.392e-01
254: 2.575e-01
255: 2.556e-01
256: 3.237e-01
257: 3.421e-02
258: 4.470e-02
259: 3.279e+00
260: 3.432e-01
261: 2.052e-01
262: 2.807e-01
263: 3.207e-01
264: 2.617e-01
265: 3.325e-01
266: 1.679e-01
267: 3.258e-02
268: 6.445e-01
269: 2.623e-01
270: 6.737e-02
271: 3.193e-01
272: 2.429e-01
273: 1.633e-01
274: 4.304e-01
275: 9.196e-01
276: 2.478e-01
277: 6.699e-02
278: 8.141e-02
279: 5.026e-01
280: 2.710e-01
281: 3.520e-01
282: 2.160e-01
283: 2.180e-01
284: 9.599e-01
285: 5.049e-02
286: 2.186e-01
287: 7.495e-02
288: 1.048e-01
289: 3.145e-01
290: 6.692e-01
291: 2.340e-01
292: 1.054e-01
293: 1.204e-01
294: 1.048e+00
295: 4.800e-01
296: 3.491e-01
297: 5.145e-01
298: 2.827e-01
299: 2.967e-01
300: 3.676e-01
301: 6.498e-01
302: 8.318e-01
303: 3.275e-01
304: 1.665e-01
305: 5.523e-01
306: 1.126e-01
307: 6.593e-01
308: 4.140e-01
309: 7.370e-01
310: 6.765e-02
311: 1.283e-01
312: 3.276e-01
313: 3.798e-01
314: 1.376e+00
315: 6.526e-01
316: 1.531e-01
317: 7.427e-01
318: 1.204e-01
319: 1.431e-01
320: 3.045e-01
321: 6.817e-01
322: 3.029e-01
323: 2.833e-01
324: 1.054e+00
325: 7.315e-01
326: 6.021e-01
327: 2.684e-01
328: 7.555e-01
329: 2.823e-01
330: 9.485e-01
331: 2.791e-01
332: 4.844e-01
333: 1.048e+00
334: 2.182e-01
335: 9.921e-01
336: 2.753e-01
337: 1.274e-01
338: 1.571e-01
339: 7.020e-01
340: 5.823e-01
341: 4.094e-01
342: 2.700e-01
343: 3.586e-02
344: 2.560e-02
345: 1.818e-01
346: 1.871e+00
347: 1.164e+00
348: 1.412e-01
349: 3.548e-01
350: 2.272e-01
351: 5.951e-01
352: 1.032e+00
353: 1.208e-01
354: 1.863e-01
355: 6.984e-01
356: 6.968e-02
357: 1.340e-01
358: 4.717e-01
359: 3.005e-01
360: 6.498e-01
361: 2.021e-01
362: 2.756e-01
363: 2.192e-01
364: 4.323e-01
365: 1.436e-01
366: 1.523e-01
367: 3.598e-01
368: 5.077e-01
369: 1.368e-01
370: 4.524e-01
371: 1.662e-01
372: 1.283e+00
373: 5.975e-01
374: 2.156e-01
375: 6.459e-02
376: 3.016e-01
377: 8.219e-02
378: 1.120e-01
379: 9.564e-02
380: 4.839e-01
381: 2.795e-01
382: 2.536e-01
383: 6.937e-01
384: 3.392e-02
385: 1.681e-02
386: 1.206e-01
387: 1.881e-01
388: 8.265e-03
389: 1.655e-01
390: 8.082e-02
391: 1.625e-01
392: 1.001e+00
393: 7.139e-01
394: 2.729e-01
395: 1.815e-01
396: 4.798e-01
397: 1.128e-01
398: 3.184e-01
399: 1.520e-01
400: 3.981e-01
401: 3.248e-01
402: 8.315e-01
403: 7.644e-01
404: 2.107e-01
405: 1.546e-01
406: 7.166e-02
407: 2.113e-01
408: 3.246e-01
409: 5.836e-01
410: 5.753e-01
411: 6.887e-01
412: 0.000e+00
413: 1.460e-01
414: 3.770e-01
415: 1.285e-01
416: 2.389e-02
417: 1.873e-02
418: 9.587e-02
419: 1.599e-01
420: 1.029e-01
421: 1.062e-01
422: 1.142e-01
423: 1.341e-01
424: 1.767e-02
425: 1.098e-01
426: 1.923e-02
427: 5.070e-02
428: 1.878e-01
429: 7.523e-01
430: 3.719e-01
431: 6.387e-01
432: 1.235e-01
433: 1.290e+00
434: 4.160e-01
435: 1.534e-01
436: 1.609e+00
437: 3.416e-01
438: 1.076e-01
439: 2.222e-01
440: 2.994e-01
441: 3.243e-01
442: 1.766e-01
443: 3.216e-01
444: 5.299e-02
445: 1.881e-01
446: 1.233e-01
447: 1.458e-01
448: 1.710e-01
449: 7.037e-01
450: 5.029e-01
451: 3.192e-01
452: 2.593e-01
453: 8.462e-02
454: 9.575e-01
455: 3.459e-02
456: 5.017e-02
457: 7.269e-02
458: 2.798e-01
459: 1.011e-01
460: 1.573e+00
461: 8.053e-01
462: 5.032e-01
463: 9.175e-01
464: 1.002e+00
465: 5.968e-01
466: 8.012e-02
467: 4.426e-01
468: 2.534e-01
469: 4.694e-01
470: 6.381e-01
471: 1.530e-01
472: 5.480e-01
473: 9.651e-02
474: 5.198e-01
475: 1.305e+00
476: 2.564e-01
477: 1.209e-01
478: 5.874e-01
479: 2.628e-01
480: 4.584e-01
481: 5.474e-01
482: 4.707e-01
483: 2.578e-01
484: 1.070e-01
485: 1.392e-01
486: 1.636e+00
487: 8.018e-01
488: 6.351e-01
489: 1.896e-01
490: 1.673e-01
491: 1.012e-01
492: 5.302e-01
493: 1.023e+00
494: 1.487e-01
495: 5.812e-01
496: 2.574e-01
497: 1.071e-01
498: 9.116e-01
499: 1.393e-01
500: 1.123e+00
501: 1.121e-01
502: 1.269e-01
503: 1.973e-01
504: 1.334e-01
505: 1.173e-01
506: 1.073e+00
507: 1.288e-01
508: 5.393e-02
509: 2.259e-01
510: 9.661e-01
511: 2.955e-01
512: 1.197e-01
513: 1.401e-01
514: 1.473e+00
515: 1.382e-01
516: 2.568e-01
517: 6.751e-01
518: 2.750e-01
519: 1.750e-01
520: 4.379e-02
521: 4.633e-01
522: 6.732e-01
523: 2.305e-01
524: 2.353e-01
525: 8.222e-02
526: 8.477e-01
527: 1.557e-01
528: 2.004e-01
529: 1.404e-01
530: 2.063e-01
531: 8.518e-01
532: 6.551e-01
533: 6.772e-03
534: 8.163e-01
535: 5.550e-01
536: 4.776e-01
537: 6.648e-03
538: 9.907e-02
539: 6.135e-02
540: 1.381e-01
541: 7.031e-02
542: 1.011e-02
543: 1.884e-01
544: 8.855e-01
545: 1.201e-01
546: 1.887e-01
547: 6.043e-01
548: 1.356e-01
549: 5.593e-02
550: 9.486e-02
551: 1.955e+00
552: 3.809e-01
553: 3.588e-02
554: 0.000e+00
555: 3.218e-02
556: 4.610e-01
557: 3.751e-02
558: 2.398e-01
559: 7.739e-01
560: 4.396e-02
561: 7.313e-02
562: 4.545e-01
563: 5.952e-02
564: 1.428e-01
565: 9.093e-01
566: 0.000e+00
567: 1.752e-02
568: 3.055e-02
569: 1.291e-01
570: 2.496e-01
571: 5.351e-01
572: 0.000e+00
573: 0.000e+00
574: 3.624e-02
575: 4.653e-02
576: 8.122e-02
577: 2.042e-02
578: 1.267e-01
579: 1.464e-01
580: 1.737e+00
581: 2.135e-01
582: 2.469e-01
583: 1.243e-01
584: 3.045e-01
585: 3.022e-01
586: 1.955e-01
587: 1.604e+00
588: 1.298e-01
589: 3.368e-02
590: 1.427e+00
591: 1.588e-01
592: 2.260e-01
593: 1.156e+00
594: 1.962e-01
595: 3.542e-02
596: 6.204e-01
597: 8.697e-02
598: 1.052e-01
599: 8.046e-01
600: 3.932e-02
601: 8.097e-02
602: 1.071e+00
603: 9.319e-02
604: 7.646e-02
605: 2.231e-01
606: 8.286e-02
607: 2.686e-01
608: 5.469e-01
609: 8.371e-01
610: 1.109e-01
611: 3.275e-01
612: 8.474e-02
613: 1.801e+00
614: 4.370e-01
615: 9.282e-01
616: 1.006e-01
617: 2.712e-01
618: 5.707e-01
619: 1.689e-02
620: 1.288e-01
621: 1.323e-01
622: 1.223e-01
623: 0.000e+00
624: 4.821e-02
625: 1.203e-03
626: 1.169e-01
627: 1.851e-01
628: 9.046e-02
629: 7.619e-02
630: 7.155e-02
631: 8.510e-02
632: 5.122e-02
633: 1.058e-01
634: 2.251e-01
635: 1.149e-01
636: 3.373e-02
637: 5.638e-02
638: 2.836e-01
639: 1.583e-01
640: 7.365e-01
641: 1.636e-01
642: 1.099e-01
643: 1.495e-01
644: 9.092e-02
645: 2.474e-01
646: 1.628e-01
647: 7.452e-02
648: 2.492e-01
649: 6.239e-02
650: 3.921e-01
651: 1.900e-01
652: 1.225e-01
653: 9.011e-02
654: 8.909e-03
655: 2.080e-01
656: 1.020e-01
657: 1.295e-01
658: 1.967e-02
659: 6.775e-02
660: 2.934e-01
661: 1.937e-01
662: 5.579e-01
663: 0.000e+00
664: 3.814e-02
665: 1.147e-02
666: 4.459e-02
667: 1.087e-01
668: 9.573e-02
669: 4.659e-02
670: 6.396e-02
671: 0.000e+00
672: 4.967e-01
673: 0.000e+00
674: 1.086e-01
675: 2.343e-01
676: 8.303e-02
677: 1.566e-02
678: 1.725e-01
679: 9.659e-02
680: 1.023e-01
681: 1.417e-01
682: 3.164e-01
683: 2.054e-02
684: 0.000e+00
685: 1.459e-01
686: 1.092e-01
687: 4.995e-01
688: 2.425e-01
689: 8.137e-02
690: 8.194e-02
691: 1.134e-01
692: 1.572e+00
693: 1.958e-01
694: 1.113e-01
695: 9.197e-02
696: 2.615e-01
697: 1.287e-01
698: 1.193e+00
699: 8.444e-02
700: 1.213e+00
701: 1.575e-01
702: 8.261e-02
703: 1.524e+00
704: 7.236e-02
705: 2.062e+00
706: 1.009e-01
707: 1.713e-01
708: 1.057e+00
709: 7.718e-02
710: 1.476e-01
711: 1.825e-02
712: 8.018e-03
713: 5.711e-02
714: 2.384e-01
715: 1.741e-01
716: 1.017e-01
717: 1.635e-01
718: 1.079e-01
719: 9.143e-02
720: 3.799e-02
721: 6.966e-02
722: 1.903e-01
723: 2.409e-01
724: 1.332e+00
725: 1.784e-01
726: 1.193e-01
727: 1.055e+00
728: 1.813e-01
729: 3.409e-01
730: 3.119e-02
731: 1.832e-01
732: 9.345e-02
733: 2.024e-01
734: 2.492e-01
735: 1.239e-01
736: 9.525e-02
737: 1.560e+00
738: 8.420e-02
739: 2.210e-01
740: 1.054e+00
741: 1.032e-01
742: 1.176e+00
743: 6.624e-02
744: 6.662e-02
745: 1.586e+00
746: 1.457e-01
747: 3.069e-01
748: 2.189e-01
749: 1.385e-03
750: 2.994e-01
751: 1.866e-01
752: 5.469e-02
753: 6.662e-01
754: 5.249e-02
755: 1.152e-01
756: 7.931e-01
757: 3.718e-01
758: 8.717e-02
759: 8.190e-02
760: 2.446e-02
761: 9.535e-02
762: 2.990e-01
763: 1.664e-01
764: 1.108e-01
765: 3.093e-02
766: 4.176e-01
767: 1.041e-01
768: 3.382e-01
769: 2.945e-01
770: 9.743e-02
771: 1.317e-01
772: 2.839e-02
773: 7.600e-02
774: 2.671e-01
775: 8.977e-01
776: 1.412e-01
777: 1.366e-01
778: 1.210e-01
779: 1.122e-01
780: 6.466e-02
781: 1.378e-01
782: 9.347e-02
783: 1.450e+00
784: 7.996e-02
785: 2.122e-01
786: 1.479e-01
787: 1.187e-01
788: 6.062e-02
789: 6.020e-02
790: 7.587e-02
791: 2.181e-01
792: 1.143e-01
793: 7.172e-01
794: 0.000e+00
795: 1.126e-01
796: 6.083e-02
797: 1.002e-01
798: 1.283e-01
799: 9.492e-02
800: 4.469e-02
801: 1.472e-01
802: 2.937e-02
803: 1.387e-01
804: 1.816e-01
805: 1.342e-01
806: 2.054e-01
807: 2.956e-01
808: 1.244e-01
809: 9.845e-02
810: 1.376e-01
811: 0.000e+00
812: 1.466e-01
813: 2.207e-01
814: 1.414e-01
815: 1.614e-01
816: 1.940e-01
817: 2.021e-01
818: 1.813e-01
819: 1.696e-01
820: 1.302e-02
821: 1.170e-01
822: 1.616e-01
823: 1.081e-01
824: 5.103e-02
825: 1.574e-01
826: 2.062e+00
827: 1.972e-01
828: 4.498e-01
829: 7.886e-02
830: 1.124e-01
831: 1.619e-01
832: 1.437e-01
833: 1.374e-01
834: 2.995e-01
835: 7.526e-02
836: 6.932e-02
837: 2.974e-02
838: 1.415e-01
839: 7.533e-02
840: 1.397e-02
841: 5.422e-01
842: 7.908e-02
843: 1.358e-01
844: 8.332e-02
845: 6.337e-02
846: 9.729e-03
847: 2.043e-01
848: 5.105e-02
849: 1.342e-01
850: 2.146e-02
851: 2.218e-01
852: 1.246e-01
853: 1.045e-01
854: 9.086e-02
855: 2.424e-02
856: 2.461e-01
857: 1.319e-01
858: 1.121e-01
859: 3.338e-01
860: 8.650e-02
861: 4.992e-01
862: 2.140e-01
863: 1.036e-01
864: 2.787e-01
865: 1.371e-01
866: 1.072e-01
867: 2.004e-01
868: 6.101e-02
869: 1.316e-01
870: 3.674e-01
871: 4.763e-01
872: 1.130e-01
873: 3.748e-01
874: 2.049e-01
875: 3.393e-01
876: 2.429e-01
877: 8.499e-02
878: 9.554e-01
879: 7.969e-01
880: 7.620e-02
881: 1.177e-01
882: 1.580e-01
883: 1.847e-01
884: 3.079e-01
885: 1.691e-01
886: 4.054e-01
887: 7.108e-02
888: 2.852e-01
889: 1.728e-01
890: 3.566e-01
891: 1.926e-01
892: 0.000e+00
893: 4.066e-01
894: 3.793e-02
895: 7.154e-02
896: 1.239e+00
897: 3.583e-01
898: 4.492e-02
899: 4.443e-01
900: 1.427e-01
901: 1.240e-01
902: 4.459e-02
903: 1.699e-01
904: 1.948e-01
905: 1.140e+00
906: 8.066e-02
907: 3.931e-01
908: 1.349e-01
909: 9.255e-01
910: 7.072e-02
911: 4.558e-02
912: 3.317e-01
913: 8.210e-02
914: 6.669e-01
915: 1.727e-01
916: 1.002e-01
917: 3.159e-01
918: 3.791e-01
919: 2.956e-01
920: 2.886e-02
921: 2.042e-01
922: 1.633e-02
923: 7.606e-02
924: 1.701e+00
925: 7.688e-02
926: 6.149e-02
927: 4.245e-02
928: 3.326e-01
929: 4.081e-01
930: 2.859e-01
931: 4.908e-02
932: 1.606e-01
933: 4.302e-01
934: 3.272e-01
935: 1.134e-01
936: 4.146e-01
937: 2.563e-01
938: 7.144e-01
939: 4.067e-02
940: 6.501e-02
941: 1.961e-02
942: 1.040e-02
943: 1.530e-01
944: 6.531e-02
945: 2.235e-01
946: 1.584e-01
947: 5.347e-01
948: 9.010e-02
949: 1.004e-02
950: 4.090e-02
951: 1.059e-01
952: 2.780e-02
953: 1.507e-01
954: 2.351e-01
955: 2.723e-01
956: 1.714e-01
957: 1.544e-01
958: 8.140e-01
959: 2.757e-02
960: 5.210e-02
961: 6.118e-02
962: 4.425e-02
963: 2.355e-01
964: 3.882e-02
965: 1.877e-01
966: 1.010e-02
967: 8.577e-02
968: 3.193e-01
969: 8.967e-01
970: 9.418e-02
971: 4.365e-02
972: 0.000e+00
973: 8.127e-04
974: 4.005e-02
975: 6.160e-01
976: 1.895e-01
977: 7.906e-02
978: 4.901e-02
979: 7.469e-02
980: 8.610e-01
981: 2.642e-01
982: 1.456e-02
983: 3.094e-01
984: 4.261e-03
985: 8.338e-02
986: 7.193e-02
987: 3.380e-01
988: 1.093e+00
989: 1.988e-01
990: 1.157e-01
991: 0.000e+00
992: 2.331e-01
993: 8.172e-02
994: 4.487e-01
995: 1.390e-01
996: 3.922e-02
997: 4.251e-02
998: 1.794e-02
999: 3.424e-02
1000: 8.957e-02
1001: 4.190e-02
1002: 7.164e-02
1003: 6.719e-02
