1: 1.130e+00
2: 5.899e-01
3: -7.754e-01
4: -1.164e+00
5: 2.139e-01
6: 5.352e-01
7: 1.385e-02
8: 5.249e-01
9: 4.154e-01
10: 1.107e+00
11: 9.753e-01
12: 4.913e-01
13: 6.736e-01
14: 6.026e-01
15: 1.203e+00
16: -2.715e-01
17: -2.206e-01
18: 1.373e+00
19: 4.624e-01
20: 3.165e-01
21: 1.583e+00
22: 2.110e+00
23: 1.220e+00
24: 3.070e-01
25: 5.908e-01
26: 2.784e-02
27: -6.120e-01
28: -4.875e-02
29: 6.560e-01
30: 1.511e+00
31: 4.040e-01
32: 1.184e+00
33: 1.465e+00
34: 9.067e-01
35: -5.255e-01
36: 1.288e+00
37: 5.821e-01
38: -1.761e-01
39: 1.051e+00
40: 5.389e-01
41: 1.346e+00
42: 2.496e+00
43: 1.949e+00
44: 7.748e-01
45: 2.656e+00
46: 2.487e+00
47: 1.657e+00
48: 1.647e-01
49: -1.133e-01
50: 1.338e+00
51: 6.402e-01
52: 1.172e+00
53: 1.510e+00
54: -7.220e-01
55: 8.383e-01
56: -2.579e-01
57: 1.345e+00
58: 1.617e+00
59: 1.631e+00
60: 8.878e-01
61: 4.218e+00
62: 4.236e-01
63: 1.387e+00
64: 2.940e-01
65: 6.111e-01
66: 1.828e-01
67: -1.073e-02
68: 1.850e+00
69: 1.107e+00
70: 2.079e-01
71: 5.781e-02
72: 9.455e-01
73: -1.156e+00
74: 6.503e-01
75: 1.026e-02
76: 1.058e+00
77: 8.802e-01
78: -3.943e-02
79: 2.357e+00
80: 6.399e-01
81: 2.058e-01
82: -4.611e-01
83: 3.636e-01
84: 2.211e-01
85: 2.407e-02
86: 6.487e-01
87: 2.470e-01
88: 1.616e+00
89: 1.219e+00
90: 1.340e+00
91: 9.863e-01
92: 4.749e-01
93: 7.136e-01
94: 2.013e-02
95: 2.376e-01
96: 9.251e-01
97: 4.147e-01
98: 1.858e+00
99: 1.543e+00
100: 2.032e+00
101: 4.056e-01
102: 1.182e+00
103: 3.247e-01
104: 1.519e+00
105: 9.990e-01
106: -2.990e-01
107: 2.488e-01
108: 1.212e+00
109: -3.662e-01
110: 9.787e-01
111: 1.157e+00
112: 1.809e+00
113: 1.074e+00
114: 1.037e+00
115: 1.010e+00
116: 5.389e-01
117: 2.932e-01
118: 4.068e-01
119: 1.138e+00
120: 1.723e+00
121: 1.150e+00
122: 1.090e+00
123: 1.671e+00
124: -2.188e-01
125: 9.393e-01
126: 1.100e+00
127: 9.385e-01
128: 7.357e-01
129: 9.608e-01
130: 8.635e-01
131: 8.370e-01
132: 6.763e-01
133: 1.464e+00
134: 1.274e-01
135: 1.393e+00
136: 6.711e-01
137: 1.293e+00
138: 2.007e-01
139: -7.572e-02
140: 1.714e+00
141: 1.276e+00
142: 4.935e-01
143: 1.111e+00
144: 1.977e+00
145: 1.173e+00
146: 1.081e+00
147: 1.242e+00
148: 5.722e-01
149: 1.435e+00
150: 1.790e+00
151: 1.409e+00
152: 1.004e+00
153: 7.632e-01
154: 1.676e-01
155: 1.985e-01
156: 1.857e+00
157: 8.302e-01
158: 1.152e+00
159: 1.878e+00
160: 1.990e+00
161: 1.625e+00
162: 1.487e+00
163: 1.006e+00
164: 9.672e-01
165: 4.364e-01
166: 2.002e-01
167: 1.048e+00
168: 7.590e-01
169: 5.375e-01
170: 7.461e-01
171: 3.804e-01
172: 1.689e+00
173: 2.905e-01
174: 1.532e+00
175: 4.363e-01
176: 1.509e+00
177: 9.577e-01
178: 7.464e-01
179: 1.026e+00
180: 1.690e+00
181: 1.579e+00
182: 2.223e+00
183: 2.100e+00
184: -1.647e-03
185: 2.066e-01
186: 2.039e-01
187: 2.290e-01
188: 6.877e-01
189: 1.227e+00
190: 1.090e+00
191: 1.742e+00
192: 1.426e+00
193: 1.325e+00
194: 1.205e+00
195: 2.189e-01
196: 1.331e+00
197: 2.054e+00
198: 1.611e+00
199: 1.875e+00
200: 1.663e+00
201: 1.534e+00
202: 2.292e+00
203: 1.512e+00
204: 1.260e+00
205: 1.074e+00
206: 1.384e+00
207: 1.959e+00
208: 8.923e-01
209: 2.437e+00
210: 1.087e+00
211: 2.008e+00
212: 2.097e+00
213: 1.864e+00
214: 1.409e+00
215: 1.231e+00
216: 1.842e+00
217: 2.314e+00
218: 1.964e+00
219: 1.738e+00
220: 1.655e+00
221: 1.229e+00
222: 1.481e+00
223: 1.371e+00
224: 1.714e+00
225: 1.799e+00
226: 1.615e+00
227: 1.497e+00
228: 1.884e+00
229: 1.601e+00
230: 1.572e+00
231: 1.057e+00
232: 1.502e+00
233: 3.057e+00
234: 2.377e+00
235: 2.683e+00
236: 2.911e+00
237: 2.367e+00
238: 1.457e+00
239: 1.453e-01
240: 2.109e+00
241: 1.559e+00
242: 1.474e+00
243: 2.040e+00
244: 1.620e+00
245: 1.921e+00
246: 1.762e+00
247: 1.779e+00
248: 1.574e+00
249: 6.247e-01
250: 1.070e+00
251: 1.892e+00
252: 1.901e+00
253: 1.792e+00
254: 1.855e+00
255: 1.574e+00
256: 1.600e+00
257: 2.686e+00
258: 2.620e+00
259: 3.123e-01
260: 8.613e-01
261: 1.669e+00
262: 1.485e+00
263: 6.004e-01
264: 1.438e+00
265: 1.901e+00
266: 1.410e+00
267: 2.059e+00
268: 9.042e-01
269: 1.208e+00
270: 2.165e+00
271: 1.633e+00
272: 9.841e-01
273: 1.608e+00
274: 1.407e+00
275: 1.027e+00
276: 1.034e+00
277: 1.677e+00
278: 1.986e+00
279: 1.276e+00
280: 1.499e+00
281: 1.284e+00
282: 1.562e+00
283: 1.492e+00
284: 9.271e-01
285: 1.670e+00
286: 1.710e+00
287: 2.578e+00
288: 1.535e+00
289: 1.499e+00
290: 1.070e+00
291: 1.136e+00
292: 1.733e+00
293: 1.709e+00
294: 8.329e-02
295: 6.768e-01
296: 1.443e+00
297: 1.137e+00
298: 1.367e+00
299: 1.219e+00
300: 1.627e+00
301: 1.004e+00
302: 7.871e-01
303: 1.406e+00
304: 1.539e+00
305: 8.696e-01
306: 1.518e+00
307: 3.576e-01
308: 9.709e-01
309: 6.380e-01
310: 1.779e+00
311: 1.693e+00
312: 1.490e+00
313: 1.445e+00
314: 1.033e+00
315: 8.412e-01
316: 1.427e+00
317: 8.739e-01
318: 1.831e+00
319: 1.949e+00
320: 1.260e+00
321: 5.087e-01
322: 1.608e+00
323: 1.289e+00
324: 7.762e-01
325: 1.389e-01
326: 1.638e+00
327: 1.355e+00
328: 1.316e+00
329: 1.744e+00
330: 1.064e+00
331: 1.799e+00
332: 1.156e+00
333: 4.953e-01
334: 1.531e+00
335: 1.240e+00
336: 1.301e+00
337: 1.929e+00
338: 1.560e+00
339: 1.009e+00
340: 1.285e+00
341: 1.264e+00
342: 1.381e+00
343: 2.584e+00
344: 1.787e+00
345: 1.550e+00
346: 4.244e-01
347: 8.517e-01
348: 1.647e+00
349: 7.408e-01
350: 1.503e+00
351: 1.155e+00
352: 7.737e-01
353: 1.766e+00
354: 1.272e+00
355: 8.911e-01
356: 1.471e+00
357: 1.622e+00
358: 1.668e+00
359: 9.095e-01
360: 1.156e+00
361: 1.544e+00
362: 1.188e+00
363: 1.750e+00
364: 1.230e+00
365: 1.834e+00
366: 1.660e+00
367: 1.162e+00
368: 1.043e+00
369: 2.008e+00
370: 1.456e+00
371: 1.634e+00
372: 6.879e-01
373: 1.286e+00
374: 1.525e+00
375: 1.714e+00
376: 1.447e+00
377: 1.875e+00
378: 1.642e+00
379: 1.635e+00
380: 1.488e+00
381: 1.631e+00
382: 1.403e+00
383: 6.144e-01
384: 1.696e+00
385: 1.840e+00
386: 1.879e+00
387: 1.320e+00
388: 1.920e+00
389: 1.748e+00
390: 1.929e+00
391: 1.678e+00
392: 6.284e-01
393: 5.995e-01
394: 1.008e+00
395: 1.209e+00
396: 6.410e-01
397: 1.622e+00
398: 8.423e-01
399: 1.607e+00
400: 1.481e+00
401: 1.488e+00
402: 8.691e-01
403: 1.066e+00
404: 1.319e+00
405: 1.720e+00
406: 1.270e+00
407: 9.843e-01
408: 1.280e+00
409: 1.556e+00
410: 1.026e+00
411: 6.721e-01
412: 2.249e+00
413: 1.496e+00
414: 4.346e-01
415: 1.788e+00
416: 1.684e+00
417: 1.817e+00
418: 1.231e+00
419: 1.587e+00
420: 1.500e+00
421: 1.788e+00
422: 1.479e+00
423: 1.645e+00
424: 1.674e+00
425: 1.594e+00
426: 2.020e+00
427: 1.280e+00
428: 1.463e+00
429: 1.500e+00
430: 1.558e+00
431: 1.442e+00
432: 1.575e+00
433: 8.626e-01
434: 1.408e+00
435: 1.397e+00
436: 8.022e-01
437: 1.434e+00
438: 1.427e+00
439: 1.140e+00
440: 1.416e+00
441: 1.241e+00
442: 1.224e+00
443: 1.201e+00
444: 1.681e+00
445: 1.115e+00
446: 1.566e+00
447: 1.501e+00
448: 1.447e+00
449: 1.168e+00
450: 4.565e-01
451: 1.167e+00
452: 1.469e+00
453: 1.499e+00
454: 3.459e-01
455: 1.917e+00
456: 1.658e+00
457: 1.520e+00
458: 1.163e+00
459: 1.475e+00
460: 5.258e-01
461: 1.162e+00
462: 1.074e+00
463: -1.192e-01
464: 8.976e-01
465: 1.360e+00
466: 1.913e+00
467: 1.256e+00
468: 1.386e+00
469: 1.349e+00
470: 7.627e-01
471: 1.812e+00
472: 8.407e-01
473: 1.359e+00
474: 6.556e-01
475: 6.620e-01
476: 1.409e+00
477: 1.567e+00
478: 2.661e-01
479: 1.350e+00
480: 1.187e+00
481: 1.143e+00
482: 1.026e+00
483: 1.269e+00
484: 1.748e+00
485: 1.207e+00
486: 7.012e-01
487: 9.406e-01
488: 7.190e-01
489: 1.568e+00
490: 1.412e+00
491: 1.557e+00
492: 1.111e+00
493: 2.437e-01
494: 1.777e+00
495: 1.138e+00
496: 1.369e+00
497: 1.216e+00
498: 5.732e-01
499: 1.696e+00
500: 9.551e-01
501: 1.733e+00
502: 1.382e+00
503: 1.460e+00
504: 1.786e+00
505: 1.437e+00
506: 7.365e-01
507: 1.429e+00
508: 1.539e+00
509: 1.319e+00
510: 8.721e-01
511: 1.546e+00
512: 1.353e+00
513: 1.621e+00
514: 9.061e-01
515: 1.188e+00
516: 1.237e+00
517: 8.068e-01
518: 1.582e+00
519: 1.579e+00
520: 1.347e+00
521: 1.280e+00
522: 7.243e-01
523: 1.516e+00
524: 1.218e+00
525: 1.481e+00
526: 1.418e+00
527: 1.338e+00
528: 1.349e+00
529: 1.449e+00
530: 1.458e+00
531: 8.613e-01
532: 4.217e-01
533: 1.537e+00
534: 7.339e-01
535: 9.855e-01
536: 9.058e-01
537: 1.663e+00
538: 1.649e+00
539: 2.034e+00
540: 1.516e+00
541: 1.443e+00
542: 1.831e+00
543: 1.333e+00
544: 9.576e-01
545: 1.668e+00
546: 1.505e+00
547: 9.257e-01
548: 1.481e+00
549: 1.526e+00
550: 1.541e+00
551: 9.784e-01
552: 8.485e-01
553: 1.897e+00
554: 1.766e+00
555: 1.561e+00
556: 1.433e+00
557: 2.097e+00
558: 1.184e+00
559: 9.194e-01
560: 1.650e+00
561: 1.555e+00
562: 1.009e+00
563: 1.560e+00
564: 1.450e+00
565: 5.909e-01
566: 1.961e+00
567: 1.673e+00
568: 1.583e+00
569: 1.483e+00
570: 1.677e+00
571: 6.820e-01
572: 1.978e+00
573: 1.754e+00
574: 1.559e+00
575: 1.644e+00
576: 1.507e+00
577: 1.779e+00
578: 1.560e+00
579: 1.820e+00
580: 9.799e-01
581: 1.415e+00
582: 1.488e+00
583: 1.579e+00
584: 1.317e+00
585: 1.117e+00
586: 1.481e+00
587: 1.167e+00
588: 1.022e+00
589: 1.632e+00
590: 5.305e-01
591: 1.376e+00
592: 1.444e+00
593: 9.072e-01
594: 1.433e+00
595: 1.617e+00
596: 7.715e-01
597: 1.704e+00
598: 1.653e+00
599: 8.931e-01
600: 1.701e+00
601: 1.676e+00
602: 9.549e-01
603: 1.502e+00
604: 1.420e+00
605: 1.202e+00
606: 1.663e+00
607: 1.231e+00
608: 1.217e+00
609: 1.135e+00
610: 1.483e+00
611: 1.344e+00
612: 1.400e+00
613: 8.816e-01
614: 9.652e-01
615: 7.373e-01
616: 1.541e+00
617: 1.139e+00
618: 3.871e-01
619: 1.661e+00
620: 1.364e+00
621: 1.435e+00
622: 1.519e+00
623: 1.521e+00
624: 1.667e+00
625: 1.507e+00
626: 1.362e+00
627: 1.577e+00
628: 1.516e+00
629: 1.656e+00
630: 1.581e+00
631: 1.478e+00
632: 1.601e+00
633: 1.402e+00
634: 1.380e+00
635: 1.749e+00
636: 1.394e+00
637: 1.401e+00
638: 1.250e+00
639: 1.799e+00
640: 1.017e+00
641: 1.402e+00
642: 1.349e+00
643: 1.550e+00
644: 1.351e+00
645: 1.383e+00
646: 1.414e+00
647: 1.365e+00
648: 1.275e+00
649: 1.551e+00
650: 6.485e-01
651: 1.550e+00
652: 1.438e+00
653: 1.492e+00
654: 1.353e+00
655: 1.421e+00
656: 1.495e+00
657: 1.572e+00
658: 1.668e+00
659: 1.385e+00
660: 1.287e+00
661: 1.223e+00
662: 2.307e-01
663: 1.700e+00
664: 1.591e+00
665: 1.492e+00
666: 1.422e+00
667: 1.250e+00
668: 1.463e+00
669: 1.422e+00
670: 1.454e+00
671: 1.437e+00
672: 1.479e+00
673: 1.673e+00
674: 1.375e+00
675: 1.500e+00
676: 1.406e+00
677: 1.732e+00
678: 1.256e+00
679: 1.486e+00
680: 1.518e+00
681: 1.464e+00
682: 1.172e+00
683: 1.483e+00
684: 1.522e+00
685: 1.506e+00
686: 1.638e+00
687: 1.349e+00
688: 1.212e+00
689: 1.438e+00
690: 1.574e+00
691: 1.391e+00
692: 8.498e-01
693: 1.351e+00
694: 1.367e+00
695: 1.250e+00
696: 1.257e+00
697: 1.392e+00
698: 1.026e+00
699: 1.551e+00
700: 1.159e+00
701: 1.376e+00
702: 1.289e+00
703: 6.756e-01
704: 1.481e+00
705: 8.831e-01
706: 1.423e+00
707: 1.413e+00
708: 3.629e-01
709: 1.397e+00
710: 1.642e+00
711: 1.467e+00
712: 1.435e+00
713: 1.365e+00
714: 1.252e+00
715: 1.577e+00
716: 1.506e+00
717: 1.365e+00
718: 1.483e+00
719: 1.396e+00
720: 1.593e+00
721: 1.327e+00
722: 1.478e+00
723: 1.344e+00
724: 1.047e+00
725: 1.255e+00
726: 1.473e+00
727: 1.057e+00
728: 1.485e+00
729: 1.308e+00
730: 1.442e+00
731: 1.332e+00
732: 1.387e+00
733: 1.380e+00
734: 1.315e+00
735: 1.351e+00
736: 1.316e+00
737: 6.023e-01
738: 1.407e+00
739: 1.342e+00
740: 7.608e-01
741: 1.489e+00
742: 9.245e-01
743: 1.253e+00
744: 1.295e+00
745: 8.786e-01
746: 1.325e+00
747: 1.293e+00
748: 1.222e+00
749: 1.495e+00
750: 1.320e+00
751: 1.354e+00
752: 1.533e+00
753: 1.134e+00
754: 1.814e+00
755: 1.323e+00
756: 1.187e+00
757: 1.177e+00
758: 1.403e+00
759: 1.413e+00
760: 1.296e+00
761: 1.423e+00
762: 1.166e+00
763: 1.311e+00
764: 1.537e+00
765: 1.535e+00
766: 1.260e+00
767: 1.409e+00
768: 1.036e+00
769: 1.109e+00
770: 1.428e+00
771: 1.480e+00
772: 1.702e+00
773: 1.409e+00
774: 1.203e+00
775: 1.058e+00
776: 1.312e+00
777: 1.453e+00
778: 1.329e+00
779: 1.363e+00
780: 1.255e+00
781: 1.324e+00
782: 1.367e+00
783: 7.631e-01
784: 1.452e+00
785: 1.223e+00
786: 1.140e+00
787: 1.288e+00
788: 1.291e+00
789: 1.325e+00
790: 1.432e+00
791: 1.124e+00
792: 1.301e+00
793: 1.016e+00
794: 1.417e+00
795: 1.310e+00
796: 1.210e+00
797: 1.381e+00
798: 1.326e+00
799: 1.399e+00
800: 1.499e+00
801: 1.334e+00
802: 1.330e+00
803: 1.387e+00
804: 1.312e+00
805: 1.041e+00
806: 1.343e+00
807: 1.268e+00
808: 1.193e+00
809: 1.596e+00
810: 1.426e+00
811: 1.549e+00
812: 1.441e+00
813: 1.430e+00
814: 1.330e+00
815: 1.351e+00
816: 1.377e+00
817: 9.880e-01
818: 1.481e+00
819: 1.309e+00
820: 1.451e+00
821: 1.394e+00
822: 1.458e+00
823: 1.360e+00
824: 1.300e+00
825: 1.514e+00
826: 7.525e-01
827: 1.315e+00
828: 8.491e-01
829: 1.455e+00
830: 1.409e+00
831: 1.522e+00
832: 1.371e+00
833: 1.345e+00
834: 1.284e+00
835: 1.236e+00
836: 1.611e+00
837: 1.601e+00
838: 1.370e+00
839: 1.804e+00
840: 1.670e+00
841: 1.051e+00
842: 1.490e+00
843: 1.297e+00
844: 1.331e+00
845: 1.274e+00
846: 1.653e+00
847: 1.091e+00
848: 1.559e+00
849: 1.530e+00
850: 1.512e+00
851: 1.340e+00
852: 1.380e+00
853: 1.388e+00
854: 1.443e+00
855: 1.594e+00
856: 1.575e+00
857: 1.509e+00
858: 1.565e+00
859: 1.271e+00
860: 1.462e+00
861: 1.193e+00
862: 1.365e+00
863: 1.432e+00
864: 1.275e+00
865: 1.272e+00
866: 1.357e+00
867: 1.393e+00
868: 1.661e+00
869: 1.543e+00
870: 1.321e+00
871: 1.348e+00
872: 1.394e+00
873: 1.377e+00
874: 1.515e+00
875: 1.348e+00
876: 1.434e+00
877: 1.389e+00
878: 1.007e+00
879: 1.002e+00
880: 1.581e+00
881: 1.344e+00
882: 1.305e+00
883: 1.294e+00
884: 1.309e+00
885: 1.215e+00
886: 1.250e+00
887: 1.359e+00
888: 1.043e+00
889: 1.087e+00
890: 1.402e+00
891: 1.468e+00
892: 1.445e+00
893: 1.394e+00
894: 1.377e+00
895: 1.509e+00
896: 1.090e+00
897: 1.247e+00
898: 1.403e+00
899: 1.194e+00
900: 1.446e+00
901: 1.591e+00
902: 1.462e+00
903: 1.227e+00
904: 1.414e+00
905: 7.788e-01
906: 1.271e+00
907: 1.194e+00
908: 1.464e+00
909: 5.455e-01
910: 1.379e+00
911: 1.496e+00
912: 1.316e+00
913: 1.347e+00
914: 1.185e+00
915: 1.287e+00
916: 1.304e+00
917: 1.191e+00
918: 7.524e-01
919: 1.506e+00
920: 1.589e+00
921: 1.238e+00
922: 1.505e+00
923: 1.372e+00
924: 4.019e-01
925: 1.375e+00
926: 1.414e+00
927: 1.307e+00
928: 1.211e+00
929: 1.247e+00
930: 1.348e+00
931: 1.401e+00
932: 1.573e+00
933: 1.097e+00
934: 1.401e+00
935: 1.324e+00
936: 1.072e+00
937: 1.288e+00
938: 4.185e-01
939: 1.539e+00
940: 1.498e+00
941: 1.457e+00
942: 1.722e+00
943: 1.486e+00
944: 1.287e+00
945: 1.527e+00
946: 1.416e+00
947: 7.828e-01
948: 1.349e+00
949: 1.524e+00
950: 1.445e+00
951: 1.328e+00
952: 1.651e+00
953: 1.291e+00
954: 1.278e+00
955: 1.271e+00
956: 1.389e+00
957: 1.274e+00
958: 7.986e-01
959: 1.534e+00
960: 1.312e+00
961: 1.546e+00
962: 1.458e+00
963: 1.132e+00
964: 1.351e+00
965: 1.325e+00
966: 1.437e+00
967: 1.366e+00
968: 1.195e+00
969: 1.231e+00
970: 1.491e+00
971: 1.451e+00
972: 1.540e+00
973: 1.630e+00
974: 1.259e+00
975: 1.305e+00
976: 1.434e+00
977: 1.413e+00
978: 1.343e+00
979: 1.296e+00
980: 9.839e-01
981: 1.513e+00
982: 1.356e+00
983: 1.255e+00
984: 1.500e+00
985: 1.267e+00
986: 1.486e+00
987: 1.243e+00
988: 8.965e-01
989: 1.240e+00
990: 1.407e+00
991: 1.417e+00
992: 1.186e+00
993: 1.488e+00
994: 1.279e+00
995: 1.445e+00
996: 1.331e+00
997: 1.348e+00
998: 1.444e+00
999: 1.488e+00
1000: 1.285e+00
1001: 1.350e+00
1002: 1.255e+00
1003: 1.480e+00
