1: 1.799e+00
2: 1.211e-01
3: 4.813e-01
4: 1.715e+00
5: 6.821e-01
6: 0.000e+00
7: 3.363e-01
8: 1.454e+00
9: 1.366e+00
10: 0.000e+00
11: 6.210e-02
12: 1.252e+00
13: 0.000e+00
14: 0.000e+00
15: 1.293e+00
16: 0.000e+00
17: 0.000e+00
18: 9.365e-01
19: 2.242e-01
20: 2.371e-03
21: 0.000e+00
22: 9.463e-01
23: 8.871e-01
24: 7.968e-01
25: 7.188e-01
26: 6.309e-01
27: 4.854e-01
28: 1.103e-01
29: 0.000e+00
30: 3.995e-01
31: 0.000e+00
32: 0.000e+00
33: 5.668e-01
34: 4.803e-01
35: 0.000e+00
36: 3.789e-02
37: 0.000e+00
38: 0.000e+00
39: 7.623e-01
40: 0.000e+00
41: 5.417e-01
42: 2.799e-01
43: 1.447e-01
44: 1.007e+00
45: 0.000e+00
46: 0.000e+00
47: 2.321e-01
48: 0.000e+00
49: 1.642e-01
50: 0.000e+00
51: 0.000e+00
52: 0.000e+00
53: 0.000e+00
54: 2.184e-01
55: 7.835e-01
56: 0.000e+00
57: 5.517e-01
58: 0.000e+00
59: 6.436e-01
60: 9.097e-02
61: 5.823e-01
62: 1.895e-01
63: 4.467e-01
64: 1.948e-01
65: 5.653e-04
66: 0.000e+00
67: 0.000e+00
68: 0.000e+00
69: 0.000e+00
70: 0.000e+00
71: 4.830e-01
72: 5.772e-03
73: 4.285e-01
74: 0.000e+00
75: 0.000e+00
76: 5.225e-03
77: 2.375e-02
78: 0.000e+00
79: 2.680e-03
80: 1.742e-01
81: 0.000e+00
82: 1.325e-01
83: 0.000e+00
84: 1.120e-02
85: 0.000e+00
86: 0.000e+00
87: 0.000e+00
88: 0.000e+00
89: 0.000e+00
90: 0.000e+00
91: 0.000e+00
92: 3.137e-03
93: 0.000e+00
94: 2.636e-01
95: 1.396e-03
96: 1.066e-01
97: 0.000e+00
98: 0.000e+00
99: 0.000e+00
100: 4.305e-01
101: 0.000e+00
102: 3.188e-04
103: 0.000e+00
104: 1.971e-03
105: 0.000e+00
106: 0.000e+00
107: 6.221e-03
108: 0.000e+00
109: 3.138e-01
110: 5.185e-03
111: 0.000e+00
112: 0.000e+00
113: 0.000e+00
114: 0.000e+00
115: 6.571e-01
116: 5.793e-03
117: 6.397e-01
118: 1.536e-01
119: 0.000e+00
120: 7.714e-03
121: 0.000e+00
122: 4.104e-02
123: 0.000e+00
124: 1.078e-02
125: 1.194e-01
126: 0.000e+00
127: 0.000e+00
128: 0.000e+00
129: 5.790e-03
130: 0.000e+00
131: 0.000e+00
132: 0.000e+00
133: 5.967e-03
134: 5.043e-01
135: 5.829e-02
136: 4.284e-03
137: 0.000e+00
138: 0.000e+00
139: 0.000e+00
140: 3.454e-03
141: 1.893e-02
142: 2.861e-02
143: 1.872e-01
144: 3.467e-03
145: 2.091e-02
146: 2.295e-03
147: 1.280e-02
148: 2.359e-04
149: 0.000e+00
150: 2.953e-03
151: 8.348e-02
152: 3.401e-02
153: 4.740e-01
154: 1.853e-01
155: 0.000e+00
156: 0.000e+00
157: 2.670e-03
158: 0.000e+00
159: 1.771e-01
160: 3.138e-01
161: 1.465e+00
162: 4.209e-03
163: 6.709e-01
164: 3.274e-01
165: 1.099e+00
166: 4.209e-01
167: 3.563e-01
168: 3.329e-01
169: 1.038e+00
170: 2.996e-02
171: 8.669e-02
172: 4.390e-01
173: 2.124e-01
174: 3.842e-02
175: 9.965e-03
176: 1.558e-02
177: 1.230e-02
178: 1.017e-01
179: 1.456e-01
180: 0.000e+00
181: 2.043e-03
182: 2.424e-02
183: 5.768e-01
184: 1.160e-01
185: 0.000e+00
186: 1.377e-02
187: 0.000e+00
188: 5.142e-04
189: 4.542e-02
190: 8.537e-02
191: 0.000e+00
192: 2.198e-02
193: 1.738e-01
194: 7.760e-01
195: 5.523e-01
196: 4.551e-01
197: 6.295e-01
198: 0.000e+00
199: 7.679e-03
200: 0.000e+00
201: 3.571e-01
202: 3.240e-01
203: 3.732e-01
204: 6.756e-01
205: 2.880e-02
206: 1.766e-02
207: 4.525e-01
208: 3.002e-01
209: 4.059e-01
210: 1.218e-02
211: 0.000e+00
212: 3.686e-01
213: 2.189e-01
214: 9.703e-02
215: 5.594e-01
216: 5.464e-02
217: 5.845e-02
218: 9.748e-01
219: 1.239e-02
220: 1.425e-01
221: 1.192e-01
222: 3.033e-01
223: 8.134e-03
224: 3.809e-01
225: 1.075e-01
226: 1.709e-01
227: 5.893e-01
228: 6.077e-01
229: 6.630e-01
230: 4.373e-01
231: 6.616e-01
232: 0.000e+00
233: 2.317e-02
234: 4.120e-02
235: 2.208e-02
236: 0.000e+00
237: 1.940e-01
238: 1.084e+00
239: 1.787e-01
240: 0.000e+00
241: 5.181e-01
242: 3.510e-01
243: 6.345e-01
244: 1.980e-01
245: 6.380e-02
246: 1.401e-01
247: 3.391e-02
248: 1.681e-01
249: 7.663e-01
250: 4.039e-01
251: 3.096e-01
252: 1.672e-01
253: 3.602e-01
254: 4.729e-01
255: 3.706e-01
256: 3.877e-01
257: 8.354e-01
258: 6.254e-01
259: 3.594e-01
260: 6.157e-01
261: 6.440e-02
262: 1.366e-02
263: 2.968e-01
264: 6.362e-01
265: 4.183e-01
266: 4.371e-01
267: 4.349e-01
268: 4.197e-01
269: 1.242e-02
270: 1.175e-03
271: 3.151e-01
272: 2.538e-01
273: 0.000e+00
274: 4.363e-02
275: 3.529e-01
276: 3.813e-01
277: 5.137e-01
278: 3.689e-02
279: 1.094e-01
280: 3.208e-03
281: 1.544e-04
282: 5.676e-02
283: 0.000e+00
284: 2.284e-02
285: 2.438e-02
286: 0.000e+00
287: 3.772e-01
288: 1.404e-02
289: 3.164e-03
290: 5.692e-02
291: 2.462e-03
292: 0.000e+00
293: 1.121e-01
294: 0.000e+00
295: 6.112e-01
296: 2.880e-01
297: 7.621e-01
298: 0.000e+00
299: 3.019e-01
300: 0.000e+00
301: 0.000e+00
302: 2.437e-01
303: 1.386e-02
304: 0.000e+00
305: 2.814e-03
306: 6.008e-01
307: 2.841e-01
308: 9.655e-02
309: 2.299e-02
310: 1.824e-01
311: 9.257e-01
312: 2.955e-01
313: 0.000e+00
314: 1.336e-02
315: 0.000e+00
316: 1.723e-02
317: 3.193e-01
318: 0.000e+00
319: 8.597e-03
320: 2.768e-02
321: 1.562e-02
322: 1.246e-03
323: 8.643e-02
324: 3.714e-02
325: 2.940e-01
326: 6.294e-02
327: 2.329e-02
328: 6.663e-03
329: 0.000e+00
330: 2.265e-02
331: 7.894e-02
332: 1.061e-03
333: 0.000e+00
334: 0.000e+00
335: 6.881e-02
336: 4.437e-03
337: 0.000e+00
338: 3.720e-05
339: 1.117e-02
340: 2.674e-01
341: 2.939e-04
342: 4.333e-01
343: 1.409e-01
344: 5.099e-01
345: 1.686e-02
346: 3.704e-02
347: 5.329e-02
348: 2.999e-03
349: 1.891e-01
350: 2.730e-01
351: 3.747e-01
352: 2.951e-01
353: 6.404e-04
354: 4.431e-02
355: 0.000e+00
356: 5.486e-04
357: 0.000e+00
358: 1.195e-02
359: 9.638e-02
360: 1.881e-03
361: 1.034e-01
362: 7.620e-03
363: 2.277e-02
364: 0.000e+00
365: 2.638e-02
366: 4.186e-02
367: 1.941e-03
368: 8.974e-05
369: 1.143e-02
370: 1.299e-02
371: 3.767e-02
372: 5.238e-02
373: 0.000e+00
374: 2.417e-02
375: 1.375e-02
376: 5.288e-02
377: 4.583e-03
378: 2.821e-02
379: 1.419e-01
380: 9.656e-03
381: 5.977e-02
382: 4.955e-03
383: 6.290e-03
384: 1.902e-01
385: 2.078e-02
386: 3.237e-02
387: 8.828e-03
388: 2.445e-02
389: 2.030e-01
390: 8.616e-02
391: 7.850e-02
392: 8.698e-03
393: 4.560e-02
394: 0.000e+00
395: 3.834e-03
396: 1.336e-03
397: 1.831e-03
398: 1.918e-03
399: 1.832e-02
400: 9.697e-03
401: 4.266e-02
402: 2.703e-02
403: 3.279e-01
404: 7.147e-02
405: 1.806e-02
406: 1.062e-02
407: 2.982e-02
408: 7.873e-03
409: 5.453e-02
410: 5.142e-02
411: 3.204e-02
412: 3.711e-02
413: 2.049e-02
414: 2.566e-03
415: 6.081e-03
416: 2.913e-02
417: 6.541e-03
418: 0.000e+00
419: 1.223e-02
420: 2.398e-02
421: 0.000e+00
422: 5.563e-05
423: 1.891e-02
424: 7.414e-02
425: 9.890e-04
426: 6.542e-02
427: 9.602e-02
428: 9.883e-03
429: 2.674e-02
430: 2.941e-02
431: 0.000e+00
432: 1.574e-02
433: 5.594e-02
434: 3.657e-02
435: 1.086e-03
436: 0.000e+00
437: 6.896e-02
438: 1.740e-02
439: 4.272e-02
440: 0.000e+00
441: 2.787e-02
442: 8.820e-03
443: 1.038e-03
444: 6.897e-02
445: 2.498e-02
446: 0.000e+00
447: 4.745e-02
448: 2.376e-02
449: 7.486e-02
450: 5.627e-02
451: 4.133e-03
452: 3.084e-02
453: 1.576e-02
454: 6.465e-03
455: 7.746e-02
456: 1.108e-03
457: 1.072e-02
458: 7.521e-02
459: 1.081e-01
460: 4.372e-02
461: 3.416e-02
462: 4.316e-02
463: 5.993e-02
464: 2.911e-02
465: 3.230e-02
466: 3.162e-02
467: 5.141e-02
468: 6.261e-04
469: 3.357e-02
470: 0.000e+00
471: 1.245e-02
472: 8.276e-02
473: 5.896e-03
474: 2.173e-02
475: 0.000e+00
476: 5.383e-02
477: 6.648e-02
478: 5.518e-03
479: 6.981e-03
480: 2.724e-02
481: 1.445e-01
482: 2.220e-02
483: 3.797e-02
484: 8.054e-02
485: 0.000e+00
486: 6.894e-02
487: 1.772e-02
488: 7.116e-03
489: 9.029e-02
490: 1.547e-02
491: 6.074e-02
492: 3.953e-02
493: 1.126e-02
494: 2.719e-02
495: 6.277e-03
496: 4.676e-02
497: 1.931e-02
498: 7.705e-02
499: 6.843e-02
500: 1.004e-01
501: 8.894e-03
502: 2.275e-03
503: 6.238e-02
504: 4.193e-02
505: 4.303e-02
506: 5.843e-02
507: 2.346e-02
508: 2.825e-02
509: 4.370e-03
510: 1.627e-01
511: 1.647e-02
512: 1.744e-02
513: 1.618e-02
514: 0.000e+00
515: 1.989e-03
516: 6.830e-03
517: 1.579e-02
518: 6.344e-02
519: 3.267e-03
520: 8.249e-02
521: 8.803e-03
522: 9.323e-02
523: 3.003e-01
524: 4.241e-01
525: 0.000e+00
526: 2.968e-02
527: 2.334e-03
528: 2.410e-02
529: 0.000e+00
530: 4.232e-03
531: 1.003e-02
532: 7.972e-02
533: 9.168e-03
534: 6.906e-02
535: 0.000e+00
536: 1.363e-03
537: 5.489e-02
538: 9.953e-02
539: 0.000e+00
540: 2.063e-02
541: 1.505e-02
542: 1.246e-02
543: 1.767e-02
544: 8.887e-02
545: 2.149e-02
546: 6.711e-02
547: 4.538e-02
548: 2.317e-02
549: 0.000e+00
550: 5.201e-02
551: 2.752e-02
552: 3.779e-02
553: 3.273e-02
554: 4.500e-03
555: 9.189e-03
556: 1.709e-03
557: 1.687e-01
558: 2.592e-02
559: 3.042e-02
560: 3.847e-03
561: 1.218e-01
562: 8.182e-02
563: 2.802e-02
564: 2.705e-02
565: 6.374e-03
566: 0.000e+00
567: 7.282e-02
568: 8.837e-03
569: 1.081e-01
570: 0.000e+00
571: 5.064e-02
572: 3.602e-02
573: 7.318e-02
574: 5.355e-02
575: 2.900e-04
576: 2.996e-02
577: 3.717e-02
578: 2.258e-02
579: 0.000e+00
580: 1.831e-02
581: 2.938e-02
582: 9.073e-03
583: 3.250e-02
584: 8.096e-03
585: 2.244e-02
586: 1.370e-02
587: 3.898e-02
588: 1.845e-02
589: 4.892e-03
590: 3.413e-02
591: 1.587e-02
592: 8.329e-03
593: 1.293e-02
594: 5.286e-02
595: 2.167e-02
596: 4.089e-02
597: 0.000e+00
598: 2.905e-02
599: 2.039e-02
600: 0.000e+00
601: 4.892e-03
602: 3.246e-02
603: 3.241e-02
604: 2.142e-02
605: 1.297e-02
606: 3.039e-02
607: 1.902e-02
608: 4.925e-03
609: 3.813e-03
610: 4.621e-02
611: 3.084e-02
612: 8.396e-02
613: 2.457e-02
614: 1.601e-01
615: 2.840e-03
616: 1.119e-02
617: 2.041e-02
618: 1.548e-02
619: 1.981e-02
620: 1.555e-01
621: 1.061e-02
622: 2.807e-02
623: 2.246e-02
624: 3.733e-02
625: 1.072e-01
626: 6.935e-03
627: 2.636e-02
628: 0.000e+00
629: 1.828e-02
630: 3.199e-02
631: 1.092e-02
632: 3.923e-02
633: 1.831e-02
634: 2.567e-03
635: 2.945e-02
636: 1.028e-01
637: 1.827e-02
638: 1.086e-02
639: 0.000e+00
640: 4.637e-02
641: 1.757e-02
642: 1.672e-02
643: 1.482e-02
644: 4.175e-02
645: 6.906e-02
646: 8.001e-03
647: 7.686e-02
648: 1.163e-02
649: 9.183e-03
650: 5.211e-02
651: 6.058e-02
652: 0.000e+00
653: 2.689e-02
654: 5.318e-02
655: 0.000e+00
656: 4.217e-02
657: 2.459e-02
658: 4.175e-04
659: 5.037e-02
660: 2.997e-02
661: 3.808e-02
662: 8.422e-02
663: 1.336e-02
664: 3.611e-03
665: 1.629e-03
666: 0.000e+00
667: 5.251e-04
668: 4.513e-02
669: 4.557e-03
670: 7.493e-02
671: 2.902e-02
672: 6.618e-03
673: 5.011e-02
674: 3.093e-02
675: 7.015e-03
676: 0.000e+00
677: 4.247e-02
678: 3.069e-02
679: 2.506e-02
680: 3.897e-03
681: 3.817e-02
682: 1.398e-01
683: 3.451e-02
684: 9.468e-04
685: 2.413e-03
686: 3.559e-02
687: 2.320e-02
688: 4.894e-02
689: 7.434e-02
690: 2.466e-02
691: 1.686e-02
692: 2.477e-02
693: 0.000e+00
694: 2.330e-02
695: 7.349e-03
696: 4.364e-03
697: 4.706e-03
698: 8.027e-02
699: 2.469e-02
700: 1.331e-02
701: 7.836e-03
702: 1.469e-02
703: 2.445e-02
704: 2.346e-02
705: 1.409e-02
706: 2.878e-02
707: 3.024e-03
708: 0.000e+00
709: 6.389e-02
710: 2.724e-02
711: 7.716e-04
712: 6.183e-03
713: 6.115e-03
714: 0.000e+00
715: 5.977e-02
716: 5.157e-02
717: 3.026e-02
718: 8.862e-02
719: 9.503e-03
720: 1.078e-03
721: 3.229e-03
722: 2.061e-02
723: 3.678e-02
724: 3.745e-02
725: 1.291e-03
726: 1.191e-03
727: 4.348e-02
728: 3.223e-02
729: 8.875e-02
730: 1.972e-02
731: 3.205e-02
732: 4.180e-02
733: 6.063e-03
734: 7.445e-03
735: 0.000e+00
736: 3.563e-02
737: 6.509e-02
738: 4.587e-03
739: 0.000e+00
740: 2.061e-02
741: 0.000e+00
742: 2.843e-02
743: 2.757e-02
744: 5.980e-02
745: 7.026e-02
746: 3.146e-02
747: 1.162e-02
748: 2.152e-02
749: 1.041e-02
750: 2.657e-02
751: 7.243e-03
752: 1.009e-01
753: 3.059e-02
754: 4.132e-02
755: 5.842e-02
756: 2.239e-05
757: 1.694e-01
758: 0.000e+00
759: 8.890e-03
760: 3.190e-02
761: 1.023e-01
762: 6.739e-02
763: 4.902e-02
764: 2.392e-02
765: 4.978e-02
766: 2.975e-01
767: 2.757e-02
768: 2.780e-02
769: 1.876e-03
770: 5.267e-03
771: 7.097e-02
772: 4.402e-01
773: 3.128e-02
774: 3.407e-02
775: 7.714e-02
776: 1.445e-02
777: 0.000e+00
778: 0.000e+00
779: 5.934e-03
780: 0.000e+00
781: 2.721e-02
782: 9.508e-03
783: 5.833e-03
784: 5.798e-03
785: 9.967e-02
786: 5.608e-03
787: 6.527e-02
788: 3.597e-02
789: 2.222e-02
790: 2.435e-03
791: 3.848e-02
792: 1.054e-02
793: 1.753e-02
794: 4.964e-02
795: 1.895e-02
796: 5.167e-02
797: 2.346e-02
798: 2.849e-02
799: 0.000e+00
800: 1.397e-02
801: 9.265e-03
802: 2.742e-02
803: 1.486e-02
804: 8.453e-02
805: 1.042e-02
806: 1.527e-01
807: 2.130e-02
808: 5.830e-03
809: 1.265e-02
810: 4.278e-03
811: 1.873e-01
812: 6.300e-03
813: 0.000e+00
814: 1.636e-02
815: 6.806e-03
816: 1.916e-02
817: 4.785e-03
818: 2.624e-02
819: 5.002e-02
820: 4.021e-02
821: 1.178e-02
822: 8.310e-03
823: 1.444e-01
824: 2.302e-02
825: 5.689e-02
826: 2.493e-03
827: 1.330e-03
828: 0.000e+00
829: 1.998e-01
830: 8.915e-03
831: 1.025e-02
832: 7.824e-03
833: 4.636e-02
834: 6.498e-02
835: 1.208e-01
836: 9.589e-04
837: 2.282e-02
838: 4.180e-02
839: 8.382e-03
840: 4.493e-02
841: 4.637e-02
842: 3.402e-02
843: 3.587e-02
844: 5.802e-03
845: 2.580e-02
846: 6.340e-03
847: 2.853e-02
848: 2.137e-02
849: 3.509e-02
850: 8.818e-03
851: 5.387e-03
852: 4.089e-02
853: 0.000e+00
854: 0.000e+00
855: 2.128e-02
856: 4.377e-02
857: 3.362e-03
858: 2.508e-02
859: 1.023e-02
860: 3.241e-02
861: 1.427e-03
862: 6.727e-02
863: 1.158e-01
864: 1.573e-02
865: 7.416e-03
866: 3.951e-02
867: 4.645e-03
868: 9.838e-02
869: 1.993e-02
870: 1.377e-02
871: 1.453e-02
872: 3.011e-02
873: 9.170e-03
874: 4.360e-02
875: 2.513e-02
876: 5.206e-03
877: 9.377e-03
878: 2.241e-02
879: 2.829e-02
880: 0.000e+00
881: 2.114e-03
882: 3.781e-02
883: 3.903e-02
884: 6.956e-02
885: 1.477e-03
886: 0.000e+00
887: 1.769e-02
888: 3.863e-02
889: 8.435e-03
890: 6.586e-02
891: 1.771e-02
892: 3.231e-02
893: 3.746e-02
894: 4.249e-02
895: 6.902e-02
896: 2.948e-02
897: 8.991e-03
898: 5.940e-02
899: 1.601e-02
900: 8.832e-03
901: 1.393e-02
902: 3.302e-02
903: 2.287e-02
904: 6.323e-02
905: 6.408e-02
906: 5.558e-03
907: 9.891e-02
908: 1.296e-02
909: 9.728e-03
910: 9.121e-03
911: 5.456e-03
912: 1.234e-02
913: 1.905e-02
914: 7.758e-03
915: 3.782e-02
916: 1.803e-02
917: 2.785e-02
918: 1.257e-02
919: 2.617e-02
920: 5.883e-02
921: 1.075e-02
922: 5.162e-03
923: 0.000e+00
924: 3.952e-02
925: 6.599e-02
926: 0.000e+00
927: 4.691e-02
928: 1.052e-02
929: 1.317e-02
930: 5.759e-02
931: 3.011e-02
932: 1.324e-02
933: 6.125e-02
934: 2.303e-03
935: 3.039e-02
936: 5.024e-03
937: 1.023e-02
938: 3.374e-02
939: 5.829e-02
940: 5.097e-03
941: 4.667e-03
942: 3.552e-02
943: 2.034e-02
944: 0.000e+00
945: 1.229e-02
946: 2.672e-02
947: 1.980e-02
948: 1.017e-01
949: 3.015e-02
950: 3.299e-02
951: 0.000e+00
952: 3.352e-02
953: 2.012e-02
954: 1.574e-02
955: 5.490e-02
956: 9.463e-02
957: 1.736e-02
958: 1.336e-02
959: 5.256e-02
