1: 2.070e+00
2: 2.490e+00
3: 2.059e+00
4: 1.211e+00
5: 1.629e+00
6: 1.691e+00
7: 1.817e+00
8: 1.316e+00
9: 1.243e+00
10: 1.414e+00
11: 1.233e+00
12: 1.204e+00
13: 1.474e+00
14: 1.103e+00
15: 1.166e+00
16: 1.500e+00
17: 1.476e+00
18: 1.107e+00
19: 1.198e+00
20: 1.107e+00
21: 1.078e+00
22: 1.223e+00
23: 1.173e+00
24: 1.174e+00
25: 1.284e+00
26: 1.219e+00
27: 1.464e+00
28: 1.576e+00
29: 2.224e+00
30: 1.270e+00
31: 1.832e+00
32: 1.794e+00
33: 1.087e+00
34: 1.257e+00
35: 1.461e+00
36: 1.302e+00
37: 1.303e+00
38: 2.057e+00
39: 1.080e+00
40: 1.702e+00
41: 1.162e+00
42: 1.202e+00
43: 1.076e+00
44: 1.081e+00
45: 1.406e+00
46: 1.489e+00
47: 1.079e+00
48: 1.040e+00
49: 1.518e+00
50: 1.082e+00
51: 1.109e+00
52: 1.038e+00
53: 1.587e+00
54: 1.096e+00
55: 1.055e+00
56: 1.266e+00
57: 1.044e+00
58: 1.451e+00
59: 1.412e+00
60: 1.525e+00
61: 1.164e+00
62: 1.307e+00
63: 1.165e+00
64: 1.360e+00
65: 1.375e+00
66: 1.437e+00
67: 1.303e+00
68: 1.500e+00
69: 1.347e+00
70: 1.622e+00
71: 1.031e+00
72: 1.413e+00
73: 1.194e+00
74: 1.720e+00
75: 1.219e+00
76: 1.367e+00
77: 1.020e+00
78: 1.613e+00
79: 1.060e+00
80: 1.112e+00
81: 1.502e+00
82: 1.142e+00
83: 1.288e+00
84: 1.096e+00
85: 1.026e+00
86: 1.135e+00
87: 1.034e+00
88: 1.025e+00
89: 1.677e+00
90: 1.327e+00
91: 1.414e+00
92: 1.045e+00
93: 1.382e+00
94: 9.467e-01
95: 1.081e+00
96: 1.176e+00
97: 1.398e+00
98: 1.397e+00
99: 1.725e+00
100: 9.835e-01
101: 1.614e+00
102: 1.400e+00
103: 1.099e+00
104: 1.074e+00
105: 1.239e+00
106: 1.360e+00
107: 1.074e+00
108: 1.036e+00
109: 1.066e+00
110: 1.075e+00
111: 9.814e-01
112: 1.364e+00
113: 1.284e+00
114: 1.388e+00
115: 1.118e+00
116: 1.392e+00
117: 1.041e+00
118: 1.065e+00
119: 9.619e-01
120: 9.946e-01
121: 9.508e-01
122: 1.084e+00
123: 1.016e+00
124: 1.488e+00
125: 1.254e+00
126: 1.361e+00
127: 9.293e-01
128: 9.415e-01
129: 9.465e-01
130: 1.054e+00
131: 1.067e+00
132: 1.881e+00
133: 1.448e+00
134: 9.522e-01
135: 9.770e-01
136: 9.615e-01
137: 1.715e+00
138: 1.482e+00
139: 1.987e+00
140: 1.532e+00
141: 9.267e-01
142: 1.034e+00
143: 1.776e+00
144: 1.384e+00
145: 1.392e+00
146: 1.321e+00
147: 1.033e+00
148: 1.018e+00
149: 8.965e-01
150: 1.143e+00
151: 9.252e-01
152: 1.432e+00
153: 1.137e+00
154: 1.139e+00
155: 1.513e+00
156: 1.572e+00
157: 1.059e+00
158: 1.183e+00
159: 1.124e+00
160: 9.898e-01
161: 8.741e-01
162: 1.483e+00
163: 8.990e-01
164: 1.074e+00
165: 1.043e+00
166: 1.189e+00
167: 1.316e+00
168: 9.588e-01
169: 1.105e+00
170: 1.548e+00
171: 1.454e+00
172: 1.115e+00
173: 1.123e+00
174: 1.050e+00
175: 1.026e+00
176: 1.398e+00
177: 1.303e+00
178: 1.565e+00
179: 1.137e+00
180: 1.853e+00
181: 1.462e+00
182: 1.377e+00
183: 9.740e-01
184: 9.757e-01
185: 2.263e+00
186: 1.271e+00
187: 1.514e+00
188: 1.464e+00
189: 9.640e-01
190: 9.682e-01
191: 2.388e+00
192: 1.323e+00
193: 1.121e+00
194: 8.638e-01
195: 1.005e+00
196: 1.016e+00
197: 9.138e-01
198: 1.851e+00
199: 1.432e+00
200: 1.904e+00
201: 9.808e-01
202: 9.815e-01
203: 1.000e+00
204: 8.235e-01
205: 1.053e+00
206: 1.417e+00
207: 1.081e+00
208: 1.130e+00
209: 1.108e+00
210: 1.812e+00
211: 1.745e+00
212: 1.524e+00
213: 1.499e+00
214: 1.427e+00
215: 1.201e+00
216: 1.540e+00
217: 1.522e+00
218: 9.686e-01
219: 1.467e+00
220: 1.005e+00
221: 9.608e-01
222: 1.233e+00
223: 1.487e+00
224: 1.239e+00
225: 1.469e+00
226: 1.391e+00
227: 9.801e-01
228: 1.042e+00
229: 1.033e+00
230: 1.041e+00
231: 1.000e+00
232: 1.205e+00
233: 1.533e+00
234: 1.027e+00
235: 1.302e+00
236: 1.678e+00
237: 1.086e+00
238: 8.527e-01
239: 1.030e+00
240: 1.875e+00
241: 1.026e+00
242: 9.396e-01
243: 9.252e-01
244: 9.951e-01
245: 1.539e+00
246: 1.332e+00
247: 1.399e+00
248: 9.098e-01
249: 8.868e-01
250: 1.087e+00
251: 9.508e-01
252: 9.321e-01
253: 1.010e+00
254: 8.381e-01
255: 1.036e+00
256: 1.095e+00
257: 8.980e-01
258: 1.042e+00
259: 9.812e-01
260: 8.825e-01
261: 1.035e+00
262: 1.357e+00
263: 1.044e+00
264: 9.479e-01
265: 9.238e-01
266: 1.019e+00
267: 7.866e-01
268: 8.664e-01
269: 1.616e+00
270: 1.149e+00
271: 9.483e-01
272: 9.532e-01
273: 1.835e+00
274: 1.143e+00
275: 9.995e-01
276: 8.713e-01
277: 9.004e-01
278: 1.017e+00
279: 1.130e+00
280: 1.415e+00
281: 1.526e+00
282: 1.061e+00
283: 1.674e+00
284: 1.114e+00
285: 1.074e+00
286: 1.326e+00
287: 9.557e-01
288: 1.015e+00
289: 1.168e+00
290: 1.118e+00
291: 1.586e+00
292: 1.376e+00
293: 8.443e-01
294: 1.441e+00
295: 9.972e-01
296: 9.455e-01
297: 8.493e-01
298: 1.375e+00
299: 1.096e+00
300: 1.587e+00
301: 1.075e+00
302: 9.550e-01
303: 1.142e+00
304: 1.713e+00
305: 1.317e+00
306: 1.027e+00
307: 9.073e-01
308: 1.081e+00
309: 1.070e+00
310: 9.281e-01
311: 7.764e-01
312: 1.110e+00
313: 1.320e+00
314: 1.212e+00
315: 1.587e+00
316: 1.211e+00
317: 9.602e-01
318: 1.738e+00
319: 1.334e+00
320: 1.071e+00
321: 1.267e+00
322: 1.446e+00
323: 1.042e+00
324: 1.303e+00
325: 9.442e-01
326: 9.579e-01
327: 1.287e+00
328: 1.128e+00
329: 1.302e+00
330: 1.117e+00
331: 9.537e-01
332: 1.131e+00
333: 1.063e+00
334: 1.166e+00
335: 1.228e+00
336: 1.093e+00
337: 1.145e+00
338: 1.148e+00
339: 1.566e+00
340: 1.095e+00
341: 1.554e+00
342: 9.104e-01
343: 1.083e+00
344: 8.552e-01
345: 1.194e+00
346: 1.009e+00
347: 1.162e+00
348: 1.245e+00
349: 9.205e-01
350: 8.110e-01
351: 7.181e-01
352: 7.360e-01
353: 1.631e+00
354: 1.153e+00
355: 1.399e+00
356: 1.267e+00
357: 1.080e+00
358: 1.235e+00
359: 9.253e-01
360: 1.605e+00
361: 1.050e+00
362: 1.066e+00
363: 9.608e-01
364: 1.333e+00
365: 1.109e+00
366: 8.990e-01
367: 1.078e+00
368: 1.338e+00
369: 1.478e+00
370: 1.033e+00
371: 8.656e-01
372: 8.741e-01
373: 1.406e+00
374: 1.138e+00
375: 1.308e+00
376: 1.118e+00
377: 1.006e+00
378: 1.037e+00
379: 1.067e+00
380: 1.362e+00
381: 9.780e-01
382: 1.119e+00
383: 1.081e+00
384: 9.381e-01
385: 8.538e-01
386: 9.771e-01
387: 1.028e+00
388: 9.984e-01
389: 8.805e-01
390: 7.951e-01
391: 1.410e+00
392: 9.062e-01
393: 1.026e+00
394: 1.180e+00
395: 8.310e-01
396: 8.523e-01
397: 1.248e+00
398: 1.338e+00
399: 1.077e+00
400: 1.118e+00
401: 9.150e-01
402: 1.370e+00
403: 7.950e-01
404: 1.085e+00
405: 1.084e+00
406: 8.489e-01
407: 1.215e+00
408: 1.459e+00
409: 6.994e-01
410: 1.002e+00
411: 1.213e+00
412: 1.077e+00
413: 8.788e-01
414: 1.378e+00
415: 9.552e-01
416: 1.053e+00
417: 7.101e-01
418: 1.110e+00
419: 1.104e+00
420: 1.055e+00
421: 9.309e-01
422: 1.007e+00
423: 1.031e+00
424: 6.300e-01
425: 8.399e-01
426: 9.899e-01
427: 7.836e-01
428: 1.372e+00
429: 9.372e-01
430: 8.427e-01
431: 9.684e-01
432: 9.165e-01
433: 7.268e-01
434: 7.707e-01
435: 1.444e+00
436: 1.230e+00
437: 1.155e+00
438: 9.390e-01
439: 9.610e-01
440: 1.183e+00
441: 8.746e-01
442: 1.020e+00
443: 9.973e-01
444: 8.656e-01
445: 9.043e-01
446: 9.751e-01
447: 8.181e-01
448: 8.136e-01
449: 7.855e-01
450: 6.255e-01
451: 9.201e-01
452: 1.002e+00
453: 8.441e-01
454: 9.603e-01
455: 1.120e+00
456: 9.813e-01
457: 7.896e-01
458: 9.051e-01
459: 8.876e-01
460: 1.277e+00
461: 1.069e+00
462: 1.046e+00
463: 8.417e-01
464: 9.544e-01
465: 9.056e-01
466: 1.231e+00
467: 1.041e+00
468: 1.232e+00
469: 8.260e-01
470: 9.858e-01
471: 8.842e-01
472: 7.184e-01
473: 1.349e+00
474: 1.227e+00
475: 1.051e+00
476: 9.283e-01
477: 7.343e-01
478: 9.421e-01
479: 9.468e-01
480: 1.319e+00
481: 1.039e+00
482: 1.029e+00
483: 8.803e-01
484: 9.203e-01
485: 1.301e+00
486: 1.204e+00
487: 8.824e-01
488: 9.509e-01
489: 8.906e-01
490: 9.020e-01
491: 7.719e-01
492: 9.256e-01
493: 6.744e-01
494: 6.980e-01
495: 9.205e-01
496: 1.062e+00
497: 1.389e+00
498: 8.993e-01
499: 1.115e+00
500: 8.029e-01
501: 1.000e+00
502: 1.011e+00
503: 9.300e-01
504: 8.750e-01
505: 1.090e+00
506: 7.763e-01
507: 9.042e-01
508: 8.706e-01
509: 1.034e+00
510: 8.932e-01
511: 9.229e-01
512: 1.062e+00
513: 9.158e-01
514: 8.715e-01
515: 7.986e-01
516: 1.005e+00
517: 9.072e-01
518: 9.491e-01
519: 8.470e-01
520: 8.034e-01
521: 1.218e+00
522: 7.800e-01
523: 6.068e-01
524: 6.293e-01
525: 8.452e-01
526: 7.218e-01
527: 1.053e+00
528: 9.756e-01
529: 1.396e+00
530: 9.274e-01
531: 9.183e-01
532: 7.973e-01
533: 9.898e-01
534: 9.668e-01
535: 7.177e-01
536: 1.407e+00
537: 1.090e+00
538: 9.364e-01
539: 7.841e-01
540: 9.270e-01
541: 8.407e-01
542: 1.171e+00
543: 7.710e-01
544: 7.547e-01
545: 8.919e-01
546: 1.086e+00
547: 8.422e-01
548: 1.013e+00
549: 1.654e+00
550: 9.795e-01
551: 9.464e-01
552: 8.482e-01
553: 7.871e-01
554: 1.284e+00
555: 1.066e+00
556: 1.109e+00
557: 7.515e-01
558: 9.152e-01
559: 1.139e+00
560: 1.050e+00
561: 8.657e-01
562: 6.973e-01
563: 8.871e-01
564: 8.907e-01
565: 1.122e+00
566: 8.656e-01
567: 9.447e-01
568: 7.599e-01
569: 7.477e-01
570: 9.932e-01
571: 1.142e+00
572: 1.250e+00
573: 9.590e-01
574: 9.324e-01
575: 8.678e-01
576: 5.990e-01
577: 8.970e-01
578: 9.284e-01
579: 1.030e+00
580: 8.376e-01
581: 8.233e-01
582: 9.490e-01
583: 7.398e-01
584: 1.033e+00
585: 8.369e-01
586: 8.033e-01
587: 8.694e-01
588: 8.895e-01
589: 9.095e-01
590: 1.080e+00
591: 1.228e+00
592: 9.169e-01
593: 8.882e-01
594: 1.004e+00
595: 1.520e+00
596: 1.168e+00
597: 1.051e+00
598: 9.252e-01
599: 9.095e-01
600: 1.190e+00
601: 9.027e-01
602: 9.090e-01
603: 1.304e+00
604: 1.017e+00
605: 1.235e+00
606: 1.106e+00
607: 1.080e+00
608: 9.329e-01
609: 1.141e+00
610: 7.483e-01
611: 7.512e-01
612: 7.705e-01
613: 1.159e+00
614: 8.841e-01
615: 1.289e+00
616: 1.162e+00
617: 1.124e+00
618: 1.020e+00
619: 8.423e-01
620: 6.981e-01
621: 1.171e+00
622: 1.162e+00
623: 9.973e-01
624: 1.116e+00
625: 8.923e-01
626: 9.928e-01
627: 8.677e-01
628: 1.121e+00
629: 9.628e-01
630: 8.269e-01
631: 8.204e-01
632: 7.040e-01
633: 1.477e+00
634: 1.163e+00
635: 1.064e+00
636: 1.084e+00
637: 1.151e+00
638: 1.048e+00
639: 1.131e+00
640: 9.544e-01
641: 7.135e-01
642: 1.045e+00
643: 1.008e+00
644: 1.046e+00
645: 7.877e-01
646: 9.187e-01
647: 1.243e+00
648: 9.543e-01
649: 1.082e+00
650: 1.052e+00
651: 7.969e-01
652: 1.022e+00
653: 9.802e-01
654: 7.998e-01
655: 1.073e+00
656: 7.043e-01
657: 1.049e+00
658: 9.728e-01
659: 9.208e-01
660: 1.114e+00
661: 1.022e+00
662: 9.989e-01
663: 7.875e-01
664: 9.041e-01
665: 8.802e-01
666: 8.891e-01
667: 1.088e+00
668: 8.213e-01
669: 1.092e+00
670: 8.818e-01
671: 1.041e+00
672: 7.651e-01
673: 1.172e+00
674: 9.849e-01
675: 1.011e+00
676: 1.332e+00
677: 7.850e-01
678: 1.003e+00
679: 7.748e-01
680: 7.437e-01
681: 6.357e-01
682: 8.994e-01
683: 1.219e+00
684: 1.098e+00
685: 9.935e-01
686: 9.791e-01
687: 8.245e-01
688: 1.060e+00
689: 1.213e+00
690: 9.129e-01
691: 1.263e+00
692: 9.717e-01
693: 1.042e+00
694: 7.834e-01
695: 6.861e-01
696: 9.563e-01
697: 1.278e+00
698: 1.130e+00
699: 1.167e+00
700: 8.810e-01
701: 1.394e+00
702: 1.169e+00
703: 9.148e-01
704: 8.613e-01
705: 6.995e-01
706: 9.062e-01
707: 7.910e-01
708: 1.223e+00
709: 8.185e-01
710: 8.376e-01
711: 8.436e-01
712: 9.262e-01
713: 1.002e+00
714: 1.322e+00
715: 8.436e-01
716: 6.730e-01
717: 7.468e-01
718: 8.622e-01
719: 1.432e+00
720: 1.090e+00
721: 1.119e+00
722: 1.034e+00
723: 8.065e-01
724: 9.063e-01
725: 1.058e+00
726: 1.049e+00
727: 7.787e-01
728: 9.140e-01
729: 9.253e-01
730: 1.355e+00
731: 9.405e-01
732: 1.156e+00
733: 1.027e+00
734: 9.030e-01
735: 1.307e+00
736: 1.113e+00
737: 8.190e-01
738: 8.750e-01
739: 1.080e+00
740: 7.439e-01
741: 1.293e+00
742: 1.134e+00
743: 6.853e-01
744: 9.416e-01
745: 8.340e-01
746: 9.319e-01
747: 1.181e+00
748: 9.727e-01
749: 7.434e-01
750: 9.390e-01
751: 9.593e-01
752: 7.146e-01
753: 7.559e-01
754: 8.676e-01
755: 7.067e-01
756: 9.742e-01
757: 9.073e-01
758: 1.228e+00
759: 9.777e-01
760: 1.016e+00
761: 8.065e-01
762: 6.461e-01
763: 6.558e-01
764: 8.818e-01
765: 1.018e+00
766: 8.310e-01
767: 1.024e+00
768: 9.594e-01
769: 1.136e+00
770: 1.046e+00
771: 8.116e-01
772: 6.498e-01
773: 8.915e-01
774: 1.130e+00
775: 8.462e-01
776: 1.040e+00
777: 1.134e+00
778: 1.102e+00
779: 1.008e+00
780: 9.853e-01
781: 8.057e-01
782: 8.527e-01
783: 7.350e-01
784: 9.847e-01
785: 8.067e-01
786: 1.102e+00
787: 8.984e-01
788: 1.293e+00
789: 9.824e-01
790: 1.161e+00
791: 1.413e+00
792: 1.124e+00
793: 7.936e-01
794: 6.389e-01
795: 6.853e-01
796: 1.002e+00
797: 9.743e-01
798: 7.971e-01
799: 1.168e+00
800: 1.028e+00
801: 7.094e-01
802: 7.710e-01
803: 9.941e-01
804: 1.016e+00
805: 1.002e+00
806: 7.175e-01
807: 8.209e-01
808: 1.114e+00
809: 1.032e+00
810: 8.640e-01
811: 7.143e-01
812: 8.835e-01
813: 8.355e-01
814: 1.120e+00
815: 1.069e+00
816: 1.123e+00
817: 8.789e-01
818: 1.163e+00
819: 9.625e-01
820: 7.438e-01
821: 8.915e-01
822: 1.248e+00
823: 7.318e-01
824: 6.832e-01
825: 9.379e-01
826: 1.109e+00
827: 7.914e-01
828: 1.100e+00
829: 8.243e-01
830: 1.075e+00
831: 7.929e-01
832: 8.700e-01
833: 8.753e-01
834: 9.058e-01
835: 8.469e-01
836: 8.791e-01
837: 8.932e-01
838: 8.880e-01
839: 1.225e+00
840: 1.129e+00
841: 8.135e-01
842: 7.250e-01
843: 6.966e-01
844: 8.581e-01
845: 9.912e-01
846: 9.869e-01
847: 7.227e-01
848: 8.165e-01
849: 7.036e-01
850: 9.065e-01
851: 1.050e+00
852: 8.824e-01
853: 1.030e+00
854: 1.107e+00
855: 6.973e-01
856: 7.903e-01
857: 1.203e+00
858: 8.519e-01
859: 7.366e-01
860: 8.461e-01
861: 7.908e-01
862: 7.424e-01
863: 7.434e-01
864: 7.099e-01
865: 8.405e-01
866: 9.265e-01
867: 1.318e+00
868: 9.124e-01
869: 9.568e-01
870: 8.064e-01
871: 6.862e-01
872: 1.033e+00
873: 7.211e-01
874: 6.117e-01
875: 9.992e-01
876: 7.771e-01
877: 1.154e+00
878: 8.143e-01
879: 8.574e-01
880: 9.335e-01
881: 9.167e-01
882: 7.954e-01
883: 8.289e-01
884: 9.710e-01
885: 1.124e+00
886: 1.044e+00
887: 8.407e-01
888: 1.222e+00
889: 1.291e+00
890: 1.057e+00
891: 9.067e-01
892: 1.009e+00
893: 6.401e-01
894: 8.237e-01
895: 9.593e-01
896: 6.947e-01
897: 1.107e+00
898: 8.275e-01
899: 8.765e-01
900: 1.039e+00
901: 8.855e-01
902: 7.177e-01
903: 5.389e-01
904: 7.699e-01
905: 8.162e-01
906: 1.197e+00
907: 8.667e-01
908: 7.931e-01
909: 1.094e+00
910: 9.686e-01
911: 1.187e+00
912: 1.013e+00
913: 8.581e-01
914: 1.049e+00
915: 5.943e-01
916: 7.243e-01
917: 1.038e+00
918: 8.593e-01
919: 9.295e-01
920: 9.002e-01
921: 9.330e-01
922: 6.858e-01
923: 1.301e+00
924: 1.061e+00
925: 8.278e-01
926: 9.884e-01
927: 9.516e-01
928: 1.068e+00
929: 8.523e-01
930: 7.671e-01
931: 6.949e-01
932: 9.189e-01
933: 6.595e-01
934: 1.192e+00
935: 7.716e-01
936: 9.755e-01
937: 1.172e+00
938: 8.847e-01
939: 5.704e-01
940: 8.035e-01
941: 6.824e-01
942: 1.027e+00
943: 1.220e+00
944: 1.044e+00
945: 8.362e-01
946: 8.598e-01
947: 8.095e-01
948: 9.047e-01
949: 8.157e-01
950: 1.019e+00
951: 1.400e+00
952: 9.392e-01
953: 9.773e-01
954: 9.666e-01
955: 7.521e-01
956: 7.436e-01
957: 1.068e+00
958: 9.502e-01
959: 9.877e-01
