1: 1.113e-01
2: 1.617e-01
3: 1.625e-01
4: 8.963e-02
5: 1.193e-01
6: 7.907e-02
7: 1.298e-01
8: 1.340e-01
9: 1.154e-01
10: 1.253e-01
11: 4.029e-01
12: 1.105e-01
13: 1.068e-01
14: 2.716e-01
15: 9.097e-02
16: 1.041e-01
17: 9.090e-02
18: 1.431e-01
19: 2.641e-01
20: 2.319e-01
21: 2.540e-01
22: 7.913e-02
23: 7.600e-02
24: 7.655e-02
25: 8.504e-02
26: 8.526e-02
27: 1.047e-01
28: 1.213e-01
29: 6.642e-02
30: 1.135e-01
31: 1.079e-01
32: 1.128e-01
33: 1.949e-01
34: 1.272e-01
35: 1.433e-01
36: 1.179e-01
37: 1.281e-01
38: 1.141e-01
39: 1.988e-01
40: 1.663e-01
41: 1.907e-01
42: 2.247e-01
43: 2.852e-01
44: 1.153e-01
45: 1.301e-01
46: 1.477e-01
47: 2.783e-01
48: 3.116e-01
49: 1.698e-01
50: 1.930e-01
51: 1.944e-01
52: 2.284e-01
53: 1.455e-01
54: 3.226e-01
55: 1.992e-01
56: 1.283e-01
57: 2.028e-01
58: 8.703e-02
59: 9.904e-02
60: 1.719e-01
61: 1.068e-01
62: 1.487e-01
63: 1.334e-01
64: 1.335e-01
65: 1.076e-01
66: 1.083e-01
67: 1.112e-01
68: 1.191e-01
69: 9.728e-02
70: 1.203e-01
71: 1.799e-01
72: 1.085e-01
73: 1.586e-01
74: 1.703e-01
75: 1.587e-01
76: 1.222e-01
77: 2.147e-01
78: 1.127e-01
79: 1.713e-01
80: 1.844e-01
81: 2.007e-01
82: 2.071e-01
83: 2.057e-01
84: 1.948e-01
85: 1.843e-01
86: 2.041e-01
87: 2.655e-01
88: 2.603e-01
89: 1.945e-01
90: 1.767e-01
91: 1.637e-01
92: 1.753e-01
93: 1.732e-01
94: 2.385e-01
95: 1.910e-01
96: 1.906e-01
97: 1.200e-01
98: 1.584e-01
99: 1.575e-01
100: 2.065e-01
101: 1.407e-01
102: 1.205e-01
103: 1.559e-01
104: 1.592e-01
105: 1.559e-01
106: 1.152e-01
107: 2.875e-01
108: 2.457e-01
109: 2.078e-01
110: 1.628e-01
111: 2.250e-01
112: 1.530e-01
113: 1.456e-01
114: 1.319e-01
115: 1.721e-01
116: 1.323e-01
117: 1.501e-01
118: 2.206e-01
119: 2.916e-01
120: 2.150e-01
121: 2.694e-01
122: 2.056e-01
123: 3.133e-01
124: 1.538e-01
125: 1.378e-01
126: 1.493e-01
127: 3.481e-01
128: 2.972e-01
129: 2.664e-01
130: 2.560e-01
131: 2.245e-01
132: 8.055e-02
133: 9.346e-02
134: 3.725e-01
135: 2.324e-01
136: 1.971e-01
137: 1.540e-01
138: 1.791e-01
139: 1.627e-01
140: 1.617e-01
141: 2.279e-01
142: 2.201e-01
143: 1.720e-01
144: 1.295e-01
145: 1.024e-01
146: 1.384e-01
147: 2.196e-01
148: 1.823e-01
149: 2.275e-01
150: 2.023e-01
151: 2.418e-01
152: 1.278e-01
153: 2.831e-01
154: 1.641e-01
155: 1.174e-01
156: 1.519e-01
157: 2.282e-01
158: 1.934e-01
159: 1.862e-01
160: 1.743e-01
161: 1.681e-01
162: 1.036e-01
163: 1.645e-01
164: 1.564e-01
165: 1.172e-01
166: 1.601e-01
167: 1.614e-01
168: 1.965e-01
169: 1.625e-01
170: 9.518e-02
171: 1.038e-01
172: 1.548e-01
173: 1.979e-01
174: 1.804e-01
175: 3.727e-01
176: 1.292e-01
177: 1.381e-01
178: 9.655e-02
179: 1.762e-01
180: 1.369e-01
181: 1.098e-01
182: 9.548e-02
183: 1.879e-01
184: 2.011e-01
185: 1.267e-01
186: 1.181e-01
187: 1.126e-01
188: 1.165e-01
189: 3.241e-01
190: 2.081e-01
191: 1.192e-01
192: 1.135e-01
193: 1.879e-01
194: 1.588e-01
195: 1.532e-01
196: 1.607e-01
197: 1.367e-01
198: 1.284e-01
199: 1.072e-01
200: 8.832e-02
201: 2.037e-01
202: 1.613e-01
203: 1.677e-01
204: 1.580e-01
205: 1.299e-01
206: 1.056e-01
207: 1.498e-01
208: 1.542e-01
209: 1.486e-01
210: 1.024e-01
211: 1.098e-01
212: 1.062e-01
213: 1.163e-01
214: 1.320e-01
215: 1.292e-01
216: 9.478e-02
217: 9.427e-02
218: 1.226e-01
219: 1.080e-01
220: 1.992e-01
221: 1.759e-01
222: 1.211e-01
223: 9.824e-02
224: 1.255e-01
225: 1.094e-01
226: 1.336e-01
227: 1.569e-01
228: 1.646e-01
229: 1.651e-01
230: 1.837e-01
231: 1.492e-01
232: 1.283e-01
233: 1.420e-01
234: 1.631e-01
235: 1.192e-01
236: 1.146e-01
237: 1.660e-01
238: 1.631e-01
239: 1.564e-01
240: 1.356e-01
241: 1.532e-01
242: 1.642e-01
243: 1.534e-01
244: 1.829e-01
245: 1.208e-01
246: 1.250e-01
247: 1.278e-01
248: 1.950e-01
249: 1.798e-01
250: 1.958e-01
251: 2.170e-01
252: 2.293e-01
253: 1.790e-01
254: 1.734e-01
255: 1.719e-01
256: 1.555e-01
257: 1.611e-01
258: 1.544e-01
259: 1.716e-01
260: 1.541e-01
261: 1.659e-01
262: 1.133e-01
263: 1.848e-01
264: 1.822e-01
265: 1.724e-01
266: 1.630e-01
267: 1.961e-01
268: 1.793e-01
269: 1.270e-01
270: 1.454e-01
271: 2.169e-01
272: 1.759e-01
273: 1.077e-01
274: 1.267e-01
275: 1.892e-01
276: 1.799e-01
277: 1.757e-01
278: 1.563e-01
279: 1.576e-01
280: 1.372e-01
281: 1.245e-01
282: 1.543e-01
283: 1.311e-01
284: 1.668e-01
285: 1.431e-01
286: 1.677e-01
287: 1.686e-01
288: 1.484e-01
289: 1.401e-01
290: 1.717e-01
291: 1.430e-01
292: 1.428e-01
293: 1.889e-01
294: 1.418e-01
295: 1.815e-01
296: 1.655e-01
297: 1.478e-01
298: 1.429e-01
299: 1.879e-01
300: 1.337e-01
301: 1.374e-01
302: 2.034e-01
303: 1.298e-01
304: 1.005e-01
305: 1.164e-01
306: 1.626e-01
307: 1.877e-01
308: 1.616e-01
309: 1.727e-01
310: 1.883e-01
311: 1.692e-01
312: 1.648e-01
313: 1.660e-01
314: 1.281e-01
315: 1.379e-01
316: 1.696e-01
317: 1.649e-01
318: 1.418e-01
319: 1.401e-01
320: 1.570e-01
321: 2.141e-01
322: 1.709e-01
323: 1.595e-01
324: 1.409e-01
325: 1.625e-01
326: 1.659e-01
327: 1.434e-01
328: 1.160e-01
329: 1.077e-01
330: 1.226e-01
331: 1.787e-01
332: 1.742e-01
333: 1.577e-01
334: 1.389e-01
335: 1.424e-01
336: 1.467e-01
337: 1.393e-01
338: 1.456e-01
339: 1.121e-01
340: 1.700e-01
341: 1.157e-01
342: 1.910e-01
343: 1.752e-01
344: 1.968e-01
345: 1.521e-01
346: 1.666e-01
347: 1.399e-01
348: 1.258e-01
349: 1.956e-01
350: 1.839e-01
351: 2.151e-01
352: 2.382e-01
353: 1.551e-01
354: 1.421e-01
355: 1.329e-01
356: 1.115e-01
357: 1.505e-01
358: 1.486e-01
359: 1.812e-01
360: 1.465e-01
361: 1.596e-01
362: 1.456e-01
363: 1.781e-01
364: 1.903e-01
365: 2.407e-01
366: 1.641e-01
367: 1.526e-01
368: 1.305e-01
369: 1.229e-01
370: 1.692e-01
371: 1.656e-01
372: 1.613e-01
373: 1.291e-01
374: 1.263e-01
375: 1.522e-01
376: 1.285e-01
377: 1.772e-01
378: 1.627e-01
379: 2.033e-01
380: 1.408e-01
381: 1.709e-01
382: 1.494e-01
383: 1.464e-01
384: 2.183e-01
385: 1.681e-01
386: 1.651e-01
387: 1.665e-01
388: 1.701e-01
389: 1.780e-01
390: 1.801e-01
391: 1.742e-01
392: 1.630e-01
393: 2.359e-01
394: 1.680e-01
395: 1.511e-01
396: 1.579e-01
397: 1.436e-01
398: 1.351e-01
399: 1.697e-01
400: 1.482e-01
401: 1.624e-01
402: 1.348e-01
403: 1.686e-01
404: 1.601e-01
405: 1.759e-01
406: 1.672e-01
407: 1.350e-01
408: 1.487e-01
409: 1.659e-01
410: 1.590e-01
411: 1.484e-01
412: 1.474e-01
413: 1.561e-01
414: 1.470e-01
415: 1.875e-01
416: 1.595e-01
417: 1.670e-01
418: 1.578e-01
419: 1.787e-01
420: 1.675e-01
421: 1.742e-01
422: 1.903e-01
423: 1.621e-01
424: 1.949e-01
425: 1.880e-01
426: 1.731e-01
427: 1.664e-01
428: 1.606e-01
429: 1.663e-01
430: 1.830e-01
431: 1.898e-01
432: 1.770e-01
433: 2.043e-01
434: 2.006e-01
435: 1.540e-01
436: 1.667e-01
437: 1.645e-01
438: 1.735e-01
439: 1.699e-01
440: 1.607e-01
441: 1.726e-01
442: 1.715e-01
443: 1.776e-01
444: 1.705e-01
445: 1.764e-01
446: 1.657e-01
447: 1.905e-01
448: 1.806e-01
449: 1.919e-01
450: 2.036e-01
451: 1.696e-01
452: 1.646e-01
453: 1.756e-01
454: 1.528e-01
455: 1.471e-01
456: 1.722e-01
457: 1.912e-01
458: 1.874e-01
459: 1.678e-01
460: 1.194e-01
461: 1.381e-01
462: 1.544e-01
463: 1.639e-01
464: 1.829e-01
465: 1.590e-01
466: 1.290e-01
467: 1.455e-01
468: 1.582e-01
469: 1.662e-01
470: 1.809e-01
471: 1.789e-01
472: 1.813e-01
473: 1.349e-01
474: 1.649e-01
475: 1.656e-01
476: 1.582e-01
477: 2.013e-01
478: 1.539e-01
479: 1.533e-01
480: 1.433e-01
481: 1.384e-01
482: 1.399e-01
483: 1.736e-01
484: 1.703e-01
485: 1.285e-01
486: 1.289e-01
487: 1.819e-01
488: 1.411e-01
489: 1.579e-01
490: 1.685e-01
491: 1.593e-01
492: 1.778e-01
493: 1.852e-01
494: 1.587e-01
495: 1.733e-01
496: 1.550e-01
497: 1.451e-01
498: 1.675e-01
499: 1.384e-01
500: 1.909e-01
501: 1.650e-01
502: 1.652e-01
503: 1.800e-01
504: 1.838e-01
505: 1.397e-01
506: 1.776e-01
507: 1.989e-01
508: 1.854e-01
509: 1.559e-01
510: 1.525e-01
511: 1.427e-01
512: 1.481e-01
513: 1.871e-01
514: 1.690e-01
515: 1.919e-01
516: 1.732e-01
517: 1.576e-01
518: 1.661e-01
519: 1.699e-01
520: 1.802e-01
521: 1.511e-01
522: 2.007e-01
523: 2.015e-01
524: 1.826e-01
525: 1.540e-01
526: 1.963e-01
527: 1.560e-01
528: 1.556e-01
529: 1.674e-01
530: 1.621e-01
531: 1.550e-01
532: 1.923e-01
533: 1.731e-01
534: 1.527e-01
535: 1.977e-01
536: 1.340e-01
537: 1.573e-01
538: 1.711e-01
539: 1.525e-01
540: 1.581e-01
541: 1.718e-01
542: 1.718e-01
543: 1.984e-01
544: 1.656e-01
545: 1.495e-01
546: 1.587e-01
547: 1.833e-01
548: 1.685e-01
549: 1.150e-01
550: 1.608e-01
551: 1.602e-01
552: 1.475e-01
553: 1.727e-01
554: 1.513e-01
555: 1.486e-01
556: 1.495e-01
557: 1.724e-01
558: 1.686e-01
559: 1.664e-01
560: 1.477e-01
561: 1.665e-01
562: 2.140e-01
563: 1.678e-01
564: 1.685e-01
565: 1.613e-01
566: 1.865e-01
567: 1.633e-01
568: 1.874e-01
569: 1.793e-01
570: 1.573e-01
571: 1.485e-01
572: 1.262e-01
573: 1.512e-01
574: 1.349e-01
575: 1.483e-01
576: 2.058e-01
577: 1.607e-01
578: 1.477e-01
579: 1.283e-01
580: 1.845e-01
581: 2.011e-01
582: 1.625e-01
583: 1.566e-01
584: 1.708e-01
585: 1.834e-01
586: 1.482e-01
587: 1.466e-01
588: 1.770e-01
589: 1.664e-01
590: 1.313e-01
591: 1.408e-01
592: 1.702e-01
593: 1.596e-01
594: 1.606e-01
595: 1.228e-01
596: 1.168e-01
597: 1.558e-01
598: 1.496e-01
599: 1.879e-01
600: 1.819e-01
601: 1.483e-01
602: 1.585e-01
603: 1.241e-01
604: 1.346e-01
605: 1.415e-01
606: 1.460e-01
607: 1.547e-01
608: 1.776e-01
609: 1.499e-01
610: 1.698e-01
611: 1.661e-01
612: 1.553e-01
613: 1.247e-01
614: 1.681e-01
615: 1.211e-01
616: 1.352e-01
617: 1.623e-01
618: 1.642e-01
619: 1.597e-01
620: 1.501e-01
621: 1.248e-01
622: 1.540e-01
623: 1.480e-01
624: 1.404e-01
625: 1.593e-01
626: 1.483e-01
627: 1.803e-01
628: 1.554e-01
629: 1.700e-01
630: 1.694e-01
631: 1.681e-01
632: 1.850e-01
633: 1.449e-01
634: 1.367e-01
635: 1.311e-01
636: 1.357e-01
637: 1.175e-01
638: 1.458e-01
639: 1.609e-01
640: 1.446e-01
641: 1.853e-01
642: 1.339e-01
643: 1.232e-01
644: 1.237e-01
645: 1.864e-01
646: 1.581e-01
647: 1.554e-01
648: 1.517e-01
649: 1.367e-01
650: 1.598e-01
651: 1.659e-01
652: 1.433e-01
653: 1.479e-01
654: 1.448e-01
655: 1.557e-01
656: 1.892e-01
657: 1.613e-01
658: 1.358e-01
659: 1.687e-01
660: 1.213e-01
661: 1.348e-01
662: 1.559e-01
663: 1.641e-01
664: 1.614e-01
665: 1.790e-01
666: 1.542e-01
667: 1.372e-01
668: 1.548e-01
669: 1.733e-01
670: 1.386e-01
671: 1.397e-01
672: 1.590e-01
673: 1.518e-01
674: 1.543e-01
675: 1.356e-01
676: 1.228e-01
677: 1.494e-01
678: 1.640e-01
679: 1.553e-01
680: 1.823e-01
681: 1.820e-01
682: 1.515e-01
683: 1.436e-01
684: 1.492e-01
685: 1.484e-01
686: 1.630e-01
687: 1.977e-01
688: 1.473e-01
689: 1.291e-01
690: 1.406e-01
691: 1.242e-01
692: 1.153e-01
693: 1.397e-01
694: 1.879e-01
695: 1.783e-01
696: 1.621e-01
697: 1.175e-01
698: 1.271e-01
699: 1.279e-01
700: 1.487e-01
701: 1.360e-01
702: 1.361e-01
703: 1.367e-01
704: 1.628e-01
705: 1.824e-01
706: 1.633e-01
707: 1.555e-01
708: 1.133e-01
709: 1.609e-01
710: 1.812e-01
711: 1.598e-01
712: 1.539e-01
713: 1.590e-01
714: 1.497e-01
715: 1.587e-01
716: 1.775e-01
717: 1.795e-01
718: 1.587e-01
719: 1.367e-01
720: 1.437e-01
721: 1.189e-01
722: 1.436e-01
723: 1.893e-01
724: 1.547e-01
725: 1.362e-01
726: 1.581e-01
727: 1.698e-01
728: 1.441e-01
729: 1.561e-01
730: 1.251e-01
731: 1.563e-01
732: 1.513e-01
733: 1.177e-01
734: 1.678e-01
735: 1.048e-01
736: 1.265e-01
737: 1.570e-01
738: 1.379e-01
739: 1.553e-01
740: 1.704e-01
741: 1.211e-01
742: 1.389e-01
743: 1.739e-01
744: 1.646e-01
745: 1.760e-01
746: 1.471e-01
747: 1.272e-01
748: 1.421e-01
749: 1.873e-01
750: 1.482e-01
751: 1.367e-01
752: 1.678e-01
753: 1.734e-01
754: 1.871e-01
755: 1.876e-01
756: 1.431e-01
757: 1.680e-01
758: 1.308e-01
759: 1.404e-01
760: 1.488e-01
761: 1.727e-01
762: 1.854e-01
763: 1.754e-01
764: 1.363e-01
765: 1.424e-01
766: 1.947e-01
767: 1.484e-01
768: 1.457e-01
769: 1.392e-01
770: 1.154e-01
771: 1.419e-01
772: 2.343e-01
773: 1.554e-01
774: 1.430e-01
775: 1.628e-01
776: 1.718e-01
777: 1.306e-01
778: 1.421e-01
779: 1.398e-01
780: 1.445e-01
781: 1.898e-01
782: 1.569e-01
783: 1.668e-01
784: 1.408e-01
785: 1.627e-01
786: 1.396e-01
787: 1.565e-01
788: 1.463e-01
789: 1.450e-01
790: 1.243e-01
791: 1.122e-01
792: 1.160e-01
793: 1.428e-01
794: 1.612e-01
795: 1.909e-01
796: 1.425e-01
797: 1.542e-01
798: 1.456e-01
799: 1.395e-01
800: 1.449e-01
801: 1.996e-01
802: 1.621e-01
803: 1.632e-01
804: 1.407e-01
805: 1.425e-01
806: 1.744e-01
807: 1.495e-01
808: 1.384e-01
809: 1.682e-01
810: 1.485e-01
811: 1.642e-01
812: 1.408e-01
813: 1.532e-01
814: 1.335e-01
815: 1.324e-01
816: 1.411e-01
817: 1.448e-01
818: 1.398e-01
819: 1.391e-01
820: 1.751e-01
821: 1.542e-01
822: 1.136e-01
823: 1.708e-01
824: 1.733e-01
825: 1.529e-01
826: 1.432e-01
827: 1.732e-01
828: 1.577e-01
829: 1.435e-01
830: 1.674e-01
831: 1.397e-01
832: 1.691e-01
833: 1.595e-01
834: 1.574e-01
835: 1.600e-01
836: 1.521e-01
837: 1.530e-01
838: 1.559e-01
839: 1.295e-01
840: 1.154e-01
841: 1.421e-01
842: 1.900e-01
843: 1.826e-01
844: 1.374e-01
845: 1.348e-01
846: 1.269e-01
847: 1.754e-01
848: 1.581e-01
849: 1.704e-01
850: 1.618e-01
851: 1.545e-01
852: 1.673e-01
853: 1.316e-01
854: 1.527e-01
855: 1.684e-01
856: 1.737e-01
857: 1.418e-01
858: 1.544e-01
859: 1.653e-01
860: 1.628e-01
861: 1.534e-01
862: 1.650e-01
863: 1.613e-01
864: 1.650e-01
865: 1.619e-01
866: 1.514e-01
867: 1.316e-01
868: 1.463e-01
869: 1.349e-01
870: 1.689e-01
871: 1.550e-01
872: 1.449e-01
873: 1.760e-01
874: 1.784e-01
875: 1.560e-01
876: 1.679e-01
877: 1.422e-01
878: 1.628e-01
879: 1.510e-01
880: 1.404e-01
881: 1.546e-01
882: 1.662e-01
883: 1.491e-01
884: 1.643e-01
885: 1.607e-01
886: 1.534e-01
887: 1.864e-01
888: 1.464e-01
889: 1.224e-01
890: 1.379e-01
891: 1.398e-01
892: 1.386e-01
893: 1.624e-01
894: 1.695e-01
895: 1.743e-01
896: 1.706e-01
897: 1.769e-01
898: 1.679e-01
899: 1.608e-01
900: 1.501e-01
901: 1.447e-01
902: 1.710e-01
903: 1.912e-01
904: 1.608e-01
905: 1.450e-01
906: 1.322e-01
907: 1.488e-01
908: 1.732e-01
909: 1.420e-01
910: 1.386e-01
911: 1.449e-01
912: 1.209e-01
913: 1.399e-01
914: 1.416e-01
915: 1.865e-01
916: 1.495e-01
917: 1.448e-01
918: 1.411e-01
919: 1.378e-01
920: 1.751e-01
921: 1.618e-01
922: 1.623e-01
923: 1.377e-01
924: 1.216e-01
925: 1.401e-01
926: 1.624e-01
927: 1.634e-01
928: 1.541e-01
929: 1.544e-01
930: 1.702e-01
931: 1.794e-01
932: 1.239e-01
933: 1.696e-01
934: 1.426e-01
935: 1.585e-01
936: 1.398e-01
937: 1.374e-01
938: 1.491e-01
939: 1.565e-01
940: 1.574e-01
941: 1.965e-01
942: 1.564e-01
943: 1.380e-01
944: 1.487e-01
945: 1.711e-01
946: 1.391e-01
947: 1.610e-01
948: 1.680e-01
949: 1.762e-01
950: 1.617e-01
951: 1.307e-01
952: 1.397e-01
953: 1.543e-01
954: 1.477e-01
955: 1.600e-01
956: 1.528e-01
957: 1.405e-01
958: 1.157e-01
959: 1.248e-01
