1: 1.749e+00
2: 8.344e-01
3: 1.143e+00
4: 1.167e+00
5: 8.074e-01
6: 8.468e-01
7: 8.437e-01
8: 3.046e-01
9: 6.063e-01
10: 7.606e-01
11: 4.602e-01
12: 3.465e-01
13: 2.191e-01
14: 1.086e-02
15: 2.735e-02
16: 2.423e-03
17: 2.592e-02
18: 9.152e-01
19: 4.992e-01
20: 4.802e-01
21: 3.871e-01
22: 4.988e-01
23: 2.002e-01
24: 9.493e-01
25: 3.024e-01
26: 4.781e-02
27: 2.248e+00
28: 6.392e-01
29: 1.638e-01
30: 1.076e-01
31: 2.431e-02
32: 1.243e-01
33: 4.254e-01
34: 5.205e-01
35: 8.510e-03
36: 2.446e-01
37: 1.453e+00
38: 6.402e-01
39: 3.266e-01
40: 3.032e-01
41: 7.650e-01
42: 4.311e-01
43: 3.771e-01
44: 6.841e-01
45: 1.648e-02
46: 2.820e-01
47: 2.118e-01
48: 1.720e-01
49: 3.097e-02
50: 6.911e-01
51: 3.002e-01
52: 3.164e-01
53: 9.406e-01
54: 3.440e-01
55: 3.877e-01
56: 8.436e-01
57: 4.975e-01
58: 1.666e-01
59: 1.646e+00
60: 3.143e-01
61: 3.898e-01
62: 5.000e-01
63: 3.718e-01
64: 1.874e-01
65: 6.744e-02
66: 5.773e-02
67: 8.968e-02
68: 3.611e-01
69: 2.864e-01
70: 5.421e-01
71: 3.596e-01
72: 7.834e-01
73: 4.762e-01
74: 7.093e-01
75: 2.466e-01
76: 3.424e-01
77: 2.929e-01
78: 4.541e-01
79: 3.573e-01
80: 3.123e-01
81: 7.428e-01
82: 1.598e-01
83: 2.949e-01
84: 1.975e-01
85: 6.689e-01
86: 3.233e-01
87: 1.110e-01
88: 1.625e+00
89: 2.528e-01
90: 1.060e-01
91: 2.468e-01
92: 4.376e-01
93: 3.412e-01
94: 1.912e-01
95: 1.253e-01
96: 3.997e-01
97: 3.771e-01
98: 3.482e-01
99: 4.683e-01
100: 2.858e-01
101: 5.089e-01
102: 1.275e+00
103: 1.521e-01
104: 2.805e-01
105: 4.557e-01
106: 5.040e-01
107: 3.349e-01
108: 4.476e-01
109: 4.104e-01
110: 3.205e-01
111: 3.559e-01
112: 3.897e-01
113: 5.526e-01
114: 7.320e-01
115: 5.273e-01
116: 5.181e-01
117: 2.280e-01
118: 2.959e-01
119: 4.483e-01
120: 4.133e-01
121: 5.512e-01
122: 4.090e-01
123: 2.508e-01
124: 2.358e-01
125: 4.019e-01
126: 1.735e-01
127: 2.618e-02
128: 2.445e-02
129: 4.185e-01
130: 2.628e-01
131: 2.112e-01
132: 2.489e-01
133: 1.755e-01
134: 2.719e-01
135: 9.883e-01
136: 4.299e-01
137: 3.061e-01
138: 3.058e-01
139: 4.608e-01
140: 4.855e-01
141: 5.493e-01
142: 2.699e-01
143: 2.344e-01
144: 4.499e-01
145: 4.005e-01
146: 5.598e-01
147: 3.417e-01
148: 3.447e-01
149: 3.092e-01
150: 4.369e-01
151: 1.802e-01
152: 3.445e-01
153: 4.254e-01
154: 2.818e-01
155: 2.738e-01
156: 1.702e-01
157: 4.111e-01
158: 3.855e-01
159: 3.419e-01
160: 5.972e-01
161: 6.207e-01
162: 2.485e-01
163: 2.810e-01
164: 3.890e-01
165: 4.232e-01
166: 4.226e-01
167: 2.479e-01
168: 2.870e-01
169: 5.864e-01
170: 4.273e-01
171: 2.731e-01
172: 4.195e-01
173: 4.018e-01
174: 7.176e-01
175: 2.778e-01
176: 2.828e-01
177: 5.777e-01
178: 4.083e-01
179: 2.091e-01
180: 5.351e-01
181: 4.529e-01
182: 4.471e-01
183: 2.033e-01
184: 1.823e-01
185: 3.878e-01
186: 3.454e-01
187: 1.132e+00
188: 3.428e-01
189: 4.449e-01
190: 4.463e-01
191: 3.666e-01
192: 3.454e-01
193: 4.455e-01
194: 4.874e-01
195: 5.476e-01
196: 3.321e-01
197: 4.704e-01
198: 3.528e-01
199: 1.501e-01
200: 3.215e-01
201: 1.151e-01
202: 5.381e-01
203: 1.736e-01
204: 3.064e-01
205: 8.329e-01
206: 3.424e-01
207: 4.288e-01
208: 3.282e-01
209: 3.170e-01
210: 3.401e-01
211: 2.392e-01
212: 3.925e-01
213: 4.240e-01
214: 4.669e-01
215: 1.428e-01
216: 7.281e-01
217: 3.417e-01
218: 3.280e-01
219: 3.181e-01
220: 1.490e-01
221: 4.113e-01
222: 3.739e-01
223: 4.465e-01
224: 4.855e-01
225: 4.906e-01
226: 4.934e-01
227: 6.266e-01
228: 5.268e-01
229: 2.432e-01
230: 3.647e-01
231: 3.750e-01
232: 5.195e-01
233: 3.187e-01
234: 1.400e-01
235: 1.676e-01
236: 1.859e-01
237: 3.823e-01
238: 4.493e-01
239: 3.559e-01
240: 3.854e-01
241: 3.804e-01
242: 6.408e-01
243: 6.524e-01
244: 5.252e-01
245: 4.055e-01
246: 4.341e-01
247: 2.802e-01
248: 4.600e-01
249: 2.412e-01
250: 1.030e-01
251: 7.720e-01
252: 3.022e-01
253: 2.370e-01
254: 6.085e-01
255: 2.518e-01
256: 3.841e-01
257: 5.095e-01
258: 2.793e-01
259: 2.335e-01
260: 3.955e-01
261: 5.149e-01
262: 1.593e-01
263: 4.597e-01
264: 1.864e-01
265: 4.124e-01
266: 4.339e-01
267: 2.206e-01
268: 3.502e-01
269: 2.866e-01
270: 5.620e-01
271: 5.088e-01
272: 2.889e-01
273: 7.190e-01
274: 3.152e-01
275: 3.566e-01
276: 5.404e-01
277: 3.453e-01
278: 4.032e-01
279: 5.454e-01
280: 3.683e-01
281: 3.404e-01
282: 2.544e-01
283: 3.237e-01
284: 3.589e-01
285: 2.239e-01
286: 1.808e-01
287: 1.395e-01
288: 1.472e-01
289: 8.853e-01
290: 1.658e-01
291: 3.962e-01
292: 3.073e-01
293: 2.494e-01
294: 4.489e-01
295: 3.491e-01
296: 3.007e-01
297: 4.198e-01
298: 5.614e-01
299: 3.065e-01
300: 4.534e-01
301: 6.236e-01
302: 4.560e-01
303: 2.256e-01
304: 2.958e-01
305: 3.138e-01
306: 5.075e-01
307: 5.584e-01
308: 6.360e-01
309: 4.827e-01
310: 3.977e-01
311: 4.753e-01
312: 4.410e-01
313: 5.185e-01
314: 3.751e-01
315: 3.306e-01
316: 2.502e-01
317: 2.274e-01
318: 4.943e-01
319: 4.853e-01
320: 4.696e-01
321: 2.751e-01
322: 6.679e-01
323: 4.427e-01
324: 2.698e-01
325: 4.038e-01
326: 4.139e-01
327: 1.306e-01
328: 3.407e-01
329: 2.979e-01
330: 4.505e-01
331: 2.967e-01
332: 1.333e-01
333: 1.712e-01
334: 3.015e-01
335: 5.183e-01
336: 4.332e-01
337: 5.452e-01
338: 2.402e-01
339: 2.477e-01
340: 3.947e-01
341: 3.394e-01
342: 2.114e-01
343: 3.224e-01
344: 2.245e-01
345: 2.519e-01
346: 3.825e-01
347: 4.923e-01
348: 4.243e-01
349: 6.450e-01
350: 4.926e-01
351: 4.262e-01
352: 3.005e-01
353: 2.949e-01
354: 9.915e-02
355: 9.526e-02
356: 2.384e-01
357: 5.666e-01
358: 2.167e-01
359: 1.856e-01
360: 5.189e-01
361: 2.603e-01
362: 4.621e-01
363: 2.867e-01
364: 5.027e-01
365: 1.942e-01
366: 4.810e-01
367: 2.202e-01
368: 4.869e-01
369: 7.327e-01
370: 2.324e-01
371: 2.337e-01
372: 2.890e-01
373: 1.583e-01
374: 2.107e-01
375: 9.799e-01
376: 5.047e-01
377: 1.258e+00
378: 3.750e-01
379: 5.416e-01
380: 3.784e-01
381: 3.761e-01
382: 3.833e-01
383: 2.904e-01
384: 5.103e-01
385: 4.414e-01
386: 2.047e-01
387: 2.971e-01
388: 6.381e-01
389: 4.233e-01
390: 3.116e-01
391: 1.624e-01
392: 6.318e-01
393: 5.652e-01
394: 5.126e-01
395: 5.042e-01
396: 2.700e-01
397: 6.576e-01
398: 1.455e-01
399: 2.924e-01
400: 2.032e-01
401: 3.166e-01
402: 4.187e-01
403: 2.382e-01
404: 2.950e-01
405: 1.720e-01
406: 2.105e-01
407: 2.430e-01
408: 2.247e-01
409: 6.309e-01
410: 3.960e-01
411: 1.284e-01
412: 2.655e-01
413: 9.557e-02
414: 1.576e-01
415: 1.326e-01
416: 7.170e-01
417: 2.391e-01
418: 8.630e-01
419: 1.946e-01
420: 1.102e-01
421: 4.602e-01
422: 2.494e-01
423: 4.895e-01
424: 1.781e-01
425: 4.853e-01
426: 6.676e-01
427: 3.951e-01
428: 3.853e-01
429: 2.089e-01
430: 5.148e-01
431: 3.760e-01
432: 4.917e-01
433: 2.472e-01
434: 1.974e-01
435: 7.107e-01
436: 4.275e-01
437: 4.060e-01
438: 6.192e-01
439: 1.792e-01
440: 2.735e-01
441: 3.020e-01
442: 5.127e-01
443: 2.051e-01
444: 1.951e-01
445: 3.079e-01
446: 1.607e-01
447: 2.145e-01
448: 3.127e-01
449: 5.467e-01
450: 3.662e-01
451: 2.479e-01
452: 1.145e-01
453: 2.817e-01
454: 4.963e-01
455: 6.736e-01
456: 4.418e-01
457: 2.113e-01
458: 1.109e-01
459: 2.495e-01
460: 8.201e-02
461: 8.152e-01
462: 3.901e-01
463: 7.992e-01
464: 2.274e-01
465: 2.920e-01
466: 5.119e-01
467: 2.805e-01
468: 4.256e-01
469: 2.671e-01
470: 1.531e-01
471: 1.742e-01
472: 1.565e-01
473: 7.842e-01
474: 1.893e-01
475: 2.537e-01
476: 9.877e-02
477: 2.920e-01
478: 2.538e-01
479: 9.779e-02
480: 2.212e-01
481: 2.515e-01
482: 9.610e-02
483: 1.006e+00
484: 7.792e-02
485: 4.365e-01
486: 3.364e-01
487: 3.206e-01
488: 1.369e-01
489: 1.277e-01
490: 2.382e-01
491: 2.107e-01
492: 2.561e-01
493: 5.034e-02
494: 2.487e-01
495: 6.623e-02
496: 2.128e-01
497: 1.888e-01
498: 1.219e-01
499: 3.363e-01
500: 1.407e-01
501: 3.918e-01
502: 9.142e-02
503: 1.010e-01
504: 8.479e-02
505: 2.483e-01
506: 7.861e-02
507: 1.376e-01
508: 1.344e-01
509: 4.427e-01
510: 4.807e-02
511: 1.322e-01
512: 1.537e-01
513: 1.223e-01
514: 8.127e-02
515: 2.072e-01
516: 2.390e-01
517: 1.529e-01
518: 1.699e-01
519: 1.718e-01
520: 1.230e-01
521: 5.158e-01
522: 1.569e-01
523: 2.278e-01
524: 1.212e-01
525: 7.961e-03
526: 1.622e-02
527: 1.830e-01
528: 2.275e-01
529: 1.032e-01
530: 2.245e-01
531: 1.177e-01
532: 8.531e-02
533: 9.714e-02
534: 2.700e-01
535: 2.000e-01
536: 2.084e-01
537: 3.786e-01
538: 2.348e-02
539: 1.807e-01
540: 1.540e-01
541: 4.344e-02
542: 2.539e-02
543: 2.030e-01
544: 3.249e-01
545: 1.272e-01
546: 7.819e-02
547: 1.209e-01
548: 3.902e-02
549: 9.437e-02
550: 9.198e-02
551: 1.078e-01
552: 6.086e-02
553: 1.177e-01
554: 2.783e-01
555: 1.941e-01
556: 1.778e-01
557: 1.692e-01
558: 1.235e-01
559: 1.700e-01
560: 4.818e-01
561: 2.643e-01
562: 1.184e-01
563: 6.305e-01
564: 8.572e-01
565: 1.622e-01
566: 1.415e-01
567: 5.054e-01
568: 2.931e-02
569: 1.022e-01
570: 2.313e-03
571: 1.456e-01
572: 3.703e-01
573: 2.100e-01
574: 4.166e-02
575: 1.172e-01
576: 1.819e-01
577: 5.054e-02
578: 1.002e-02
579: 3.932e-02
580: 4.195e-01
581: 3.076e-01
582: 1.367e-01
583: 1.999e-01
584: 2.365e-01
585: 2.834e-01
586: 3.431e-01
587: 4.739e-02
588: 1.345e-02
589: 1.308e-01
590: 2.350e-01
591: 2.115e-01
592: 4.016e-01
593: 2.603e-01
594: 1.204e+00
595: 1.911e-01
596: 1.080e-01
597: 2.381e-02
598: 1.441e-02
599: 1.402e-01
600: 9.079e-01
601: 3.117e-01
602: 1.513e-01
603: 2.713e-01
604: 2.449e-01
605: 7.893e-02
606: 1.452e+00
607: 1.657e-01
608: 1.462e-01
609: 3.616e-01
610: 1.305e-01
611: 1.965e-01
612: 1.333e-01
613: 1.773e-01
614: 6.219e-02
615: 1.527e-01
616: 5.376e-01
617: 1.700e-01
618: 2.635e-01
619: 2.992e-01
620: 3.729e-01
621: 1.793e-01
622: 4.796e-01
623: 9.102e-01
624: 2.877e-01
625: 1.723e-01
626: 1.823e-01
627: 1.084e-01
628: 5.016e-01
629: 3.744e-01
630: 3.308e-01
631: 1.259e-01
632: 1.999e-01
633: 2.302e-01
634: 2.199e-01
635: 2.784e-01
636: 1.752e-01
637: 2.027e-01
638: 6.502e-02
639: 6.705e-02
640: 6.079e-03
641: 8.568e-02
642: 1.211e-01
643: 1.233e-01
644: 8.814e-02
645: 1.861e-01
646: 2.830e-01
647: 1.529e-01
648: 8.008e-02
649: 1.759e-01
650: 1.315e-01
651: 6.633e-01
652: 1.573e-01
653: 1.954e-01
654: 5.347e-01
655: 3.564e-01
656: 1.280e-01
657: 4.896e-02
658: 1.092e-01
659: 1.351e-01
660: 2.478e-01
661: 1.913e-01
662: 9.729e-02
663: 3.182e-01
664: 2.054e-01
665: 2.264e-01
666: 3.216e-01
667: 6.521e-01
668: 5.235e-01
669: 1.254e-01
670: 1.033e-01
671: 1.847e-01
672: 1.999e-01
673: 1.985e-01
674: 2.655e-01
675: 5.602e-02
676: 7.545e-02
677: 2.094e-01
678: 2.270e-01
679: 1.243e-01
680: 5.113e-01
681: 1.405e-01
682: 5.157e-02
683: 2.324e-01
684: 2.761e-01
685: 4.102e-01
686: 1.358e-01
687: 2.617e-01
688: 1.728e-01
689: 3.088e-01
690: 3.650e-01
691: 9.466e-02
692: 2.387e-01
693: 8.131e-02
694: 2.763e-01
695: 1.092e-01
696: 2.140e-02
697: 7.527e-02
698: 5.931e-02
699: 1.302e-01
700: 6.969e-01
701: 6.750e-02
702: 1.481e-01
703: 5.504e-01
704: 2.382e-01
705: 2.553e-01
706: 1.099e-01
707: 2.491e-01
708: 3.010e-02
709: 9.668e-02
710: 1.614e-01
711: 8.755e-02
712: 9.943e-02
713: 6.860e-02
714: 7.831e-02
715: 4.910e-01
716: 2.565e-01
717: 6.891e-01
718: 1.398e-01
719: 1.335e-01
720: 1.677e-01
721: 2.175e-01
722: 1.375e-01
723: 1.456e-01
724: 1.715e-01
725: 1.268e-01
726: 2.208e-01
727: 9.938e-02
728: 1.363e-01
729: 2.188e-01
730: 4.283e-01
731: 3.315e-01
732: 1.579e-01
733: 1.930e-01
734: 4.323e-01
735: 1.290e-01
736: 1.835e-01
737: 2.834e-01
738: 1.616e-01
739: 1.183e-01
740: 6.166e-01
741: 2.658e-01
742: 1.915e-01
743: 2.202e-01
744: 2.141e-01
745: 2.676e-01
746: 2.122e-01
747: 5.656e-02
748: 1.217e-01
749: 8.751e-02
750: 1.970e-01
751: 1.077e-01
752: 4.705e-01
753: 2.919e-01
754: 2.352e-01
755: 1.720e-01
756: 4.454e-02
757: 5.194e-01
758: 3.550e-01
759: 3.546e-01
760: 6.478e-02
761: 1.659e-01
762: 7.408e-01
763: 6.692e-02
764: 4.333e-01
765: 3.708e-01
766: 6.232e-02
767: 4.087e-01
768: 5.425e-01
769: 2.302e-01
770: 1.284e-01
771: 6.796e-01
772: 1.638e-01
773: 8.967e-02
774: 2.438e-01
775: 1.108e-01
776: 1.570e-01
777: 4.974e-01
778: 4.385e-01
779: 8.861e-02
780: 1.894e-01
781: 1.628e-02
782: 2.959e-03
783: 3.611e-02
784: 2.583e-01
785: 1.309e-01
786: 3.466e-01
787: 2.955e-02
788: 2.086e-01
789: 2.019e-01
790: 9.035e-01
791: 1.884e-01
792: 1.316e-01
793: 2.191e-02
794: 5.672e-02
795: 5.908e-02
796: 3.209e-01
797: 5.467e-01
798: 3.365e-01
799: 1.681e-01
800: 6.537e-02
801: 6.507e-02
802: 9.925e-02
803: 2.352e-01
804: 3.187e-01
805: 2.629e-01
806: 6.851e-02
807: 1.629e-01
808: 0.000e+00
809: 8.616e-02
810: 1.213e-01
811: 1.205e-01
812: 3.013e-01
813: 9.979e-01
814: 1.362e-01
815: 7.770e-02
816: 3.338e-01
817: 1.413e-01
818: 3.513e-01
819: 2.834e-01
820: 7.814e-02
821: 4.511e-01
822: 6.501e-02
823: 2.695e-01
824: 2.851e-01
825: 1.057e-01
826: 1.409e-01
827: 1.512e-01
828: 2.356e-01
829: 2.862e-01
830: 8.433e-01
831: 2.396e-01
832: 2.684e-01
833: 1.542e-01
834: 2.889e-01
835: 9.961e-02
836: 6.739e-02
837: 5.884e-01
838: 6.945e-02
839: 3.052e-01
840: 2.758e-01
841: 1.081e-01
842: 4.493e-02
843: 9.553e-02
844: 1.342e-01
845: 1.838e-01
846: 3.576e-01
847: 5.430e-02
848: 3.947e-03
849: 1.383e-01
850: 6.035e-02
851: 6.644e-03
852: 2.811e-01
853: 3.682e-01
854: 2.518e-01
855: 2.289e-01
856: 3.914e-01
857: 6.350e-02
858: 6.981e-02
859: 3.386e-01
860: 9.618e-01
861: 4.605e-02
862: 5.171e-01
863: 2.064e-01
864: 7.280e-02
865: 5.866e-02
866: 1.816e-01
867: 3.385e-01
868: 8.884e-02
869: 8.367e-02
870: 2.124e-01
871: 3.480e-01
872: 2.451e-01
873: 3.161e-01
874: 8.435e-01
875: 3.371e-02
876: 1.606e-01
877: 9.319e-01
878: 1.476e-01
879: 1.320e-01
880: 1.852e-01
881: 4.063e-01
882: 1.529e-01
883: 2.262e-01
884: 2.302e-01
885: 5.034e-01
886: 1.118e-01
887: 6.746e-01
888: 9.699e-02
889: 3.655e-01
890: 9.398e-02
891: 7.397e-01
892: 2.771e-01
893: 4.139e-02
894: 7.650e-02
895: 3.248e-01
896: 1.374e-01
897: 8.661e-02
898: 1.969e-02
899: 1.385e-01
900: 7.701e-02
901: 3.887e-02
902: 5.486e-02
903: 1.545e-01
904: 1.137e-01
905: 4.528e-02
906: 2.357e-01
907: 1.399e-01
908: 6.257e-02
909: 1.120e-01
910: 7.419e-01
911: 2.769e-01
912: 2.686e-01
913: 3.603e-01
914: 6.219e-02
915: 1.101e-01
916: 1.849e-01
917: 2.154e-02
918: 6.502e-02
919: 7.846e-02
920: 9.514e-02
921: 8.686e-02
922: 3.705e-03
923: 1.176e-01
924: 9.736e-02
925: 1.357e-01
926: 3.160e-01
927: 5.490e-02
928: 2.832e-01
929: 9.317e-02
930: 1.633e-01
931: 1.671e-01
932: 2.092e-01
933: 1.174e-01
934: 1.827e-01
935: 6.923e-01
936: 6.151e-02
937: 1.279e-01
938: 1.644e-01
939: 6.922e-01
940: 9.137e-02
941: 6.520e-02
942: 3.324e-01
943: 2.527e-01
944: 5.801e-02
945: 1.008e-01
946: 9.459e-02
947: 2.762e-02
948: 0.000e+00
949: 1.578e-01
950: 3.616e-01
951: 7.034e-02
952: 1.097e-01
953: 1.252e+00
954: 2.041e-01
955: 1.227e-01
956: 3.988e-01
957: 3.016e-01
958: 1.819e-01
959: 2.788e-01
960: 1.452e-01
961: 7.698e-02
962: 2.221e-01
963: 2.293e-01
964: 5.000e-02
965: 1.199e-01
966: 2.316e-01
967: 1.867e-01
968: 7.081e-02
969: 2.072e-01
970: 2.080e-01
971: 8.451e-02
972: 4.284e-01
973: 2.760e-02
974: 7.631e-02
975: 1.897e-01
976: 4.296e-01
977: 3.103e-01
978: 1.339e-01
979: 1.706e-01
980: 3.002e-01
981: 8.699e-01
982: 9.510e-02
983: 3.009e-01
984: 3.499e-01
985: 1.224e-01
986: 8.208e-02
987: 9.975e-02
988: 1.892e-01
989: 1.734e-01
990: 5.683e-02
991: 1.946e-01
992: 3.027e-01
993: 1.372e-01
994: 1.643e-01
995: 3.096e-02
996: 1.060e-01
997: 4.950e-02
998: 1.379e-01
999: 1.011e-01
1000: 1.171e-01
1001: 1.034e-01
1002: 6.974e-02
1003: 5.068e-01
1004: 1.628e-01
1005: 1.761e-01
1006: 1.002e-01
1007: 2.712e-02
1008: 2.255e-01
1009: 1.114e-01
1010: 7.959e-02
1011: 8.650e-02
1012: 9.019e-02
1013: 5.240e-01
1014: 2.435e-01
1015: 2.440e-01
1016: 1.363e-01
1017: 2.974e-01
1018: 1.065e-01
1019: 3.093e-01
1020: 2.686e-01
1021: 1.216e-01
1022: 7.955e-02
1023: 1.645e-01
1024: 1.753e-01
1025: 8.449e-02
1026: 7.625e-02
1027: 2.928e-01
1028: 5.088e-01
1029: 4.537e-01
1030: 2.537e-01
1031: 1.806e-01
1032: 3.111e-02
1033: 9.859e-02
1034: 2.737e-01
1035: 7.175e-01
1036: 1.659e-01
1037: 5.441e-02
1038: 1.872e-01
1039: 9.251e-02
1040: 1.855e-01
1041: 1.827e-01
1042: 4.845e-01
1043: 3.652e-01
1044: 1.384e-01
1045: 4.648e-02
1046: 8.599e-02
1047: 3.035e-02
1048: 1.975e-02
1049: 5.982e-02
1050: 1.233e-01
1051: 2.564e-01
1052: 4.445e-01
1053: 1.115e-01
1054: 1.244e-01
1055: 1.264e-01
1056: 2.029e-01
1057: 1.649e-02
1058: 5.182e-01
1059: 8.906e-02
1060: 1.146e-01
1061: 1.388e-01
1062: 1.124e-01
1063: 1.228e-01
1064: 1.264e-01
1065: 2.784e-01
1066: 2.651e-01
1067: 4.245e-01
1068: 8.032e-02
1069: 9.113e-02
1070: 1.216e-01
1071: 5.048e-04
1072: 2.679e-01
1073: 1.098e-01
1074: 7.538e-02
1075: 1.882e-01
1076: 8.557e-02
1077: 6.571e-02
1078: 2.241e-01
1079: 1.298e-01
1080: 2.353e-01
1081: 3.552e-01
1082: 2.964e-02
1083: 4.774e-02
1084: 2.542e-02
1085: 2.840e-01
1086: 7.700e-02
1087: 2.400e-01
1088: 1.679e-01
1089: 1.925e-01
1090: 9.036e-02
1091: 1.322e-01
1092: 2.268e-01
1093: 1.273e-02
1094: 1.528e-01
1095: 1.789e-01
1096: 2.030e-01
1097: 1.714e-01
1098: 7.496e-02
1099: 1.344e-01
1100: 2.492e-01
1101: 2.785e-01
1102: 4.772e-03
1103: 4.124e-02
1104: 2.828e-01
1105: 1.158e-01
1106: 2.662e-01
1107: 2.194e-01
1108: 4.853e-02
1109: 7.182e-02
1110: 1.224e-01
1111: 1.628e-01
1112: 6.777e-02
1113: 5.188e-01
1114: 5.708e-02
1115: 1.129e-01
1116: 1.328e-01
1117: 1.165e-01
1118: 6.652e-02
1119: 5.174e-01
1120: 4.363e-01
1121: 1.314e-01
1122: 8.315e-02
1123: 2.351e-01
1124: 1.253e-01
1125: 7.995e-02
1126: 2.710e-01
1127: 8.956e-02
1128: 9.234e-02
1129: 5.044e-01
1130: 3.282e-01
1131: 4.808e-02
1132: 5.553e-01
1133: 1.160e-01
1134: 1.275e-01
1135: 2.180e-02
1136: 1.521e-01
1137: 1.243e-01
1138: 1.926e-01
1139: 1.958e-01
1140: 2.236e-01
1141: 1.294e-01
1142: 3.103e-01
1143: 9.134e-02
1144: 2.037e-01
1145: 3.537e-01
1146: 3.423e-01
1147: 1.677e-01
1148: 2.861e-01
1149: 2.973e-01
1150: 3.351e-02
1151: 3.793e-01
1152: 2.158e-01
1153: 6.663e-02
1154: 6.680e-02
1155: 1.322e-01
1156: 2.595e-01
1157: 2.913e-01
1158: 3.515e-01
1159: 2.248e-01
1160: 7.504e-02
1161: 1.151e-01
1162: 7.432e-02
1163: 3.019e-01
1164: 1.759e-01
1165: 1.348e-01
1166: 4.373e-02
1167: 1.148e+00
1168: 1.695e-01
1169: 2.970e-01
1170: 1.014e-02
1171: 2.366e-01
1172: 1.428e-01
1173: 1.753e-01
1174: 1.827e-01
1175: 2.873e-02
1176: 6.047e-01
1177: 6.940e-01
1178: 1.784e-01
1179: 1.461e-01
1180: 9.238e-02
1181: 1.429e-01
1182: 1.824e-01
1183: 2.027e-01
1184: 2.262e-02
1185: 2.530e-01
1186: 4.795e-02
1187: 1.149e-01
1188: 6.401e-02
1189: 1.926e-02
1190: 2.161e-01
1191: 2.508e-01
1192: 1.258e-01
1193: 2.074e-01
1194: 4.582e-02
1195: 2.242e-02
1196: 1.385e-01
1197: 2.649e-01
1198: 1.029e-01
1199: 1.957e-01
1200: 1.820e-01
1201: 3.967e-02
1202: 6.594e-02
1203: 2.542e-01
1204: 3.424e-01
1205: 6.131e-02
1206: 5.157e-02
1207: 4.321e-01
1208: 1.846e-01
1209: 3.041e-01
1210: 1.109e-01
1211: 1.718e-01
1212: 1.667e-01
1213: 1.493e-01
1214: 1.766e-01
1215: 7.183e-02
1216: 5.213e-02
1217: 4.909e-02
1218: 3.211e-01
1219: 1.932e-01
1220: 4.470e-01
1221: 1.832e-01
1222: 2.267e-02
1223: 4.544e-02
1224: 5.328e-02
1225: 2.624e-01
1226: 1.541e-01
1227: 7.180e-01
1228: 1.269e-01
1229: 3.995e-02
1230: 1.235e-01
1231: 7.849e-02
1232: 6.849e-02
1233: 3.172e-02
1234: 3.819e-01
1235: 4.292e-01
1236: 1.345e-02
1237: 0.000e+00
1238: 3.111e-01
1239: 2.004e-01
1240: 1.077e-01
1241: 9.267e-02
1242: 4.207e-02
1243: 2.217e-01
1244: 8.467e-02
1245: 5.098e-02
1246: 1.002e-01
1247: 1.467e-01
1248: 2.953e-01
1249: 2.685e-02
1250: 7.647e-02
1251: 1.493e-01
1252: 3.402e-01
1253: 3.094e-01
1254: 1.304e-01
1255: 1.606e-01
1256: 2.262e-01
1257: 1.327e-01
1258: 1.921e-01
1259: 3.225e-02
1260: 9.813e-02
1261: 8.887e-01
1262: 9.372e-02
1263: 6.118e-02
1264: 3.444e-01
1265: 1.164e-01
1266: 1.991e-01
1267: 1.015e-01
1268: 1.224e-01
1269: 4.175e-02
1270: 7.762e-02
1271: 2.873e-02
1272: 1.244e-01
1273: 9.258e-01
1274: 3.180e-01
1275: 5.434e-02
1276: 1.178e-01
1277: 2.467e-02
1278: 1.985e-01
1279: 3.114e-01
1280: 1.172e-01
1281: 2.190e-01
1282: 5.062e-01
1283: 8.088e-02
1284: 2.311e-01
1285: 4.208e-02
1286: 1.728e-01
1287: 3.161e-01
1288: 2.123e-01
1289: 8.255e-02
1290: 8.767e-02
1291: 1.203e-01
1292: 0.000e+00
1293: 1.931e-01
1294: 2.318e-02
1295: 1.681e-01
1296: 9.024e-01
1297: 1.631e-01
1298: 2.922e-01
1299: 6.650e-02
1300: 1.732e-02
1301: 5.056e-02
1302: 9.712e-02
1303: 2.626e-01
1304: 7.488e-02
1305: 2.358e-01
1306: 9.060e-02
1307: 3.734e-01
1308: 2.313e-01
1309: 1.581e-01
1310: 2.129e-01
1311: 2.174e-02
1312: 1.994e-01
1313: 1.239e-01
1314: 4.293e-01
1315: 2.494e-01
1316: 2.096e-01
1317: 2.579e-01
1318: 2.070e-01
1319: 6.114e-02
1320: 1.339e-01
1321: 1.990e-02
1322: 2.086e-01
1323: 6.500e-01
1324: 9.702e-02
1325: 6.040e-02
1326: 5.692e-02
1327: 3.567e-01
1328: 7.777e-02
1329: 1.527e-01
1330: 9.351e-02
1331: 1.624e-01
1332: 1.690e-01
1333: 8.901e-02
1334: 8.986e-02
1335: 7.465e-01
1336: 1.318e-01
1337: 3.539e-01
1338: 4.550e-01
1339: 2.777e-01
1340: 1.888e-01
1341: 3.342e-01
1342: 5.862e-02
1343: 3.781e-01
1344: 1.464e-01
1345: 8.095e-02
1346: 5.942e-01
1347: 4.706e-02
1348: 1.348e-01
1349: 2.212e-01
1350: 3.848e-01
1351: 9.040e-02
1352: 8.371e-02
1353: 4.463e-02
1354: 1.067e-01
1355: 1.591e-01
1356: 6.810e-02
1357: 2.279e-02
1358: 2.133e-02
1359: 1.599e-01
1360: 1.758e-01
1361: 2.569e-01
1362: 1.204e-01
1363: 2.329e-01
1364: 2.451e-01
1365: 1.237e-01
1366: 1.974e-01
1367: 2.795e-01
1368: 2.110e-01
1369: 2.519e-01
1370: 2.152e-02
1371: 5.514e-02
1372: 1.831e-01
1373: 1.735e-01
1374: 3.748e-02
1375: 1.219e-02
1376: 6.729e-02
1377: 1.312e-01
1378: 8.381e-02
1379: 1.872e-01
1380: 2.356e-01
1381: 1.153e-01
1382: 2.909e-02
1383: 7.842e-02
1384: 4.206e-02
1385: 8.785e-02
1386: 5.994e-01
1387: 2.786e-01
1388: 3.626e-01
1389: 3.613e-01
1390: 1.067e-01
1391: 4.285e-02
1392: 2.230e-02
1393: 8.004e-02
1394: 5.138e-01
1395: 1.031e-01
1396: 1.979e-01
1397: 1.196e-01
1398: 9.499e-02
1399: 1.343e-01
1400: 6.019e-02
1401: 4.093e-01
1402: 1.401e-01
1403: 9.032e-02
1404: 4.309e-01
1405: 1.488e-01
1406: 2.099e-01
1407: 1.870e-01
1408: 2.885e-01
1409: 1.107e-01
1410: 2.617e-01
1411: 1.006e-01
1412: 3.729e-02
1413: 1.326e-01
1414: 1.693e-01
1415: 9.306e-02
1416: 1.513e-01
1417: 1.853e-01
1418: 0.000e+00
1419: 1.821e-01
1420: 1.008e+00
1421: 1.133e-01
1422: 7.667e-02
1423: 2.076e-01
1424: 3.029e-02
1425: 8.721e-02
1426: 8.711e-02
1427: 4.106e-01
1428: 1.128e-01
1429: 9.164e-02
1430: 3.210e-02
1431: 1.438e-01
1432: 5.481e-02
1433: 6.664e-02
1434: 1.664e-02
1435: 6.401e-01
1436: 2.447e-01
1437: 2.836e-01
1438: 1.609e-01
1439: 7.389e-02
1440: 3.317e-01
1441: 1.992e-01
1442: 1.018e-01
1443: 1.177e-01
1444: 1.659e-01
1445: 1.309e-01
1446: 1.567e-01
1447: 4.017e-01
1448: 1.706e-01
1449: 3.054e-01
1450: 1.124e-01
1451: 5.701e-02
1452: 1.244e-01
1453: 5.819e-02
1454: 1.198e-01
1455: 3.173e-01
1456: 1.782e-01
1457: 8.683e-02
1458: 1.404e-01
1459: 1.068e-01
1460: 4.949e-02
1461: 4.908e-02
1462: 7.411e-02
1463: 3.710e-01
1464: 2.427e-01
1465: 3.314e-02
1466: 9.918e-02
1467: 5.512e-01
1468: 2.001e-01
1469: 6.662e-02
1470: 2.919e-01
1471: 2.906e-01
1472: 1.441e-01
1473: 6.358e-01
1474: 2.499e-01
1475: 5.652e-02
1476: 2.110e-01
1477: 1.315e-01
1478: 1.629e-01
1479: 1.568e-01
1480: 1.728e-01
1481: 7.551e-02
1482: 6.396e-02
1483: 3.175e-01
1484: 2.045e-01
1485: 2.626e-01
1486: 3.671e-01
1487: 2.065e-01
1488: 7.859e-02
1489: 2.699e-02
1490: 4.993e-02
1491: 4.505e-01
1492: 6.517e-02
1493: 1.237e-01
1494: 2.217e-01
1495: 1.910e-01
1496: 8.585e-02
1497: 2.072e-01
1498: 6.259e-02
1499: 6.997e-02
1500: 1.308e-01
1501: 5.833e-02
1502: 1.275e-01
1503: 2.675e-01
1504: 4.665e-04
1505: 1.965e-01
1506: 3.079e-02
1507: 1.565e-01
1508: 1.912e-01
1509: 1.412e-01
1510: 1.508e-01
1511: 3.427e-01
1512: 8.781e-02
1513: 5.798e-01
1514: 1.429e-01
1515: 8.328e-02
1516: 2.096e-01
1517: 2.696e-02
1518: 1.031e-01
1519: 3.831e-01
1520: 6.849e-02
1521: 1.563e-01
1522: 3.179e-02
1523: 1.965e-01
1524: 2.375e-01
1525: 3.419e-01
1526: 7.396e-02
1527: 2.545e-01
1528: 1.551e-01
1529: 8.589e-02
1530: 3.202e-02
1531: 3.233e-01
1532: 3.872e-01
1533: 2.381e-01
1534: 1.951e-01
1535: 1.371e-02
1536: 8.785e-02
1537: 1.524e-01
1538: 2.503e-01
1539: 2.645e-01
1540: 4.761e-01
1541: 1.966e-01
1542: 2.008e-01
1543: 8.452e-02
1544: 9.710e-02
1545: 1.118e-01
1546: 1.232e-01
1547: 7.570e-02
1548: 5.068e-01
1549: 1.974e-01
1550: 2.890e-01
1551: 6.539e-02
1552: 1.025e-01
1553: 1.867e-01
1554: 1.164e-01
1555: 3.610e-01
1556: 4.082e-01
1557: 2.054e-02
1558: 7.702e-02
1559: 3.236e-01
1560: 1.470e-01
1561: 3.553e-01
1562: 1.978e-01
1563: 1.267e-01
1564: 2.417e-01
1565: 3.265e-01
1566: 1.609e-01
1567: 9.102e-02
1568: 1.193e+00
1569: 1.824e-01
1570: 2.600e-01
1571: 2.661e-01
1572: 2.621e-01
1573: 9.874e-02
1574: 1.241e-01
1575: 9.262e-02
1576: 7.216e-02
1577: 1.722e-01
1578: 4.545e-02
1579: 2.401e-01
1580: 2.009e-01
1581: 1.128e-01
1582: 1.726e-01
1583: 4.819e-01
1584: 1.876e-01
1585: 1.488e-01
1586: 3.744e-01
1587: 9.329e-02
1588: 5.194e-02
1589: 1.055e-02
1590: 1.911e-01
1591: 1.866e-01
1592: 2.332e-01
1593: 3.417e-01
1594: 1.893e-01
1595: 1.559e-01
1596: 4.010e-01
1597: 2.773e-01
1598: 6.295e-01
1599: 5.293e-01
1600: 4.682e-01
1601: 2.950e-02
1602: 2.434e-01
1603: 8.061e-02
1604: 2.162e-01
1605: 9.176e-02
1606: 4.599e-02
1607: 3.016e-01
1608: 5.072e-01
1609: 1.255e-01
1610: 6.266e-02
1611: 1.193e-01
1612: 1.236e-01
1613: 7.169e-02
1614: 2.552e-01
1615: 5.182e-01
1616: 1.236e-01
1617: 1.612e-01
1618: 8.169e-02
1619: 2.047e-01
1620: 4.932e-02
1621: 8.193e-04
1622: 2.528e-01
1623: 2.755e-01
1624: 3.420e-01
1625: 2.825e-01
1626: 1.716e-01
1627: 3.879e-01
1628: 1.657e-01
1629: 7.262e-02
1630: 7.501e-03
1631: 8.970e-02
1632: 3.762e-01
1633: 8.541e-02
1634: 6.707e-02
1635: 1.023e-01
1636: 5.009e-02
1637: 1.852e-01
1638: 9.031e-02
1639: 7.330e-02
1640: 1.777e-01
1641: 1.012e-01
1642: 1.014e-01
1643: 2.767e-01
1644: 7.149e-01
1645: 1.770e-01
1646: 4.236e-02
1647: 3.024e-01
1648: 5.029e-01
1649: 6.874e-02
1650: 9.239e-02
1651: 7.785e-02
1652: 8.479e-02
1653: 1.260e-01
1654: 2.124e-01
1655: 1.241e-01
1656: 1.567e-01
1657: 2.733e-01
1658: 7.866e-02
1659: 2.514e-01
1660: 7.807e-02
1661: 2.284e-01
1662: 3.087e-01
1663: 7.238e-02
1664: 7.740e-02
1665: 8.864e-01
1666: 2.097e-01
1667: 8.265e-02
1668: 1.282e-01
1669: 1.421e-01
1670: 6.438e-02
1671: 2.707e-01
1672: 1.825e-01
1673: 9.914e-02
1674: 1.206e-02
1675: 6.331e-02
1676: 2.119e-01
1677: 2.051e-01
1678: 3.038e-01
1679: 1.907e-01
1680: 6.784e-01
1681: 2.199e-01
1682: 5.444e-01
1683: 1.049e-01
1684: 3.819e-02
1685: 3.709e-03
1686: 9.971e-02
1687: 9.636e-02
1688: 1.226e-01
1689: 4.453e-01
1690: 4.815e-02
1691: 1.153e-01
1692: 2.408e-01
1693: 3.472e-03
1694: 1.320e-01
1695: 4.480e-01
1696: 3.070e-01
1697: 1.614e-01
1698: 1.904e-01
1699: 9.163e-02
1700: 3.561e-01
1701: 3.590e-01
1702: 2.797e-01
1703: 1.435e-01
1704: 2.221e-01
1705: 1.955e-01
1706: 5.578e-02
1707: 7.551e-02
1708: 1.675e-01
1709: 2.686e-01
1710: 7.659e-02
1711: 2.060e-01
1712: 3.654e-01
1713: 7.931e-02
1714: 2.692e-01
1715: 4.400e-02
1716: 6.805e-04
1717: 1.130e-01
1718: 1.625e-01
1719: 1.584e-01
1720: 7.033e-02
1721: 4.699e-02
1722: 9.779e-01
1723: 8.259e-02
1724: 6.267e-02
1725: 4.078e-01
1726: 2.436e-01
1727: 1.585e-01
1728: 4.382e-01
1729: 4.132e-01
1730: 2.033e-01
1731: 1.704e-01
1732: 3.443e-01
1733: 1.006e-01
1734: 4.744e-02
1735: 9.039e-02
1736: 1.613e-02
1737: 6.649e-01
1738: 1.238e-01
1739: 4.961e-02
1740: 2.892e-02
1741: 1.041e-02
1742: 4.549e-02
1743: 2.751e-01
1744: 1.606e-01
1745: 4.733e-01
1746: 2.815e-01
1747: 4.391e-02
1748: 2.537e-01
1749: 1.279e-01
1750: 1.623e-01
1751: 4.933e-02
1752: 0.000e+00
1753: 5.739e-02
1754: 1.114e-01
1755: 1.344e-01
1756: 1.089e-01
1757: 2.635e-01
1758: 2.722e-01
1759: 2.428e-01
1760: 4.900e-02
1761: 1.565e-01
1762: 9.661e-02
1763: 1.224e-01
1764: 1.351e-01
1765: 1.226e-01
1766: 2.047e-01
1767: 1.437e-01
1768: 2.327e-01
1769: 2.074e-01
1770: 3.894e-02
1771: 5.036e-02
1772: 1.429e-01
1773: 5.565e-02
1774: 6.008e-02
1775: 2.617e-02
1776: 5.675e-01
1777: 4.314e-02
1778: 1.244e-01
1779: 4.801e-02
1780: 6.625e-01
1781: 0.000e+00
1782: 8.744e-02
1783: 0.000e+00
1784: 1.551e-01
1785: 5.117e-02
1786: 2.382e-01
1787: 3.657e-02
1788: 1.196e-01
1789: 4.978e-02
1790: 7.829e-02
1791: 1.200e-01
1792: 2.630e-01
1793: 3.153e-02
1794: 1.002e-01
1795: 2.192e-01
1796: 4.434e-01
1797: 6.022e-02
1798: 8.747e-02
1799: 2.357e-01
1800: 1.356e-01
1801: 2.657e-01
1802: 1.133e-01
1803: 1.242e-01
1804: 2.101e-01
1805: 2.368e-01
1806: 1.575e-01
1807: 2.641e-01
1808: 6.321e-02
1809: 1.271e-01
1810: 2.149e-01
1811: 1.207e-02
1812: 8.048e-03
1813: 2.290e-01
1814: 4.555e-02
1815: 1.156e-01
1816: 1.049e-01
1817: 3.619e-02
1818: 1.340e-01
1819: 3.341e-02
1820: 8.031e-02
1821: 2.988e-01
1822: 5.699e-01
1823: 1.418e-01
1824: 1.118e-01
1825: 5.637e-02
1826: 2.612e-01
1827: 1.373e-01
1828: 5.171e-01
1829: 1.339e-01
1830: 6.899e-02
1831: 7.632e-02
1832: 1.424e-01
1833: 1.018e-01
1834: 2.265e-01
1835: 1.583e-01
1836: 5.748e-02
1837: 1.353e-01
1838: 3.392e-01
1839: 6.817e-02
1840: 8.034e-02
1841: 4.557e-01
1842: 1.248e-01
1843: 1.258e-01
1844: 2.927e-02
1845: 1.977e-01
1846: 2.084e-01
1847: 1.165e-01
1848: 6.416e-02
1849: 2.909e-01
1850: 1.168e-01
1851: 7.118e-02
1852: 2.406e-01
1853: 1.095e-01
1854: 1.133e-01
1855: 1.792e-01
1856: 5.254e-02
1857: 2.299e-01
1858: 4.806e-01
1859: 5.116e-01
1860: 9.771e-02
1861: 1.978e-01
1862: 2.926e-01
1863: 2.139e-01
1864: 2.265e-01
1865: 1.795e-01
1866: 6.768e-02
1867: 2.279e-01
1868: 7.400e-02
1869: 2.960e-01
1870: 1.151e-01
1871: 8.762e-02
1872: 9.218e-01
1873: 8.525e-02
1874: 4.072e-02
1875: 1.100e-01
1876: 4.938e-02
1877: 6.214e-02
1878: 9.644e-02
1879: 1.579e-01
1880: 5.940e-02
1881: 6.929e-02
1882: 2.061e-01
1883: 6.869e-02
1884: 2.096e-01
1885: 3.367e-02
1886: 4.828e-01
1887: 5.648e-02
1888: 1.657e-01
1889: 2.835e-02
1890: 6.683e-02
1891: 7.847e-02
1892: 1.479e-01
1893: 3.780e-01
1894: 2.095e-01
1895: 4.108e-02
1896: 9.098e-02
1897: 7.793e-02
1898: 1.049e-01
1899: 4.670e-02
1900: 6.271e-01
1901: 1.514e-01
1902: 2.652e-01
1903: 5.019e-02
1904: 1.250e-01
1905: 2.570e-01
1906: 2.690e-01
1907: 2.042e-01
1908: 1.005e-01
1909: 3.202e-01
1910: 1.757e-01
1911: 1.466e-01
1912: 8.629e-02
1913: 6.798e-02
1914: 5.937e-01
1915: 1.491e-01
1916: 1.819e-02
1917: 9.681e-01
1918: 7.581e-02
1919: 9.197e-02
1920: 1.316e-02
1921: 1.100e-01
1922: 1.141e-01
1923: 1.521e-02
1924: 7.123e-02
1925: 1.148e-01
1926: 1.895e-01
1927: 2.993e-01
1928: 1.689e-01
1929: 2.043e-01
1930: 1.916e-01
1931: 1.521e-01
1932: 1.217e-01
1933: 2.222e-01
1934: 1.313e-01
1935: 6.781e-02
1936: 1.830e-01
1937: 1.536e-01
1938: 2.549e-01
1939: 9.697e-02
1940: 1.220e-01
1941: 7.249e-02
1942: 2.511e-01
1943: 8.524e-02
1944: 8.529e-03
1945: 5.656e-02
1946: 1.182e-01
1947: 2.130e-01
1948: 1.150e-01
1949: 2.907e-01
1950: 1.356e-01
1951: 1.804e-01
1952: 2.119e-01
1953: 5.139e-01
1954: 8.809e-02
1955: 1.362e-01
1956: 5.361e-02
1957: 1.217e-01
1958: 3.157e-01
1959: 9.050e-02
1960: 2.388e-01
1961: 1.133e-01
1962: 1.753e-01
1963: 1.200e-01
1964: 5.337e-02
1965: 4.184e-02
1966: 3.417e-01
1967: 1.999e-01
1968: 1.035e-01
1969: 4.314e-01
1970: 8.966e-02
1971: 2.092e-01
1972: 1.927e-01
1973: 1.319e-01
1974: 1.277e-01
1975: 2.493e-02
1976: 2.503e-01
1977: 6.970e-02
1978: 3.773e-01
1979: 3.802e-01
1980: 2.564e-01
1981: 1.923e-01
1982: 0.000e+00
1983: 9.399e-02
1984: 2.066e-01
1985: 3.550e-02
1986: 1.935e-01
1987: 3.600e-01
1988: 9.219e-02
1989: 1.036e-01
1990: 4.452e-01
1991: 4.177e-02
1992: 2.899e-03
1993: 4.489e-01
1994: 1.757e-01
1995: 2.169e-02
1996: 4.828e-02
1997: 1.367e-01
1998: 1.049e-01
1999: 3.913e-01
2000: 4.111e-01
