1: 7.754e-02
2: 9.982e-02
3: 4.332e-01
4: 1.204e-03
5: 1.708e-01
6: 1.603e-01
7: 2.573e-02
8: 0.000e+00
9: 5.380e-01
10: 1.710e-01
11: 1.631e-02
12: 1.538e-01
13: 2.971e-01
14: 9.903e-01
15: 5.839e-03
16: 2.372e-02
17: 7.905e-03
18: 3.335e-01
19: 1.867e-01
20: 2.243e-01
21: 2.479e-01
22: 3.096e-01
23: 3.557e-01
24: 1.632e-01
25: 2.287e-01
26: 4.559e-02
27: 0.000e+00
28: 3.057e-02
29: 8.412e-02
30: 5.065e-04
31: 0.000e+00
32: 8.823e-01
33: 1.537e-01
34: 8.076e-02
35: 1.790e-01
36: 0.000e+00
37: 1.307e-01
38: 1.486e-01
39: 2.482e-01
40: 2.048e-01
41: 1.112e-01
42: 6.626e-02
43: 1.680e-01
44: 4.050e-03
45: 4.503e-03
46: 3.894e-01
47: 1.132e-01
48: 0.000e+00
49: 2.075e-02
50: 5.407e-02
51: 2.294e-01
52: 1.321e-01
53: 7.378e-03
54: 1.401e-01
55: 3.906e-02
56: 1.580e-01
57: 1.915e-01
58: 2.513e-01
59: 0.000e+00
60: 8.195e-02
61: 1.742e-01
62: 1.567e-01
63: 2.012e-01
64: 2.718e-01
65: 0.000e+00
66: 9.532e-02
67: 0.000e+00
68: 1.829e-02
69: 5.877e-02
70: 0.000e+00
71: 1.594e-02
72: 1.570e-01
73: 2.329e-01
74: 2.083e-01
75: 3.684e-01
76: 1.948e-01
77: 5.100e-01
78: 1.995e-01
79: 2.348e-01
80: 2.456e-01
81: 1.176e-01
82: 3.397e-01
83: 2.118e-01
84: 2.979e-01
85: 2.850e-01
86: 4.455e-01
87: 6.429e-01
88: 5.541e-02
89: 5.896e-01
90: 4.528e-01
91: 2.458e-01
92: 2.425e-01
93: 2.901e-01
94: 2.655e-01
95: 5.487e-01
96: 3.555e-01
97: 4.572e-01
98: 2.468e-01
99: 1.779e-01
100: 3.873e-01
101: 5.385e-01
102: 2.464e-02
103: 5.118e-01
104: 3.321e-01
105: 3.377e-01
106: 3.842e-01
107: 5.540e-01
108: 3.212e-01
109: 5.800e-01
110: 6.074e-01
111: 1.957e-01
112: 2.745e-01
113: 2.345e-01
114: 2.004e-01
115: 5.706e-01
116: 4.150e-01
117: 4.665e-01
118: 3.431e-01
119: 3.717e-01
120: 5.648e-01
121: 4.400e-01
122: 1.271e-01
123: 4.945e-01
124: 2.290e-01
125: 2.379e-01
126: 2.888e-01
127: 1.059e-02
128: 0.000e+00
129: 3.862e-01
130: 6.392e-01
131: 5.710e-01
132: 3.633e-01
133: 3.676e-01
134: 3.836e-01
135: 7.342e-02
136: 3.086e-01
137: 3.131e-01
138: 5.029e-01
139: 3.291e-01
140: 3.939e-01
141: 2.701e-01
142: 4.757e-01
143: 3.951e-01
144: 3.877e-01
145: 2.746e-01
146: 1.871e-01
147: 3.412e-01
148: 5.259e-01
149: 4.733e-01
150: 4.809e-01
151: 6.865e-01
152: 4.366e-01
153: 3.110e-01
154: 4.736e-01
155: 2.162e-01
156: 3.139e-01
157: 2.610e-01
158: 3.452e-01
159: 2.168e-01
160: 4.323e-01
161: 2.551e-01
162: 3.376e-01
163: 3.132e-01
164: 4.698e-01
165: 2.672e-01
166: 2.559e-01
167: 4.133e-01
168: 2.867e-01
169: 1.765e-01
170: 4.821e-01
171: 4.023e-01
172: 4.714e-01
173: 3.276e-01
174: 2.656e-01
175: 3.992e-01
176: 3.646e-01
177: 2.516e-01
178: 2.680e-01
179: 2.445e-01
180: 3.276e-01
181: 1.999e-01
182: 3.635e-01
183: 2.326e-01
184: 6.101e-01
185: 2.319e-01
186: 2.436e-01
187: 5.932e-02
188: 4.214e-01
189: 3.273e-01
190: 3.567e-01
191: 2.305e-01
192: 2.665e-01
193: 3.512e-01
194: 2.455e-01
195: 2.054e-01
196: 5.588e-01
197: 2.006e-01
198: 3.819e-01
199: 4.281e-01
200: 4.007e-01
201: 2.410e-01
202: 1.815e-01
203: 3.077e-01
204: 3.118e-01
205: 2.611e-01
206: 3.556e-01
207: 3.945e-01
208: 3.524e-01
209: 2.845e-01
210: 2.639e-01
211: 3.204e-01
212: 2.500e-01
213: 3.733e-01
214: 1.791e-01
215: 2.900e-01
216: 4.280e-01
217: 2.710e-01
218: 3.386e-01
219: 1.625e-01
220: 2.746e-01
221: 3.185e-01
222: 4.913e-01
223: 3.800e-01
224: 3.211e-01
225: 4.046e-01
226: 5.234e-01
227: 3.753e-01
228: 4.094e-01
229: 2.272e-01
230: 4.909e-01
231: 2.576e-01
232: 2.156e-01
233: 3.330e-01
234: 3.968e-01
235: 3.851e-01
236: 7.720e-03
237: 2.092e-01
238: 3.642e-01
239: 4.079e-01
240: 3.801e-01
241: 5.206e-01
242: 2.530e-01
243: 1.536e-01
244: 2.899e-01
245: 2.711e-01
246: 1.802e-01
247: 3.611e-01
248: 3.397e-01
249: 4.975e-01
250: 3.887e-01
251: 5.165e-02
252: 2.888e-01
253: 2.906e-01
254: 1.913e-01
255: 1.462e-01
256: 3.502e-01
257: 5.831e-01
258: 3.976e-01
259: 2.344e-01
260: 2.096e-01
261: 5.478e-02
262: 1.106e-01
263: 3.223e-01
264: 3.302e-01
265: 2.229e-01
266: 3.812e-01
267: 3.859e-01
268: 4.253e-01
269: 2.358e-01
270: 2.177e-01
271: 1.670e-01
272: 2.095e-01
273: 2.379e-01
274: 2.653e-01
275: 2.470e-01
276: 3.319e-01
277: 6.478e-01
278: 4.125e-01
279: 3.675e-01
280: 1.864e-01
281: 5.443e-01
282: 5.094e-01
283: 1.774e-01
284: 2.446e-01
285: 3.705e-01
286: 2.913e-01
287: 3.545e-01
288: 2.690e-01
289: 3.521e-01
290: 3.187e-01
291: 5.748e-01
292: 5.665e-01
293: 4.472e-01
294: 2.094e-01
295: 2.663e-01
296: 3.167e-01
297: 4.297e-01
298: 2.266e-01
299: 2.772e-01
300: 2.331e-01
301: 4.849e-01
302: 4.560e-01
303: 4.625e-01
304: 1.766e-01
305: 4.903e-01
306: 3.027e-01
307: 3.682e-01
308: 3.319e-01
309: 4.368e-01
310: 3.243e-01
311: 2.967e-01
312: 2.243e-01
313: 4.627e-01
314: 5.009e-01
315: 4.712e-01
316: 3.912e-01
317: 4.944e-01
318: 5.370e-01
319: 4.623e-01
320: 3.242e-01
321: 3.567e-01
322: 7.663e-02
323: 3.264e-01
324: 2.444e-01
325: 2.274e-01
326: 1.452e-01
327: 1.096e-01
328: 2.443e-01
329: 1.387e-01
330: 2.306e-01
331: 1.575e-01
332: 1.641e-01
333: 2.940e-01
334: 7.853e-02
335: 2.879e-01
336: 1.782e-01
337: 2.642e-01
338: 2.825e-01
339: 5.144e-01
340: 3.134e-01
341: 3.438e-01
342: 6.103e-01
343: 3.232e-01
344: 4.819e-01
345: 3.518e-01
346: 1.623e-01
347: 1.571e-01
348: 1.021e-01
349: 3.494e-01
350: 2.649e-01
351: 2.507e-01
352: 5.493e-01
353: 3.838e-01
354: 3.801e-01
355: 6.871e-01
356: 5.403e-01
357: 2.870e-01
358: 4.135e-01
359: 4.410e-01
360: 1.977e-01
361: 2.854e-01
362: 2.310e-01
363: 3.720e-01
364: 4.511e-01
365: 3.675e-01
366: 1.748e-01
367: 4.554e-01
368: 2.455e-01
369: 3.278e-01
370: 4.510e-01
371: 3.634e-01
372: 3.819e-01
373: 3.799e-01
374: 2.473e-01
375: 2.386e-01
376: 3.287e-01
377: 6.281e-02
378: 3.226e-01
379: 3.007e-01
380: 3.057e-01
381: 4.486e-01
382: 2.030e-01
383: 2.612e-01
384: 9.740e-02
385: 3.807e-01
386: 3.142e-01
387: 3.857e-01
388: 2.193e-01
389: 3.261e-01
390: 2.870e-01
391: 2.634e-01
392: 2.935e-01
393: 4.149e-01
394: 3.649e-01
395: 2.624e-01
396: 3.978e-01
397: 8.266e-02
398: 4.952e-01
399: 2.536e-01
400: 2.922e-01
401: 3.154e-01
402: 2.512e-01
403: 4.371e-01
404: 4.041e-01
405: 4.860e-01
406: 4.278e-01
407: 4.051e-01
408: 3.939e-01
409: 2.008e-01
410: 2.156e-01
411: 2.664e-01
412: 1.556e-01
413: 2.088e-01
414: 2.865e-01
415: 3.072e-01
416: 7.504e-02
417: 2.390e-01
418: 1.391e-01
419: 4.169e-01
420: 4.373e-01
421: 1.409e-01
422: 3.508e-01
423: 2.400e-01
424: 2.936e-01
425: 1.599e-01
426: 7.647e-02
427: 2.034e-01
428: 3.942e-01
429: 3.187e-01
430: 2.434e-01
431: 2.602e-01
432: 1.742e-01
433: 1.708e-01
434: 1.033e-01
435: 5.156e-02
436: 2.540e-01
437: 2.460e-01
438: 1.508e-01
439: 1.516e-01
440: 2.751e-01
441: 2.409e-01
442: 1.297e-01
443: 1.422e-01
444: 1.375e-01
445: 4.145e-01
446: 8.366e-02
447: 1.392e-01
448: 1.788e-01
449: 1.534e-01
450: 3.567e-01
451: 3.072e-01
452: 3.295e-01
453: 2.183e-01
454: 1.062e-01
455: 1.393e-01
456: 2.131e-01
457: 3.857e-01
458: 5.005e-01
459: 3.051e-01
460: 1.018e+00
461: 1.228e-01
462: 1.898e-01
463: 1.007e-01
464: 1.448e-01
465: 1.364e-01
466: 1.634e-01
467: 2.631e-01
468: 9.641e-02
469: 1.423e-01
470: 2.653e-01
471: 4.168e-01
472: 4.928e-01
473: 1.645e-01
474: 1.285e-01
475: 2.319e-01
476: 4.141e-01
477: 9.450e-02
478: 5.541e-01
479: 5.884e-01
480: 4.097e-01
481: 1.823e-01
482: 1.563e-01
483: 1.112e-01
484: 3.464e-01
485: 1.617e-01
486: 1.728e-01
487: 5.337e-02
488: 1.726e-01
489: 1.311e-01
490: 2.560e-02
491: 2.981e-02
492: 6.328e-02
493: 1.908e-01
494: 6.077e-02
495: 1.087e-01
496: 1.200e-01
497: 2.490e-01
498: 1.386e-01
499: 1.579e-01
500: 2.815e-03
501: 2.223e-01
502: 1.961e-01
503: 2.641e-02
504: 8.997e-02
505: 4.064e-03
506: 1.375e-01
507: 1.069e-01
508: 1.262e-01
509: 1.539e-01
510: 1.492e-01
511: 1.635e-01
512: 9.415e-02
513: 6.380e-02
514: 2.043e-01
515: 1.289e-01
516: 7.458e-02
517: 2.268e-02
518: 3.193e-02
519: 1.732e-01
520: 9.970e-02
521: 6.318e-02
522: 5.306e-02
523: 6.932e-02
524: 1.952e-01
525: 3.750e-01
526: 5.062e-01
527: 1.283e-01
528: 7.588e-03
529: 2.582e-02
530: 6.810e-02
531: 1.377e-01
532: 4.464e-01
533: 8.723e-02
534: 1.829e-01
535: 3.254e-02
536: 5.980e-02
537: 1.403e-01
538: 1.440e-01
539: 1.056e-02
540: 4.135e-02
541: 1.844e-01
542: 9.876e-02
543: 1.148e-01
544: 5.891e-02
545: 7.540e-02
546: 9.259e-02
547: 9.343e-02
548: 3.799e-01
549: 1.868e-01
550: 2.161e-01
551: 1.758e-01
552: 6.931e-02
553: 1.213e-01
554: 9.279e-02
555: 1.193e-01
556: 2.354e-02
557: 5.648e-02
558: 6.786e-02
559: 2.718e-02
560: 5.734e-02
561: 1.346e-01
562: 1.114e-01
563: 5.245e-02
564: 1.012e-01
565: 1.232e-01
566: 1.200e-01
567: 5.341e-02
568: 2.382e-01
569: 7.428e-02
570: 1.371e-01
571: 1.321e-01
572: 5.953e-02
573: 2.376e-01
574: 3.837e-01
575: 3.239e-01
576: 4.586e-02
577: 1.287e-01
578: 5.347e-01
579: 2.333e-01
580: 1.183e-01
581: 1.429e-01
582: 1.388e-01
583: 9.591e-02
584: 1.596e-01
585: 6.687e-02
586: 1.722e-01
587: 2.940e-01
588: 1.118e-01
589: 7.330e-02
590: 1.092e-02
591: 1.149e-01
592: 2.570e-02
593: 1.232e-01
594: 8.635e-02
595: 1.145e-01
596: 2.598e-01
597: 5.907e-01
598: 7.003e-02
599: 9.298e-02
600: 4.843e-03
601: 6.880e-02
602: 1.953e-01
603: 6.390e-02
604: 2.459e-01
605: 1.104e-01
606: 1.734e-02
607: 5.238e-02
608: 2.029e-01
609: 1.482e-01
610: 2.388e-01
611: 1.412e-01
612: 1.975e-01
613: 1.104e-01
614: 1.972e-01
615: 3.669e-02
616: 2.409e-01
617: 4.552e-01
618: 1.432e-01
619: 5.268e-02
620: 1.500e-01
621: 2.221e-01
622: 5.162e-02
623: 6.096e-02
624: 1.530e-01
625: 1.041e-01
626: 9.422e-02
627: 8.621e-02
628: 1.225e-01
629: 2.707e-01
630: 9.189e-02
631: 3.704e-02
632: 7.620e-02
633: 7.015e-02
634: 5.577e-02
635: 2.749e-02
636: 1.051e-01
637: 1.848e-01
638: 2.543e-01
639: 3.480e-01
640: 1.107e+00
641: 2.022e-01
642: 2.468e-01
643: 8.932e-02
644: 6.345e-02
645: 1.684e-02
646: 2.282e-01
647: 5.957e-01
648: 1.256e-01
649: 9.207e-02
650: 1.711e-01
651: 1.243e-02
652: 6.898e-02
653: 1.605e-01
654: 3.050e-02
655: 5.002e-02
656: 1.236e-01
657: 2.048e-01
658: 4.941e-01
659: 2.041e-01
660: 1.954e-01
661: 2.937e-01
662: 1.886e-01
663: 3.203e-02
664: 8.236e-02
665: 1.050e-01
666: 3.685e-02
667: 8.178e-02
668: 6.421e-02
669: 1.244e-01
670: 3.841e-02
671: 1.339e-01
672: 3.336e-02
673: 7.513e-02
674: 2.227e-01
675: 2.436e-01
676: 1.571e-01
677: 8.431e-02
678: 1.506e-01
679: 3.688e-01
680: 9.257e-02
681: 1.325e-02
682: 8.862e-02
683: 1.392e-01
684: 7.224e-02
685: 2.017e-01
686: 1.630e-01
687: 2.106e-01
688: 2.441e-01
689: 7.623e-02
690: 2.214e-01
691: 5.111e-02
692: 1.644e-01
693: 2.967e-01
694: 1.223e-01
695: 8.030e-02
696: 3.056e-01
697: 9.219e-02
698: 1.115e-01
699: 1.772e-01
700: 6.588e-02
701: 4.943e-02
702: 7.637e-02
703: 1.371e-02
704: 6.014e-02
705: 1.818e-01
706: 7.244e-02
707: 7.812e-02
708: 8.524e-02
709: 8.775e-02
710: 1.114e-01
711: 1.132e-01
712: 1.781e-01
713: 0.000e+00
714: 3.259e-01
715: 4.611e-02
716: 1.464e-01
717: 1.049e-01
718: 2.331e-01
719: 7.557e-02
720: 1.455e-01
721: 1.177e-01
722: 1.166e-01
723: 3.444e-02
724: 1.584e-01
725: 7.446e-02
726: 2.440e-01
727: 1.154e-01
728: 4.066e-02
729: 3.776e-02
730: 4.256e-02
731: 1.091e-01
732: 1.933e-01
733: 1.680e-01
734: 7.112e-02
735: 2.198e-01
736: 1.569e-01
737: 5.858e-02
738: 1.305e-01
739: 1.449e-01
740: 1.284e-01
741: 1.692e-01
742: 9.460e-02
743: 7.122e-02
744: 4.724e-02
745: 1.577e-01
746: 6.771e-02
747: 4.046e-02
748: 1.680e-01
749: 5.932e-01
750: 1.020e-01
751: 8.779e-02
752: 5.554e-02
753: 7.038e-02
754: 8.870e-02
755: 4.974e-02
756: 1.100e-01
757: 9.371e-02
758: 4.717e-02
759: 2.658e-03
760: 6.247e-02
761: 1.468e-01
762: 0.000e+00
763: 1.990e-01
764: 0.000e+00
765: 4.461e-02
766: 2.052e-01
767: 7.049e-02
768: 1.934e-02
769: 7.710e-02
770: 5.047e-02
771: 4.527e-02
772: 9.039e-02
773: 6.472e-02
774: 1.555e-01
775: 3.461e-01
776: 1.059e-01
777: 5.983e-02
778: 6.320e-02
779: 1.194e-01
780: 1.139e-01
781: 1.158e-01
782: 4.039e-01
783: 3.563e-01
784: 5.173e-02
785: 7.878e-02
786: 9.075e-03
787: 4.276e-02
788: 4.866e-01
789: 1.424e-01
790: 2.007e-02
791: 2.408e-01
792: 6.852e-02
793: 2.221e-01
794: 2.557e-01
795: 1.071e-01
796: 1.072e-01
797: 5.408e-02
798: 1.264e-02
799: 2.227e-01
800: 2.515e-01
801: 9.987e-02
802: 5.151e-02
803: 2.546e-02
804: 3.902e-02
805: 7.615e-02
806: 3.373e-04
807: 2.749e-02
808: 3.770e-02
809: 3.694e-02
810: 5.581e-02
811: 1.753e-01
812: 9.030e-02
813: 1.756e-02
814: 7.048e-02
815: 1.026e-02
816: 5.974e-02
817: 1.161e-01
818: 3.435e-02
819: 1.550e-02
820: 8.042e-02
821: 6.970e-02
822: 8.643e-02
823: 1.198e-01
824: 1.324e-01
825: 3.966e-01
826: 1.561e-01
827: 1.041e-01
828: 7.014e-02
829: 1.492e-01
830: 0.000e+00
831: 1.324e-01
832: 6.814e-02
833: 1.133e-01
834: 8.626e-02
835: 1.088e-01
836: 1.175e-01
837: 7.466e-02
838: 1.706e-01
839: 4.280e-02
840: 4.560e-02
841: 1.448e-01
842: 8.575e-02
843: 6.779e-03
844: 8.873e-02
845: 4.101e-02
846: 0.000e+00
847: 9.345e-02
848: 3.744e-01
849: 3.208e-02
850: 1.492e-01
851: 6.186e-02
852: 4.130e-02
853: 7.265e-02
854: 1.186e-01
855: 4.210e-02
856: 1.324e-02
857: 2.861e-02
858: 5.338e-02
859: 0.000e+00
860: 7.434e-02
861: 1.140e-01
862: 2.774e-02
863: 3.505e-02
864: 9.633e-02
865: 1.209e-01
866: 2.742e-02
867: 1.824e-01
868: 1.592e-01
869: 5.878e-02
870: 6.870e-02
871: 8.650e-03
872: 4.822e-03
873: 1.441e-02
874: 2.682e-02
875: 2.698e-02
876: 1.017e-01
877: 3.264e-02
878: 3.152e-02
879: 2.524e-02
880: 8.067e-02
881: 4.266e-02
882: 4.962e-02
883: 8.993e-02
884: 7.930e-02
885: 2.894e-02
886: 1.164e-01
887: 3.647e-02
888: 1.800e-02
889: 2.443e-01
890: 2.462e-01
891: 9.842e-02
892: 2.452e-02
893: 8.537e-02
894: 8.100e-02
895: 4.267e-02
896: 3.199e-01
897: 2.792e-01
898: 3.337e-02
899: 2.101e-01
900: 2.090e-01
901: 1.175e-01
902: 1.539e-01
903: 1.471e-01
904: 4.733e-02
905: 4.395e-02
906: 1.171e-02
907: 6.990e-02
908: 3.526e-01
909: 1.235e-01
910: 7.426e-02
911: 1.253e-01
912: 1.806e-01
913: 1.364e-02
914: 1.332e-01
915: 1.319e-01
916: 1.233e-01
917: 1.651e-02
918: 2.617e-01
919: 2.016e-01
920: 1.973e-01
921: 5.285e-02
922: 2.272e-01
923: 9.208e-02
924: 8.069e-02
925: 9.711e-02
926: 1.581e-02
927: 5.646e-02
928: 6.328e-02
929: 9.613e-02
930: 1.258e-01
931: 1.144e-01
932: 1.323e-01
933: 3.106e-02
934: 4.635e-02
935: 3.285e-02
936: 6.994e-02
937: 7.182e-02
938: 6.394e-02
939: 5.128e-02
940: 4.177e-02
941: 5.265e-02
942: 4.791e-02
943: 1.726e-04
944: 1.659e-01
945: 1.672e-01
946: 6.190e-02
947: 9.900e-02
948: 4.162e-01
949: 5.647e-02
950: 0.000e+00
951: 2.471e-01
952: 2.080e-01
953: 3.304e-02
954: 8.634e-02
955: 9.469e-02
956: 0.000e+00
957: 1.866e-01
958: 1.242e-01
959: 1.697e-01
960: 7.311e-02
961: 2.166e-01
962: 8.377e-02
963: 1.500e-01
964: 5.610e-02
965: 2.066e-01
966: 4.177e-02
967: 6.398e-03
968: 1.897e-01
969: 3.995e-02
970: 8.913e-02
971: 1.343e-01
972: 6.546e-02
973: 1.213e-01
974: 8.956e-02
975: 4.300e-02
976: 6.160e-03
977: 3.120e-02
978: 1.085e-01
979: 2.128e-02
980: 3.554e-02
981: 2.778e-02
982: 2.448e-01
983: 1.336e-01
984: 3.587e-02
985: 1.125e-02
986: 0.000e+00
987: 4.147e-02
988: 2.107e-01
989: 2.906e-02
990: 1.299e-02
991: 1.629e-01
992: 7.309e-02
993: 3.615e-02
994: 0.000e+00
995: 1.920e-02
996: 2.026e-01
997: 7.481e-02
998: 3.880e-02
999: 1.296e-01
1000: 1.129e-01
1001: 2.252e-01
1002: 1.333e-01
1003: 8.333e-02
1004: 2.458e-01
1005: 6.902e-02
1006: 3.652e-02
1007: 4.776e-02
1008: 1.476e-01
1009: 1.532e-01
1010: 3.379e-01
1011: 3.027e-01
1012: 1.731e-01
1013: 3.946e-02
1014: 1.183e-01
1015: 9.968e-02
1016: 5.310e-02
1017: 7.858e-02
1018: 1.445e-01
1019: 6.935e-02
1020: 7.511e-02
1021: 1.545e-02
1022: 7.722e-02
1023: 7.729e-02
1024: 1.268e-01
1025: 1.297e-01
1026: 1.157e-01
1027: 6.498e-02
1028: 1.147e-01
1029: 1.982e-01
1030: 6.001e-02
1031: 4.877e-02
1032: 3.584e-02
1033: 1.841e-01
1034: 8.680e-02
1035: 2.578e-02
1036: 1.556e-01
1037: 9.795e-02
1038: 1.732e-01
1039: 2.823e-02
1040: 1.441e-01
1041: 1.950e-01
1042: 6.443e-02
1043: 3.883e-02
1044: 1.166e-01
1045: 3.025e-01
1046: 2.329e-01
1047: 3.436e-01
1048: 1.167e-01
1049: 2.462e-01
1050: 1.801e-01
1051: 1.599e-01
1052: 5.222e-03
1053: 1.667e-01
1054: 1.142e-01
1055: 8.425e-02
1056: 7.071e-02
1057: 1.767e-01
1058: 1.399e-02
1059: 1.769e-01
1060: 2.422e-01
1061: 1.311e-01
1062: 3.731e-01
1063: 2.097e-01
1064: 1.015e-01
1065: 1.177e-02
1066: 1.179e-01
1067: 5.851e-02
1068: 1.110e-01
1069: 2.006e-01
1070: 6.808e-02
1071: 4.230e-01
1072: 1.044e-01
1073: 1.421e-01
1074: 2.567e-02
1075: 3.694e-02
1076: 3.995e-02
1077: 1.815e-01
1078: 1.254e-01
1079: 8.133e-02
1080: 1.964e-01
1081: 1.001e-01
1082: 3.259e-01
1083: 3.077e-01
1084: 3.181e-01
1085: 2.056e-02
1086: 1.413e-01
1087: 8.959e-02
1088: 2.767e-02
1089: 1.249e-01
1090: 1.453e-01
1091: 2.083e-01
1092: 4.129e-02
1093: 3.189e-02
1094: 3.680e-02
1095: 1.128e-01
1096: 1.010e-01
1097: 2.244e-02
1098: 5.547e-02
1099: 2.644e-01
1100: 9.752e-02
1101: 5.916e-02
1102: 1.308e-01
1103: 1.111e-01
1104: 7.919e-02
1105: 1.570e-01
1106: 5.982e-02
1107: 9.151e-02
1108: 9.091e-02
1109: 3.567e-01
1110: 1.706e-01
1111: 9.404e-02
1112: 1.536e-01
1113: 6.154e-03
1114: 1.356e-01
1115: 3.549e-02
1116: 2.800e-01
1117: 1.562e-02
1118: 2.305e-01
1119: 4.126e-02
1120: 8.070e-02
1121: 6.364e-02
1122: 7.515e-02
1123: 4.685e-02
1124: 1.213e-01
1125: 3.771e-01
1126: 3.796e-02
1127: 1.913e-01
1128: 2.828e-01
1129: 4.825e-02
1130: 1.481e-02
1131: 1.246e-01
1132: 4.536e-02
1133: 3.991e-01
1134: 3.205e-01
1135: 2.175e-01
1136: 1.200e-01
1137: 2.736e-02
1138: 5.682e-02
1139: 4.165e-03
1140: 6.637e-02
1141: 2.956e-01
1142: 9.216e-03
1143: 4.317e-02
1144: 3.067e-02
1145: 2.401e-02
1146: 7.542e-04
1147: 8.855e-02
1148: 6.307e-02
1149: 6.627e-02
1150: 2.254e-01
1151: 3.349e-02
1152: 5.169e-02
1153: 9.960e-02
1154: 1.835e-01
1155: 6.718e-02
1156: 3.251e-02
1157: 1.468e-02
1158: 0.000e+00
1159: 8.356e-02
1160: 2.211e-01
1161: 2.247e-01
1162: 1.461e-01
1163: 1.463e-01
1164: 1.013e-02
1165: 4.000e-02
1166: 1.093e-01
1167: 1.591e-02
1168: 7.359e-02
1169: 2.106e-01
1170: 6.860e-02
1171: 6.946e-02
1172: 1.252e-01
1173: 2.036e-01
1174: 6.015e-02
1175: 3.796e-02
1176: 6.467e-02
1177: 4.229e-02
1178: 1.640e-01
1179: 1.164e-01
1180: 2.116e-01
1181: 9.476e-02
1182: 9.288e-02
1183: 5.562e-02
1184: 1.095e-01
1185: 5.165e-02
1186: 1.964e-01
1187: 1.271e-01
1188: 1.555e-01
1189: 1.219e-01
1190: 9.363e-02
1191: 1.506e-02
1192: 7.627e-02
1193: 1.106e-01
1194: 6.512e-02
1195: 8.586e-02
1196: 6.743e-02
1197: 3.192e-02
1198: 1.688e-01
1199: 2.136e-01
1200: 1.914e-01
1201: 4.638e-02
1202: 7.939e-02
1203: 2.702e-02
1204: 6.312e-02
1205: 4.162e-02
1206: 2.398e-01
1207: 6.768e-02
1208: 1.296e-01
1209: 1.022e-02
1210: 8.562e-02
1211: 7.322e-02
1212: 5.516e-02
1213: 4.400e-02
1214: 1.271e-01
1215: 3.605e-02
1216: 3.660e-02
1217: 1.152e-02
1218: 2.772e-02
1219: 4.687e-02
1220: 7.033e-02
1221: 0.000e+00
1222: 1.289e-01
1223: 5.293e-02
1224: 1.470e-01
1225: 1.027e-02
1226: 6.081e-02
1227: 5.058e-02
1228: 2.315e-01
1229: 1.424e-01
1230: 5.964e-02
1231: 5.016e-03
1232: 9.954e-02
1233: 8.689e-02
1234: 4.022e-02
1235: 4.901e-02
1236: 5.507e-02
1237: 2.750e-02
1238: 4.616e-02
1239: 6.935e-02
1240: 1.508e-01
1241: 1.122e-01
1242: 7.767e-02
1243: 1.834e-01
1244: 4.431e-02
1245: 1.439e-01
1246: 8.844e-02
1247: 3.776e-02
1248: 1.335e-02
1249: 8.539e-02
1250: 7.164e-02
1251: 1.020e-01
1252: 8.663e-02
1253: 4.739e-02
1254: 5.457e-02
1255: 4.972e-02
1256: 1.381e-02
1257: 4.725e-02
1258: 1.554e-01
1259: 9.636e-02
1260: 2.528e-02
1261: 0.000e+00
1262: 8.104e-02
1263: 3.062e-01
1264: 4.993e-02
1265: 1.279e-01
1266: 1.394e-01
1267: 2.217e-01
1268: 8.333e-02
1269: 1.123e-01
1270: 2.044e-01
1271: 6.548e-02
1272: 9.940e-02
1273: 0.000e+00
1274: 1.553e-01
1275: 2.708e-01
1276: 2.574e-01
1277: 1.553e-01
1278: 8.491e-02
1279: 8.795e-02
1280: 5.112e-02
1281: 1.419e-01
1282: 4.065e-02
1283: 1.521e-01
1284: 8.333e-02
1285: 1.778e-02
1286: 1.205e-01
1287: 1.437e-02
1288: 9.003e-03
1289: 8.162e-02
1290: 1.688e-01
1291: 5.233e-02
1292: 5.731e-02
1293: 3.709e-02
1294: 9.816e-02
1295: 1.587e-01
1296: 0.000e+00
1297: 1.091e-01
1298: 1.219e-01
1299: 3.054e-01
1300: 1.561e-01
1301: 3.659e-02
1302: 0.000e+00
1303: 6.846e-02
1304: 4.046e-02
1305: 6.668e-03
1306: 3.048e-02
1307: 3.157e-02
1308: 2.959e-02
1309: 6.227e-02
1310: 2.225e-02
1311: 2.755e-01
1312: 1.914e-01
1313: 9.202e-02
1314: 3.609e-02
1315: 9.787e-02
1316: 1.709e-02
1317: 8.635e-03
1318: 3.205e-02
1319: 6.623e-02
1320: 2.669e-02
1321: 4.489e-01
1322: 1.439e-01
1323: 5.755e-03
1324: 2.474e-01
1325: 3.151e-01
1326: 1.673e-01
1327: 4.043e-02
1328: 3.196e-02
1329: 6.853e-02
1330: 1.989e-01
1331: 5.525e-02
1332: 1.406e-01
1333: 1.735e-01
1334: 1.157e-01
1335: 5.622e-02
1336: 1.430e-01
1337: 4.427e-02
1338: 4.280e-02
1339: 8.982e-02
1340: 1.575e-01
1341: 7.139e-02
1342: 4.878e-02
1343: 9.520e-03
1344: 3.616e-01
1345: 2.912e-01
1346: 5.382e-02
1347: 1.413e-01
1348: 3.291e-02
1349: 9.741e-02
1350: 2.265e-02
1351: 1.230e-01
1352: 1.428e-01
1353: 1.715e-03
1354: 7.005e-02
1355: 2.632e-01
1356: 2.707e-02
1357: 3.953e-01
1358: 1.382e-01
1359: 6.127e-02
1360: 7.651e-03
1361: 8.123e-02
1362: 2.510e-02
1363: 3.523e-02
1364: 8.447e-02
1365: 1.903e-01
1366: 8.390e-04
1367: 1.145e-01
1368: 9.081e-03
1369: 1.207e-01
1370: 6.333e-02
1371: 2.544e-01
1372: 9.406e-02
1373: 2.873e-02
1374: 1.406e-01
1375: 1.519e-01
1376: 3.694e-01
1377: 2.316e-02
1378: 7.593e-02
1379: 3.623e-02
1380: 8.747e-02
1381: 3.758e-02
1382: 1.065e-01
1383: 7.362e-03
1384: 1.175e-01
1385: 7.789e-02
1386: 0.000e+00
1387: 6.527e-02
1388: 1.024e-01
1389: 8.705e-02
1390: 8.126e-02
1391: 5.550e-01
1392: 2.736e-01
1393: 5.341e-02
1394: 1.285e-02
1395: 2.108e-01
1396: 5.835e-02
1397: 5.606e-02
1398: 1.003e-01
1399: 6.201e-02
1400: 1.836e-01
1401: 6.770e-02
1402: 8.512e-02
1403: 4.019e-02
1404: 1.154e-02
1405: 6.946e-02
1406: 8.239e-02
1407: 7.051e-02
1408: 2.940e-02
1409: 1.140e-02
1410: 5.702e-02
1411: 2.386e-01
1412: 8.735e-02
1413: 8.280e-02
1414: 1.720e-02
1415: 1.307e-01
1416: 1.778e-01
1417: 1.005e-01
1418: 7.321e-02
1419: 1.039e-01
1420: 1.979e-02
1421: 1.367e-01
1422: 1.156e-01
1423: 1.127e-02
1424: 8.828e-02
1425: 4.789e-02
1426: 1.727e-02
1427: 0.000e+00
1428: 6.131e-02
1429: 1.100e-01
1430: 2.683e-01
1431: 2.040e-01
1432: 2.027e-01
1433: 1.095e-01
1434: 1.100e-01
1435: 0.000e+00
1436: 9.100e-02
1437: 2.909e-02
1438: 1.071e-01
1439: 3.965e-02
1440: 9.076e-02
1441: 3.949e-02
1442: 3.174e-02
1443: 6.631e-02
1444: 3.569e-02
1445: 9.450e-02
1446: 1.898e-01
1447: 3.487e-02
1448: 1.922e-01
1449: 7.268e-02
1450: 8.852e-02
1451: 5.195e-02
1452: 2.074e-01
1453: 1.300e-01
1454: 1.347e-01
1455: 6.121e-03
1456: 1.079e-01
1457: 1.894e-01
1458: 4.655e-02
1459: 2.932e-02
1460: 9.492e-02
1461: 1.177e-01
1462: 5.229e-02
1463: 4.427e-02
1464: 8.467e-02
1465: 8.481e-02
1466: 1.635e-01
1467: 2.316e-02
1468: 1.041e-01
1469: 2.769e-02
1470: 1.178e-01
1471: 8.099e-02
1472: 1.519e-01
1473: 1.600e-02
1474: 1.270e-01
1475: 1.645e-01
1476: 3.751e-02
1477: 1.308e-01
1478: 2.063e-03
1479: 2.694e-02
1480: 5.363e-02
1481: 8.129e-02
1482: 1.755e-02
1483: 9.454e-04
1484: 8.435e-02
1485: 1.368e-01
1486: 2.920e-02
1487: 5.304e-02
1488: 1.917e-02
1489: 1.075e-01
1490: 1.649e-01
1491: 0.000e+00
1492: 1.231e-01
1493: 2.307e-02
1494: 1.264e-01
1495: 1.006e-01
1496: 3.478e-02
1497: 1.491e-02
1498: 6.876e-02
1499: 1.046e-01
1500: 6.060e-02
1501: 1.741e-01
1502: 1.302e-01
1503: 2.347e-02
1504: 1.831e-01
1505: 1.635e-02
1506: 1.948e-01
1507: 0.000e+00
1508: 1.425e-01
1509: 1.013e-01
1510: 3.530e-02
1511: 1.124e-01
1512: 1.071e-01
1513: 1.151e-02
1514: 1.030e-01
1515: 2.706e-02
1516: 3.472e-02
1517: 1.053e-01
1518: 1.749e-01
1519: 1.433e-02
1520: 2.147e-01
1521: 5.044e-02
1522: 1.548e-01
1523: 6.467e-02
1524: 1.134e-01
1525: 4.091e-02
1526: 1.741e-01
1527: 1.453e-02
1528: 1.604e-01
1529: 4.356e-02
1530: 7.085e-02
1531: 1.473e-01
1532: 3.784e-02
1533: 1.541e-01
1534: 7.469e-02
1535: 4.877e-02
1536: 2.674e-01
1537: 8.967e-02
1538: 9.533e-02
1539: 1.355e-01
1540: 3.823e-02
1541: 6.444e-02
1542: 1.381e-01
1543: 1.758e-01
1544: 1.894e-01
1545: 3.109e-01
1546: 8.859e-02
1547: 1.396e-01
1548: 3.484e-02
1549: 4.383e-02
1550: 0.000e+00
1551: 9.246e-02
1552: 4.326e-02
1553: 1.095e-01
1554: 1.030e-01
1555: 6.921e-02
1556: 1.411e-02
1557: 3.783e-02
1558: 8.675e-02
1559: 7.511e-03
1560: 8.712e-02
1561: 1.390e-01
1562: 1.390e-01
1563: 6.998e-02
1564: 1.068e-01
1565: 4.429e-02
1566: 8.451e-02
1567: 3.243e-02
1568: 5.910e-02
1569: 1.391e-01
1570: 1.186e-01
1571: 3.905e-02
1572: 6.828e-02
1573: 8.668e-02
1574: 5.527e-02
1575: 8.096e-02
1576: 1.084e-01
1577: 1.858e-02
1578: 4.543e-02
1579: 1.175e-01
1580: 6.764e-02
1581: 0.000e+00
1582: 1.984e-02
1583: 3.401e-02
1584: 0.000e+00
1585: 8.000e-02
1586: 4.630e-02
1587: 1.078e-01
1588: 8.726e-02
1589: 1.456e-01
1590: 3.754e-01
1591: 8.601e-02
1592: 2.401e-02
1593: 2.850e-02
1594: 3.007e-02
1595: 3.855e-02
1596: 1.519e-02
1597: 9.524e-02
1598: 6.596e-02
1599: 6.162e-02
1600: 0.000e+00
1601: 7.832e-02
1602: 9.935e-02
1603: 1.017e-02
1604: 3.801e-02
1605: 5.622e-02
1606: 6.121e-02
1607: 1.760e-02
1608: 5.558e-02
1609: 1.168e-01
1610: 4.527e-02
1611: 8.332e-02
1612: 9.391e-02
1613: 9.736e-02
1614: 3.713e-02
1615: 2.474e-02
1616: 6.105e-02
1617: 2.181e-01
1618: 7.875e-02
1619: 1.427e-03
1620: 3.961e-02
1621: 8.619e-02
1622: 3.907e-02
1623: 9.235e-02
1624: 5.204e-02
1625: 8.889e-02
1626: 9.218e-02
1627: 9.241e-02
1628: 2.524e-01
1629: 6.915e-02
1630: 9.882e-02
1631: 2.868e-01
1632: 0.000e+00
1633: 1.402e-01
1634: 9.789e-02
1635: 3.446e-01
1636: 2.649e-01
1637: 3.529e-02
1638: 2.781e-02
1639: 1.234e-01
1640: 6.594e-02
1641: 7.417e-02
1642: 1.591e-01
1643: 1.283e-01
1644: 1.909e-02
1645: 6.768e-02
1646: 3.923e-02
1647: 1.214e-01
1648: 2.961e-02
1649: 7.507e-02
1650: 1.181e-02
1651: 7.873e-02
1652: 1.279e-01
1653: 3.973e-02
1654: 3.024e-02
1655: 1.231e-02
1656: 6.958e-02
1657: 8.332e-02
1658: 1.308e-01
1659: 8.550e-02
1660: 1.081e+00
1661: 1.638e-01
1662: 8.635e-02
1663: 2.340e-01
1664: 4.247e-01
1665: 5.137e-02
1666: 1.794e-01
1667: 1.456e-01
1668: 1.291e-01
1669: 5.612e-02
1670: 7.077e-02
1671: 7.412e-02
1672: 2.292e-01
1673: 6.180e-02
1674: 1.177e-01
1675: 1.225e-01
1676: 8.766e-02
1677: 9.888e-02
1678: 2.238e-02
1679: 2.970e-02
1680: 3.435e-02
1681: 1.636e-01
1682: 1.705e-02
1683: 1.715e-01
1684: 1.901e-01
1685: 5.157e-01
1686: 1.129e-01
1687: 1.050e-01
1688: 1.268e-01
1689: 2.392e-02
1690: 2.979e-01
1691: 1.993e-01
1692: 3.314e-01
1693: 2.822e-01
1694: 1.193e-01
1695: 7.668e-02
1696: 0.000e+00
1697: 1.760e-01
1698: 7.252e-02
1699: 1.746e-01
1700: 6.829e-02
1701: 1.367e-01
1702: 6.708e-02
1703: 2.136e-01
1704: 4.336e-02
1705: 1.008e-01
1706: 0.000e+00
1707: 2.020e-01
1708: 1.344e-01
1709: 1.833e-02
1710: 1.381e-01
1711: 1.568e-02
1712: 3.878e-02
1713: 9.052e-02
1714: 1.457e-01
1715: 2.687e-01
1716: 4.031e-01
1717: 1.132e-01
1718: 1.960e-01
1719: 2.066e-02
1720: 1.839e-01
1721: 6.006e-02
1722: 3.561e-02
1723: 5.916e-02
1724: 4.055e-01
1725: 4.667e-02
1726: 5.159e-02
1727: 5.534e-02
1728: 4.701e-02
1729: 2.679e-02
1730: 6.917e-02
1731: 1.588e-02
1732: 1.007e-02
1733: 5.937e-02
1734: 2.147e-01
1735: 2.086e-01
1736: 6.519e-02
1737: 2.418e-02
1738: 1.600e-02
1739: 1.482e-01
1740: 6.514e-02
1741: 2.024e-01
1742: 9.528e-02
1743: 1.077e-02
1744: 2.766e-02
1745: 0.000e+00
1746: 3.831e-02
1747: 1.136e-01
1748: 3.597e-03
1749: 2.474e-02
1750: 1.615e-01
1751: 1.235e-01
1752: 1.563e-01
1753: 2.118e-01
1754: 3.116e-01
1755: 8.723e-02
1756: 1.041e-02
1757: 5.800e-02
1758: 5.190e-02
1759: 6.560e-02
1760: 1.015e-01
1761: 4.453e-02
1762: 6.379e-02
1763: 7.220e-02
1764: 7.407e-02
1765: 4.203e-02
1766: 4.641e-02
1767: 4.812e-02
1768: 7.356e-02
1769: 8.707e-02
1770: 8.187e-02
1771: 6.619e-02
1772: 4.522e-02
1773: 4.890e-02
1774: 1.157e-01
1775: 3.394e-02
1776: 0.000e+00
1777: 7.116e-02
1778: 8.756e-02
1779: 7.733e-02
1780: 9.795e-03
1781: 1.267e-01
1782: 3.794e-01
1783: 7.188e-01
1784: 1.472e-01
1785: 1.176e-01
1786: 7.164e-02
1787: 1.530e-01
1788: 6.101e-02
1789: 1.440e-01
1790: 9.666e-02
1791: 9.408e-02
1792: 2.160e-02
1793: 4.151e-02
1794: 2.980e-02
1795: 2.496e-02
1796: 2.089e-02
1797: 6.462e-02
1798: 1.364e-01
1799: 0.000e+00
1800: 4.859e-02
1801: 0.000e+00
1802: 1.843e-01
1803: 2.502e-02
1804: 3.101e-02
1805: 0.000e+00
1806: 1.882e-01
1807: 1.768e-02
1808: 2.545e-01
1809: 7.449e-02
1810: 5.958e-02
1811: 1.045e-01
1812: 7.903e-02
1813: 7.897e-02
1814: 6.553e-02
1815: 1.586e-02
1816: 1.014e-02
1817: 9.312e-02
1818: 3.649e-02
1819: 6.376e-02
1820: 2.182e-03
1821: 5.192e-02
1822: 1.208e-01
1823: 9.652e-02
1824: 2.393e-02
1825: 4.352e-02
1826: 1.397e-02
1827: 8.917e-02
1828: 0.000e+00
1829: 0.000e+00
1830: 8.625e-03
1831: 6.300e-02
1832: 2.413e-02
1833: 2.592e-02
1834: 5.080e-02
1835: 6.750e-02
1836: 4.156e-02
1837: 2.027e-02
1838: 5.598e-02
1839: 4.227e-02
1840: 2.344e-02
1841: 4.320e-03
1842: 3.638e-02
1843: 5.369e-03
1844: 1.672e-01
1845: 1.765e-02
1846: 1.015e-01
1847: 9.019e-02
1848: 4.971e-02
1849: 2.363e-02
1850: 1.389e-01
1851: 7.666e-02
1852: 5.853e-02
1853: 1.825e-01
1854: 6.819e-02
1855: 1.888e-02
1856: 2.946e-02
1857: 5.748e-02
1858: 3.357e-02
1859: 7.780e-03
1860: 2.546e-02
1861: 1.291e-01
1862: 5.058e-03
1863: 2.273e-02
1864: 6.031e-03
1865: 1.044e-01
1866: 3.351e-02
1867: 9.608e-02
1868: 1.084e-01
1869: 4.827e-02
1870: 1.687e-02
1871: 9.208e-02
1872: 0.000e+00
1873: 6.986e-02
1874: 1.781e-01
1875: 1.103e-02
1876: 1.194e-02
1877: 2.642e-01
1878: 3.714e-02
1879: 2.838e-02
1880: 1.994e-02
1881: 1.457e-01
1882: 5.089e-02
1883: 5.441e-02
1884: 3.291e-02
1885: 1.035e-01
1886: 1.686e-02
1887: 9.882e-02
1888: 1.254e-03
1889: 6.294e-02
1890: 1.288e-03
1891: 1.020e-01
1892: 8.022e-02
1893: 1.146e-02
1894: 1.226e-01
1895: 2.195e-01
1896: 2.556e-01
1897: 7.089e-02
1898: 7.746e-02
1899: 7.421e-02
1900: 4.442e-03
1901: 1.230e-01
1902: 2.295e-04
1903: 2.700e-02
1904: 4.188e-02
1905: 1.729e-02
1906: 4.291e-02
1907: 3.660e-02
1908: 3.379e-02
1909: 1.222e-02
1910: 1.217e-02
1911: 7.846e-03
1912: 9.319e-02
1913: 1.247e-01
1914: 7.224e-04
1915: 2.792e-02
1916: 7.059e-02
1917: 0.000e+00
1918: 1.229e-01
1919: 2.349e-02
1920: 1.573e-01
1921: 5.260e-02
1922: 1.762e-01
1923: 2.403e-01
1924: 7.859e-02
1925: 4.416e-02
1926: 4.105e-02
1927: 8.368e-02
1928: 1.308e-01
1929: 7.223e-02
1930: 6.639e-02
1931: 4.304e-02
1932: 1.768e-01
1933: 7.278e-02
1934: 4.920e-02
1935: 1.519e-01
1936: 2.237e-01
1937: 1.578e-01
1938: 2.807e-02
1939: 6.678e-02
1940: 1.163e-01
1941: 1.082e-02
1942: 4.623e-02
1943: 4.033e-02
1944: 1.702e-01
1945: 1.708e-01
1946: 1.962e-01
1947: 5.932e-02
1948: 5.243e-02
1949: 8.077e-03
1950: 8.223e-02
1951: 2.846e-01
1952: 1.596e-01
1953: 1.581e-02
1954: 8.901e-02
1955: 1.060e-01
1956: 6.343e-02
1957: 4.467e-02
1958: 1.119e-01
1959: 6.717e-02
1960: 5.985e-02
1961: 7.639e-02
1962: 4.516e-03
1963: 1.198e-01
1964: 6.973e-02
1965: 1.809e-01
1966: 1.983e-02
1967: 4.327e-02
1968: 1.132e-01
1969: 1.479e-01
1970: 9.077e-02
1971: 1.233e-01
1972: 4.342e-02
1973: 8.835e-03
1974: 1.109e-02
1975: 3.965e-02
1976: 0.000e+00
1977: 5.499e-02
1978: 0.000e+00
1979: 3.750e-02
1980: 8.170e-02
1981: 7.944e-02
1982: 1.761e-01
1983: 6.613e-03
1984: 5.082e-02
1985: 7.545e-02
1986: 1.063e-01
1987: 2.334e-02
1988: 9.534e-02
1989: 2.432e-01
1990: 7.411e-02
1991: 2.369e-01
1992: 4.975e-02
1993: 1.463e-02
1994: 9.462e-02
1995: 3.066e-01
1996: 1.670e-01
1997: 1.728e-02
1998: 1.576e-01
1999: 1.511e-01
2000: 0.000e+00
