1: -5.120e-01
2: -1.115e+00
3: 6.556e-01
4: -1.644e+00
5: 3.772e-01
6: 2.306e-01
7: 9.183e-01
8: 1.468e+00
9: 6.454e-01
10: 6.513e-01
11: 5.839e-01
12: 1.242e+00
13: 1.909e+00
14: 4.727e+00
15: 2.673e+00
16: 4.501e+00
17: 2.324e+00
18: 2.833e-01
19: 4.764e-01
20: 8.322e-01
21: 7.017e-01
22: 9.127e-01
23: 1.281e+00
24: 9.650e-01
25: 1.601e+00
26: 2.274e+00
27: 1.166e+00
28: 1.209e+00
29: 1.596e+00
30: 1.718e+00
31: 2.315e+00
32: 2.148e+00
33: 1.084e+00
34: 1.192e+00
35: 4.469e+00
36: 1.324e+00
37: -3.464e-01
38: 9.131e-01
39: 1.270e+00
40: 1.570e+00
41: 3.545e-01
42: 9.411e-01
43: 1.087e+00
44: 1.573e+00
45: 3.955e+00
46: 2.019e+00
47: 1.776e+00
48: 1.414e+01
49: 6.074e+00
50: 7.822e-01
51: 2.482e+00
52: 1.705e+00
53: 6.840e-01
54: 1.220e+00
55: 1.041e+00
56: 5.810e-01
57: 6.679e-01
58: 2.193e+00
59: 2.213e-01
60: 1.148e+00
61: 9.534e-01
62: 5.139e-01
63: 1.275e+00
64: 1.371e+00
65: 3.234e+00
66: 3.455e+00
67: 2.560e+00
68: 2.438e+00
69: 1.881e+00
70: 1.282e+00
71: 1.275e+00
72: 5.613e-01
73: 9.968e-01
74: 3.757e-01
75: 1.045e+00
76: 1.330e+00
77: 1.041e+00
78: 5.251e-01
79: 1.641e+00
80: 1.058e+00
81: 1.123e+00
82: 1.303e+00
83: 8.889e-01
84: 1.150e+00
85: 9.761e-01
86: 1.498e+00
87: 1.630e+00
88: 1.071e+00
89: 1.152e+00
90: 1.743e+00
91: 1.140e+00
92: 8.942e-01
93: 1.097e+00
94: 1.424e+00
95: 1.877e+00
96: 8.132e-01
97: 1.688e+00
98: 1.116e+00
99: 1.240e+00
100: 9.802e-01
101: 1.002e+00
102: 5.558e-01
103: 1.109e+00
104: 1.024e+00
105: 8.843e-01
106: 8.396e-01
107: 8.491e-01
108: 8.502e-01
109: 9.184e-01
110: 1.127e+00
111: 9.170e-01
112: 9.381e-01
113: 9.210e-01
114: 8.950e-01
115: 8.308e-01
116: 7.233e-01
117: 1.212e+00
118: 1.189e+00
119: 1.079e+00
120: 8.169e-01
121: 7.730e-01
122: 1.212e+00
123: 1.150e+00
124: 8.679e-01
125: 1.192e+00
126: 2.505e+00
127: 4.433e+00
128: 4.733e+00
129: 7.639e-01
130: 1.058e+00
131: 1.163e+00
132: 1.562e+00
133: 1.195e+00
134: 1.282e+00
135: 9.374e-02
136: 1.080e+00
137: 9.200e-01
138: 7.965e-01
139: 1.082e+00
140: 8.198e-01
141: 9.776e-01
142: 1.203e+00
143: 1.105e+00
144: 1.221e+00
145: 1.104e+00
146: 1.024e+00
147: 9.711e-01
148: 1.129e+00
149: 1.649e+00
150: 5.886e-01
151: 1.425e+00
152: 1.043e+00
153: 1.122e+00
154: 1.114e+00
155: 1.292e+00
156: 1.621e+00
157: 6.713e-01
158: 1.055e+00
159: 8.980e-01
160: 8.277e-01
161: 1.037e+00
162: 1.448e+00
163: 1.334e+00
164: 9.951e-01
165: 1.093e+00
166: 9.596e-01
167: 8.371e-01
168: 1.347e+00
169: 8.911e-01
170: 8.287e-01
171: 1.482e+00
172: 1.251e+00
173: 1.073e+00
174: 9.149e-01
175: 1.121e+00
176: 1.046e+00
177: 5.913e-01
178: 9.740e-01
179: 1.198e+00
180: 3.935e-01
181: 1.012e+00
182: 8.584e-01
183: 1.260e+00
184: 1.981e+00
185: 1.069e+00
186: 8.335e-01
187: 1.016e+00
188: 1.141e+00
189: 1.117e+00
190: 9.176e-01
191: 1.113e+00
192: 1.120e+00
193: 7.581e-01
194: 1.219e+00
195: 7.209e-01
196: 1.096e+00
197: 7.412e-01
198: 9.208e-01
199: 1.327e+00
200: 8.808e-01
201: 1.573e+00
202: 6.737e-01
203: 1.243e+00
204: 1.568e+00
205: 1.123e+00
206: 9.960e-01
207: 8.872e-01
208: 1.082e+00
209: 1.086e+00
210: 1.179e+00
211: 1.089e+00
212: 1.138e+00
213: 1.250e+00
214: 3.790e-01
215: 1.612e+00
216: 8.584e-01
217: 1.041e+00
218: 1.113e+00
219: 1.121e+00
220: 1.266e+00
221: 9.239e-01
222: 1.151e+00
223: 8.395e-01
224: 1.036e+00
225: 7.607e-01
226: 7.637e-01
227: 7.738e-01
228: 7.515e-01
229: 1.120e+00
230: 6.044e-01
231: 1.131e+00
232: 9.941e-01
233: 1.125e+00
234: 2.364e+00
235: 1.825e+00
236: 2.066e+00
237: 1.423e+00
238: 1.012e+00
239: 9.759e-01
240: 1.151e+00
241: 9.564e-01
242: 7.834e-01
243: 1.013e+00
244: 9.462e-01
245: 1.112e+00
246: 1.096e+00
247: 1.304e+00
248: 1.020e+00
249: 1.134e+00
250: 1.617e+00
251: 1.221e+00
252: 1.264e+00
253: 1.372e+00
254: 1.372e+00
255: 1.451e+00
256: 1.237e+00
257: 1.049e+00
258: 1.451e+00
259: 1.211e+00
260: 1.112e+00
261: 1.658e+00
262: 1.710e+00
263: 1.219e+00
264: 1.583e+00
265: 1.104e+00
266: 1.278e+00
267: 1.236e+00
268: 1.263e+00
269: 9.212e-01
270: 1.148e+00
271: 6.749e-01
272: 1.406e+00
273: 8.832e-01
274: 1.322e+00
275: 1.123e+00
276: 1.149e+00
277: 1.280e+00
278: 9.931e-01
279: 9.267e-01
280: 9.621e-01
281: 1.199e+00
282: 1.476e+00
283: 1.214e+00
284: 1.156e+00
285: 1.462e+00
286: 1.589e+00
287: 1.437e+00
288: 1.321e+00
289: 9.845e-01
290: 1.278e+00
291: 8.841e-01
292: 8.811e-01
293: 1.312e+00
294: 9.971e-01
295: 1.170e+00
296: 1.357e+00
297: 9.627e-01
298: 1.095e+00
299: 1.186e+00
300: 9.971e-01
301: 7.719e-01
302: 1.037e+00
303: 1.024e+00
304: 1.117e+00
305: 8.840e-01
306: 9.585e-01
307: 7.234e-01
308: 7.569e-01
309: 8.416e-01
310: 1.110e+00
311: 9.083e-01
312: 1.092e+00
313: 8.336e-01
314: 1.148e+00
315: 8.645e-01
316: 9.962e-01
317: 1.657e+00
318: 8.064e-01
319: 7.731e-01
320: 1.023e+00
321: 1.547e+00
322: 8.705e-01
323: 1.018e+00
324: 1.266e+00
325: 8.255e-01
326: 1.132e+00
327: 2.180e+00
328: 1.240e+00
329: 1.685e+00
330: 1.853e+00
331: 1.364e+00
332: 1.797e+00
333: 1.545e+00
334: 1.406e+00
335: 6.852e-01
336: 1.100e+00
337: 8.775e-01
338: 1.446e+00
339: 1.346e+00
340: 1.165e+00
341: 1.216e+00
342: 1.317e+00
343: 1.196e+00
344: 1.431e+00
345: 1.082e+00
346: 1.320e+00
347: 1.173e+00
348: 1.175e+00
349: 1.042e+00
350: 8.830e-01
351: 9.793e-01
352: 1.089e+00
353: 1.243e+00
354: 1.537e+00
355: 1.596e+00
356: 1.026e+00
357: 9.129e-01
358: 1.699e+00
359: 1.737e+00
360: 1.124e+00
361: 1.322e+00
362: 9.309e-01
363: 1.103e+00
364: 9.560e-01
365: 1.372e+00
366: 9.414e-01
367: 1.159e+00
368: 9.001e-01
369: 1.163e+00
370: 1.092e+00
371: 1.189e+00
372: 1.335e+00
373: 1.822e+00
374: 1.349e+00
375: 6.879e-01
376: 6.859e-01
377: 1.566e+00
378: 1.098e+00
379: 8.720e-01
380: 8.279e-01
381: 8.929e-01
382: 1.235e+00
383: 1.154e+00
384: 9.042e-01
385: 1.143e+00
386: 1.544e+00
387: 9.164e-01
388: 8.238e-01
389: 1.018e+00
390: 8.664e-01
391: 6.287e-01
392: 1.043e+00
393: 1.203e+00
394: 8.476e-01
395: 8.877e-01
396: 1.633e+00
397: 8.088e-01
398: 1.706e+00
399: 1.420e+00
400: 1.194e+00
401: 1.257e+00
402: 7.790e-01
403: 1.286e+00
404: 1.421e+00
405: 1.835e+00
406: 1.266e+00
407: 1.427e+00
408: 1.091e+00
409: 7.419e-01
410: 1.376e+00
411: 1.633e+00
412: 1.751e+00
413: 1.816e+00
414: 1.810e+00
415: 1.835e+00
416: 1.301e+00
417: 1.229e+00
418: 1.149e+00
419: 1.446e+00
420: 1.242e+00
421: 4.849e-01
422: 1.544e+00
423: 1.126e+00
424: 1.564e+00
425: 8.326e-01
426: 1.120e+00
427: 1.331e+00
428: 1.335e+00
429: 1.244e+00
430: 9.116e-01
431: 1.143e+00
432: 9.575e-01
433: 1.435e+00
434: 1.754e+00
435: 1.183e+00
436: 1.305e+00
437: 1.284e+00
438: 8.203e-01
439: 1.665e+00
440: 1.268e+00
441: 1.390e+00
442: 1.299e+00
443: 1.541e+00
444: 1.303e+00
445: 1.303e+00
446: 1.460e+00
447: 1.664e+00
448: 1.185e+00
449: 1.173e+00
450: 1.146e+00
451: 1.394e+00
452: 1.794e+00
453: 1.408e+00
454: 1.102e+00
455: 1.568e+00
456: 1.148e+00
457: 1.673e+00
458: 1.772e+00
459: 1.764e+00
460: 1.469e+00
461: 9.566e-01
462: 1.042e+00
463: 1.218e+00
464: 1.535e+00
465: 1.226e+00
466: 1.357e+00
467: 1.664e+00
468: 1.022e+00
469: 1.477e+00
470: 2.128e+00
471: 1.746e+00
472: 1.754e+00
473: 1.051e+00
474: 1.277e+00
475: 1.417e+00
476: 1.796e+00
477: 1.235e+00
478: 1.743e+00
479: 1.186e+00
480: 1.506e+00
481: 1.516e+00
482: 2.192e+00
483: 8.692e-01
484: 1.797e+00
485: 1.495e+00
486: 1.271e+00
487: 4.695e-01
488: 1.753e+00
489: 2.069e+00
490: 1.870e+00
491: 1.805e+00
492: 1.349e+00
493: 2.013e+00
494: 1.865e+00
495: 2.233e+00
496: 1.654e+00
497: 1.599e+00
498: 1.665e+00
499: 1.388e+00
500: 1.936e+00
501: 1.550e+00
502: 1.591e+00
503: 2.438e+00
504: 2.308e+00
505: 1.955e+00
506: 2.265e+00
507: 1.981e+00
508: 2.096e+00
509: 1.389e+00
510: 1.956e+00
511: 2.256e+00
512: 1.460e+00
513: 2.168e+00
514: 2.233e+00
515: 1.712e+00
516: 2.088e+00
517: 2.080e+00
518: 1.913e+00
519: 1.992e+00
520: 2.058e+00
521: 1.612e+00
522: 2.195e+00
523: 1.763e+00
524: 1.922e+00
525: 2.163e+00
526: 2.319e+00
527: 2.181e+00
528: 2.235e+00
529: 1.951e+00
530: 1.803e+00
531: 1.991e+00
532: 1.815e+00
533: 1.497e+00
534: 1.934e+00
535: 1.456e+00
536: 1.939e+00
537: 1.887e+00
538: 2.786e+00
539: 2.218e+00
540: 2.386e+00
541: 2.536e+00
542: 2.437e+00
543: 1.486e+00
544: 1.636e+00
545: 2.160e+00
546: 2.252e+00
547: 2.276e+00
548: 2.592e+00
549: 1.896e+00
550: 2.097e+00
551: 2.725e+00
552: 2.606e+00
553: 2.324e+00
554: 1.326e+00
555: 1.939e+00
556: 2.282e+00
557: 2.287e+00
558: 1.915e+00
559: 2.065e+00
560: 1.401e+00
561: 1.590e+00
562: 1.906e+00
563: 4.443e-01
564: 1.079e+00
565: 1.797e+00
566: 1.692e+00
567: 1.534e+00
568: 2.123e+00
569: 2.501e+00
570: 2.481e+00
571: 1.773e+00
572: 1.197e+00
573: 1.624e+00
574: 2.106e+00
575: 2.292e+00
576: 1.786e+00
577: 2.073e+00
578: 2.410e+00
579: 1.948e+00
580: 1.189e+00
581: 1.615e+00
582: 1.960e+00
583: 1.534e+00
584: 1.459e+00
585: 1.428e+00
586: 1.740e+00
587: 3.624e+00
588: 2.615e+00
589: 2.146e+00
590: 1.780e+00
591: 1.874e+00
592: 1.206e+00
593: 1.190e+00
594: 1.561e+00
595: 1.589e+00
596: 2.672e+00
597: 2.894e+00
598: 2.546e+00
599: 2.152e+00
600: 1.102e+00
601: 1.850e+00
602: 1.923e+00
603: 1.604e+00
604: 1.620e+00
605: 2.449e+00
606: 1.056e+00
607: 1.862e+00
608: 1.689e+00
609: 9.970e-01
610: 1.978e+00
611: 1.546e+00
612: 2.032e+00
613: 1.748e+00
614: 2.034e+00
615: 1.512e+00
616: 1.220e+00
617: 1.840e+00
618: 1.477e+00
619: 9.549e-01
620: 1.296e+00
621: 1.799e+00
622: 1.444e+00
623: 1.895e+00
624: 1.739e+00
625: 1.694e+00
626: 1.914e+00
627: 1.749e+00
628: 1.137e+00
629: 1.313e+00
630: 1.088e+00
631: 2.045e+00
632: 1.717e+00
633: 1.774e+00
634: 2.113e+00
635: 1.370e+00
636: 1.941e+00
637: 2.541e+00
638: 2.425e+00
639: 2.250e+00
640: 2.675e+00
641: 1.552e+00
642: 2.240e+00
643: 2.385e+00
644: 2.722e+00
645: 1.749e+00
646: 1.634e+00
647: 2.729e+00
648: 2.125e+00
649: 1.720e+00
650: 1.944e+00
651: 6.929e-01
652: 1.735e+00
653: 1.975e+00
654: 5.229e-01
655: 1.610e+00
656: 2.015e+00
657: 1.679e+00
658: 2.170e+00
659: 1.724e+00
660: 1.267e+00
661: 1.733e+00
662: 2.276e+00
663: 1.802e+00
664: 1.954e+00
665: 1.529e+00
666: 1.450e+00
667: 1.756e+00
668: 1.871e+00
669: 3.242e+00
670: 2.497e+00
671: 1.502e+00
672: 1.868e+00
673: 1.783e+00
674: 1.715e+00
675: 3.133e+00
676: 2.370e+00
677: 1.742e+00
678: 2.038e+00
679: 2.100e+00
680: 1.261e+00
681: 1.537e+00
682: 1.876e+00
683: 1.543e+00
684: 1.272e+00
685: 1.225e+00
686: 1.620e+00
687: 1.284e+00
688: 1.706e+00
689: 1.394e+00
690: 1.388e+00
691: 2.053e+00
692: 1.625e+00
693: 1.895e+00
694: 1.853e+00
695: 2.851e+00
696: 2.769e+00
697: 2.146e+00
698: 2.038e+00
699: 1.596e+00
700: 1.201e+00
701: 2.421e+00
702: 2.151e+00
703: 1.541e+00
704: 1.977e+00
705: 2.188e+00
706: 1.946e+00
707: 1.713e+00
708: 3.126e+00
709: 1.872e+00
710: 2.158e+00
711: 2.456e+00
712: 2.160e+00
713: 2.702e+00
714: 2.523e+00
715: 1.143e+00
716: 1.801e+00
717: 8.414e-01
718: 2.734e+00
719: 1.985e+00
720: 2.267e+00
721: 1.676e+00
722: 2.148e+00
723: 2.092e+00
724: 1.779e+00
725: 1.258e+00
726: 1.608e+00
727: 1.953e+00
728: 1.725e+00
729: 1.021e+00
730: 1.602e+00
731: 1.213e+00
732: 1.855e+00
733: 1.886e+00
734: 1.344e+00
735: 1.713e+00
736: 1.646e+00
737: 1.732e+00
738: 2.285e+00
739: 1.861e+00
740: 9.747e-01
741: 1.346e+00
742: 1.737e+00
743: 2.136e+00
744: 1.407e+00
745: 1.231e+00
746: 1.928e+00
747: 2.525e+00
748: 2.445e+00
749: 3.281e+00
750: 1.916e+00
751: 2.114e+00
752: 1.365e+00
753: 1.613e+00
754: 1.691e+00
755: 2.037e+00
756: 2.171e+00
757: 1.190e+00
758: 1.370e+00
759: 1.476e+00
760: 1.848e+00
761: 1.730e+00
762: 1.558e+00
763: 2.145e+00
764: 1.135e+00
765: 1.848e+00
766: 2.237e+00
767: 1.886e+00
768: 1.333e+00
769: 2.014e+00
770: 2.028e+00
771: 1.498e+00
772: 1.563e+00
773: 2.753e+00
774: 1.715e+00
775: 2.928e+00
776: 1.912e+00
777: 8.493e-01
778: 1.536e+00
779: 1.912e+00
780: 1.806e+00
781: 2.826e+00
782: 2.835e+00
783: 2.031e+00
784: 1.138e+00
785: 1.957e+00
786: 1.901e+00
787: 3.136e+00
788: 2.476e+00
789: 1.696e+00
790: 8.040e-01
791: 1.762e+00
792: 2.470e+00
793: 2.754e+00
794: 2.660e+00
795: 2.080e+00
796: 1.506e+00
797: 2.031e+00
798: 1.090e+00
799: 1.981e+00
800: 2.572e+00
801: 2.308e+00
802: 2.159e+00
803: 2.340e+00
804: 1.135e+00
805: 1.494e+00
806: 2.480e+00
807: 2.446e+00
808: 2.644e+00
809: 2.247e+00
810: 2.059e+00
811: 1.942e+00
812: 1.512e+00
813: 1.628e+00
814: 1.436e+00
815: 2.231e+00
816: 1.562e+00
817: 2.202e+00
818: 1.029e+00
819: 2.137e+00
820: 2.552e+00
821: 1.589e+00
822: 1.924e+00
823: 1.036e+00
824: 1.451e+00
825: 1.747e+00
826: 2.270e+00
827: 1.873e+00
828: 2.029e+00
829: 2.004e+00
830: 5.511e-01
831: 1.652e+00
832: 1.477e+00
833: 1.923e+00
834: 1.681e+00
835: 2.165e+00
836: 2.263e+00
837: 1.461e+00
838: 2.189e+00
839: 1.229e+00
840: 2.262e+00
841: 1.611e+00
842: 1.943e+00
843: 1.775e+00
844: 1.923e+00
845: 1.533e+00
846: 2.375e+00
847: 2.056e+00
848: 2.840e+00
849: 1.873e+00
850: 2.666e+00
851: 2.184e+00
852: 1.736e+00
853: 1.521e+00
854: 1.761e+00
855: 1.870e+00
856: 1.974e+00
857: 2.221e+00
858: 2.301e+00
859: 1.314e+00
860: 1.193e+00
861: 2.163e+00
862: 1.398e+00
863: 2.079e+00
864: 2.151e+00
865: 2.458e+00
866: 1.818e+00
867: 1.647e+00
868: 1.971e+00
869: 2.217e+00
870: 1.517e+00
871: 1.684e+00
872: 1.694e+00
873: 2.127e+00
874: 1.318e+00
875: 2.400e+00
876: 2.004e+00
877: 1.288e+00
878: 2.155e+00
879: 2.445e+00
880: 1.724e+00
881: 1.883e+00
882: 2.396e+00
883: 1.960e+00
884: 2.058e+00
885: 1.439e+00
886: 1.841e+00
887: 9.607e-01
888: 2.489e+00
889: 1.529e+00
890: 1.956e+00
891: 1.318e+00
892: 1.454e+00
893: 2.605e+00
894: 1.819e+00
895: 1.428e+00
896: 2.059e+00
897: 2.552e+00
898: 2.277e+00
899: 1.970e+00
900: 2.093e+00
901: 2.546e+00
902: 3.018e+00
903: 2.201e+00
904: 2.186e+00
905: 2.135e+00
906: 1.561e+00
907: 1.956e+00
908: 2.729e+00
909: 1.676e+00
910: 8.754e-01
911: 1.628e+00
912: 1.635e+00
913: 1.629e+00
914: 2.399e+00
915: 2.489e+00
916: 1.512e+00
917: 2.046e+00
918: 3.051e+00
919: 2.180e+00
920: 2.729e+00
921: 2.795e+00
922: 2.916e+00
923: 2.238e+00
924: 2.350e+00
925: 1.943e+00
926: 1.581e+00
927: 2.597e+00
928: 2.309e+00
929: 2.197e+00
930: 1.908e+00
931: 2.070e+00
932: 2.093e+00
933: 2.342e+00
934: 1.818e+00
935: 1.389e+00
936: 2.089e+00
937: 2.500e+00
938: 2.026e+00
939: 1.218e+00
940: 2.359e+00
941: 2.604e+00
942: 1.775e+00
943: 1.203e+00
944: 2.122e+00
945: 2.237e+00
946: 2.158e+00
947: 2.543e+00
948: 2.912e+00
949: 1.618e+00
950: 1.559e+00
951: 2.185e+00
952: 2.263e+00
953: 1.386e+00
954: 1.972e+00
955: 2.314e+00
956: 1.196e+00
957: 1.509e+00
958: 1.762e+00
959: 1.635e+00
960: 2.098e+00
961: 2.524e+00
962: 2.078e+00
963: 1.697e+00
964: 1.984e+00
965: 2.175e+00
966: 1.701e+00
967: 1.885e+00
968: 2.546e+00
969: 2.033e+00
970: 1.993e+00
971: 1.748e+00
972: 1.638e+00
973: 3.169e+00
974: 1.275e+00
975: 2.477e+00
976: 1.348e+00
977: 1.899e+00
978: 1.898e+00
979: 1.933e+00
980: 1.163e+00
981: 2.091e+00
982: 2.246e+00
983: 1.179e+00
984: 9.066e-01
985: 2.329e+00
986: 2.340e+00
987: 2.108e+00
988: 2.187e+00
989: 1.944e+00
990: 2.100e+00
991: 1.819e+00
992: 1.463e+00
993: 2.457e+00
994: 1.825e+00
995: 2.712e+00
996: 2.735e+00
997: 2.332e+00
998: 2.104e+00
999: 1.788e+00
1000: 1.612e+00
1001: 2.858e+00
1002: 2.071e+00
1003: 1.136e+00
1004: 1.745e+00
1005: 1.863e+00
1006: 1.519e+00
1007: 2.140e+00
1008: 1.913e+00
1009: 2.130e+00
1010: 2.260e+00
1011: 3.125e+00
1012: 2.403e+00
1013: 1.509e+00
1014: 1.696e+00
1015: 1.938e+00
1016: 2.375e+00
1017: 1.799e+00
1018: 2.099e+00
1019: 1.111e+00
1020: 1.807e+00
1021: 1.897e+00
1022: 1.865e+00
1023: 1.925e+00
1024: 1.815e+00
1025: 2.367e+00
1026: 1.859e+00
1027: 1.251e+00
1028: 1.577e+00
1029: 1.235e+00
1030: 1.580e+00
1031: 2.094e+00
1032: 2.452e+00
1033: 2.010e+00
1034: 1.735e+00
1035: 1.573e+00
1036: 1.540e+00
1037: 2.129e+00
1038: 1.628e+00
1039: 1.974e+00
1040: 1.816e+00
1041: 1.974e+00
1042: 1.932e+00
1043: 1.625e+00
1044: 2.369e+00
1045: 2.540e+00
1046: 2.537e+00
1047: 3.072e+00
1048: 2.196e+00
1049: 2.381e+00
1050: 2.238e+00
1051: 1.359e+00
1052: 1.982e+00
1053: 2.376e+00
1054: 2.484e+00
1055: 2.231e+00
1056: 2.261e+00
1057: 2.678e+00
1058: 6.254e-01
1059: 1.758e+00
1060: 2.064e+00
1061: 1.678e+00
1062: 1.866e+00
1063: 1.835e+00
1064: 2.297e+00
1065: 5.913e-01
1066: 1.471e+00
1067: 1.322e+00
1068: 2.001e+00
1069: 2.020e+00
1070: 2.100e+00
1071: 2.998e+00
1072: 2.290e+00
1073: 2.068e+00
1074: 2.107e+00
1075: 1.395e+00
1076: 2.190e+00
1077: 1.907e+00
1078: 1.619e+00
1079: 1.755e+00
1080: 1.755e+00
1081: 1.950e+00
1082: 2.945e+00
1083: 2.232e+00
1084: 2.296e+00
1085: 1.304e+00
1086: 1.877e+00
1087: 1.939e+00
1088: 1.639e+00
1089: 2.450e+00
1090: 2.471e+00
1091: 1.910e+00
1092: 1.624e+00
1093: 2.165e+00
1094: 1.821e+00
1095: 2.198e+00
1096: 1.571e+00
1097: 1.905e+00
1098: 2.042e+00
1099: 1.723e+00
1100: 1.645e+00
1101: 1.892e+00
1102: 2.297e+00
1103: 2.249e+00
1104: 1.022e+00
1105: 2.203e+00
1106: 1.338e+00
1107: 1.638e+00
1108: 2.818e+00
1109: 2.696e+00
1110: 2.112e+00
1111: 2.072e+00
1112: 2.052e+00
1113: 7.110e-01
1114: 1.907e+00
1115: 1.854e+00
1116: 1.998e+00
1117: 2.695e+00
1118: 2.669e+00
1119: 1.377e+00
1120: 5.270e-01
1121: 1.910e+00
1122: 2.182e+00
1123: 1.229e+00
1124: 2.286e+00
1125: 1.945e+00
1126: 1.645e+00
1127: 2.184e+00
1128: 2.253e+00
1129: 7.834e-01
1130: 1.876e+00
1131: 2.257e+00
1132: 1.773e+00
1133: 2.355e+00
1134: 2.578e+00
1135: 2.045e+00
1136: 1.553e+00
1137: 2.358e+00
1138: 2.260e+00
1139: 1.935e+00
1140: 2.055e+00
1141: 2.283e+00
1142: 1.969e+00
1143: 1.848e+00
1144: 2.227e+00
1145: 1.503e+00
1146: 1.338e+00
1147: 1.857e+00
1148: 1.868e+00
1149: 1.388e+00
1150: 2.332e+00
1151: 1.434e+00
1152: 1.986e+00
1153: 1.996e+00
1154: 2.416e+00
1155: 1.791e+00
1156: 1.911e+00
1157: 1.442e+00
1158: 2.006e+00
1159: 2.085e+00
1160: 2.431e+00
1161: 2.633e+00
1162: 2.344e+00
1163: 1.344e+00
1164: 2.419e+00
1165: 1.906e+00
1166: 2.371e+00
1167: 1.549e+00
1168: 1.831e+00
1169: 2.113e+00
1170: 2.682e+00
1171: 1.285e+00
1172: 2.154e+00
1173: 2.178e+00
1174: 1.511e+00
1175: 2.471e+00
1176: 6.515e-01
1177: 8.118e-01
1178: 1.684e+00
1179: 1.933e+00
1180: 2.022e+00
1181: 1.994e+00
1182: 1.666e+00
1183: 2.013e+00
1184: 2.057e+00
1185: 1.874e+00
1186: 2.327e+00
1187: 2.718e+00
1188: 2.843e+00
1189: 2.332e+00
1190: 1.819e+00
1191: 2.038e+00
1192: 2.474e+00
1193: 2.370e+00
1194: 2.691e+00
1195: 2.340e+00
1196: 1.965e+00
1197: 1.722e+00
1198: 1.892e+00
1199: 1.772e+00
1200: 1.598e+00
1201: 2.446e+00
1202: 2.372e+00
1203: 1.731e+00
1204: 1.939e+00
1205: 2.461e+00
1206: 2.831e+00
1207: 1.896e+00
1208: 2.151e+00
1209: 2.231e+00
1210: 2.180e+00
1211: 2.027e+00
1212: 1.715e+00
1213: 1.641e+00
1214: 1.872e+00
1215: 1.846e+00
1216: 2.812e+00
1217: 2.138e+00
1218: 1.933e+00
1219: 1.765e+00
1220: 1.428e+00
1221: 2.234e+00
1222: 2.439e+00
1223: 2.605e+00
1224: 2.410e+00
1225: 1.853e+00
1226: 1.963e+00
1227: 1.769e+00
1228: 2.598e+00
1229: 2.219e+00
1230: 2.259e+00
1231: 2.166e+00
1232: 2.012e+00
1233: 2.331e+00
1234: 1.737e+00
1235: 1.351e+00
1236: 2.736e+00
1237: 2.362e+00
1238: 1.930e+00
1239: 1.429e+00
1240: 2.116e+00
1241: 2.086e+00
1242: 2.022e+00
1243: 1.699e+00
1244: 2.413e+00
1245: 2.394e+00
1246: 1.939e+00
1247: 2.010e+00
1248: 1.976e+00
1249: 2.469e+00
1250: 2.278e+00
1251: 1.862e+00
1252: 1.651e+00
1253: 2.017e+00
1254: 2.495e+00
1255: 2.355e+00
1256: 1.603e+00
1257: 2.804e+00
1258: 2.773e+00
1259: 2.447e+00
1260: 1.508e+00
1261: 1.813e+00
1262: 2.003e+00
1263: 1.999e+00
1264: 1.427e+00
1265: 1.857e+00
1266: 1.879e+00
1267: 2.489e+00
1268: 2.625e+00
1269: 2.266e+00
1270: 1.988e+00
1271: 2.411e+00
1272: 1.961e+00
1273: 1.480e+00
1274: 1.700e+00
1275: 2.576e+00
1276: 2.139e+00
1277: 2.059e+00
1278: 1.420e+00
1279: 2.464e+00
1280: 1.793e+00
1281: 1.986e+00
1282: 1.331e+00
1283: 2.206e+00
1284: 2.007e+00
1285: 2.244e+00
1286: 2.531e+00
1287: 1.587e+00
1288: 2.171e+00
1289: 2.263e+00
1290: 2.537e+00
1291: 1.565e+00
1292: 2.731e+00
1293: 1.890e+00
1294: 2.363e+00
1295: 1.932e+00
1296: 9.639e-01
1297: 1.741e+00
1298: 1.356e+00
1299: 2.722e+00
1300: 3.003e+00
1301: 2.279e+00
1302: 2.244e+00
1303: 2.165e+00
1304: 2.296e+00
1305: 2.033e+00
1306: 2.147e+00
1307: 1.923e+00
1308: 1.065e+00
1309: 2.376e+00
1310: 1.924e+00
1311: 2.808e+00
1312: 2.250e+00
1313: 2.227e+00
1314: 1.305e+00
1315: 1.683e+00
1316: 2.262e+00
1317: 2.332e+00
1318: 2.127e+00
1319: 2.112e+00
1320: 2.174e+00
1321: 3.223e+00
1322: 1.851e+00
1323: 1.731e+00
1324: 2.360e+00
1325: 3.179e+00
1326: 2.204e+00
1327: 1.353e+00
1328: 2.599e+00
1329: 2.248e+00
1330: 2.699e+00
1331: 1.491e+00
1332: 2.032e+00
1333: 2.146e+00
1334: 2.417e+00
1335: 1.776e+00
1336: 1.909e+00
1337: 1.526e+00
1338: 1.450e+00
1339: 1.595e+00
1340: 1.822e+00
1341: 1.653e+00
1342: 2.116e+00
1343: 1.362e+00
1344: 1.698e+00
1345: 1.980e+00
1346: 1.314e+00
1347: 2.131e+00
1348: 1.714e+00
1349: 2.474e+00
1350: 1.493e+00
1351: 2.102e+00
1352: 2.478e+00
1353: 2.094e+00
1354: 2.443e+00
1355: 2.007e+00
1356: 1.985e+00
1357: 3.172e+00
1358: 2.500e+00
1359: 1.986e+00
1360: 1.680e+00
1361: 1.866e+00
1362: 1.665e+00
1363: 2.347e+00
1364: 1.700e+00
1365: 1.735e+00
1366: 2.225e+00
1367: 1.309e+00
1368: 1.777e+00
1369: 1.784e+00
1370: 2.699e+00
1371: 2.583e+00
1372: 1.816e+00
1373: 2.063e+00
1374: 2.314e+00
1375: 2.336e+00
1376: 2.550e+00
1377: 2.059e+00
1378: 2.368e+00
1379: 2.276e+00
1380: 2.122e+00
1381: 2.048e+00
1382: 2.346e+00
1383: 2.292e+00
1384: 2.394e+00
1385: 2.239e+00
1386: 1.910e+00
1387: 1.759e+00
1388: 9.556e-01
1389: 1.783e+00
1390: 2.168e+00
1391: 3.277e+00
1392: 2.272e+00
1393: 2.163e+00
1394: 1.173e+00
1395: 1.698e+00
1396: 1.658e+00
1397: 1.948e+00
1398: 2.170e+00
1399: 2.127e+00
1400: 2.217e+00
1401: 1.609e+00
1402: 2.167e+00
1403: 2.247e+00
1404: 1.277e+00
1405: 1.728e+00
1406: 2.142e+00
1407: 2.243e+00
1408: 1.764e+00
1409: 1.942e+00
1410: 1.633e+00
1411: 1.955e+00
1412: 2.229e+00
1413: 1.731e+00
1414: 2.149e+00
1415: 1.945e+00
1416: 1.725e+00
1417: 1.952e+00
1418: 2.933e+00
1419: 2.041e+00
1420: 1.355e+00
1421: 2.114e+00
1422: 2.449e+00
1423: 1.555e+00
1424: 2.405e+00
1425: 1.923e+00
1426: 2.326e+00
1427: 1.106e+00
1428: 2.392e+00
1429: 2.411e+00
1430: 2.461e+00
1431: 2.574e+00
1432: 2.509e+00
1433: 2.171e+00
1434: 2.218e+00
1435: 1.095e+00
1436: 2.129e+00
1437: 1.673e+00
1438: 1.924e+00
1439: 2.044e+00
1440: 1.578e+00
1441: 1.896e+00
1442: 1.836e+00
1443: 2.118e+00
1444: 2.023e+00
1445: 2.125e+00
1446: 2.090e+00
1447: 1.576e+00
1448: 1.875e+00
1449: 1.606e+00
1450: 2.146e+00
1451: 2.234e+00
1452: 2.972e+00
1453: 2.419e+00
1454: 2.216e+00
1455: 1.369e+00
1456: 2.009e+00
1457: 2.289e+00
1458: 2.259e+00
1459: 2.287e+00
1460: 2.289e+00
1461: 2.715e+00
1462: 2.093e+00
1463: 1.850e+00
1464: 2.365e+00
1465: 2.283e+00
1466: 1.764e+00
1467: 1.533e+00
1468: 1.754e+00
1469: 2.220e+00
1470: 1.621e+00
1471: 2.036e+00
1472: 2.078e+00
1473: 1.036e+00
1474: 1.655e+00
1475: 2.172e+00
1476: 1.736e+00
1477: 1.917e+00
1478: 2.214e+00
1479: 2.255e+00
1480: 1.922e+00
1481: 2.142e+00
1482: 2.232e+00
1483: 1.232e+00
1484: 1.893e+00
1485: 1.780e+00
1486: 1.627e+00
1487: 1.898e+00
1488: 2.636e+00
1489: 2.463e+00
1490: 2.425e+00
1491: 9.495e-01
1492: 2.398e+00
1493: 1.924e+00
1494: 1.701e+00
1495: 1.771e+00
1496: 2.361e+00
1497: 1.834e+00
1498: 2.460e+00
1499: 2.063e+00
1500: 2.403e+00
1501: 2.517e+00
1502: 2.395e+00
1503: 2.136e+00
1504: 2.517e+00
1505: 2.077e+00
1506: 2.673e+00
1507: 1.057e+00
1508: 1.617e+00
1509: 1.549e+00
1510: 1.792e+00
1511: 2.082e+00
1512: 1.946e+00
1513: 1.214e+00
1514: 1.975e+00
1515: 2.094e+00
1516: 1.762e+00
1517: 2.259e+00
1518: 1.776e+00
1519: 2.279e+00
1520: 2.027e+00
1521: 1.946e+00
1522: 2.675e+00
1523: 2.174e+00
1524: 1.371e+00
1525: 1.696e+00
1526: 2.366e+00
1527: 1.286e+00
1528: 2.208e+00
1529: 2.484e+00
1530: 2.698e+00
1531: 1.956e+00
1532: 1.566e+00
1533: 1.900e+00
1534: 1.572e+00
1535: 2.842e+00
1536: 2.407e+00
1537: 1.928e+00
1538: 1.994e+00
1539: 1.890e+00
1540: 1.532e+00
1541: 1.879e+00
1542: 1.727e+00
1543: 1.965e+00
1544: 2.341e+00
1545: 2.535e+00
1546: 1.632e+00
1547: 2.004e+00
1548: 1.736e+00
1549: 1.760e+00
1550: 1.803e+00
1551: 3.009e+00
1552: 2.077e+00
1553: 1.930e+00
1554: 2.130e+00
1555: 1.769e+00
1556: 1.514e+00
1557: 2.926e+00
1558: 2.124e+00
1559: 1.674e+00
1560: 2.000e+00
1561: 1.552e+00
1562: 1.890e+00
1563: 1.875e+00
1564: 2.046e+00
1565: 2.052e+00
1566: 2.030e+00
1567: 2.106e+00
1568: 3.975e-01
1569: 1.723e+00
1570: 1.600e+00
1571: 1.156e+00
1572: 1.877e+00
1573: 2.251e+00
1574: 1.969e+00
1575: 1.800e+00
1576: 2.289e+00
1577: 1.657e+00
1578: 2.480e+00
1579: 1.940e+00
1580: 1.940e+00
1581: 1.975e+00
1582: 2.094e+00
1583: 1.441e+00
1584: 2.268e+00
1585: 1.904e+00
1586: 1.894e+00
1587: 2.257e+00
1588: 2.365e+00
1589: 2.393e+00
1590: 2.265e+00
1591: 1.699e+00
1592: 1.911e+00
1593: 1.919e+00
1594: 2.273e+00
1595: 1.753e+00
1596: 1.565e+00
1597: 1.670e+00
1598: 1.395e+00
1599: 1.513e+00
1600: 1.667e+00
1601: 2.248e+00
1602: 1.994e+00
1603: 3.244e+00
1604: 1.926e+00
1605: 1.974e+00
1606: 2.169e+00
1607: 1.492e+00
1608: 1.577e+00
1609: 2.131e+00
1610: 2.243e+00
1611: 2.418e+00
1612: 2.459e+00
1613: 2.013e+00
1614: 1.881e+00
1615: 4.010e-01
1616: 2.079e+00
1617: 2.034e+00
1618: 2.748e+00
1619: 1.944e+00
1620: 1.994e+00
1621: 2.664e+00
1622: 1.655e+00
1623: 1.527e+00
1624: 1.179e+00
1625: 1.652e+00
1626: 1.930e+00
1627: 1.867e+00
1628: 2.408e+00
1629: 2.125e+00
1630: 2.513e+00
1631: 2.272e+00
1632: 2.018e+00
1633: 2.428e+00
1634: 2.440e+00
1635: 2.600e+00
1636: 2.148e+00
1637: 2.285e+00
1638: 2.107e+00
1639: 2.349e+00
1640: 1.389e+00
1641: 2.458e+00
1642: 2.137e+00
1643: 2.041e+00
1644: 1.538e+00
1645: 1.829e+00
1646: 2.419e+00
1647: 1.850e+00
1648: 1.135e+00
1649: 2.522e+00
1650: 1.876e+00
1651: 2.505e+00
1652: 2.359e+00
1653: 2.280e+00
1654: 1.849e+00
1655: 2.116e+00
1656: 2.195e+00
1657: 1.484e+00
1658: 2.036e+00
1659: 1.361e+00
1660: 2.240e+00
1661: 1.821e+00
1662: 1.329e+00
1663: 1.831e+00
1664: 2.051e+00
1665: 1.071e+00
1666: 1.894e+00
1667: 2.283e+00
1668: 2.133e+00
1669: 1.191e+00
1670: 2.279e+00
1671: 1.868e+00
1672: 2.041e+00
1673: 2.158e+00
1674: 2.760e+00
1675: 2.293e+00
1676: 1.909e+00
1677: 2.008e+00
1678: 1.859e+00
1679: 2.043e+00
1680: 7.080e-01
1681: 2.147e+00
1682: 1.525e+00
1683: 2.237e+00
1684: 2.364e+00
1685: 2.968e+00
1686: 2.152e+00
1687: 1.801e+00
1688: 2.441e+00
1689: 1.950e+00
1690: 2.080e+00
1691: 2.095e+00
1692: 2.028e+00
1693: 2.526e+00
1694: 1.825e+00
1695: 1.516e+00
1696: 2.009e+00
1697: 1.939e+00
1698: 1.959e+00
1699: 2.395e+00
1700: 1.528e+00
1701: 1.948e+00
1702: 1.317e+00
1703: 1.633e+00
1704: 1.795e+00
1705: 1.715e+00
1706: 2.289e+00
1707: 2.100e+00
1708: 1.594e+00
1709: 1.432e+00
1710: 2.503e+00
1711: 2.048e+00
1712: 1.495e+00
1713: 1.979e+00
1714: 1.824e+00
1715: 2.890e+00
1716: 2.949e+00
1717: 1.989e+00
1718: 2.153e+00
1719: 1.814e+00
1720: 1.990e+00
1721: 2.087e+00
1722: 1.703e+00
1723: 1.873e+00
1724: 2.731e+00
1725: 1.546e+00
1726: 2.069e+00
1727: 2.171e+00
1728: 1.741e+00
1729: 1.682e+00
1730: 2.038e+00
1731: 2.329e+00
1732: 1.534e+00
1733: 2.106e+00
1734: 2.760e+00
1735: 2.626e+00
1736: 2.402e+00
1737: 1.943e+00
1738: 1.925e+00
1739: 2.387e+00
1740: 2.511e+00
1741: 2.806e+00
1742: 1.992e+00
1743: 1.825e+00
1744: 2.172e+00
1745: 1.625e+00
1746: 2.380e+00
1747: 2.226e+00
1748: 2.117e+00
1749: 2.467e+00
1750: 1.950e+00
1751: 2.359e+00
1752: 2.710e+00
1753: 2.382e+00
1754: 2.363e+00
1755: 2.370e+00
1756: 2.197e+00
1757: 2.008e+00
1758: 1.706e+00
1759: 2.223e+00
1760: 2.800e+00
1761: 2.228e+00
1762: 2.397e+00
1763: 2.103e+00
1764: 2.106e+00
1765: 1.948e+00
1766: 1.596e+00
1767: 2.252e+00
1768: 1.864e+00
1769: 1.863e+00
1770: 2.302e+00
1771: 2.222e+00
1772: 2.197e+00
1773: 2.745e+00
1774: 2.411e+00
1775: 2.297e+00
1776: 1.741e+00
1777: 2.347e+00
1778: 1.812e+00
1779: 2.489e+00
1780: 1.547e+00
1781: 2.742e+00
1782: 2.692e+00
1783: 2.715e+00
1784: 2.180e+00
1785: 2.306e+00
1786: 2.199e+00
1787: 2.522e+00
1788: 1.978e+00
1789: 2.259e+00
1790: 1.947e+00
1791: 2.120e+00
1792: 1.815e+00
1793: 2.470e+00
1794: 2.348e+00
1795: 2.377e+00
1796: 1.631e+00
1797: 2.458e+00
1798: 2.420e+00
1799: 1.811e+00
1800: 2.393e+00
1801: 1.825e+00
1802: 2.082e+00
1803: 2.142e+00
1804: 2.036e+00
1805: 2.714e+00
1806: 2.201e+00
1807: 1.868e+00
1808: 2.109e+00
1809: 2.219e+00
1810: 2.463e+00
1811: 2.801e+00
1812: 2.673e+00
1813: 2.045e+00
1814: 2.512e+00
1815: 2.003e+00
1816: 2.138e+00
1817: 2.527e+00
1818: 2.115e+00
1819: 2.113e+00
1820: 2.413e+00
1821: 2.024e+00
1822: 1.861e+00
1823: 1.886e+00
1824: 2.279e+00
1825: 2.676e+00
1826: 1.612e+00
1827: 1.916e+00
1828: 2.150e+00
1829: 1.750e+00
1830: 2.420e+00
1831: 2.109e+00
1832: 2.175e+00
1833: 2.171e+00
1834: 2.090e+00
1835: 1.497e+00
1836: 2.651e+00
1837: 1.857e+00
1838: 1.962e+00
1839: 2.517e+00
1840: 1.908e+00
1841: 1.969e+00
1842: 2.342e+00
1843: 2.199e+00
1844: 2.928e+00
1845: 1.640e+00
1846: 2.249e+00
1847: 2.489e+00
1848: 2.873e+00
1849: 2.093e+00
1850: 2.899e+00
1851: 2.350e+00
1852: 1.619e+00
1853: 2.820e+00
1854: 2.065e+00
1855: 2.083e+00
1856: 2.365e+00
1857: 2.139e+00
1858: 1.794e+00
1859: 1.519e+00
1860: 2.263e+00
1861: 1.768e+00
1862: 2.001e+00
1863: 2.083e+00
1864: 1.769e+00
1865: 2.041e+00
1866: 2.100e+00
1867: 1.870e+00
1868: 2.814e+00
1869: 2.308e+00
1870: 2.281e+00
1871: 2.431e+00
1872: 1.860e+00
1873: 1.927e+00
1874: 2.775e+00
1875: 2.418e+00
1876: 2.819e+00
1877: 2.081e+00
1878: 1.366e+00
1879: 2.405e+00
1880: 2.401e+00
1881: 2.496e+00
1882: 1.944e+00
1883: 2.474e+00
1884: 2.074e+00
1885: 2.410e+00
1886: 1.270e+00
1887: 2.221e+00
1888: 1.750e+00
1889: 2.334e+00
1890: 2.658e+00
1891: 2.412e+00
1892: 2.393e+00
1893: 1.415e+00
1894: 1.867e+00
1895: 2.819e+00
1896: 1.764e+00
1897: 2.151e+00
1898: 2.422e+00
1899: 2.507e+00
1900: 9.484e-01
1901: 2.127e+00
1902: 1.732e+00
1903: 2.208e+00
1904: 2.172e+00
1905: 1.759e+00
1906: 1.745e+00
1907: 1.733e+00
1908: 2.393e+00
1909: 1.990e+00
1910: 1.954e+00
1911: 1.951e+00
1912: 2.577e+00
1913: 2.465e+00
1914: 1.368e+00
1915: 2.439e+00
1916: 2.611e+00
1917: 1.031e+00
1918: 1.961e+00
1919: 2.115e+00
1920: 2.327e+00
1921: 2.194e+00
1922: 2.387e+00
1923: 3.479e+00
1924: 2.327e+00
1925: 2.081e+00
1926: 1.680e+00
1927: 2.054e+00
1928: 2.077e+00
1929: 2.191e+00
1930: 1.891e+00
1931: 2.076e+00
1932: 2.068e+00
1933: 1.956e+00
1934: 2.243e+00
1935: 2.020e+00
1936: 1.574e+00
1937: 1.701e+00
1938: 1.619e+00
1939: 2.505e+00
1940: 2.348e+00
1941: 2.185e+00
1942: 1.560e+00
1943: 2.398e+00
1944: 2.546e+00
1945: 2.712e+00
1946: 1.962e+00
1947: 2.268e+00
1948: 2.306e+00
1949: 1.531e+00
1950: 1.738e+00
1951: 2.066e+00
1952: 1.666e+00
1953: 1.903e+00
1954: 2.203e+00
1955: 1.944e+00
1956: 2.272e+00
1957: 2.442e+00
1958: 1.881e+00
1959: 1.780e+00
1960: 1.753e+00
1961: 2.775e+00
1962: 1.975e+00
1963: 2.529e+00
1964: 2.749e+00
1965: 1.967e+00
1966: 1.478e+00
1967: 1.991e+00
1968: 1.950e+00
1969: 1.623e+00
1970: 2.236e+00
1971: 2.068e+00
1972: 2.148e+00
1973: 2.242e+00
1974: 1.764e+00
1975: 2.503e+00
1976: 1.679e+00
1977: 2.588e+00
1978: 8.504e-01
1979: 1.671e+00
1980: 1.719e+00
1981: 2.044e+00
1982: 2.930e+00
1983: 2.252e+00
1984: 2.310e+00
1985: 2.162e+00
1986: 2.217e+00
1987: 1.634e+00
1988: 2.137e+00
1989: 2.399e+00
1990: 9.740e-01
1991: 1.962e+00
1992: 2.495e+00
1993: 1.772e+00
1994: 2.227e+00
1995: 2.888e+00
1996: 2.768e+00
1997: 2.248e+00
1998: 1.877e+00
1999: 1.694e+00
2000: 2.068e+00
